=== Trace for PID 2232 ===
Process: mini_httpd

--- Self PID 2232 Trace ---
  [000] inode: 41301, pc: 0x00006364, module: mini_httpd
  [001] inode: 16386, pc: 0x00004bc0, module: ld-uClibc-0.9.30.so, symbol: _dl_runtime_resolve
  [002] inode: 41301, pc: 0x00006338, module: mini_httpd
  [003] inode: 41301, pc: 0x000062ec, module: mini_httpd
  [004] inode: 16450, pc: 0x0002ffa0, module: libuClibc-0.9.30.so, symbol: strstr
  [005] inode: 41301, pc: 0x000062d4, module: mini_httpd
  [006] inode: 41301, pc: 0x00005f40, module: mini_httpd
  [007] inode: 41301, pc: 0x000062c8, module: mini_httpd
  [008] inode: 41301, pc: 0x00002058, module: mini_httpd
  [009] inode: 41301, pc: 0x00002044, module: mini_httpd
  [010] inode: 41301, pc: 0x00002034, module: mini_httpd
  [011] inode: 41301, pc: 0x00002020, module: mini_httpd
  [012] inode: 41301, pc: 0x00002018, module: mini_httpd
  [013] inode: 41301, pc: 0x00002000, module: mini_httpd
  [014] inode: 41301, pc: 0x00001fe8, module: mini_httpd
  [015] inode: 41301, pc: 0x00001fc0, module: mini_httpd
  [016] inode: 41301, pc: 0x000062bc, module: mini_httpd
  [017] inode: 41301, pc: 0x000061ec, module: mini_httpd
  [018] inode: 16450, pc: 0x0002ff40, module: libuClibc-0.9.30.so, symbol: strspn
  [019] inode: 41301, pc: 0x000061d4, module: mini_httpd
  [020] inode: 41301, pc: 0x000061c8, module: mini_httpd
  [021] inode: 16450, pc: 0x00030730, module: libuClibc-0.9.30.so, symbol: strncasecmp
  [022] inode: 41301, pc: 0x000061b4, module: mini_httpd
  [023] inode: 41301, pc: 0x0000617c, module: mini_httpd
  [024] inode: 16450, pc: 0x00030730, module: libuClibc-0.9.30.so, symbol: strncasecmp
  [025] inode: 41301, pc: 0x00006168, module: mini_httpd
  [026] inode: 41301, pc: 0x00006130, module: mini_httpd
  [027] inode: 16450, pc: 0x00030730, module: libuClibc-0.9.30.so, symbol: strncasecmp
  [028] inode: 41301, pc: 0x0000611c, module: mini_httpd
  [029] inode: 41301, pc: 0x000060d8, module: mini_httpd
  [030] inode: 16450, pc: 0x00030730, module: libuClibc-0.9.30.so, symbol: strncasecmp
  [031] inode: 41301, pc: 0x000060c4, module: mini_httpd
  [032] inode: 41301, pc: 0x00006094, module: mini_httpd
  [033] inode: 16450, pc: 0x00030730, module: libuClibc-0.9.30.so, symbol: strncasecmp
  [034] inode: 41301, pc: 0x00006080, module: mini_httpd
  [035] inode: 41301, pc: 0x00006050, module: mini_httpd
  [036] inode: 16450, pc: 0x00030730, module: libuClibc-0.9.30.so, symbol: strncasecmp
  [037] inode: 41301, pc: 0x0000603c, module: mini_httpd
  [038] inode: 41301, pc: 0x00006004, module: mini_httpd
  [039] inode: 16450, pc: 0x00030730, module: libuClibc-0.9.30.so, symbol: strncasecmp
  [040] inode: 41301, pc: 0x00006000, module: mini_httpd
  [041] inode: 41301, pc: 0x00005ff0, module: mini_httpd
  [042] inode: 41301, pc: 0x00005fac, module: mini_httpd
  [043] inode: 16450, pc: 0x00030730, module: libuClibc-0.9.30.so, symbol: strncasecmp
  [044] inode: 41301, pc: 0x00005f98, module: mini_httpd
  [045] inode: 41301, pc: 0x00005f60, module: mini_httpd
  [046] inode: 16450, pc: 0x00030730, module: libuClibc-0.9.30.so, symbol: strncasecmp
  [047] inode: 41301, pc: 0x00005f4c, module: mini_httpd
  [048] inode: 41301, pc: 0x00005f40, module: mini_httpd
  [049] inode: 41301, pc: 0x000062c8, module: mini_httpd
  [050] inode: 41301, pc: 0x00002058, module: mini_httpd
  [051] inode: 41301, pc: 0x00002044, module: mini_httpd
  [052] inode: 41301, pc: 0x00002034, module: mini_httpd
  [053] inode: 41301, pc: 0x00002020, module: mini_httpd
  [054] inode: 41301, pc: 0x00002018, module: mini_httpd
  [055] inode: 41301, pc: 0x00002000, module: mini_httpd
  [056] inode: 41301, pc: 0x00001ffc, module: mini_httpd
  [057] inode: 41301, pc: 0x00002074, module: mini_httpd
  [058] inode: 41301, pc: 0x00002018, module: mini_httpd
  [059] inode: 41301, pc: 0x00002000, module: mini_httpd
  [060] inode: 41301, pc: 0x00001ffc, module: mini_httpd
  [061] inode: 41301, pc: 0x00002074, module: mini_httpd
  [062] inode: 41301, pc: 0x00002018, module: mini_httpd
  [063] inode: 41301, pc: 0x00002000, module: mini_httpd
  [064] inode: 41301, pc: 0x00001ffc, module: mini_httpd
  [065] inode: 41301, pc: 0x00002074, module: mini_httpd
  [066] inode: 41301, pc: 0x00002018, module: mini_httpd
  [067] inode: 41301, pc: 0x00002000, module: mini_httpd
  [068] inode: 41301, pc: 0x00001ffc, module: mini_httpd
  [069] inode: 41301, pc: 0x00002074, module: mini_httpd
  [070] inode: 41301, pc: 0x00002018, module: mini_httpd
  [071] inode: 41301, pc: 0x00002000, module: mini_httpd
  [072] inode: 41301, pc: 0x00001ffc, module: mini_httpd
  [073] inode: 41301, pc: 0x00002074, module: mini_httpd
  [074] inode: 41301, pc: 0x00002018, module: mini_httpd
  [075] inode: 41301, pc: 0x00002000, module: mini_httpd
  [076] inode: 41301, pc: 0x00001ffc, module: mini_httpd
  [077] inode: 41301, pc: 0x00002074, module: mini_httpd
  [078] inode: 41301, pc: 0x00002018, module: mini_httpd
  [079] inode: 41301, pc: 0x00002000, module: mini_httpd
  [080] inode: 41301, pc: 0x00001ffc, module: mini_httpd
  [081] inode: 41301, pc: 0x00002074, module: mini_httpd
  [082] inode: 41301, pc: 0x00002018, module: mini_httpd
  [083] inode: 41301, pc: 0x00002000, module: mini_httpd
  [084] inode: 41301, pc: 0x00001ffc, module: mini_httpd
  [085] inode: 41301, pc: 0x00002074, module: mini_httpd
  [086] inode: 41301, pc: 0x00002018, module: mini_httpd
  [087] inode: 41301, pc: 0x00002000, module: mini_httpd
  [088] inode: 41301, pc: 0x00001ffc, module: mini_httpd
  [089] inode: 41301, pc: 0x00002074, module: mini_httpd
  [090] inode: 41301, pc: 0x00002018, module: mini_httpd
  [091] inode: 41301, pc: 0x00002000, module: mini_httpd
  [092] inode: 41301, pc: 0x00001ffc, module: mini_httpd
  [093] inode: 41301, pc: 0x00002074, module: mini_httpd
  [094] inode: 41301, pc: 0x00002018, module: mini_httpd
  [095] inode: 41301, pc: 0x00002000, module: mini_httpd
  [096] inode: 41301, pc: 0x00001ffc, module: mini_httpd
  [097] inode: 41301, pc: 0x00002074, module: mini_httpd
  [098] inode: 41301, pc: 0x00002018, module: mini_httpd
  [099] inode: 41301, pc: 0x00002000, module: mini_httpd
  [100] inode: 41301, pc: 0x00001ffc, module: mini_httpd
  [101] inode: 41301, pc: 0x00002074, module: mini_httpd
  [102] inode: 41301, pc: 0x00002018, module: mini_httpd
  [103] inode: 41301, pc: 0x00002000, module: mini_httpd
  [104] inode: 41301, pc: 0x00001ffc, module: mini_httpd
  [105] inode: 41301, pc: 0x00002074, module: mini_httpd
  [106] inode: 41301, pc: 0x00002018, module: mini_httpd
  [107] inode: 41301, pc: 0x00002000, module: mini_httpd
  [108] inode: 41301, pc: 0x00001ffc, module: mini_httpd
  [109] inode: 41301, pc: 0x00002074, module: mini_httpd
  [110] inode: 41301, pc: 0x00002018, module: mini_httpd
  [111] inode: 41301, pc: 0x00002000, module: mini_httpd
  [112] inode: 41301, pc: 0x00001ffc, module: mini_httpd
  [113] inode: 41301, pc: 0x00002074, module: mini_httpd
  [114] inode: 41301, pc: 0x00002018, module: mini_httpd
  [115] inode: 41301, pc: 0x00002000, module: mini_httpd
  [116] inode: 41301, pc: 0x00001ffc, module: mini_httpd
  [117] inode: 41301, pc: 0x00002074, module: mini_httpd
  [118] inode: 41301, pc: 0x00002018, module: mini_httpd
  [119] inode: 41301, pc: 0x00002000, module: mini_httpd
  [120] inode: 41301, pc: 0x00001ffc, module: mini_httpd
  [121] inode: 41301, pc: 0x00002074, module: mini_httpd
  [122] inode: 41301, pc: 0x00002018, module: mini_httpd
  [123] inode: 41301, pc: 0x00002000, module: mini_httpd
  [124] inode: 41301, pc: 0x00001ffc, module: mini_httpd
  [125] inode: 41301, pc: 0x00002074, module: mini_httpd
  [126] inode: 41301, pc: 0x00002018, module: mini_httpd
  [127] inode: 41301, pc: 0x00002000, module: mini_httpd
  [128] inode: 41301, pc: 0x00001ffc, module: mini_httpd
  [129] inode: 41301, pc: 0x00002074, module: mini_httpd
  [130] inode: 41301, pc: 0x00002018, module: mini_httpd
  [131] inode: 41301, pc: 0x00002000, module: mini_httpd
  [132] inode: 41301, pc: 0x00001ffc, module: mini_httpd
  [133] inode: 41301, pc: 0x00002074, module: mini_httpd
  [134] inode: 41301, pc: 0x00002018, module: mini_httpd
  [135] inode: 41301, pc: 0x00002000, module: mini_httpd
  [136] inode: 41301, pc: 0x00001ffc, module: mini_httpd
  [137] inode: 41301, pc: 0x00002074, module: mini_httpd
  [138] inode: 41301, pc: 0x00002018, module: mini_httpd
  [139] inode: 41301, pc: 0x00002000, module: mini_httpd
  [140] inode: 41301, pc: 0x00001ffc, module: mini_httpd
  [141] inode: 41301, pc: 0x00002074, module: mini_httpd
  [142] inode: 41301, pc: 0x00002018, module: mini_httpd
  [143] inode: 41301, pc: 0x00002000, module: mini_httpd
  [144] inode: 41301, pc: 0x00001ffc, module: mini_httpd
  [145] inode: 41301, pc: 0x00002074, module: mini_httpd
  [146] inode: 41301, pc: 0x00002018, module: mini_httpd
  [147] inode: 41301, pc: 0x00002000, module: mini_httpd
  [148] inode: 41301, pc: 0x00001ffc, module: mini_httpd
  [149] inode: 41301, pc: 0x00002074, module: mini_httpd
  [150] inode: 41301, pc: 0x00002018, module: mini_httpd
  [151] inode: 41301, pc: 0x00002000, module: mini_httpd
  [152] inode: 41301, pc: 0x00001ffc, module: mini_httpd
  [153] inode: 41301, pc: 0x00002074, module: mini_httpd
  [154] inode: 41301, pc: 0x00002018, module: mini_httpd
  [155] inode: 41301, pc: 0x00002000, module: mini_httpd
  [156] inode: 41301, pc: 0x00001ffc, module: mini_httpd
  [157] inode: 41301, pc: 0x00002074, module: mini_httpd
  [158] inode: 41301, pc: 0x00002018, module: mini_httpd
  [159] inode: 41301, pc: 0x00002000, module: mini_httpd
  [160] inode: 41301, pc: 0x00001ffc, module: mini_httpd
  [161] inode: 41301, pc: 0x00002074, module: mini_httpd
  [162] inode: 41301, pc: 0x00002018, module: mini_httpd
  [163] inode: 41301, pc: 0x00002000, module: mini_httpd
  [164] inode: 41301, pc: 0x00001ffc, module: mini_httpd
  [165] inode: 41301, pc: 0x00002074, module: mini_httpd
  [166] inode: 41301, pc: 0x00002018, module: mini_httpd
  [167] inode: 41301, pc: 0x00002000, module: mini_httpd
  [168] inode: 41301, pc: 0x00001ffc, module: mini_httpd
  [169] inode: 41301, pc: 0x00002074, module: mini_httpd
  [170] inode: 41301, pc: 0x00002018, module: mini_httpd
  [171] inode: 41301, pc: 0x00002000, module: mini_httpd
  [172] inode: 41301, pc: 0x00001ffc, module: mini_httpd
  [173] inode: 41301, pc: 0x00002074, module: mini_httpd
  [174] inode: 41301, pc: 0x00002018, module: mini_httpd
  [175] inode: 41301, pc: 0x00002000, module: mini_httpd
  [176] inode: 41301, pc: 0x00001ffc, module: mini_httpd
  [177] inode: 41301, pc: 0x00002074, module: mini_httpd
  [178] inode: 41301, pc: 0x00002018, module: mini_httpd
  [179] inode: 41301, pc: 0x00002000, module: mini_httpd
  [180] inode: 41301, pc: 0x00001fe8, module: mini_httpd
  [181] inode: 41301, pc: 0x00001fc0, module: mini_httpd
  [182] inode: 41301, pc: 0x000062c0, module: mini_httpd
  [183] inode: 41301, pc: 0x00006214, module: mini_httpd
  [184] inode: 16450, pc: 0x00030730, module: libuClibc-0.9.30.so, symbol: strncasecmp
  [185] inode: 41301, pc: 0x00006200, module: mini_httpd
  [186] inode: 41301, pc: 0x000061c8, module: mini_httpd
  [187] inode: 16450, pc: 0x00030730, module: libuClibc-0.9.30.so, symbol: strncasecmp
  [188] inode: 41301, pc: 0x000061b4, module: mini_httpd
  [189] inode: 41301, pc: 0x0000617c, module: mini_httpd
  [190] inode: 16450, pc: 0x00030730, module: libuClibc-0.9.30.so, symbol: strncasecmp
  [191] inode: 41301, pc: 0x00006168, module: mini_httpd
  [192] inode: 41301, pc: 0x00006130, module: mini_httpd
  [193] inode: 16450, pc: 0x00030730, module: libuClibc-0.9.30.so, symbol: strncasecmp
  [194] inode: 41301, pc: 0x0000611c, module: mini_httpd
  [195] inode: 41301, pc: 0x000060d8, module: mini_httpd
  [196] inode: 16450, pc: 0x00030730, module: libuClibc-0.9.30.so, symbol: strncasecmp
  [197] inode: 41301, pc: 0x000060c4, module: mini_httpd
  [198] inode: 41301, pc: 0x00006094, module: mini_httpd
  [199] inode: 16450, pc: 0x00030730, module: libuClibc-0.9.30.so, symbol: strncasecmp
  [200] inode: 41301, pc: 0x00006080, module: mini_httpd
  [201] inode: 41301, pc: 0x00006050, module: mini_httpd
  [202] inode: 16450, pc: 0x00030730, module: libuClibc-0.9.30.so, symbol: strncasecmp
  [203] inode: 41301, pc: 0x0000603c, module: mini_httpd
  [204] inode: 41301, pc: 0x00006004, module: mini_httpd
  [205] inode: 16450, pc: 0x00030730, module: libuClibc-0.9.30.so, symbol: strncasecmp
  [206] inode: 41301, pc: 0x00006000, module: mini_httpd
  [207] inode: 41301, pc: 0x00005ff0, module: mini_httpd
  [208] inode: 41301, pc: 0x00005fac, module: mini_httpd
  [209] inode: 16450, pc: 0x00030730, module: libuClibc-0.9.30.so, symbol: strncasecmp
  [210] inode: 41301, pc: 0x00005f98, module: mini_httpd
  [211] inode: 41301, pc: 0x00005f60, module: mini_httpd
  [212] inode: 16450, pc: 0x00030730, module: libuClibc-0.9.30.so, symbol: strncasecmp
  [213] inode: 41301, pc: 0x00005f4c, module: mini_httpd
  [214] inode: 41301, pc: 0x00005f40, module: mini_httpd
  [215] inode: 41301, pc: 0x000062c8, module: mini_httpd
  [216] inode: 41301, pc: 0x00002058, module: mini_httpd
  [217] inode: 41301, pc: 0x00002044, module: mini_httpd
  [218] inode: 41301, pc: 0x00002034, module: mini_httpd
  [219] inode: 41301, pc: 0x00002020, module: mini_httpd
  [220] inode: 41301, pc: 0x00002018, module: mini_httpd
  [221] inode: 41301, pc: 0x00002000, module: mini_httpd
  [222] inode: 41301, pc: 0x00001ffc, module: mini_httpd
  [223] inode: 41301, pc: 0x00002074, module: mini_httpd
  [224] inode: 41301, pc: 0x00002018, module: mini_httpd
  [225] inode: 41301, pc: 0x00002000, module: mini_httpd
  [226] inode: 41301, pc: 0x00001ffc, module: mini_httpd
  [227] inode: 41301, pc: 0x00002074, module: mini_httpd
  [228] inode: 41301, pc: 0x00002018, module: mini_httpd
  [229] inode: 41301, pc: 0x00002000, module: mini_httpd
  [230] inode: 41301, pc: 0x00001ffc, module: mini_httpd
  [231] inode: 41301, pc: 0x00002074, module: mini_httpd
  [232] inode: 41301, pc: 0x00002018, module: mini_httpd
  [233] inode: 41301, pc: 0x00002000, module: mini_httpd
  [234] inode: 41301, pc: 0x00001ffc, module: mini_httpd
  [235] inode: 41301, pc: 0x00002074, module: mini_httpd
  [236] inode: 41301, pc: 0x00002018, module: mini_httpd
  [237] inode: 41301, pc: 0x00002000, module: mini_httpd
  [238] inode: 41301, pc: 0x00001ffc, module: mini_httpd
  [239] inode: 41301, pc: 0x00002074, module: mini_httpd
  [240] inode: 41301, pc: 0x00002018, module: mini_httpd
  [241] inode: 41301, pc: 0x00002000, module: mini_httpd
  [242] inode: 41301, pc: 0x00001ffc, module: mini_httpd
  [243] inode: 41301, pc: 0x00002074, module: mini_httpd
  [244] inode: 41301, pc: 0x00002018, module: mini_httpd
  [245] inode: 41301, pc: 0x00002000, module: mini_httpd
  [246] inode: 41301, pc: 0x00001ffc, module: mini_httpd
  [247] inode: 41301, pc: 0x00002074, module: mini_httpd
  [248] inode: 41301, pc: 0x00002018, module: mini_httpd
  [249] inode: 41301, pc: 0x00002000, module: mini_httpd
  [250] inode: 41301, pc: 0x00001ffc, module: mini_httpd
  [251] inode: 41301, pc: 0x00002074, module: mini_httpd
  [252] inode: 41301, pc: 0x00002018, module: mini_httpd
  [253] inode: 41301, pc: 0x00002000, module: mini_httpd
  [254] inode: 41301, pc: 0x00001ffc, module: mini_httpd
  [255] inode: 41301, pc: 0x00002074, module: mini_httpd
  [256] inode: 41301, pc: 0x00002018, module: mini_httpd
  [257] inode: 41301, pc: 0x00002000, module: mini_httpd
  [258] inode: 41301, pc: 0x00001ffc, module: mini_httpd
  [259] inode: 41301, pc: 0x00002074, module: mini_httpd
  [260] inode: 41301, pc: 0x00002018, module: mini_httpd
  [261] inode: 41301, pc: 0x00002000, module: mini_httpd
  [262] inode: 41301, pc: 0x00001ffc, module: mini_httpd
  [263] inode: 41301, pc: 0x00002074, module: mini_httpd
  [264] inode: 41301, pc: 0x00002018, module: mini_httpd
  [265] inode: 41301, pc: 0x00002000, module: mini_httpd
  [266] inode: 41301, pc: 0x00001ffc, module: mini_httpd
  [267] inode: 41301, pc: 0x00002074, module: mini_httpd
  [268] inode: 41301, pc: 0x00002018, module: mini_httpd
  [269] inode: 41301, pc: 0x00002000, module: mini_httpd
  [270] inode: 41301, pc: 0x00001ffc, module: mini_httpd
  [271] inode: 41301, pc: 0x00002074, module: mini_httpd
  [272] inode: 41301, pc: 0x00002018, module: mini_httpd
  [273] inode: 41301, pc: 0x00002000, module: mini_httpd
  [274] inode: 41301, pc: 0x00001ffc, module: mini_httpd
  [275] inode: 41301, pc: 0x00002074, module: mini_httpd
  [276] inode: 41301, pc: 0x00002018, module: mini_httpd
  [277] inode: 41301, pc: 0x00002000, module: mini_httpd
  [278] inode: 41301, pc: 0x00001ffc, module: mini_httpd
  [279] inode: 41301, pc: 0x00002074, module: mini_httpd
  [280] inode: 41301, pc: 0x00002018, module: mini_httpd
  [281] inode: 41301, pc: 0x00002000, module: mini_httpd
  [282] inode: 41301, pc: 0x00001ffc, module: mini_httpd
  [283] inode: 41301, pc: 0x00002074, module: mini_httpd
  [284] inode: 41301, pc: 0x00002018, module: mini_httpd
  [285] inode: 41301, pc: 0x00002000, module: mini_httpd
  [286] inode: 41301, pc: 0x00001ffc, module: mini_httpd
  [287] inode: 41301, pc: 0x00002074, module: mini_httpd
  [288] inode: 41301, pc: 0x00002018, module: mini_httpd
  [289] inode: 41301, pc: 0x00002000, module: mini_httpd
  [290] inode: 41301, pc: 0x00001ffc, module: mini_httpd
  [291] inode: 41301, pc: 0x00002074, module: mini_httpd
  [292] inode: 41301, pc: 0x00002018, module: mini_httpd
  [293] inode: 41301, pc: 0x00002000, module: mini_httpd
  [294] inode: 41301, pc: 0x00001ffc, module: mini_httpd
  [295] inode: 41301, pc: 0x00002074, module: mini_httpd
  [296] inode: 41301, pc: 0x00002018, module: mini_httpd
  [297] inode: 41301, pc: 0x00002000, module: mini_httpd
  [298] inode: 41301, pc: 0x00001ffc, module: mini_httpd
  [299] inode: 41301, pc: 0x00002074, module: mini_httpd
Total Self trace elements: 300

--- Parent PID 774 Trace ---
  [000] inode: 41301, pc: 0x00002514, module: mini_httpd
  [001] inode: 41301, pc: 0x000024e0, module: mini_httpd
  [002] inode: 16450, pc: 0x00010c60, module: libuClibc-0.9.30.so, symbol: __libc_waitpid
  [003] inode: 41301, pc: 0x000024cc, module: mini_httpd
  [004] inode: 41301, pc: 0x000024f0, module: mini_httpd
  [005] inode: 41301, pc: 0x000024e0, module: mini_httpd
  [006] inode: 16450, pc: 0x00010c60, module: libuClibc-0.9.30.so, symbol: __libc_waitpid
  [007] inode: 41301, pc: 0x000024c8, module: mini_httpd
  [008] inode: 16450, pc: 0x0004a89c, module: libuClibc-0.9.30.so, symbol: signal
  [009] inode: 41301, pc: 0x000024b8, module: mini_httpd
  [010] inode: 41301, pc: 0x000094dc, module: mini_httpd, symbol: main
  [011] inode: 41301, pc: 0x00009488, module: mini_httpd, symbol: main
  [012] inode: 41301, pc: 0x00009478, module: mini_httpd, symbol: main
  [013] inode: 41301, pc: 0x00009424, module: mini_httpd, symbol: main
  [014] inode: 41301, pc: 0x00009418, module: mini_httpd, symbol: main
  [015] inode: 41301, pc: 0x000093ac, module: mini_httpd, symbol: main
  [016] inode: 41301, pc: 0x00009398, module: mini_httpd, symbol: main
  [017] inode: 41301, pc: 0x00009388, module: mini_httpd, symbol: main
  [018] inode: 41301, pc: 0x00009388, module: mini_httpd, symbol: main
  [019] inode: 41301, pc: 0x00009388, module: mini_httpd, symbol: main
  [020] inode: 41301, pc: 0x00009388, module: mini_httpd, symbol: main
  [021] inode: 41301, pc: 0x00009388, module: mini_httpd, symbol: main
  [022] inode: 41301, pc: 0x00009388, module: mini_httpd, symbol: main
  [023] inode: 41301, pc: 0x00009388, module: mini_httpd, symbol: main
  [024] inode: 41301, pc: 0x00009388, module: mini_httpd, symbol: main
  [025] inode: 41301, pc: 0x00009388, module: mini_httpd, symbol: main
  [026] inode: 41301, pc: 0x00009388, module: mini_httpd, symbol: main
  [027] inode: 41301, pc: 0x00009388, module: mini_httpd, symbol: main
  [028] inode: 41301, pc: 0x00009388, module: mini_httpd, symbol: main
  [029] inode: 41301, pc: 0x00009388, module: mini_httpd, symbol: main
  [030] inode: 41301, pc: 0x00009388, module: mini_httpd, symbol: main
  [031] inode: 41301, pc: 0x00009388, module: mini_httpd, symbol: main
  [032] inode: 41301, pc: 0x00009388, module: mini_httpd, symbol: main
  [033] inode: 41301, pc: 0x00009388, module: mini_httpd, symbol: main
  [034] inode: 41301, pc: 0x00009388, module: mini_httpd, symbol: main
  [035] inode: 41301, pc: 0x00009388, module: mini_httpd, symbol: main
  [036] inode: 41301, pc: 0x00009388, module: mini_httpd, symbol: main
  [037] inode: 41301, pc: 0x00009388, module: mini_httpd, symbol: main
  [038] inode: 41301, pc: 0x00009388, module: mini_httpd, symbol: main
  [039] inode: 41301, pc: 0x00009388, module: mini_httpd, symbol: main
  [040] inode: 41301, pc: 0x00009388, module: mini_httpd, symbol: main
  [041] inode: 41301, pc: 0x00009388, module: mini_httpd, symbol: main
  [042] inode: 41301, pc: 0x00009388, module: mini_httpd, symbol: main
  [043] inode: 41301, pc: 0x00009388, module: mini_httpd, symbol: main
  [044] inode: 41301, pc: 0x00009388, module: mini_httpd, symbol: main
  [045] inode: 41301, pc: 0x00009388, module: mini_httpd, symbol: main
  [046] inode: 41301, pc: 0x00009388, module: mini_httpd, symbol: main
  [047] inode: 41301, pc: 0x00009388, module: mini_httpd, symbol: main
  [048] inode: 41301, pc: 0x00009380, module: mini_httpd, symbol: main
  [049] inode: 41301, pc: 0x00009368, module: mini_httpd, symbol: main
  [050] inode: 16450, pc: 0x0000b344, module: libuClibc-0.9.30.so, symbol: access
  [051] inode: 41301, pc: 0x00009354, module: mini_httpd, symbol: main
  [052] inode: 41301, pc: 0x000097c8, module: mini_httpd, symbol: main
  [053] inode: 16450, pc: 0x0000b884, module: libuClibc-0.9.30.so, symbol: close
  [054] inode: 41301, pc: 0x000097b8, module: mini_httpd, symbol: main
  [055] inode: 41301, pc: 0x00009798, module: mini_httpd, symbol: main
  [056] inode: 16450, pc: 0x0000b344, module: libuClibc-0.9.30.so, symbol: access
  [057] inode: 41301, pc: 0x00009788, module: mini_httpd, symbol: main
  [058] inode: 41301, pc: 0x000096a0, module: mini_httpd, symbol: main
  [059] inode: 41301, pc: 0x00009688, module: mini_httpd, symbol: main
  [060] inode: 16450, pc: 0x0000be94, module: libuClibc-0.9.30.so, symbol: __libc_fork
  [061] inode: 41301, pc: 0x00009678, module: mini_httpd, symbol: main
  [062] inode: 16450, pc: 0x0002f950, module: libuClibc-0.9.30.so, symbol: strcpy
  [063] inode: 41301, pc: 0x00009660, module: mini_httpd, symbol: main
  [064] inode: 16450, pc: 0x000450bc, module: libuClibc-0.9.30.so, symbol: inet_ntoa
  [065] inode: 41301, pc: 0x00002104, module: mini_httpd
  [066] inode: 41301, pc: 0x00009650, module: mini_httpd, symbol: main
  [067] inode: 16450, pc: 0x0002f950, module: libuClibc-0.9.30.so, symbol: strcpy
  [068] inode: 41301, pc: 0x00009638, module: mini_httpd, symbol: main
  [069] inode: 41301, pc: 0x000095d4, module: mini_httpd, symbol: main
  [070] inode: 16450, pc: 0x0002f920, module: libuClibc-0.9.30.so, symbol: strcmp
  [071] inode: 41301, pc: 0x000095c8, module: mini_httpd, symbol: main
  [072] inode: 16450, pc: 0x000450bc, module: libuClibc-0.9.30.so, symbol: inet_ntoa
  [073] inode: 41301, pc: 0x00002104, module: mini_httpd
  [074] inode: 41301, pc: 0x000095b0, module: mini_httpd, symbol: main
  [075] inode: 41301, pc: 0x0000957c, module: mini_httpd, symbol: main
  [076] inode: 41301, pc: 0x000018a4, module: mini_httpd
  [077] inode: 16450, pc: 0x0000b884, module: libuClibc-0.9.30.so, symbol: close
  [078] inode: 41301, pc: 0x00001890, module: mini_httpd
  [079] inode: 16450, pc: 0x00012cc0, module: libuClibc-0.9.30.so, symbol: lockf64
  [080] inode: 41301, pc: 0x00001888, module: mini_httpd
  [081] inode: 41301, pc: 0x0000184c, module: mini_httpd
  [082] inode: 41301, pc: 0x00009564, module: mini_httpd, symbol: main
  [083] inode: 16450, pc: 0x000248b0, module: libuClibc-0.9.30.so, symbol: fclose
  [084] inode: 41301, pc: 0x00001920, module: mini_httpd
  [085] inode: 16450, pc: 0x0002d3b0, module: libuClibc-0.9.30.so, symbol: fread
  [086] inode: 41301, pc: 0x00001918, module: mini_httpd
  [087] inode: 41301, pc: 0x00001908, module: mini_httpd
  [088] inode: 16450, pc: 0x00026710, module: libuClibc-0.9.30.so, symbol: fopen64
  [089] inode: 41301, pc: 0x000018c0, module: mini_httpd
  [090] inode: 41301, pc: 0x0000954c, module: mini_httpd, symbol: main
  [091] inode: 41301, pc: 0x0000183c, module: mini_httpd
  [092] inode: 41301, pc: 0x00001818, module: mini_httpd
  [093] inode: 16450, pc: 0x00012cc0, module: libuClibc-0.9.30.so, symbol: lockf64
  [094] inode: 41301, pc: 0x00001810, module: mini_httpd
  [095] inode: 41301, pc: 0x00001808, module: mini_httpd
  [096] inode: 16450, pc: 0x0000e000, module: libuClibc-0.9.30.so, symbol: open64
  [097] inode: 41301, pc: 0x000017b8, module: mini_httpd
  [098] inode: 41301, pc: 0x00009538, module: mini_httpd, symbol: main
  [099] inode: 41301, pc: 0x000094f8, module: mini_httpd, symbol: main
  [100] inode: 16450, pc: 0x00049ad4, module: libuClibc-0.9.30.so, symbol: accept
  [101] inode: 41301, pc: 0x000094dc, module: mini_httpd, symbol: main
  [102] inode: 41301, pc: 0x00009488, module: mini_httpd, symbol: main
  [103] inode: 41301, pc: 0x00009478, module: mini_httpd, symbol: main
  [104] inode: 41301, pc: 0x00009424, module: mini_httpd, symbol: main
  [105] inode: 41301, pc: 0x00009418, module: mini_httpd, symbol: main
  [106] inode: 41301, pc: 0x000093ac, module: mini_httpd, symbol: main
  [107] inode: 41301, pc: 0x00009398, module: mini_httpd, symbol: main
  [108] inode: 41301, pc: 0x00009388, module: mini_httpd, symbol: main
  [109] inode: 41301, pc: 0x00009388, module: mini_httpd, symbol: main
  [110] inode: 41301, pc: 0x00009388, module: mini_httpd, symbol: main
  [111] inode: 41301, pc: 0x00009388, module: mini_httpd, symbol: main
  [112] inode: 41301, pc: 0x00009388, module: mini_httpd, symbol: main
  [113] inode: 41301, pc: 0x00009388, module: mini_httpd, symbol: main
  [114] inode: 41301, pc: 0x00009388, module: mini_httpd, symbol: main
  [115] inode: 41301, pc: 0x00009388, module: mini_httpd, symbol: main
  [116] inode: 41301, pc: 0x00009388, module: mini_httpd, symbol: main
  [117] inode: 41301, pc: 0x00009388, module: mini_httpd, symbol: main
  [118] inode: 41301, pc: 0x00009388, module: mini_httpd, symbol: main
  [119] inode: 41301, pc: 0x00009388, module: mini_httpd, symbol: main
  [120] inode: 41301, pc: 0x00009388, module: mini_httpd, symbol: main
  [121] inode: 41301, pc: 0x00009388, module: mini_httpd, symbol: main
  [122] inode: 41301, pc: 0x00009388, module: mini_httpd, symbol: main
  [123] inode: 41301, pc: 0x00009388, module: mini_httpd, symbol: main
  [124] inode: 41301, pc: 0x00009388, module: mini_httpd, symbol: main
  [125] inode: 41301, pc: 0x00009388, module: mini_httpd, symbol: main
  [126] inode: 41301, pc: 0x00009388, module: mini_httpd, symbol: main
  [127] inode: 41301, pc: 0x00009388, module: mini_httpd, symbol: main
  [128] inode: 41301, pc: 0x00009388, module: mini_httpd, symbol: main
  [129] inode: 41301, pc: 0x00009388, module: mini_httpd, symbol: main
  [130] inode: 41301, pc: 0x00009388, module: mini_httpd, symbol: main
  [131] inode: 41301, pc: 0x00009388, module: mini_httpd, symbol: main
  [132] inode: 41301, pc: 0x00009388, module: mini_httpd, symbol: main
  [133] inode: 41301, pc: 0x00009388, module: mini_httpd, symbol: main
  [134] inode: 41301, pc: 0x00009388, module: mini_httpd, symbol: main
  [135] inode: 41301, pc: 0x00009388, module: mini_httpd, symbol: main
  [136] inode: 41301, pc: 0x00009388, module: mini_httpd, symbol: main
  [137] inode: 41301, pc: 0x00009388, module: mini_httpd, symbol: main
  [138] inode: 41301, pc: 0x00009388, module: mini_httpd, symbol: main
  [139] inode: 41301, pc: 0x00009380, module: mini_httpd, symbol: main
  [140] inode: 41301, pc: 0x00009368, module: mini_httpd, symbol: main
  [141] inode: 16450, pc: 0x0000b344, module: libuClibc-0.9.30.so, symbol: access
  [142] inode: 41301, pc: 0x00009354, module: mini_httpd, symbol: main
  [143] inode: 41301, pc: 0x000097c8, module: mini_httpd, symbol: main
  [144] inode: 16450, pc: 0x0000b884, module: libuClibc-0.9.30.so, symbol: close
  [145] inode: 41301, pc: 0x000097bc, module: mini_httpd, symbol: main
  [146] inode: 41301, pc: 0x00009798, module: mini_httpd, symbol: main
  [147] inode: 16450, pc: 0x0000b344, module: libuClibc-0.9.30.so, symbol: access
  [148] inode: 41301, pc: 0x00002514, module: mini_httpd
  [149] inode: 41301, pc: 0x000024e0, module: mini_httpd
  [150] inode: 16450, pc: 0x00010c60, module: libuClibc-0.9.30.so, symbol: __libc_waitpid
  [151] inode: 41301, pc: 0x000024cc, module: mini_httpd
  [152] inode: 41301, pc: 0x000024f0, module: mini_httpd
  [153] inode: 41301, pc: 0x000024e0, module: mini_httpd
  [154] inode: 16450, pc: 0x00010c60, module: libuClibc-0.9.30.so, symbol: __libc_waitpid
  [155] inode: 41301, pc: 0x000024c8, module: mini_httpd
  [156] inode: 16450, pc: 0x0004a89c, module: libuClibc-0.9.30.so, symbol: signal
  [157] inode: 41301, pc: 0x000024b8, module: mini_httpd
  [158] inode: 41301, pc: 0x00009788, module: mini_httpd, symbol: main
  [159] inode: 41301, pc: 0x000096a0, module: mini_httpd, symbol: main
  [160] inode: 41301, pc: 0x00009688, module: mini_httpd, symbol: main
  [161] inode: 16450, pc: 0x0000be94, module: libuClibc-0.9.30.so, symbol: __libc_fork
  [162] inode: 41301, pc: 0x00009678, module: mini_httpd, symbol: main
  [163] inode: 16450, pc: 0x0002f950, module: libuClibc-0.9.30.so, symbol: strcpy
  [164] inode: 41301, pc: 0x00009660, module: mini_httpd, symbol: main
  [165] inode: 16450, pc: 0x000450bc, module: libuClibc-0.9.30.so, symbol: inet_ntoa
  [166] inode: 41301, pc: 0x00002104, module: mini_httpd
  [167] inode: 41301, pc: 0x00009650, module: mini_httpd, symbol: main
  [168] inode: 16450, pc: 0x0002f950, module: libuClibc-0.9.30.so, symbol: strcpy
  [169] inode: 41301, pc: 0x00009638, module: mini_httpd, symbol: main
  [170] inode: 41301, pc: 0x000095d4, module: mini_httpd, symbol: main
  [171] inode: 16450, pc: 0x0002f920, module: libuClibc-0.9.30.so, symbol: strcmp
  [172] inode: 41301, pc: 0x000095c0, module: mini_httpd, symbol: main
  [173] inode: 16450, pc: 0x000450bc, module: libuClibc-0.9.30.so, symbol: inet_ntoa
  [174] inode: 41301, pc: 0x00002104, module: mini_httpd
  [175] inode: 41301, pc: 0x000095b0, module: mini_httpd, symbol: main
  [176] inode: 41301, pc: 0x0000957c, module: mini_httpd, symbol: main
  [177] inode: 41301, pc: 0x000018a4, module: mini_httpd
  [178] inode: 16450, pc: 0x0000b884, module: libuClibc-0.9.30.so, symbol: close
  [179] inode: 41301, pc: 0x00001890, module: mini_httpd
  [180] inode: 16450, pc: 0x00012cc0, module: libuClibc-0.9.30.so, symbol: lockf64
  [181] inode: 41301, pc: 0x00001888, module: mini_httpd
  [182] inode: 41301, pc: 0x0000184c, module: mini_httpd
  [183] inode: 41301, pc: 0x00009564, module: mini_httpd, symbol: main
  [184] inode: 16450, pc: 0x000248b0, module: libuClibc-0.9.30.so, symbol: fclose
  [185] inode: 41301, pc: 0x00001920, module: mini_httpd
  [186] inode: 16450, pc: 0x0002d3b0, module: libuClibc-0.9.30.so, symbol: fread
  [187] inode: 41301, pc: 0x00001918, module: mini_httpd
  [188] inode: 41301, pc: 0x000018f4, module: mini_httpd
  [189] inode: 16450, pc: 0x00026710, module: libuClibc-0.9.30.so, symbol: fopen64
  [190] inode: 41301, pc: 0x000018c0, module: mini_httpd
  [191] inode: 41301, pc: 0x0000954c, module: mini_httpd, symbol: main
  [192] inode: 41301, pc: 0x0000183c, module: mini_httpd
  [193] inode: 41301, pc: 0x00001818, module: mini_httpd
  [194] inode: 16450, pc: 0x00012cc0, module: libuClibc-0.9.30.so, symbol: lockf64
  [195] inode: 41301, pc: 0x00001810, module: mini_httpd
  [196] inode: 41301, pc: 0x00001808, module: mini_httpd
  [197] inode: 16450, pc: 0x0000e000, module: libuClibc-0.9.30.so, symbol: open64
  [198] inode: 41301, pc: 0x000017b8, module: mini_httpd
  [199] inode: 41301, pc: 0x00009538, module: mini_httpd, symbol: main
  [200] inode: 41301, pc: 0x000094f8, module: mini_httpd, symbol: main
  [201] inode: 16450, pc: 0x00049ad4, module: libuClibc-0.9.30.so, symbol: accept
  [202] inode: 41301, pc: 0x000094dc, module: mini_httpd, symbol: main
  [203] inode: 41301, pc: 0x00009488, module: mini_httpd, symbol: main
  [204] inode: 41301, pc: 0x00009478, module: mini_httpd, symbol: main
  [205] inode: 41301, pc: 0x00009424, module: mini_httpd, symbol: main
  [206] inode: 41301, pc: 0x00009418, module: mini_httpd, symbol: main
  [207] inode: 41301, pc: 0x000093ac, module: mini_httpd, symbol: main
  [208] inode: 41301, pc: 0x00009398, module: mini_httpd, symbol: main
  [209] inode: 41301, pc: 0x00009388, module: mini_httpd, symbol: main
  [210] inode: 41301, pc: 0x00009388, module: mini_httpd, symbol: main
  [211] inode: 41301, pc: 0x00009388, module: mini_httpd, symbol: main
  [212] inode: 41301, pc: 0x00009388, module: mini_httpd, symbol: main
  [213] inode: 41301, pc: 0x00009388, module: mini_httpd, symbol: main
  [214] inode: 41301, pc: 0x00009388, module: mini_httpd, symbol: main
  [215] inode: 41301, pc: 0x00009388, module: mini_httpd, symbol: main
  [216] inode: 41301, pc: 0x00009388, module: mini_httpd, symbol: main
  [217] inode: 41301, pc: 0x00009388, module: mini_httpd, symbol: main
  [218] inode: 41301, pc: 0x00009388, module: mini_httpd, symbol: main
  [219] inode: 41301, pc: 0x00009388, module: mini_httpd, symbol: main
  [220] inode: 41301, pc: 0x00009388, module: mini_httpd, symbol: main
  [221] inode: 41301, pc: 0x00009388, module: mini_httpd, symbol: main
  [222] inode: 41301, pc: 0x00009388, module: mini_httpd, symbol: main
  [223] inode: 41301, pc: 0x00009388, module: mini_httpd, symbol: main
  [224] inode: 41301, pc: 0x00009388, module: mini_httpd, symbol: main
  [225] inode: 41301, pc: 0x00009388, module: mini_httpd, symbol: main
  [226] inode: 41301, pc: 0x00009388, module: mini_httpd, symbol: main
  [227] inode: 41301, pc: 0x00009388, module: mini_httpd, symbol: main
  [228] inode: 41301, pc: 0x00009388, module: mini_httpd, symbol: main
  [229] inode: 41301, pc: 0x00009388, module: mini_httpd, symbol: main
  [230] inode: 41301, pc: 0x00009388, module: mini_httpd, symbol: main
  [231] inode: 41301, pc: 0x00009388, module: mini_httpd, symbol: main
  [232] inode: 41301, pc: 0x00009388, module: mini_httpd, symbol: main
  [233] inode: 41301, pc: 0x00009388, module: mini_httpd, symbol: main
  [234] inode: 41301, pc: 0x00009388, module: mini_httpd, symbol: main
  [235] inode: 41301, pc: 0x00009388, module: mini_httpd, symbol: main
  [236] inode: 41301, pc: 0x00009388, module: mini_httpd, symbol: main
  [237] inode: 41301, pc: 0x00009388, module: mini_httpd, symbol: main
  [238] inode: 41301, pc: 0x00009388, module: mini_httpd, symbol: main
  [239] inode: 41301, pc: 0x00009388, module: mini_httpd, symbol: main
  [240] inode: 41301, pc: 0x00009380, module: mini_httpd, symbol: main
  [241] inode: 41301, pc: 0x00009368, module: mini_httpd, symbol: main
  [242] inode: 16450, pc: 0x0000b344, module: libuClibc-0.9.30.so, symbol: access
  [243] inode: 41301, pc: 0x00009354, module: mini_httpd, symbol: main
  [244] inode: 41301, pc: 0x000097c8, module: mini_httpd, symbol: main
  [245] inode: 16450, pc: 0x0000b884, module: libuClibc-0.9.30.so, symbol: close
  [246] inode: 41301, pc: 0x000097b8, module: mini_httpd, symbol: main
  [247] inode: 41301, pc: 0x00009798, module: mini_httpd, symbol: main
  [248] inode: 16450, pc: 0x0000b35c, module: libuClibc-0.9.30.so, symbol: access
  [249] inode: 41301, pc: 0x00002514, module: mini_httpd
  [250] inode: 41301, pc: 0x000024e0, module: mini_httpd
  [251] inode: 16450, pc: 0x00010c60, module: libuClibc-0.9.30.so, symbol: __libc_waitpid
  [252] inode: 41301, pc: 0x000024cc, module: mini_httpd
  [253] inode: 41301, pc: 0x000024f0, module: mini_httpd
  [254] inode: 41301, pc: 0x000024e0, module: mini_httpd
  [255] inode: 16450, pc: 0x00010c60, module: libuClibc-0.9.30.so, symbol: __libc_waitpid
  [256] inode: 41301, pc: 0x000024c8, module: mini_httpd
  [257] inode: 16450, pc: 0x0004a89c, module: libuClibc-0.9.30.so, symbol: signal
  [258] inode: 41301, pc: 0x000024b8, module: mini_httpd
  [259] inode: 16450, pc: 0x0000b344, module: libuClibc-0.9.30.so, symbol: access
  [260] inode: 41301, pc: 0x00009788, module: mini_httpd, symbol: main
  [261] inode: 41301, pc: 0x000096a0, module: mini_httpd, symbol: main
  [262] inode: 41301, pc: 0x00009688, module: mini_httpd, symbol: main
  [263] inode: 16450, pc: 0x0000be94, module: libuClibc-0.9.30.so, symbol: __libc_fork
  [264] inode: 41301, pc: 0x00009678, module: mini_httpd, symbol: main
  [265] inode: 16450, pc: 0x0002f950, module: libuClibc-0.9.30.so, symbol: strcpy
  [266] inode: 41301, pc: 0x00009660, module: mini_httpd, symbol: main
  [267] inode: 16450, pc: 0x000450bc, module: libuClibc-0.9.30.so, symbol: inet_ntoa
  [268] inode: 41301, pc: 0x00002104, module: mini_httpd
  [269] inode: 41301, pc: 0x00009650, module: mini_httpd, symbol: main
  [270] inode: 16450, pc: 0x0002f950, module: libuClibc-0.9.30.so, symbol: strcpy
  [271] inode: 41301, pc: 0x00009638, module: mini_httpd, symbol: main
  [272] inode: 41301, pc: 0x000095d4, module: mini_httpd, symbol: main
  [273] inode: 16450, pc: 0x0002f920, module: libuClibc-0.9.30.so, symbol: strcmp
  [274] inode: 41301, pc: 0x000095c8, module: mini_httpd, symbol: main
  [275] inode: 16450, pc: 0x000450bc, module: libuClibc-0.9.30.so, symbol: inet_ntoa
  [276] inode: 41301, pc: 0x00002104, module: mini_httpd
  [277] inode: 41301, pc: 0x000095b0, module: mini_httpd, symbol: main
  [278] inode: 41301, pc: 0x0000957c, module: mini_httpd, symbol: main
  [279] inode: 41301, pc: 0x000018a4, module: mini_httpd
  [280] inode: 16450, pc: 0x0000b884, module: libuClibc-0.9.30.so, symbol: close
  [281] inode: 41301, pc: 0x00001890, module: mini_httpd
  [282] inode: 16450, pc: 0x00012cc0, module: libuClibc-0.9.30.so, symbol: lockf64
  [283] inode: 41301, pc: 0x00001888, module: mini_httpd
  [284] inode: 41301, pc: 0x0000184c, module: mini_httpd
  [285] inode: 41301, pc: 0x00009564, module: mini_httpd, symbol: main
  [286] inode: 16450, pc: 0x000248b0, module: libuClibc-0.9.30.so, symbol: fclose
  [287] inode: 41301, pc: 0x00001920, module: mini_httpd
  [288] inode: 16450, pc: 0x0002d3b0, module: libuClibc-0.9.30.so, symbol: fread
  [289] inode: 41301, pc: 0x00001918, module: mini_httpd
  [290] inode: 41301, pc: 0x000018f4, module: mini_httpd
  [291] inode: 16450, pc: 0x00026710, module: libuClibc-0.9.30.so, symbol: fopen64
  [292] inode: 41301, pc: 0x000018c0, module: mini_httpd
  [293] inode: 41301, pc: 0x0000954c, module: mini_httpd, symbol: main
  [294] inode: 41301, pc: 0x0000183c, module: mini_httpd
  [295] inode: 41301, pc: 0x00001818, module: mini_httpd
  [296] inode: 16450, pc: 0x00012cd0, module: libuClibc-0.9.30.so, symbol: lockf64
  [297] inode: 41301, pc: 0x00001810, module: mini_httpd
  [298] inode: 41301, pc: 0x00001808, module: mini_httpd
  [299] inode: 16450, pc: 0x0000e000, module: libuClibc-0.9.30.so, symbol: open64
Total Parent trace elements: 300

--- Parent PID 773 Trace ---
  [000] inode: 16450, pc: 0x0000be94, module: libuClibc-0.9.30.so, symbol: __libc_fork
Total Parent trace elements: 1

--- Parent PID 771 Trace ---
  [000] inode: 16386, pc: 0x00004bc0, module: ld-uClibc-0.9.30.so, symbol: _dl_runtime_resolve
  [001] inode: 41301, pc: 0x00008fb0, module: mini_httpd, symbol: main
  [002] inode: 41301, pc: 0x00008fa0, module: mini_httpd, symbol: main
  [003] inode: 41301, pc: 0x00008f7c, module: mini_httpd, symbol: main
  [004] inode: 41301, pc: 0x00001f08, module: mini_httpd
  [005] inode: 16386, pc: 0x00004bc0, module: ld-uClibc-0.9.30.so, symbol: _dl_runtime_resolve
  [006] inode: 41301, pc: 0x00001f00, module: mini_httpd
  [007] inode: 41301, pc: 0x00001ef4, module: mini_httpd
  [008] inode: 16386, pc: 0x00004bfc, module: ld-uClibc-0.9.30.so, symbol: _dl_runtime_resolve
  [009] inode: 41301, pc: 0x00001ed4, module: mini_httpd
  [010] inode: 41301, pc: 0x00001ec8, module: mini_httpd
  [011] inode: 16386, pc: 0x00004bc0, module: ld-uClibc-0.9.30.so, symbol: _dl_runtime_resolve
  [012] inode: 41301, pc: 0x00001e90, module: mini_httpd
  [013] inode: 16386, pc: 0x00004bc0, module: ld-uClibc-0.9.30.so, symbol: _dl_runtime_resolve
  [014] inode: 41301, pc: 0x00001e88, module: mini_httpd
  [015] inode: 41301, pc: 0x00001e68, module: mini_httpd
  [016] inode: 16386, pc: 0x00004bfc, module: ld-uClibc-0.9.30.so, symbol: _dl_runtime_resolve
  [017] inode: 41301, pc: 0x00001e60, module: mini_httpd
  [018] inode: 41301, pc: 0x00001e1c, module: mini_httpd
  [019] inode: 41301, pc: 0x00008f5c, module: mini_httpd, symbol: main
  [020] inode: 41301, pc: 0x00008f50, module: mini_httpd, symbol: main
  [021] inode: 16386, pc: 0x00004bc0, module: ld-uClibc-0.9.30.so, symbol: _dl_runtime_resolve
  [022] inode: 41301, pc: 0x00008f30, module: mini_httpd, symbol: main
  [023] inode: 41301, pc: 0x00008f18, module: mini_httpd, symbol: main
  [024] inode: 41301, pc: 0x00008eac, module: mini_httpd, symbol: main
  [025] inode: 41301, pc: 0x00008e98, module: mini_httpd, symbol: main
  [026] inode: 16386, pc: 0x00004bfc, module: ld-uClibc-0.9.30.so, symbol: _dl_runtime_resolve
  [027] inode: 41301, pc: 0x00008e7c, module: mini_httpd, symbol: main
  [028] inode: 41301, pc: 0x00008e4c, module: mini_httpd, symbol: main
  [029] inode: 41301, pc: 0x00008e38, module: mini_httpd, symbol: main
  [030] inode: 16386, pc: 0x00004bc0, module: ld-uClibc-0.9.30.so, symbol: _dl_runtime_resolve
  [031] inode: 41301, pc: 0x00008e1c, module: mini_httpd, symbol: main
  [032] inode: 41301, pc: 0x00008e14, module: mini_httpd, symbol: main
  [033] inode: 41301, pc: 0x00008dec, module: mini_httpd, symbol: main
  [034] inode: 41301, pc: 0x00008cac, module: mini_httpd, symbol: main
  [035] inode: 16386, pc: 0x00004bfc, module: ld-uClibc-0.9.30.so, symbol: _dl_runtime_resolve
  [036] inode: 41301, pc: 0x00008c90, module: mini_httpd, symbol: main
  [037] inode: 41301, pc: 0x00008c84, module: mini_httpd, symbol: main
  [038] inode: 41301, pc: 0x00008c78, module: mini_httpd, symbol: main
  [039] inode: 16450, pc: 0x0002f920, module: libuClibc-0.9.30.so, symbol: strcmp
  [040] inode: 41301, pc: 0x00008c60, module: mini_httpd, symbol: main
  [041] inode: 41301, pc: 0x00008c2c, module: mini_httpd, symbol: main
  [042] inode: 16450, pc: 0x0002f920, module: libuClibc-0.9.30.so, symbol: strcmp
  [043] inode: 41301, pc: 0x00008c14, module: mini_httpd, symbol: main
  [044] inode: 41301, pc: 0x00008be0, module: mini_httpd, symbol: main
  [045] inode: 16450, pc: 0x0002f920, module: libuClibc-0.9.30.so, symbol: strcmp
  [046] inode: 41301, pc: 0x00008bd0, module: mini_httpd, symbol: main
  [047] inode: 41301, pc: 0x00008bb4, module: mini_httpd, symbol: main
  [048] inode: 16450, pc: 0x0002f920, module: libuClibc-0.9.30.so, symbol: strcmp
  [049] inode: 41301, pc: 0x00008ba0, module: mini_httpd, symbol: main
  [050] inode: 41301, pc: 0x00008b74, module: mini_httpd, symbol: main
  [051] inode: 16450, pc: 0x0002f920, module: libuClibc-0.9.30.so, symbol: strcmp
  [052] inode: 41301, pc: 0x00008b5c, module: mini_httpd, symbol: main
  [053] inode: 41301, pc: 0x00008b24, module: mini_httpd, symbol: main
  [054] inode: 16450, pc: 0x0002f920, module: libuClibc-0.9.30.so, symbol: strcmp
  [055] inode: 41301, pc: 0x00008b0c, module: mini_httpd, symbol: main
  [056] inode: 41301, pc: 0x00008ad8, module: mini_httpd, symbol: main
  [057] inode: 16450, pc: 0x0002f920, module: libuClibc-0.9.30.so, symbol: strcmp
  [058] inode: 41301, pc: 0x00008ac0, module: mini_httpd, symbol: main
  [059] inode: 41301, pc: 0x00008a8c, module: mini_httpd, symbol: main
  [060] inode: 16450, pc: 0x0002f920, module: libuClibc-0.9.30.so, symbol: strcmp
  [061] inode: 41301, pc: 0x00008a74, module: mini_httpd, symbol: main
  [062] inode: 41301, pc: 0x00008a28, module: mini_httpd, symbol: main
  [063] inode: 16450, pc: 0x0002f920, module: libuClibc-0.9.30.so, symbol: strcmp
  [064] inode: 41301, pc: 0x00008a10, module: mini_httpd, symbol: main
  [065] inode: 41301, pc: 0x000089d0, module: mini_httpd, symbol: main
  [066] inode: 16450, pc: 0x0002f920, module: libuClibc-0.9.30.so, symbol: strcmp
  [067] inode: 41301, pc: 0x000089bc, module: mini_httpd, symbol: main
  [068] inode: 41301, pc: 0x000089a4, module: mini_httpd, symbol: main
  [069] inode: 16450, pc: 0x0002f920, module: libuClibc-0.9.30.so, symbol: strcmp
  [070] inode: 41301, pc: 0x0000898c, module: mini_httpd, symbol: main
  [071] inode: 41301, pc: 0x00008318, module: mini_httpd, symbol: main
  [072] inode: 16450, pc: 0x0002f920, module: libuClibc-0.9.30.so, symbol: strcmp
  [073] inode: 41301, pc: 0x00008304, module: mini_httpd, symbol: main
  [074] inode: 41301, pc: 0x000082d8, module: mini_httpd, symbol: main
  [075] inode: 16450, pc: 0x0002f920, module: libuClibc-0.9.30.so, symbol: strcmp
  [076] inode: 41301, pc: 0x000082c0, module: mini_httpd, symbol: main
  [077] inode: 41301, pc: 0x00008e00, module: mini_httpd, symbol: main
  [078] inode: 41301, pc: 0x00008dec, module: mini_httpd, symbol: main
  [079] inode: 41301, pc: 0x00008aa4, module: mini_httpd, symbol: main
  [080] inode: 41301, pc: 0x00008a98, module: mini_httpd, symbol: main
  [081] inode: 41301, pc: 0x00008a8c, module: mini_httpd, symbol: main
  [082] inode: 16450, pc: 0x0002f920, module: libuClibc-0.9.30.so, symbol: strcmp
  [083] inode: 41301, pc: 0x00008a74, module: mini_httpd, symbol: main
  [084] inode: 41301, pc: 0x00008a28, module: mini_httpd, symbol: main
  [085] inode: 16450, pc: 0x0002f920, module: libuClibc-0.9.30.so, symbol: strcmp
  [086] inode: 41301, pc: 0x00008a10, module: mini_httpd, symbol: main
  [087] inode: 41301, pc: 0x000089d0, module: mini_httpd, symbol: main
  [088] inode: 16450, pc: 0x0002f920, module: libuClibc-0.9.30.so, symbol: strcmp
  [089] inode: 41301, pc: 0x000089bc, module: mini_httpd, symbol: main
  [090] inode: 41301, pc: 0x000089a4, module: mini_httpd, symbol: main
  [091] inode: 16450, pc: 0x0002f920, module: libuClibc-0.9.30.so, symbol: strcmp
  [092] inode: 41301, pc: 0x0000898c, module: mini_httpd, symbol: main
  [093] inode: 41301, pc: 0x00008318, module: mini_httpd, symbol: main
  [094] inode: 16450, pc: 0x0002f920, module: libuClibc-0.9.30.so, symbol: strcmp
  [095] inode: 41301, pc: 0x00008304, module: mini_httpd, symbol: main
  [096] inode: 41301, pc: 0x000082d8, module: mini_httpd, symbol: main
  [097] inode: 16450, pc: 0x0002f920, module: libuClibc-0.9.30.so, symbol: strcmp
  [098] inode: 41301, pc: 0x000082c0, module: mini_httpd, symbol: main
  [099] inode: 41301, pc: 0x00008e00, module: mini_httpd, symbol: main
  [100] inode: 41301, pc: 0x00008dec, module: mini_httpd, symbol: main
  [101] inode: 41301, pc: 0x00008b98, module: mini_httpd, symbol: main
  [102] inode: 41301, pc: 0x00008b80, module: mini_httpd, symbol: main
  [103] inode: 41301, pc: 0x00008b74, module: mini_httpd, symbol: main
  [104] inode: 16450, pc: 0x0002f920, module: libuClibc-0.9.30.so, symbol: strcmp
  [105] inode: 41301, pc: 0x00008b5c, module: mini_httpd, symbol: main
  [106] inode: 41301, pc: 0x00008b24, module: mini_httpd, symbol: main
  [107] inode: 16450, pc: 0x0002f920, module: libuClibc-0.9.30.so, symbol: strcmp
  [108] inode: 41301, pc: 0x00008b0c, module: mini_httpd, symbol: main
  [109] inode: 41301, pc: 0x00008ad8, module: mini_httpd, symbol: main
  [110] inode: 16450, pc: 0x0002f920, module: libuClibc-0.9.30.so, symbol: strcmp
  [111] inode: 41301, pc: 0x00008ac0, module: mini_httpd, symbol: main
  [112] inode: 41301, pc: 0x00008a8c, module: mini_httpd, symbol: main
  [113] inode: 16450, pc: 0x0002f920, module: libuClibc-0.9.30.so, symbol: strcmp
  [114] inode: 41301, pc: 0x00008a74, module: mini_httpd, symbol: main
  [115] inode: 41301, pc: 0x00008a28, module: mini_httpd, symbol: main
  [116] inode: 16450, pc: 0x0002f920, module: libuClibc-0.9.30.so, symbol: strcmp
  [117] inode: 41301, pc: 0x00008a10, module: mini_httpd, symbol: main
  [118] inode: 41301, pc: 0x000089d0, module: mini_httpd, symbol: main
  [119] inode: 16450, pc: 0x0002f920, module: libuClibc-0.9.30.so, symbol: strcmp
  [120] inode: 41301, pc: 0x000089bc, module: mini_httpd, symbol: main
  [121] inode: 41301, pc: 0x000089a4, module: mini_httpd, symbol: main
  [122] inode: 16450, pc: 0x0002f920, module: libuClibc-0.9.30.so, symbol: strcmp
  [123] inode: 41301, pc: 0x0000898c, module: mini_httpd, symbol: main
  [124] inode: 41301, pc: 0x00008318, module: mini_httpd, symbol: main
  [125] inode: 16450, pc: 0x0002f920, module: libuClibc-0.9.30.so, symbol: strcmp
  [126] inode: 41301, pc: 0x00008304, module: mini_httpd, symbol: main
  [127] inode: 41301, pc: 0x000082d8, module: mini_httpd, symbol: main
  [128] inode: 16450, pc: 0x0002f928, module: libuClibc-0.9.30.so, symbol: strcmp
  [129] inode: 41301, pc: 0x000082c0, module: mini_httpd, symbol: main
  [130] inode: 41301, pc: 0x00008e00, module: mini_httpd, symbol: main
  [131] inode: 41301, pc: 0x00008dec, module: mini_httpd, symbol: main
  [132] inode: 41301, pc: 0x00008a6c, module: mini_httpd, symbol: main
  [133] inode: 16386, pc: 0x00004bc0, module: ld-uClibc-0.9.30.so, symbol: _dl_runtime_resolve
  [134] inode: 41301, pc: 0x00008a40, module: mini_httpd, symbol: main
  [135] inode: 41301, pc: 0x00008a34, module: mini_httpd, symbol: main
  [136] inode: 41301, pc: 0x00008a28, module: mini_httpd, symbol: main
  [137] inode: 16450, pc: 0x0002f920, module: libuClibc-0.9.30.so, symbol: strcmp
  [138] inode: 41301, pc: 0x00008a10, module: mini_httpd, symbol: main
  [139] inode: 41301, pc: 0x000089d0, module: mini_httpd, symbol: main
  [140] inode: 16450, pc: 0x0002f920, module: libuClibc-0.9.30.so, symbol: strcmp
  [141] inode: 41301, pc: 0x000089bc, module: mini_httpd, symbol: main
  [142] inode: 41301, pc: 0x000089a4, module: mini_httpd, symbol: main
  [143] inode: 16450, pc: 0x0002f920, module: libuClibc-0.9.30.so, symbol: strcmp
  [144] inode: 41301, pc: 0x0000898c, module: mini_httpd, symbol: main
  [145] inode: 41301, pc: 0x00008318, module: mini_httpd, symbol: main
  [146] inode: 16450, pc: 0x0002f920, module: libuClibc-0.9.30.so, symbol: strcmp
  [147] inode: 41301, pc: 0x00008304, module: mini_httpd, symbol: main
  [148] inode: 41301, pc: 0x000082d8, module: mini_httpd, symbol: main
  [149] inode: 16386, pc: 0x00004bc0, module: ld-uClibc-0.9.30.so, symbol: _dl_runtime_resolve
  [150] inode: 41301, pc: 0x000082b8, module: mini_httpd, symbol: main
  [151] inode: 41301, pc: 0x000082a4, module: mini_httpd, symbol: main
  [152] inode: 41301, pc: 0x00008204, module: mini_httpd, symbol: main
  [153] inode: 16450, pc: 0x00054180, module: libuClibc-0.9.30.so, symbol: __uClibc_main
  [154] inode: 41301, pc: 0x0000a29c, module: mini_httpd
  [155] inode: 41301, pc: 0x0000a240, module: mini_httpd
  [156] inode: 41301, pc: 0x0000169c, module: mini_httpd
  [157] inode: 41301, pc: 0x0000166c, module: mini_httpd
  [158] inode: 16412, pc: 0x00008114, module: libgcc_s_5281.so.1, symbol: __register_frame_info
  [159] inode: 41301, pc: 0x00001654, module: mini_httpd
  [160] inode: 41301, pc: 0x00001620, module: mini_httpd
  [161] inode: 16386, pc: 0x00004bc0, module: ld-uClibc-0.9.30.so, symbol: _dl_runtime_resolve
  [162] inode: 41301, pc: 0x0000151c, module: mini_httpd, symbol: __start
  [163] inode: 41301, pc: 0x00001500, module: mini_httpd, symbol: __start
  [164] inode: 16386, pc: 0x00000ac0, module: ld-uClibc-0.9.30.so, symbol: _start
Total Parent trace elements: 165

--- Parent PID 1 Trace ---
  [000] inode: 16450, pc: 0x00010bd0, module: libuClibc-0.9.30.so, symbol: __libc_wait
  [001] inode: 41245, pc: 0x00039da8, module: busybox
  [002] inode: 41245, pc: 0x00039db4, module: busybox
  [003] inode: 16450, pc: 0x00010bd0, module: libuClibc-0.9.30.so, symbol: __libc_wait
  [004] inode: 41245, pc: 0x00039da8, module: busybox
  [005] inode: 41245, pc: 0x00039db4, module: busybox
  [006] inode: 16450, pc: 0x00010bd0, module: libuClibc-0.9.30.so, symbol: __libc_wait
  [007] inode: 41245, pc: 0x00039da8, module: busybox
  [008] inode: 41245, pc: 0x00039db4, module: busybox
  [009] inode: 16450, pc: 0x00010bd0, module: libuClibc-0.9.30.so, symbol: __libc_wait
  [010] inode: 41245, pc: 0x00039da8, module: busybox
  [011] inode: 41245, pc: 0x00039db4, module: busybox
  [012] inode: 16450, pc: 0x00010bd0, module: libuClibc-0.9.30.so, symbol: __libc_wait
  [013] inode: 41245, pc: 0x00039da8, module: busybox
  [014] inode: 41245, pc: 0x00039db4, module: busybox
  [015] inode: 16450, pc: 0x00010bd0, module: libuClibc-0.9.30.so, symbol: __libc_wait
  [016] inode: 41245, pc: 0x00039da8, module: busybox
  [017] inode: 41245, pc: 0x00039db4, module: busybox
  [018] inode: 16450, pc: 0x00010bd0, module: libuClibc-0.9.30.so, symbol: __libc_wait
  [019] inode: 41245, pc: 0x00039da8, module: busybox
  [020] inode: 41245, pc: 0x00039db4, module: busybox
  [021] inode: 16450, pc: 0x00010bd0, module: libuClibc-0.9.30.so, symbol: __libc_wait
  [022] inode: 41245, pc: 0x00039da8, module: busybox
  [023] inode: 41245, pc: 0x00039db4, module: busybox
  [024] inode: 16450, pc: 0x00010bd0, module: libuClibc-0.9.30.so, symbol: __libc_wait
  [025] inode: 41245, pc: 0x00039da8, module: busybox
  [026] inode: 41245, pc: 0x00039db4, module: busybox
  [027] inode: 16450, pc: 0x00010bd0, module: libuClibc-0.9.30.so, symbol: __libc_wait
  [028] inode: 41245, pc: 0x00039da8, module: busybox
  [029] inode: 41245, pc: 0x00039db4, module: busybox
  [030] inode: 16450, pc: 0x00010bd0, module: libuClibc-0.9.30.so, symbol: __libc_wait
  [031] inode: 41245, pc: 0x00039da8, module: busybox
  [032] inode: 41245, pc: 0x00039db4, module: busybox
  [033] inode: 16450, pc: 0x00010bd0, module: libuClibc-0.9.30.so, symbol: __libc_wait
  [034] inode: 41245, pc: 0x00039da8, module: busybox
  [035] inode: 41245, pc: 0x00039db4, module: busybox
  [036] inode: 16450, pc: 0x00010bd0, module: libuClibc-0.9.30.so, symbol: __libc_wait
  [037] inode: 41245, pc: 0x00039da8, module: busybox
  [038] inode: 41245, pc: 0x00039db4, module: busybox
  [039] inode: 16450, pc: 0x00010bd0, module: libuClibc-0.9.30.so, symbol: __libc_wait
  [040] inode: 41245, pc: 0x00039da8, module: busybox
  [041] inode: 41245, pc: 0x00039db4, module: busybox
  [042] inode: 16450, pc: 0x00010bd0, module: libuClibc-0.9.30.so, symbol: __libc_wait
  [043] inode: 41245, pc: 0x00039da8, module: busybox
  [044] inode: 41245, pc: 0x00039db4, module: busybox
  [045] inode: 16450, pc: 0x00010bd0, module: libuClibc-0.9.30.so, symbol: __libc_wait
  [046] inode: 41245, pc: 0x00039da8, module: busybox
  [047] inode: 41245, pc: 0x00039db4, module: busybox
  [048] inode: 16450, pc: 0x00010bd0, module: libuClibc-0.9.30.so, symbol: __libc_wait
  [049] inode: 41245, pc: 0x00039da8, module: busybox
  [050] inode: 41245, pc: 0x00039db4, module: busybox
  [051] inode: 16450, pc: 0x00010bd0, module: libuClibc-0.9.30.so, symbol: __libc_wait
  [052] inode: 41245, pc: 0x00039da8, module: busybox
  [053] inode: 41245, pc: 0x00039db4, module: busybox
  [054] inode: 16450, pc: 0x00010bd0, module: libuClibc-0.9.30.so, symbol: __libc_wait
  [055] inode: 41245, pc: 0x00039da8, module: busybox
  [056] inode: 41245, pc: 0x00039db4, module: busybox
  [057] inode: 16450, pc: 0x00010bd0, module: libuClibc-0.9.30.so, symbol: __libc_wait
  [058] inode: 41245, pc: 0x00039da8, module: busybox
  [059] inode: 41245, pc: 0x00039db4, module: busybox
  [060] inode: 16450, pc: 0x00010bd0, module: libuClibc-0.9.30.so, symbol: __libc_wait
  [061] inode: 41245, pc: 0x00039da8, module: busybox
  [062] inode: 41245, pc: 0x00039db4, module: busybox
  [063] inode: 16450, pc: 0x00010bd0, module: libuClibc-0.9.30.so, symbol: __libc_wait
  [064] inode: 41245, pc: 0x00039da8, module: busybox
  [065] inode: 41245, pc: 0x00039db4, module: busybox
  [066] inode: 16450, pc: 0x00010bd0, module: libuClibc-0.9.30.so, symbol: __libc_wait
  [067] inode: 41245, pc: 0x00039da8, module: busybox
  [068] inode: 41245, pc: 0x00039db4, module: busybox
  [069] inode: 16450, pc: 0x00010bd0, module: libuClibc-0.9.30.so, symbol: __libc_wait
  [070] inode: 41245, pc: 0x00039da8, module: busybox
  [071] inode: 41245, pc: 0x00039db4, module: busybox
  [072] inode: 16450, pc: 0x00010bd0, module: libuClibc-0.9.30.so, symbol: __libc_wait
  [073] inode: 41245, pc: 0x00039da8, module: busybox
  [074] inode: 41245, pc: 0x00039db4, module: busybox
  [075] inode: 16450, pc: 0x00010bd0, module: libuClibc-0.9.30.so, symbol: __libc_wait
  [076] inode: 41245, pc: 0x00039da8, module: busybox
  [077] inode: 41245, pc: 0x00039db4, module: busybox
  [078] inode: 16450, pc: 0x00010bd0, module: libuClibc-0.9.30.so, symbol: __libc_wait
  [079] inode: 41245, pc: 0x00039da8, module: busybox
  [080] inode: 41245, pc: 0x00039db4, module: busybox
  [081] inode: 16450, pc: 0x00010bd0, module: libuClibc-0.9.30.so, symbol: __libc_wait
  [082] inode: 41245, pc: 0x00039da8, module: busybox
  [083] inode: 41245, pc: 0x00039db4, module: busybox
  [084] inode: 16450, pc: 0x00010bd0, module: libuClibc-0.9.30.so, symbol: __libc_wait
  [085] inode: 41245, pc: 0x00039da8, module: busybox
  [086] inode: 41245, pc: 0x00039db4, module: busybox
  [087] inode: 16450, pc: 0x00010bd0, module: libuClibc-0.9.30.so, symbol: __libc_wait
  [088] inode: 41245, pc: 0x00039da8, module: busybox
  [089] inode: 41245, pc: 0x00039db4, module: busybox
  [090] inode: 16450, pc: 0x00010bd0, module: libuClibc-0.9.30.so, symbol: __libc_wait
  [091] inode: 41245, pc: 0x00039da8, module: busybox
  [092] inode: 41245, pc: 0x00039db4, module: busybox
  [093] inode: 16450, pc: 0x00010bd0, module: libuClibc-0.9.30.so, symbol: __libc_wait
  [094] inode: 41245, pc: 0x00039da8, module: busybox
  [095] inode: 41245, pc: 0x00039db4, module: busybox
  [096] inode: 16450, pc: 0x00010bd0, module: libuClibc-0.9.30.so, symbol: __libc_wait
  [097] inode: 41245, pc: 0x00039da8, module: busybox
  [098] inode: 41245, pc: 0x00039db4, module: busybox
  [099] inode: 16450, pc: 0x00010bd0, module: libuClibc-0.9.30.so, symbol: __libc_wait
  [100] inode: 41245, pc: 0x00039da8, module: busybox
  [101] inode: 41245, pc: 0x00039db4, module: busybox
  [102] inode: 16450, pc: 0x00010bd0, module: libuClibc-0.9.30.so, symbol: __libc_wait
  [103] inode: 41245, pc: 0x00039da8, module: busybox
  [104] inode: 41245, pc: 0x00039d94, module: busybox
  [105] inode: 41245, pc: 0x0003a7a8, module: busybox
  [106] inode: 41245, pc: 0x0003a734, module: busybox
  [107] inode: 41245, pc: 0x0003a628, module: busybox
  [108] inode: 41245, pc: 0x0003a604, module: busybox
  [109] inode: 16450, pc: 0x0000fc30, module: libuClibc-0.9.30.so, symbol: sigprocmask
  [110] inode: 41245, pc: 0x0003a5f8, module: busybox
  [111] inode: 16450, pc: 0x00010a60, module: libuClibc-0.9.30.so, symbol: vfork
  [112] inode: 41245, pc: 0x0003a5dc, module: busybox
  [113] inode: 41245, pc: 0x0003a5c0, module: busybox
  [114] inode: 16450, pc: 0x0000fc20, module: libuClibc-0.9.30.so, symbol: sigprocmask
  [115] inode: 41245, pc: 0x0003a5a8, module: busybox
  [116] inode: 16450, pc: 0x0004a370, module: libuClibc-0.9.30.so, symbol: sigaddset
  [117] inode: 41245, pc: 0x0003a594, module: busybox
  [118] inode: 16450, pc: 0x0004a550, module: libuClibc-0.9.30.so, symbol: sigemptyset
  [119] inode: 41245, pc: 0x0003a568, module: busybox
  [120] inode: 41245, pc: 0x0003a798, module: busybox
  [121] inode: 41245, pc: 0x0003a78c, module: busybox
  [122] inode: 41245, pc: 0x0003a778, module: busybox
  [123] inode: 41245, pc: 0x0003a828, module: busybox
  [124] inode: 41245, pc: 0x0003a778, module: busybox
  [125] inode: 41245, pc: 0x0003a828, module: busybox
  [126] inode: 41245, pc: 0x0003a778, module: busybox
  [127] inode: 41245, pc: 0x0003a828, module: busybox
  [128] inode: 41245, pc: 0x0003a778, module: busybox
  [129] inode: 41245, pc: 0x0003a828, module: busybox
  [130] inode: 41245, pc: 0x0003a778, module: busybox
  [131] inode: 41245, pc: 0x0003a828, module: busybox
  [132] inode: 41245, pc: 0x0003a778, module: busybox
  [133] inode: 41245, pc: 0x0003a828, module: busybox
  [134] inode: 41245, pc: 0x0003a778, module: busybox
  [135] inode: 41245, pc: 0x0003a828, module: busybox
  [136] inode: 41245, pc: 0x0003a778, module: busybox
  [137] inode: 41245, pc: 0x0003a744, module: busybox
  [138] inode: 41245, pc: 0x0003afe4, module: busybox, symbol: init_main
  [139] inode: 41245, pc: 0x0003afa8, module: busybox, symbol: init_main
  [140] inode: 16450, pc: 0x0002ec90, module: libuClibc-0.9.30.so, symbol: memset
  [141] inode: 41245, pc: 0x0003afa0, module: busybox, symbol: init_main
  [142] inode: 41245, pc: 0x0003afcc, module: busybox, symbol: init_main
  [143] inode: 16450, pc: 0x0002fa00, module: libuClibc-0.9.30.so, symbol: strlen
  [144] inode: 41245, pc: 0x0003afb8, module: busybox, symbol: init_main
  [145] inode: 41245, pc: 0x0003afa8, module: busybox, symbol: init_main
  [146] inode: 16450, pc: 0x0002fc40, module: libuClibc-0.9.30.so, symbol: strncpy
  [147] inode: 41245, pc: 0x0003af88, module: busybox, symbol: init_main
  [148] inode: 16450, pc: 0x0002fa00, module: libuClibc-0.9.30.so, symbol: strlen
  [149] inode: 41245, pc: 0x0003af70, module: busybox, symbol: init_main
  [150] inode: 16450, pc: 0x0002fc40, module: libuClibc-0.9.30.so, symbol: strncpy
  [151] inode: 41245, pc: 0x00042660, module: busybox, symbol: safe_strncpy
  [152] inode: 41245, pc: 0x00042648, module: busybox, symbol: safe_strncpy
  [153] inode: 41245, pc: 0x0003aa88, module: busybox
  [154] inode: 16450, pc: 0x0002fc40, module: libuClibc-0.9.30.so, symbol: strncpy
  [155] inode: 41245, pc: 0x00042660, module: busybox, symbol: safe_strncpy
  [156] inode: 41245, pc: 0x00042648, module: busybox, symbol: safe_strncpy
  [157] inode: 41245, pc: 0x0003aa70, module: busybox
  [158] inode: 41245, pc: 0x0003aa64, module: busybox
  [159] inode: 41245, pc: 0x0003aa58, module: busybox
  [160] inode: 41245, pc: 0x00007128, module: busybox, symbol: xzalloc
  [161] inode: 16450, pc: 0x0002ec90, module: libuClibc-0.9.30.so, symbol: memset
  [162] inode: 41245, pc: 0x0000710c, module: busybox, symbol: xzalloc
  [163] inode: 41245, pc: 0x00007074, module: busybox, symbol: xmalloc
  [164] inode: 41245, pc: 0x00007050, module: busybox, symbol: xmalloc
  [165] inode: 16450, pc: 0x0004afe4, module: libuClibc-0.9.30.so, symbol: malloc
  [166] inode: 41245, pc: 0x00007028, module: busybox, symbol: xmalloc
  [167] inode: 41245, pc: 0x000070e0, module: busybox, symbol: xzalloc
  [168] inode: 41245, pc: 0x0003aa4c, module: busybox
  [169] inode: 41245, pc: 0x0003aa00, module: busybox
  [170] inode: 41245, pc: 0x0003aa40, module: busybox
  [171] inode: 41245, pc: 0x0003aa18, module: busybox
  [172] inode: 16450, pc: 0x0002f920, module: libuClibc-0.9.30.so, symbol: strcmp
  [173] inode: 41245, pc: 0x0003aa08, module: busybox
  [174] inode: 41245, pc: 0x0003aa00, module: busybox
  [175] inode: 41245, pc: 0x0003aa40, module: busybox
  [176] inode: 41245, pc: 0x0003aa18, module: busybox
  [177] inode: 16450, pc: 0x0002f920, module: libuClibc-0.9.30.so, symbol: strcmp
  [178] inode: 41245, pc: 0x0003aa08, module: busybox
  [179] inode: 41245, pc: 0x0003aa00, module: busybox
  [180] inode: 41245, pc: 0x0003aa40, module: busybox
  [181] inode: 41245, pc: 0x0003aa18, module: busybox
  [182] inode: 16450, pc: 0x0002f920, module: libuClibc-0.9.30.so, symbol: strcmp
  [183] inode: 41245, pc: 0x0003aa08, module: busybox
  [184] inode: 41245, pc: 0x0003aa00, module: busybox
  [185] inode: 41245, pc: 0x0003aa40, module: busybox
  [186] inode: 41245, pc: 0x0003aa18, module: busybox
  [187] inode: 16450, pc: 0x0002f920, module: libuClibc-0.9.30.so, symbol: strcmp
  [188] inode: 41245, pc: 0x0003aa08, module: busybox
  [189] inode: 41245, pc: 0x0003aa00, module: busybox
  [190] inode: 41245, pc: 0x0003aa40, module: busybox
  [191] inode: 41245, pc: 0x0003aa18, module: busybox
  [192] inode: 16450, pc: 0x0002f920, module: libuClibc-0.9.30.so, symbol: strcmp
  [193] inode: 41245, pc: 0x0003aa08, module: busybox
  [194] inode: 41245, pc: 0x0003aa00, module: busybox
  [195] inode: 41245, pc: 0x0003aa40, module: busybox
  [196] inode: 41245, pc: 0x0003aa18, module: busybox
  [197] inode: 16450, pc: 0x0002f920, module: libuClibc-0.9.30.so, symbol: strcmp
  [198] inode: 41245, pc: 0x0003aa08, module: busybox
  [199] inode: 41245, pc: 0x0003aa00, module: busybox
  [200] inode: 41245, pc: 0x0003aa40, module: busybox
  [201] inode: 41245, pc: 0x0003aa18, module: busybox
  [202] inode: 16450, pc: 0x0002f920, module: libuClibc-0.9.30.so, symbol: strcmp
  [203] inode: 41245, pc: 0x0003aa08, module: busybox
  [204] inode: 41245, pc: 0x0003a9b8, module: busybox
  [205] inode: 41245, pc: 0x0003af4c, module: busybox, symbol: init_main
  [206] inode: 16450, pc: 0x0002fc40, module: libuClibc-0.9.30.so, symbol: strncpy
  [207] inode: 41245, pc: 0x00042660, module: busybox, symbol: safe_strncpy
  [208] inode: 41245, pc: 0x00042648, module: busybox, symbol: safe_strncpy
  [209] inode: 41245, pc: 0x0003aa88, module: busybox
  [210] inode: 16450, pc: 0x0002fc40, module: libuClibc-0.9.30.so, symbol: strncpy
  [211] inode: 41245, pc: 0x00042660, module: busybox, symbol: safe_strncpy
  [212] inode: 41245, pc: 0x00042648, module: busybox, symbol: safe_strncpy
  [213] inode: 41245, pc: 0x0003aa70, module: busybox
  [214] inode: 41245, pc: 0x0003aa64, module: busybox
  [215] inode: 41245, pc: 0x0003aa58, module: busybox
  [216] inode: 41245, pc: 0x00007128, module: busybox, symbol: xzalloc
  [217] inode: 16450, pc: 0x0002ec90, module: libuClibc-0.9.30.so, symbol: memset
  [218] inode: 41245, pc: 0x0000710c, module: busybox, symbol: xzalloc
  [219] inode: 41245, pc: 0x00007074, module: busybox, symbol: xmalloc
  [220] inode: 41245, pc: 0x00007050, module: busybox, symbol: xmalloc
  [221] inode: 16450, pc: 0x0004afe4, module: libuClibc-0.9.30.so, symbol: malloc
  [222] inode: 41245, pc: 0x00007028, module: busybox, symbol: xmalloc
  [223] inode: 41245, pc: 0x000070e0, module: busybox, symbol: xzalloc
  [224] inode: 41245, pc: 0x0003aa4c, module: busybox
  [225] inode: 41245, pc: 0x0003aa00, module: busybox
  [226] inode: 41245, pc: 0x0003aa40, module: busybox
  [227] inode: 41245, pc: 0x0003aa34, module: busybox
  [228] inode: 16450, pc: 0x0002f920, module: libuClibc-0.9.30.so, symbol: strcmp
  [229] inode: 41245, pc: 0x0003aa2c, module: busybox
  [230] inode: 41245, pc: 0x0003aa18, module: busybox
  [231] inode: 16450, pc: 0x0002f920, module: libuClibc-0.9.30.so, symbol: strcmp
  [232] inode: 41245, pc: 0x0003aa08, module: busybox
  [233] inode: 41245, pc: 0x0003aa00, module: busybox
  [234] inode: 41245, pc: 0x0003aa40, module: busybox
  [235] inode: 41245, pc: 0x0003aa34, module: busybox
  [236] inode: 16450, pc: 0x0002f920, module: libuClibc-0.9.30.so, symbol: strcmp
  [237] inode: 41245, pc: 0x0003aa2c, module: busybox
  [238] inode: 41245, pc: 0x0003aa18, module: busybox
  [239] inode: 16450, pc: 0x0002f920, module: libuClibc-0.9.30.so, symbol: strcmp
  [240] inode: 41245, pc: 0x0003aa08, module: busybox
  [241] inode: 41245, pc: 0x0003aa00, module: busybox
  [242] inode: 41245, pc: 0x0003aa40, module: busybox
  [243] inode: 41245, pc: 0x0003aa34, module: busybox
  [244] inode: 16450, pc: 0x0002f920, module: libuClibc-0.9.30.so, symbol: strcmp
  [245] inode: 41245, pc: 0x0003aa2c, module: busybox
  [246] inode: 41245, pc: 0x0003aa18, module: busybox
  [247] inode: 16450, pc: 0x0002f920, module: libuClibc-0.9.30.so, symbol: strcmp
  [248] inode: 41245, pc: 0x0003aa08, module: busybox
  [249] inode: 41245, pc: 0x0003aa00, module: busybox
  [250] inode: 41245, pc: 0x0003aa40, module: busybox
  [251] inode: 41245, pc: 0x0003aa18, module: busybox
  [252] inode: 16450, pc: 0x0002f920, module: libuClibc-0.9.30.so, symbol: strcmp
  [253] inode: 41245, pc: 0x0003aa08, module: busybox
  [254] inode: 41245, pc: 0x0003aa00, module: busybox
  [255] inode: 41245, pc: 0x0003aa40, module: busybox
  [256] inode: 41245, pc: 0x0003aa18, module: busybox
  [257] inode: 16450, pc: 0x0002f920, module: libuClibc-0.9.30.so, symbol: strcmp
  [258] inode: 41245, pc: 0x0003aa08, module: busybox
  [259] inode: 41245, pc: 0x0003aa00, module: busybox
  [260] inode: 41245, pc: 0x0003aa40, module: busybox
  [261] inode: 41245, pc: 0x0003aa18, module: busybox
  [262] inode: 16450, pc: 0x0002f920, module: libuClibc-0.9.30.so, symbol: strcmp
  [263] inode: 41245, pc: 0x0003aa08, module: busybox
  [264] inode: 41245, pc: 0x0003a9b8, module: busybox
  [265] inode: 41245, pc: 0x0003af30, module: busybox, symbol: init_main
  [266] inode: 16450, pc: 0x0002fc40, module: libuClibc-0.9.30.so, symbol: strncpy
  [267] inode: 41245, pc: 0x00042660, module: busybox, symbol: safe_strncpy
  [268] inode: 41245, pc: 0x00042648, module: busybox, symbol: safe_strncpy
  [269] inode: 41245, pc: 0x0003aa88, module: busybox
  [270] inode: 16450, pc: 0x0002fc40, module: libuClibc-0.9.30.so, symbol: strncpy
  [271] inode: 41245, pc: 0x00042660, module: busybox, symbol: safe_strncpy
  [272] inode: 41245, pc: 0x00042648, module: busybox, symbol: safe_strncpy
  [273] inode: 41245, pc: 0x0003aa70, module: busybox
  [274] inode: 41245, pc: 0x0003aa64, module: busybox
  [275] inode: 41245, pc: 0x0003aa58, module: busybox
  [276] inode: 41245, pc: 0x00007128, module: busybox, symbol: xzalloc
  [277] inode: 16450, pc: 0x0002ec90, module: libuClibc-0.9.30.so, symbol: memset
  [278] inode: 41245, pc: 0x0000710c, module: busybox, symbol: xzalloc
  [279] inode: 41245, pc: 0x00007074, module: busybox, symbol: xmalloc
  [280] inode: 41245, pc: 0x00007050, module: busybox, symbol: xmalloc
  [281] inode: 16450, pc: 0x0004afe4, module: libuClibc-0.9.30.so, symbol: malloc
  [282] inode: 41245, pc: 0x00007028, module: busybox, symbol: xmalloc
  [283] inode: 41245, pc: 0x000070e0, module: busybox, symbol: xzalloc
  [284] inode: 41245, pc: 0x0003aa4c, module: busybox
  [285] inode: 41245, pc: 0x0003aa00, module: busybox
  [286] inode: 41245, pc: 0x0003aa40, module: busybox
  [287] inode: 41245, pc: 0x0003aa34, module: busybox
  [288] inode: 16450, pc: 0x0002f920, module: libuClibc-0.9.30.so, symbol: strcmp
  [289] inode: 41245, pc: 0x0003aa2c, module: busybox
  [290] inode: 41245, pc: 0x0003aa18, module: busybox
  [291] inode: 16450, pc: 0x0002f920, module: libuClibc-0.9.30.so, symbol: strcmp
  [292] inode: 41245, pc: 0x0003aa08, module: busybox
  [293] inode: 41245, pc: 0x0003aa00, module: busybox
  [294] inode: 41245, pc: 0x0003aa40, module: busybox
  [295] inode: 41245, pc: 0x0003aa34, module: busybox
  [296] inode: 16450, pc: 0x0002f920, module: libuClibc-0.9.30.so, symbol: strcmp
  [297] inode: 41245, pc: 0x0003aa2c, module: busybox
  [298] inode: 41245, pc: 0x0003aa18, module: busybox
  [299] inode: 16450, pc: 0x0002f920, module: libuClibc-0.9.30.so, symbol: strcmp
Total Parent trace elements: 300

--- Parent PID 0 Trace ---
Total Parent trace elements: 0

