=== Trace for PID 1348 ===
Process: setup.cgi

--- Self PID 1348 Trace ---
  [000] inode: 16450, pc: 0x0002ffa0, module: libuClibc-0.9.30.so, symbol: strstr
  [001] inode: 41344, pc: 0x00021680, module: setup.cgi, symbol: html_parser
  [002] inode: 41344, pc: 0x0000eae8, module: setup.cgi, symbol: setup_main
  [003] inode: 41344, pc: 0x000201cc, module: setup.cgi, symbol: find_val
  [004] inode: 41344, pc: 0x000201bc, module: setup.cgi, symbol: find_val
  [005] inode: 41344, pc: 0x00021488, module: setup.cgi, symbol: FindEntryData
  [006] inode: 41344, pc: 0x00021478, module: setup.cgi, symbol: FindEntryData
  [007] inode: 41344, pc: 0x00020d74, module: setup.cgi
  [008] inode: 41344, pc: 0x00020d44, module: setup.cgi
  [009] inode: 16450, pc: 0x0002f920, module: libuClibc-0.9.30.so, symbol: strcmp
  [010] inode: 41344, pc: 0x00020d34, module: setup.cgi
  [011] inode: 41344, pc: 0x00020cc4, module: setup.cgi
  [012] inode: 41344, pc: 0x0002146c, module: setup.cgi, symbol: FindEntryData
  [013] inode: 41344, pc: 0x0002143c, module: setup.cgi, symbol: FindEntryData
  [014] inode: 41344, pc: 0x00021460, module: setup.cgi, symbol: FindEntryData
  [015] inode: 41344, pc: 0x00021454, module: setup.cgi, symbol: FindEntryData
  [016] inode: 41344, pc: 0x00020d74, module: setup.cgi
  [017] inode: 41344, pc: 0x00020d44, module: setup.cgi
  [018] inode: 16450, pc: 0x0002f920, module: libuClibc-0.9.30.so, symbol: strcmp
  [019] inode: 41344, pc: 0x00020d34, module: setup.cgi
  [020] inode: 41344, pc: 0x00020cc4, module: setup.cgi
  [021] inode: 41344, pc: 0x00021448, module: setup.cgi, symbol: FindEntryData
  [022] inode: 41344, pc: 0x0002143c, module: setup.cgi, symbol: FindEntryData
  [023] inode: 41344, pc: 0x00021428, module: setup.cgi, symbol: FindEntryData
  [024] inode: 41344, pc: 0x0002141c, module: setup.cgi, symbol: FindEntryData
  [025] inode: 41344, pc: 0x000213f8, module: setup.cgi, symbol: FindEntryData
  [026] inode: 41344, pc: 0x00020188, module: setup.cgi, symbol: find_val
  [027] inode: 41344, pc: 0x0000ead8, module: setup.cgi, symbol: setup_main
  [028] inode: 41344, pc: 0x0000eaac, module: setup.cgi, symbol: setup_main
  [029] inode: 41344, pc: 0x000201cc, module: setup.cgi, symbol: find_val
  [030] inode: 41344, pc: 0x000201bc, module: setup.cgi, symbol: find_val
  [031] inode: 41344, pc: 0x00021488, module: setup.cgi, symbol: FindEntryData
  [032] inode: 41344, pc: 0x00021478, module: setup.cgi, symbol: FindEntryData
  [033] inode: 41344, pc: 0x00020d74, module: setup.cgi
  [034] inode: 41344, pc: 0x00020d44, module: setup.cgi
  [035] inode: 16450, pc: 0x0002f920, module: libuClibc-0.9.30.so, symbol: strcmp
  [036] inode: 41344, pc: 0x00020d34, module: setup.cgi
  [037] inode: 41344, pc: 0x00020cc4, module: setup.cgi
  [038] inode: 41344, pc: 0x0002146c, module: setup.cgi, symbol: FindEntryData
  [039] inode: 41344, pc: 0x0002143c, module: setup.cgi, symbol: FindEntryData
  [040] inode: 41344, pc: 0x00021460, module: setup.cgi, symbol: FindEntryData
  [041] inode: 41344, pc: 0x00021454, module: setup.cgi, symbol: FindEntryData
  [042] inode: 41344, pc: 0x00020d74, module: setup.cgi
  [043] inode: 41344, pc: 0x00020d44, module: setup.cgi
  [044] inode: 16450, pc: 0x0002f920, module: libuClibc-0.9.30.so, symbol: strcmp
  [045] inode: 41344, pc: 0x00020d34, module: setup.cgi
  [046] inode: 41344, pc: 0x00020cc4, module: setup.cgi
  [047] inode: 41344, pc: 0x00021448, module: setup.cgi, symbol: FindEntryData
  [048] inode: 41344, pc: 0x0002143c, module: setup.cgi, symbol: FindEntryData
  [049] inode: 41344, pc: 0x00021428, module: setup.cgi, symbol: FindEntryData
  [050] inode: 41344, pc: 0x0002141c, module: setup.cgi, symbol: FindEntryData
  [051] inode: 41344, pc: 0x000213f8, module: setup.cgi, symbol: FindEntryData
  [052] inode: 41344, pc: 0x00020188, module: setup.cgi, symbol: find_val
  [053] inode: 41344, pc: 0x0000eaa4, module: setup.cgi, symbol: setup_main
  [054] inode: 41344, pc: 0x0000ea74, module: setup.cgi, symbol: setup_main
  [055] inode: 41344, pc: 0x0001fa54, module: setup.cgi, symbol: is_form_empty
  [056] inode: 41344, pc: 0x0001f9c4, module: setup.cgi, symbol: is_form_empty
  [057] inode: 41344, pc: 0x0001f99c, module: setup.cgi, symbol: is_form_empty
  [058] inode: 16450, pc: 0x0002f920, module: libuClibc-0.9.30.so, symbol: strcmp
  [059] inode: 41344, pc: 0x0001f984, module: setup.cgi, symbol: is_form_empty
  [060] inode: 16450, pc: 0x0004cd00, module: libuClibc-0.9.30.so, symbol: getenv
  [061] inode: 41344, pc: 0x0001f978, module: setup.cgi, symbol: is_form_empty
  [062] inode: 41344, pc: 0x0001f968, module: setup.cgi, symbol: is_form_empty
  [063] inode: 16450, pc: 0x0004cd00, module: libuClibc-0.9.30.so, symbol: getenv
  [064] inode: 41344, pc: 0x0001f960, module: setup.cgi, symbol: is_form_empty
  [065] inode: 41344, pc: 0x0001f94c, module: setup.cgi, symbol: is_form_empty
  [066] inode: 16450, pc: 0x0002f920, module: libuClibc-0.9.30.so, symbol: strcmp
  [067] inode: 41344, pc: 0x0001f934, module: setup.cgi, symbol: is_form_empty
  [068] inode: 16450, pc: 0x0004cd00, module: libuClibc-0.9.30.so, symbol: getenv
  [069] inode: 41344, pc: 0x0001f92c, module: setup.cgi, symbol: is_form_empty
  [070] inode: 41344, pc: 0x0001f91c, module: setup.cgi, symbol: is_form_empty
  [071] inode: 16450, pc: 0x0004cd2c, module: libuClibc-0.9.30.so, symbol: getenv
  [072] inode: 41344, pc: 0x0001f90c, module: setup.cgi, symbol: is_form_empty
  [073] inode: 41344, pc: 0x0000ea6c, module: setup.cgi, symbol: setup_main
  [074] inode: 41344, pc: 0x0000ea60, module: setup.cgi, symbol: setup_main
  [075] inode: 16386, pc: 0x00004bfc, module: ld-uClibc-0.9.30.so, symbol: _dl_runtime_resolve
  [076] inode: 41344, pc: 0x0000ea4c, module: setup.cgi, symbol: setup_main
  [077] inode: 41344, pc: 0x0000ea20, module: setup.cgi, symbol: setup_main
  [078] inode: 41344, pc: 0x000630e4, module: setup.cgi, symbol: check_need_logout
  [079] inode: 41344, pc: 0x00063090, module: setup.cgi, symbol: check_need_logout
  [080] inode: 41344, pc: 0x00063088, module: setup.cgi, symbol: check_need_logout
  [081] inode: 41344, pc: 0x0006305c, module: setup.cgi, symbol: check_need_logout
  [082] inode: 41344, pc: 0x000201cc, module: setup.cgi, symbol: find_val
  [083] inode: 41344, pc: 0x000201bc, module: setup.cgi, symbol: find_val
  [084] inode: 41344, pc: 0x00021488, module: setup.cgi, symbol: FindEntryData
  [085] inode: 41344, pc: 0x00021478, module: setup.cgi, symbol: FindEntryData
  [086] inode: 41344, pc: 0x00020d74, module: setup.cgi
  [087] inode: 41344, pc: 0x00020d44, module: setup.cgi
  [088] inode: 16450, pc: 0x0002f920, module: libuClibc-0.9.30.so, symbol: strcmp
  [089] inode: 41344, pc: 0x00020d34, module: setup.cgi
  [090] inode: 41344, pc: 0x00020cc4, module: setup.cgi
  [091] inode: 41344, pc: 0x0002146c, module: setup.cgi, symbol: FindEntryData
  [092] inode: 41344, pc: 0x0002143c, module: setup.cgi, symbol: FindEntryData
  [093] inode: 41344, pc: 0x00021460, module: setup.cgi, symbol: FindEntryData
  [094] inode: 41344, pc: 0x00021454, module: setup.cgi, symbol: FindEntryData
  [095] inode: 41344, pc: 0x00020d74, module: setup.cgi
  [096] inode: 41344, pc: 0x00020d44, module: setup.cgi
  [097] inode: 16450, pc: 0x0002f920, module: libuClibc-0.9.30.so, symbol: strcmp
  [098] inode: 41344, pc: 0x00020d34, module: setup.cgi
  [099] inode: 41344, pc: 0x00020cc4, module: setup.cgi
  [100] inode: 41344, pc: 0x00021448, module: setup.cgi, symbol: FindEntryData
  [101] inode: 41344, pc: 0x0002143c, module: setup.cgi, symbol: FindEntryData
  [102] inode: 41344, pc: 0x00021428, module: setup.cgi, symbol: FindEntryData
  [103] inode: 41344, pc: 0x0002141c, module: setup.cgi, symbol: FindEntryData
  [104] inode: 41344, pc: 0x000213f8, module: setup.cgi, symbol: FindEntryData
  [105] inode: 41344, pc: 0x00020188, module: setup.cgi, symbol: find_val
  [106] inode: 41344, pc: 0x00063040, module: setup.cgi, symbol: check_need_logout
  [107] inode: 16450, pc: 0x0004cd00, module: libuClibc-0.9.30.so, symbol: getenv
  [108] inode: 41344, pc: 0x00063028, module: setup.cgi, symbol: check_need_logout
  [109] inode: 16450, pc: 0x0004cd2c, module: libuClibc-0.9.30.so, symbol: getenv
  [110] inode: 41344, pc: 0x0006301c, module: setup.cgi, symbol: check_need_logout
  [111] inode: 41344, pc: 0x00062ff0, module: setup.cgi, symbol: check_need_logout
  [112] inode: 41344, pc: 0x0000ea0c, module: setup.cgi, symbol: setup_main
  [113] inode: 41344, pc: 0x000208bc, module: setup.cgi
  [114] inode: 41344, pc: 0x000208a8, module: setup.cgi
  [115] inode: 16450, pc: 0x00030960, module: libuClibc-0.9.30.so, symbol: strtok
  [116] inode: 41344, pc: 0x00020898, module: setup.cgi
  [117] inode: 41344, pc: 0x00020870, module: setup.cgi
  [118] inode: 41344, pc: 0x00021324, module: setup.cgi, symbol: InsertEntry
  [119] inode: 41344, pc: 0x000212b0, module: setup.cgi, symbol: InsertEntry
  [120] inode: 41344, pc: 0x00021294, module: setup.cgi, symbol: InsertEntry
  [121] inode: 41344, pc: 0x00020cac, module: setup.cgi
  [122] inode: 41344, pc: 0x00020c7c, module: setup.cgi
  [123] inode: 41344, pc: 0x00020c70, module: setup.cgi
  [124] inode: 16450, pc: 0x0002f920, module: libuClibc-0.9.30.so, symbol: strcmp
  [125] inode: 41344, pc: 0x00020c34, module: setup.cgi
  [126] inode: 41344, pc: 0x00021288, module: setup.cgi, symbol: InsertEntry
  [127] inode: 41344, pc: 0x00021234, module: setup.cgi, symbol: InsertEntry
  [128] inode: 41344, pc: 0x0002120c, module: setup.cgi, symbol: InsertEntry
  [129] inode: 16450, pc: 0x0002eb70, module: libuClibc-0.9.30.so, symbol: memcpy
  [130] inode: 41344, pc: 0x000211f8, module: setup.cgi, symbol: InsertEntry
  [131] inode: 41344, pc: 0x000211e8, module: setup.cgi, symbol: InsertEntry
  [132] inode: 16450, pc: 0x0004afe4, module: libuClibc-0.9.30.so, symbol: malloc
  [133] inode: 41344, pc: 0x000211dc, module: setup.cgi, symbol: InsertEntry
  [134] inode: 41344, pc: 0x000211cc, module: setup.cgi, symbol: InsertEntry
  [135] inode: 16450, pc: 0x0004afe4, module: libuClibc-0.9.30.so, symbol: malloc
  [136] inode: 41344, pc: 0x000211bc, module: setup.cgi, symbol: InsertEntry
  [137] inode: 41344, pc: 0x000211b0, module: setup.cgi, symbol: InsertEntry
  [138] inode: 41344, pc: 0x0002115c, module: setup.cgi, symbol: InsertEntry
  [139] inode: 41344, pc: 0x00020854, module: setup.cgi
  [140] inode: 41344, pc: 0x000206d4, module: setup.cgi
  [141] inode: 16450, pc: 0x0004c304, module: libuClibc-0.9.30.so, symbol: free
  [142] inode: 41344, pc: 0x000206c0, module: setup.cgi
  [143] inode: 41344, pc: 0x00020580, module: setup.cgi
  [144] inode: 41344, pc: 0x00020558, module: setup.cgi
  [145] inode: 41344, pc: 0x000204e4, module: setup.cgi
  [146] inode: 41344, pc: 0x00020544, module: setup.cgi
  [147] inode: 41344, pc: 0x000204ec, module: setup.cgi
  [148] inode: 41344, pc: 0x000204e4, module: setup.cgi
  [149] inode: 41344, pc: 0x00020544, module: setup.cgi
  [150] inode: 41344, pc: 0x000204ec, module: setup.cgi
  [151] inode: 41344, pc: 0x000204e4, module: setup.cgi
  [152] inode: 41344, pc: 0x00020544, module: setup.cgi
  [153] inode: 41344, pc: 0x000204ec, module: setup.cgi
  [154] inode: 41344, pc: 0x000204e4, module: setup.cgi
  [155] inode: 41344, pc: 0x00020544, module: setup.cgi
  [156] inode: 41344, pc: 0x000204ec, module: setup.cgi
  [157] inode: 41344, pc: 0x000204e4, module: setup.cgi
  [158] inode: 41344, pc: 0x00020544, module: setup.cgi
  [159] inode: 41344, pc: 0x000204ec, module: setup.cgi
  [160] inode: 41344, pc: 0x000204e4, module: setup.cgi
  [161] inode: 41344, pc: 0x00020544, module: setup.cgi
  [162] inode: 41344, pc: 0x000204ec, module: setup.cgi
  [163] inode: 41344, pc: 0x000204e4, module: setup.cgi
  [164] inode: 41344, pc: 0x00020544, module: setup.cgi
  [165] inode: 41344, pc: 0x000204ec, module: setup.cgi
  [166] inode: 41344, pc: 0x000204e4, module: setup.cgi
  [167] inode: 41344, pc: 0x00020544, module: setup.cgi
  [168] inode: 41344, pc: 0x000204ec, module: setup.cgi
  [169] inode: 41344, pc: 0x000204e4, module: setup.cgi
  [170] inode: 41344, pc: 0x00020544, module: setup.cgi
  [171] inode: 41344, pc: 0x000204ec, module: setup.cgi
  [172] inode: 41344, pc: 0x000204e4, module: setup.cgi
  [173] inode: 41344, pc: 0x00020544, module: setup.cgi
  [174] inode: 41344, pc: 0x000204ec, module: setup.cgi
  [175] inode: 41344, pc: 0x000204e4, module: setup.cgi
  [176] inode: 41344, pc: 0x00020544, module: setup.cgi
  [177] inode: 41344, pc: 0x000204ec, module: setup.cgi
  [178] inode: 41344, pc: 0x000204e4, module: setup.cgi
  [179] inode: 41344, pc: 0x00020544, module: setup.cgi
  [180] inode: 41344, pc: 0x000204ec, module: setup.cgi
  [181] inode: 41344, pc: 0x000204e4, module: setup.cgi
  [182] inode: 41344, pc: 0x00020544, module: setup.cgi
  [183] inode: 41344, pc: 0x000204ec, module: setup.cgi
  [184] inode: 41344, pc: 0x000204e0, module: setup.cgi
  [185] inode: 41344, pc: 0x000204d4, module: setup.cgi
  [186] inode: 16450, pc: 0x0004afe4, module: libuClibc-0.9.30.so, symbol: malloc
  [187] inode: 41344, pc: 0x000204bc, module: setup.cgi
  [188] inode: 16450, pc: 0x0002fa00, module: libuClibc-0.9.30.so, symbol: strlen
  [189] inode: 41344, pc: 0x000204ac, module: setup.cgi
  [190] inode: 41344, pc: 0x000204a0, module: setup.cgi
  [191] inode: 16450, pc: 0x0002f730, module: libuClibc-0.9.30.so, symbol: strchr
  [192] inode: 41344, pc: 0x00020490, module: setup.cgi
  [193] inode: 41344, pc: 0x00020448, module: setup.cgi
  [194] inode: 41344, pc: 0x000206b4, module: setup.cgi
  [195] inode: 16450, pc: 0x0002f950, module: libuClibc-0.9.30.so, symbol: strcpy
  [196] inode: 41344, pc: 0x0002069c, module: setup.cgi
  [197] inode: 16450, pc: 0x0004afe4, module: libuClibc-0.9.30.so, symbol: malloc
  [198] inode: 41344, pc: 0x0002068c, module: setup.cgi
  [199] inode: 16450, pc: 0x0002fa00, module: libuClibc-0.9.30.so, symbol: strlen
  [200] inode: 41344, pc: 0x00020684, module: setup.cgi
  [201] inode: 41344, pc: 0x0002066c, module: setup.cgi
  [202] inode: 16450, pc: 0x0002fa00, module: libuClibc-0.9.30.so, symbol: strlen
  [203] inode: 41344, pc: 0x0002065c, module: setup.cgi
  [204] inode: 16450, pc: 0x0004c304, module: libuClibc-0.9.30.so, symbol: free
  [205] inode: 41344, pc: 0x00020648, module: setup.cgi
  [206] inode: 41344, pc: 0x00020580, module: setup.cgi
  [207] inode: 41344, pc: 0x00020558, module: setup.cgi
  [208] inode: 41344, pc: 0x000204e4, module: setup.cgi
  [209] inode: 41344, pc: 0x00020544, module: setup.cgi
  [210] inode: 41344, pc: 0x000204ec, module: setup.cgi
  [211] inode: 41344, pc: 0x000204e4, module: setup.cgi
  [212] inode: 41344, pc: 0x00020544, module: setup.cgi
  [213] inode: 41344, pc: 0x000204ec, module: setup.cgi
  [214] inode: 41344, pc: 0x000204e4, module: setup.cgi
  [215] inode: 41344, pc: 0x00020544, module: setup.cgi
  [216] inode: 41344, pc: 0x000204ec, module: setup.cgi
  [217] inode: 41344, pc: 0x000204e4, module: setup.cgi
  [218] inode: 41344, pc: 0x00020544, module: setup.cgi
  [219] inode: 41344, pc: 0x000204ec, module: setup.cgi
  [220] inode: 41344, pc: 0x000204e4, module: setup.cgi
  [221] inode: 41344, pc: 0x00020544, module: setup.cgi
  [222] inode: 41344, pc: 0x000204ec, module: setup.cgi
  [223] inode: 41344, pc: 0x000204e4, module: setup.cgi
  [224] inode: 41344, pc: 0x00020544, module: setup.cgi
  [225] inode: 41344, pc: 0x000204ec, module: setup.cgi
  [226] inode: 41344, pc: 0x000204e4, module: setup.cgi
  [227] inode: 41344, pc: 0x00020544, module: setup.cgi
  [228] inode: 41344, pc: 0x000204ec, module: setup.cgi
  [229] inode: 41344, pc: 0x000204e4, module: setup.cgi
  [230] inode: 41344, pc: 0x00020544, module: setup.cgi
  [231] inode: 41344, pc: 0x000204ec, module: setup.cgi
  [232] inode: 41344, pc: 0x000204e4, module: setup.cgi
  [233] inode: 41344, pc: 0x00020544, module: setup.cgi
  [234] inode: 41344, pc: 0x000204ec, module: setup.cgi
  [235] inode: 41344, pc: 0x000204e0, module: setup.cgi
  [236] inode: 41344, pc: 0x000204d4, module: setup.cgi
  [237] inode: 16450, pc: 0x0004afe4, module: libuClibc-0.9.30.so, symbol: malloc
  [238] inode: 41344, pc: 0x000204bc, module: setup.cgi
  [239] inode: 16450, pc: 0x0002fa00, module: libuClibc-0.9.30.so, symbol: strlen
  [240] inode: 41344, pc: 0x000204ac, module: setup.cgi
  [241] inode: 41344, pc: 0x000204a0, module: setup.cgi
  [242] inode: 16450, pc: 0x0002f730, module: libuClibc-0.9.30.so, symbol: strchr
  [243] inode: 41344, pc: 0x00020490, module: setup.cgi
  [244] inode: 41344, pc: 0x00020448, module: setup.cgi
  [245] inode: 41344, pc: 0x00020628, module: setup.cgi
  [246] inode: 16450, pc: 0x0002fc40, module: libuClibc-0.9.30.so, symbol: strncpy
  [247] inode: 41344, pc: 0x0002060c, module: setup.cgi
  [248] inode: 16450, pc: 0x0004afe4, module: libuClibc-0.9.30.so, symbol: malloc
  [249] inode: 41344, pc: 0x000205f8, module: setup.cgi
  [250] inode: 16450, pc: 0x0002f980, module: libuClibc-0.9.30.so, symbol: strcspn
  [251] inode: 41344, pc: 0x000205a4, module: setup.cgi
  [252] inode: 41344, pc: 0x0002084c, module: setup.cgi
  [253] inode: 41344, pc: 0x000208a8, module: setup.cgi
  [254] inode: 16450, pc: 0x00030960, module: libuClibc-0.9.30.so, symbol: strtok
  [255] inode: 41344, pc: 0x00020898, module: setup.cgi
  [256] inode: 41344, pc: 0x00020828, module: setup.cgi
  [257] inode: 41344, pc: 0x00021324, module: setup.cgi, symbol: InsertEntry
  [258] inode: 41344, pc: 0x00021218, module: setup.cgi, symbol: InsertEntry
  [259] inode: 41344, pc: 0x0002120c, module: setup.cgi, symbol: InsertEntry
  [260] inode: 16386, pc: 0x00004bc0, module: ld-uClibc-0.9.30.so, symbol: _dl_runtime_resolve
  [261] inode: 41344, pc: 0x000211f8, module: setup.cgi, symbol: InsertEntry
  [262] inode: 41344, pc: 0x000211e8, module: setup.cgi, symbol: InsertEntry
  [263] inode: 16450, pc: 0x0004afe4, module: libuClibc-0.9.30.so, symbol: malloc
  [264] inode: 41344, pc: 0x000211dc, module: setup.cgi, symbol: InsertEntry
  [265] inode: 41344, pc: 0x000211cc, module: setup.cgi, symbol: InsertEntry
  [266] inode: 16450, pc: 0x0004afe4, module: libuClibc-0.9.30.so, symbol: malloc
  [267] inode: 41344, pc: 0x000211bc, module: setup.cgi, symbol: InsertEntry
  [268] inode: 41344, pc: 0x0002115c, module: setup.cgi, symbol: InsertEntry
  [269] inode: 41344, pc: 0x00020808, module: setup.cgi
  [270] inode: 41344, pc: 0x000206d4, module: setup.cgi
  [271] inode: 16450, pc: 0x0004c304, module: libuClibc-0.9.30.so, symbol: free
  [272] inode: 41344, pc: 0x000206c0, module: setup.cgi
  [273] inode: 41344, pc: 0x00020580, module: setup.cgi
  [274] inode: 41344, pc: 0x00020558, module: setup.cgi
  [275] inode: 41344, pc: 0x000204e4, module: setup.cgi
  [276] inode: 41344, pc: 0x00020544, module: setup.cgi
  [277] inode: 41344, pc: 0x000204ec, module: setup.cgi
  [278] inode: 41344, pc: 0x000204e4, module: setup.cgi
  [279] inode: 41344, pc: 0x00020544, module: setup.cgi
  [280] inode: 41344, pc: 0x000204ec, module: setup.cgi
  [281] inode: 41344, pc: 0x000204e4, module: setup.cgi
  [282] inode: 41344, pc: 0x00020544, module: setup.cgi
  [283] inode: 41344, pc: 0x000204ec, module: setup.cgi
  [284] inode: 41344, pc: 0x000204e4, module: setup.cgi
  [285] inode: 41344, pc: 0x00020544, module: setup.cgi
  [286] inode: 41344, pc: 0x000204ec, module: setup.cgi
  [287] inode: 41344, pc: 0x000204e4, module: setup.cgi
  [288] inode: 41344, pc: 0x00020544, module: setup.cgi
  [289] inode: 41344, pc: 0x000204ec, module: setup.cgi
  [290] inode: 41344, pc: 0x000204e4, module: setup.cgi
  [291] inode: 41344, pc: 0x00020544, module: setup.cgi
  [292] inode: 41344, pc: 0x000204ec, module: setup.cgi
  [293] inode: 41344, pc: 0x000204e4, module: setup.cgi
  [294] inode: 41344, pc: 0x00020544, module: setup.cgi
  [295] inode: 41344, pc: 0x000204ec, module: setup.cgi
  [296] inode: 41344, pc: 0x000204e4, module: setup.cgi
  [297] inode: 41344, pc: 0x00020544, module: setup.cgi
  [298] inode: 41344, pc: 0x000204ec, module: setup.cgi
  [299] inode: 41344, pc: 0x000204e4, module: setup.cgi
Total Self trace elements: 300

--- Parent PID 775 Trace ---
  [000] inode: 41301, pc: 0x000094dc, module: mini_httpd, symbol: main
  [001] inode: 41301, pc: 0x00009488, module: mini_httpd, symbol: main
  [002] inode: 41301, pc: 0x00009478, module: mini_httpd, symbol: main
  [003] inode: 41301, pc: 0x00009424, module: mini_httpd, symbol: main
  [004] inode: 41301, pc: 0x00009418, module: mini_httpd, symbol: main
  [005] inode: 41301, pc: 0x000093ac, module: mini_httpd, symbol: main
  [006] inode: 41301, pc: 0x00009398, module: mini_httpd, symbol: main
  [007] inode: 41301, pc: 0x00009388, module: mini_httpd, symbol: main
  [008] inode: 41301, pc: 0x00009388, module: mini_httpd, symbol: main
  [009] inode: 41301, pc: 0x00009388, module: mini_httpd, symbol: main
  [010] inode: 41301, pc: 0x00009388, module: mini_httpd, symbol: main
  [011] inode: 41301, pc: 0x00009388, module: mini_httpd, symbol: main
  [012] inode: 41301, pc: 0x00009388, module: mini_httpd, symbol: main
  [013] inode: 41301, pc: 0x00009388, module: mini_httpd, symbol: main
  [014] inode: 41301, pc: 0x00009388, module: mini_httpd, symbol: main
  [015] inode: 41301, pc: 0x00009388, module: mini_httpd, symbol: main
  [016] inode: 41301, pc: 0x00009388, module: mini_httpd, symbol: main
  [017] inode: 41301, pc: 0x00009388, module: mini_httpd, symbol: main
  [018] inode: 41301, pc: 0x00009388, module: mini_httpd, symbol: main
  [019] inode: 41301, pc: 0x00009388, module: mini_httpd, symbol: main
  [020] inode: 41301, pc: 0x00009388, module: mini_httpd, symbol: main
  [021] inode: 41301, pc: 0x00009388, module: mini_httpd, symbol: main
  [022] inode: 41301, pc: 0x00009388, module: mini_httpd, symbol: main
  [023] inode: 41301, pc: 0x00009388, module: mini_httpd, symbol: main
  [024] inode: 41301, pc: 0x00009388, module: mini_httpd, symbol: main
  [025] inode: 41301, pc: 0x00009388, module: mini_httpd, symbol: main
  [026] inode: 41301, pc: 0x00009388, module: mini_httpd, symbol: main
  [027] inode: 41301, pc: 0x00009388, module: mini_httpd, symbol: main
  [028] inode: 41301, pc: 0x00009388, module: mini_httpd, symbol: main
  [029] inode: 41301, pc: 0x00009388, module: mini_httpd, symbol: main
  [030] inode: 41301, pc: 0x00009388, module: mini_httpd, symbol: main
  [031] inode: 41301, pc: 0x00009388, module: mini_httpd, symbol: main
  [032] inode: 41301, pc: 0x00009388, module: mini_httpd, symbol: main
  [033] inode: 41301, pc: 0x00009388, module: mini_httpd, symbol: main
  [034] inode: 41301, pc: 0x00009388, module: mini_httpd, symbol: main
  [035] inode: 41301, pc: 0x00009388, module: mini_httpd, symbol: main
  [036] inode: 41301, pc: 0x00009388, module: mini_httpd, symbol: main
  [037] inode: 41301, pc: 0x00009388, module: mini_httpd, symbol: main
  [038] inode: 41301, pc: 0x00009380, module: mini_httpd, symbol: main
  [039] inode: 41301, pc: 0x00009368, module: mini_httpd, symbol: main
  [040] inode: 16450, pc: 0x0000b344, module: libuClibc-0.9.30.so, symbol: access
  [041] inode: 41301, pc: 0x00009354, module: mini_httpd, symbol: main
  [042] inode: 41301, pc: 0x000097c8, module: mini_httpd, symbol: main
  [043] inode: 16450, pc: 0x0000b884, module: libuClibc-0.9.30.so, symbol: close
  [044] inode: 41301, pc: 0x000097b8, module: mini_httpd, symbol: main
  [045] inode: 41301, pc: 0x00009798, module: mini_httpd, symbol: main
  [046] inode: 16450, pc: 0x0000b344, module: libuClibc-0.9.30.so, symbol: access
  [047] inode: 41301, pc: 0x00009788, module: mini_httpd, symbol: main
  [048] inode: 41301, pc: 0x000096a0, module: mini_httpd, symbol: main
  [049] inode: 41301, pc: 0x00009688, module: mini_httpd, symbol: main
  [050] inode: 16450, pc: 0x0000be94, module: libuClibc-0.9.30.so, symbol: __libc_fork
  [051] inode: 41301, pc: 0x00009678, module: mini_httpd, symbol: main
  [052] inode: 16450, pc: 0x0002f950, module: libuClibc-0.9.30.so, symbol: strcpy
  [053] inode: 41301, pc: 0x00009660, module: mini_httpd, symbol: main
  [054] inode: 16450, pc: 0x000450bc, module: libuClibc-0.9.30.so, symbol: inet_ntoa
  [055] inode: 41301, pc: 0x00002104, module: mini_httpd
  [056] inode: 41301, pc: 0x00009650, module: mini_httpd, symbol: main
  [057] inode: 16450, pc: 0x0002f950, module: libuClibc-0.9.30.so, symbol: strcpy
  [058] inode: 41301, pc: 0x00009638, module: mini_httpd, symbol: main
  [059] inode: 41301, pc: 0x000095d4, module: mini_httpd, symbol: main
  [060] inode: 16450, pc: 0x0002f920, module: libuClibc-0.9.30.so, symbol: strcmp
  [061] inode: 41301, pc: 0x000095c0, module: mini_httpd, symbol: main
  [062] inode: 16450, pc: 0x000450bc, module: libuClibc-0.9.30.so, symbol: inet_ntoa
  [063] inode: 41301, pc: 0x00002104, module: mini_httpd
  [064] inode: 41301, pc: 0x000095b0, module: mini_httpd, symbol: main
  [065] inode: 41301, pc: 0x0000957c, module: mini_httpd, symbol: main
  [066] inode: 41301, pc: 0x000018a4, module: mini_httpd
  [067] inode: 16450, pc: 0x0000b884, module: libuClibc-0.9.30.so, symbol: close
  [068] inode: 41301, pc: 0x00001890, module: mini_httpd
  [069] inode: 16450, pc: 0x00012cc0, module: libuClibc-0.9.30.so, symbol: lockf64
  [070] inode: 41301, pc: 0x00001888, module: mini_httpd
  [071] inode: 41301, pc: 0x0000184c, module: mini_httpd
  [072] inode: 41301, pc: 0x00009564, module: mini_httpd, symbol: main
  [073] inode: 16450, pc: 0x000248b0, module: libuClibc-0.9.30.so, symbol: fclose
  [074] inode: 41301, pc: 0x00001920, module: mini_httpd
  [075] inode: 16450, pc: 0x0002d3b0, module: libuClibc-0.9.30.so, symbol: fread
  [076] inode: 41301, pc: 0x00001918, module: mini_httpd
  [077] inode: 41301, pc: 0x00001908, module: mini_httpd
  [078] inode: 16450, pc: 0x00026710, module: libuClibc-0.9.30.so, symbol: fopen64
  [079] inode: 41301, pc: 0x000018c0, module: mini_httpd
  [080] inode: 41301, pc: 0x0000954c, module: mini_httpd, symbol: main
  [081] inode: 41301, pc: 0x0000183c, module: mini_httpd
  [082] inode: 41301, pc: 0x00001818, module: mini_httpd
  [083] inode: 16450, pc: 0x00012cd0, module: libuClibc-0.9.30.so, symbol: lockf64
  [084] inode: 41301, pc: 0x00001810, module: mini_httpd
  [085] inode: 41301, pc: 0x00001808, module: mini_httpd
  [086] inode: 16450, pc: 0x0000e000, module: libuClibc-0.9.30.so, symbol: open64
  [087] inode: 41301, pc: 0x000017c8, module: mini_httpd
  [088] inode: 41301, pc: 0x00009538, module: mini_httpd, symbol: main
  [089] inode: 41301, pc: 0x000094f8, module: mini_httpd, symbol: main
  [090] inode: 16450, pc: 0x00049ad4, module: libuClibc-0.9.30.so, symbol: accept
  [091] inode: 41301, pc: 0x00002514, module: mini_httpd
  [092] inode: 41301, pc: 0x00002500, module: mini_httpd
  [093] inode: 16450, pc: 0x00015070, module: libuClibc-0.9.30.so, symbol: __errno_location
  [094] inode: 41301, pc: 0x000024f8, module: mini_httpd
  [095] inode: 41301, pc: 0x000024f0, module: mini_httpd
  [096] inode: 41301, pc: 0x000024e0, module: mini_httpd
  [097] inode: 16450, pc: 0x00010c60, module: libuClibc-0.9.30.so, symbol: __libc_waitpid
  [098] inode: 41301, pc: 0x000024cc, module: mini_httpd
  [099] inode: 41301, pc: 0x000024f0, module: mini_httpd
  [100] inode: 41301, pc: 0x000024e0, module: mini_httpd
  [101] inode: 16450, pc: 0x00010c60, module: libuClibc-0.9.30.so, symbol: __libc_waitpid
  [102] inode: 41301, pc: 0x000024c8, module: mini_httpd
  [103] inode: 16450, pc: 0x0004a880, module: libuClibc-0.9.30.so, symbol: signal
  [104] inode: 41301, pc: 0x000024b8, module: mini_httpd
  [105] inode: 41301, pc: 0x00002514, module: mini_httpd
  [106] inode: 41301, pc: 0x000024e0, module: mini_httpd
  [107] inode: 16450, pc: 0x00010c60, module: libuClibc-0.9.30.so, symbol: __libc_waitpid
  [108] inode: 41301, pc: 0x000024cc, module: mini_httpd
  [109] inode: 41301, pc: 0x000024f0, module: mini_httpd
  [110] inode: 41301, pc: 0x000024e0, module: mini_httpd
  [111] inode: 16450, pc: 0x00010c60, module: libuClibc-0.9.30.so, symbol: __libc_waitpid
  [112] inode: 41301, pc: 0x000024c8, module: mini_httpd
  [113] inode: 16450, pc: 0x0004a880, module: libuClibc-0.9.30.so, symbol: signal
  [114] inode: 41301, pc: 0x000024b8, module: mini_httpd
  [115] inode: 41301, pc: 0x000094dc, module: mini_httpd, symbol: main
  [116] inode: 41301, pc: 0x00009488, module: mini_httpd, symbol: main
  [117] inode: 41301, pc: 0x00009478, module: mini_httpd, symbol: main
  [118] inode: 41301, pc: 0x00009424, module: mini_httpd, symbol: main
  [119] inode: 41301, pc: 0x00009418, module: mini_httpd, symbol: main
  [120] inode: 41301, pc: 0x000093ac, module: mini_httpd, symbol: main
  [121] inode: 41301, pc: 0x00009398, module: mini_httpd, symbol: main
  [122] inode: 41301, pc: 0x00009388, module: mini_httpd, symbol: main
  [123] inode: 41301, pc: 0x00009388, module: mini_httpd, symbol: main
  [124] inode: 41301, pc: 0x00009388, module: mini_httpd, symbol: main
  [125] inode: 41301, pc: 0x00009388, module: mini_httpd, symbol: main
  [126] inode: 41301, pc: 0x00009388, module: mini_httpd, symbol: main
  [127] inode: 41301, pc: 0x00009388, module: mini_httpd, symbol: main
  [128] inode: 41301, pc: 0x00009388, module: mini_httpd, symbol: main
  [129] inode: 41301, pc: 0x00009388, module: mini_httpd, symbol: main
  [130] inode: 41301, pc: 0x00009388, module: mini_httpd, symbol: main
  [131] inode: 41301, pc: 0x00009388, module: mini_httpd, symbol: main
  [132] inode: 41301, pc: 0x00009388, module: mini_httpd, symbol: main
  [133] inode: 41301, pc: 0x00009388, module: mini_httpd, symbol: main
  [134] inode: 41301, pc: 0x00009388, module: mini_httpd, symbol: main
  [135] inode: 41301, pc: 0x00009388, module: mini_httpd, symbol: main
  [136] inode: 41301, pc: 0x00009388, module: mini_httpd, symbol: main
  [137] inode: 41301, pc: 0x00009388, module: mini_httpd, symbol: main
  [138] inode: 41301, pc: 0x00009388, module: mini_httpd, symbol: main
  [139] inode: 41301, pc: 0x00009388, module: mini_httpd, symbol: main
  [140] inode: 41301, pc: 0x00009388, module: mini_httpd, symbol: main
  [141] inode: 41301, pc: 0x00009388, module: mini_httpd, symbol: main
  [142] inode: 41301, pc: 0x00009388, module: mini_httpd, symbol: main
  [143] inode: 41301, pc: 0x00009388, module: mini_httpd, symbol: main
  [144] inode: 41301, pc: 0x00009388, module: mini_httpd, symbol: main
  [145] inode: 41301, pc: 0x00009388, module: mini_httpd, symbol: main
  [146] inode: 41301, pc: 0x00009388, module: mini_httpd, symbol: main
  [147] inode: 41301, pc: 0x00009388, module: mini_httpd, symbol: main
  [148] inode: 41301, pc: 0x00009388, module: mini_httpd, symbol: main
  [149] inode: 41301, pc: 0x00009388, module: mini_httpd, symbol: main
  [150] inode: 41301, pc: 0x00009388, module: mini_httpd, symbol: main
  [151] inode: 41301, pc: 0x00009388, module: mini_httpd, symbol: main
  [152] inode: 41301, pc: 0x00009388, module: mini_httpd, symbol: main
  [153] inode: 41301, pc: 0x00009380, module: mini_httpd, symbol: main
  [154] inode: 41301, pc: 0x00009368, module: mini_httpd, symbol: main
  [155] inode: 16450, pc: 0x0000b344, module: libuClibc-0.9.30.so, symbol: access
  [156] inode: 41301, pc: 0x00009354, module: mini_httpd, symbol: main
  [157] inode: 41301, pc: 0x000097c8, module: mini_httpd, symbol: main
  [158] inode: 16450, pc: 0x0000b884, module: libuClibc-0.9.30.so, symbol: close
  [159] inode: 41301, pc: 0x000097bc, module: mini_httpd, symbol: main
  [160] inode: 41301, pc: 0x00009798, module: mini_httpd, symbol: main
  [161] inode: 16450, pc: 0x0000b344, module: libuClibc-0.9.30.so, symbol: access
  [162] inode: 41301, pc: 0x00009788, module: mini_httpd, symbol: main
  [163] inode: 41301, pc: 0x000096a0, module: mini_httpd, symbol: main
  [164] inode: 41301, pc: 0x00009688, module: mini_httpd, symbol: main
  [165] inode: 16450, pc: 0x0000be94, module: libuClibc-0.9.30.so, symbol: __libc_fork
  [166] inode: 41301, pc: 0x00009678, module: mini_httpd, symbol: main
  [167] inode: 16450, pc: 0x0002f950, module: libuClibc-0.9.30.so, symbol: strcpy
  [168] inode: 41301, pc: 0x00009660, module: mini_httpd, symbol: main
  [169] inode: 16450, pc: 0x000450bc, module: libuClibc-0.9.30.so, symbol: inet_ntoa
  [170] inode: 41301, pc: 0x00002104, module: mini_httpd
  [171] inode: 41301, pc: 0x00009650, module: mini_httpd, symbol: main
  [172] inode: 16450, pc: 0x0002f950, module: libuClibc-0.9.30.so, symbol: strcpy
  [173] inode: 41301, pc: 0x00009638, module: mini_httpd, symbol: main
  [174] inode: 41301, pc: 0x000095d4, module: mini_httpd, symbol: main
  [175] inode: 16450, pc: 0x0002f920, module: libuClibc-0.9.30.so, symbol: strcmp
  [176] inode: 41301, pc: 0x000095c0, module: mini_httpd, symbol: main
  [177] inode: 16450, pc: 0x000450bc, module: libuClibc-0.9.30.so, symbol: inet_ntoa
  [178] inode: 41301, pc: 0x00002104, module: mini_httpd
  [179] inode: 41301, pc: 0x000095b0, module: mini_httpd, symbol: main
  [180] inode: 41301, pc: 0x0000957c, module: mini_httpd, symbol: main
  [181] inode: 41301, pc: 0x000018a4, module: mini_httpd
  [182] inode: 16450, pc: 0x0000b884, module: libuClibc-0.9.30.so, symbol: close
  [183] inode: 41301, pc: 0x00001890, module: mini_httpd
  [184] inode: 16450, pc: 0x00012cc0, module: libuClibc-0.9.30.so, symbol: lockf64
  [185] inode: 41301, pc: 0x00001888, module: mini_httpd
  [186] inode: 41301, pc: 0x0000184c, module: mini_httpd
  [187] inode: 41301, pc: 0x00009564, module: mini_httpd, symbol: main
  [188] inode: 16450, pc: 0x000248b0, module: libuClibc-0.9.30.so, symbol: fclose
  [189] inode: 41301, pc: 0x00001920, module: mini_httpd
  [190] inode: 16450, pc: 0x0002d3b0, module: libuClibc-0.9.30.so, symbol: fread
  [191] inode: 41301, pc: 0x00001918, module: mini_httpd
  [192] inode: 41301, pc: 0x00001908, module: mini_httpd
  [193] inode: 16450, pc: 0x00026710, module: libuClibc-0.9.30.so, symbol: fopen64
  [194] inode: 41301, pc: 0x000018c0, module: mini_httpd
  [195] inode: 41301, pc: 0x0000954c, module: mini_httpd, symbol: main
  [196] inode: 41301, pc: 0x0000183c, module: mini_httpd
  [197] inode: 41301, pc: 0x00001818, module: mini_httpd
  [198] inode: 16450, pc: 0x00012cc0, module: libuClibc-0.9.30.so, symbol: lockf64
  [199] inode: 41301, pc: 0x00001810, module: mini_httpd
  [200] inode: 41301, pc: 0x00001808, module: mini_httpd
  [201] inode: 16450, pc: 0x0000e028, module: libuClibc-0.9.30.so, symbol: open64
  [202] inode: 41301, pc: 0x000017b8, module: mini_httpd
  [203] inode: 41301, pc: 0x00009538, module: mini_httpd, symbol: main
  [204] inode: 41301, pc: 0x000094f8, module: mini_httpd, symbol: main
  [205] inode: 16450, pc: 0x00049ad4, module: libuClibc-0.9.30.so, symbol: accept
  [206] inode: 41301, pc: 0x000094dc, module: mini_httpd, symbol: main
  [207] inode: 41301, pc: 0x00009488, module: mini_httpd, symbol: main
  [208] inode: 41301, pc: 0x00009478, module: mini_httpd, symbol: main
  [209] inode: 41301, pc: 0x00009424, module: mini_httpd, symbol: main
  [210] inode: 41301, pc: 0x00009418, module: mini_httpd, symbol: main
  [211] inode: 41301, pc: 0x000093ac, module: mini_httpd, symbol: main
  [212] inode: 41301, pc: 0x00009398, module: mini_httpd, symbol: main
  [213] inode: 41301, pc: 0x00009388, module: mini_httpd, symbol: main
  [214] inode: 41301, pc: 0x00009388, module: mini_httpd, symbol: main
  [215] inode: 41301, pc: 0x00009388, module: mini_httpd, symbol: main
  [216] inode: 41301, pc: 0x00009388, module: mini_httpd, symbol: main
  [217] inode: 41301, pc: 0x00009388, module: mini_httpd, symbol: main
  [218] inode: 41301, pc: 0x00009388, module: mini_httpd, symbol: main
  [219] inode: 41301, pc: 0x00009388, module: mini_httpd, symbol: main
  [220] inode: 41301, pc: 0x00009388, module: mini_httpd, symbol: main
  [221] inode: 41301, pc: 0x00009388, module: mini_httpd, symbol: main
  [222] inode: 41301, pc: 0x00009388, module: mini_httpd, symbol: main
  [223] inode: 41301, pc: 0x00009388, module: mini_httpd, symbol: main
  [224] inode: 41301, pc: 0x00009388, module: mini_httpd, symbol: main
  [225] inode: 41301, pc: 0x00009388, module: mini_httpd, symbol: main
  [226] inode: 41301, pc: 0x00009388, module: mini_httpd, symbol: main
  [227] inode: 41301, pc: 0x00009388, module: mini_httpd, symbol: main
  [228] inode: 41301, pc: 0x00009388, module: mini_httpd, symbol: main
  [229] inode: 41301, pc: 0x00009388, module: mini_httpd, symbol: main
  [230] inode: 41301, pc: 0x00009388, module: mini_httpd, symbol: main
  [231] inode: 41301, pc: 0x00009388, module: mini_httpd, symbol: main
  [232] inode: 41301, pc: 0x00009388, module: mini_httpd, symbol: main
  [233] inode: 41301, pc: 0x00009388, module: mini_httpd, symbol: main
  [234] inode: 41301, pc: 0x00009388, module: mini_httpd, symbol: main
  [235] inode: 41301, pc: 0x00009388, module: mini_httpd, symbol: main
  [236] inode: 41301, pc: 0x00009388, module: mini_httpd, symbol: main
  [237] inode: 41301, pc: 0x00009388, module: mini_httpd, symbol: main
  [238] inode: 41301, pc: 0x00009388, module: mini_httpd, symbol: main
  [239] inode: 41301, pc: 0x00009388, module: mini_httpd, symbol: main
  [240] inode: 41301, pc: 0x00009388, module: mini_httpd, symbol: main
  [241] inode: 41301, pc: 0x00009388, module: mini_httpd, symbol: main
  [242] inode: 41301, pc: 0x00009388, module: mini_httpd, symbol: main
  [243] inode: 41301, pc: 0x00009388, module: mini_httpd, symbol: main
  [244] inode: 41301, pc: 0x00009380, module: mini_httpd, symbol: main
  [245] inode: 41301, pc: 0x00009368, module: mini_httpd, symbol: main
  [246] inode: 16450, pc: 0x0000b344, module: libuClibc-0.9.30.so, symbol: access
  [247] inode: 41301, pc: 0x00009354, module: mini_httpd, symbol: main
  [248] inode: 41301, pc: 0x000097c8, module: mini_httpd, symbol: main
  [249] inode: 16450, pc: 0x0000b884, module: libuClibc-0.9.30.so, symbol: close
  [250] inode: 41301, pc: 0x000097bc, module: mini_httpd, symbol: main
  [251] inode: 41301, pc: 0x00009798, module: mini_httpd, symbol: main
  [252] inode: 16450, pc: 0x0000b344, module: libuClibc-0.9.30.so, symbol: access
  [253] inode: 41301, pc: 0x00009788, module: mini_httpd, symbol: main
  [254] inode: 41301, pc: 0x000096a0, module: mini_httpd, symbol: main
  [255] inode: 41301, pc: 0x00009688, module: mini_httpd, symbol: main
  [256] inode: 16450, pc: 0x0000be94, module: libuClibc-0.9.30.so, symbol: __libc_fork
  [257] inode: 41301, pc: 0x00002514, module: mini_httpd
  [258] inode: 41301, pc: 0x00002500, module: mini_httpd
  [259] inode: 16450, pc: 0x00015070, module: libuClibc-0.9.30.so, symbol: __errno_location
  [260] inode: 41301, pc: 0x000024f8, module: mini_httpd
  [261] inode: 41301, pc: 0x000024f0, module: mini_httpd
  [262] inode: 41301, pc: 0x000024e0, module: mini_httpd
  [263] inode: 16450, pc: 0x00010c60, module: libuClibc-0.9.30.so, symbol: __libc_waitpid
  [264] inode: 41301, pc: 0x000024cc, module: mini_httpd
  [265] inode: 41301, pc: 0x000024f0, module: mini_httpd
  [266] inode: 41301, pc: 0x000024e0, module: mini_httpd
  [267] inode: 16450, pc: 0x00010c6c, module: libuClibc-0.9.30.so, symbol: __libc_waitpid
  [268] inode: 41301, pc: 0x000024c8, module: mini_httpd
  [269] inode: 16450, pc: 0x0004a880, module: libuClibc-0.9.30.so, symbol: signal
  [270] inode: 41301, pc: 0x000024b8, module: mini_httpd
  [271] inode: 41301, pc: 0x00009678, module: mini_httpd, symbol: main
  [272] inode: 16450, pc: 0x0002f950, module: libuClibc-0.9.30.so, symbol: strcpy
  [273] inode: 41301, pc: 0x0000966c, module: mini_httpd, symbol: main
  [274] inode: 16450, pc: 0x000450bc, module: libuClibc-0.9.30.so, symbol: inet_ntoa
  [275] inode: 41301, pc: 0x00002104, module: mini_httpd
  [276] inode: 41301, pc: 0x00009658, module: mini_httpd, symbol: main
  [277] inode: 41301, pc: 0x000095a4, module: mini_httpd, symbol: main
  [278] inode: 16450, pc: 0x0002f950, module: libuClibc-0.9.30.so, symbol: strcpy
  [279] inode: 41301, pc: 0x0000958c, module: mini_httpd, symbol: main
  [280] inode: 41301, pc: 0x0000957c, module: mini_httpd, symbol: main
  [281] inode: 41301, pc: 0x000018a4, module: mini_httpd
  [282] inode: 16450, pc: 0x0000b884, module: libuClibc-0.9.30.so, symbol: close
  [283] inode: 41301, pc: 0x00001890, module: mini_httpd
  [284] inode: 16450, pc: 0x00012cc0, module: libuClibc-0.9.30.so, symbol: lockf64
  [285] inode: 41301, pc: 0x00001888, module: mini_httpd
  [286] inode: 41301, pc: 0x0000184c, module: mini_httpd
  [287] inode: 41301, pc: 0x00009564, module: mini_httpd, symbol: main
  [288] inode: 16450, pc: 0x000248b0, module: libuClibc-0.9.30.so, symbol: fclose
  [289] inode: 41301, pc: 0x00001920, module: mini_httpd
  [290] inode: 16450, pc: 0x0002d3f8, module: libuClibc-0.9.30.so, symbol: fread
  [291] inode: 41301, pc: 0x00001918, module: mini_httpd
  [292] inode: 41301, pc: 0x00001908, module: mini_httpd
  [293] inode: 16450, pc: 0x00026710, module: libuClibc-0.9.30.so, symbol: fopen64
  [294] inode: 41301, pc: 0x000018c0, module: mini_httpd
  [295] inode: 41301, pc: 0x0000954c, module: mini_httpd, symbol: main
  [296] inode: 41301, pc: 0x0000183c, module: mini_httpd
  [297] inode: 41301, pc: 0x00001818, module: mini_httpd
  [298] inode: 16450, pc: 0x00012cd0, module: libuClibc-0.9.30.so, symbol: lockf64
  [299] inode: 41301, pc: 0x00001810, module: mini_httpd
Total Parent trace elements: 300

--- Parent PID 1 Trace ---
  [000] inode: 16450, pc: 0x00010bd0, module: libuClibc-0.9.30.so, symbol: __libc_wait
  [001] inode: 41245, pc: 0x00039da8, module: busybox
  [002] inode: 41245, pc: 0x00039db4, module: busybox
  [003] inode: 16450, pc: 0x00010bd0, module: libuClibc-0.9.30.so, symbol: __libc_wait
  [004] inode: 41245, pc: 0x00039da8, module: busybox
  [005] inode: 41245, pc: 0x00039db4, module: busybox
  [006] inode: 16450, pc: 0x00010bd0, module: libuClibc-0.9.30.so, symbol: __libc_wait
  [007] inode: 41245, pc: 0x00039da8, module: busybox
  [008] inode: 41245, pc: 0x00039db4, module: busybox
  [009] inode: 16450, pc: 0x00010bd0, module: libuClibc-0.9.30.so, symbol: __libc_wait
  [010] inode: 41245, pc: 0x00039da8, module: busybox
  [011] inode: 41245, pc: 0x00039db4, module: busybox
  [012] inode: 16450, pc: 0x00010bd0, module: libuClibc-0.9.30.so, symbol: __libc_wait
  [013] inode: 41245, pc: 0x00039da8, module: busybox
  [014] inode: 41245, pc: 0x00039db4, module: busybox
  [015] inode: 16450, pc: 0x00010bd0, module: libuClibc-0.9.30.so, symbol: __libc_wait
  [016] inode: 41245, pc: 0x00039da8, module: busybox
  [017] inode: 41245, pc: 0x00039db4, module: busybox
  [018] inode: 16450, pc: 0x00010bd0, module: libuClibc-0.9.30.so, symbol: __libc_wait
  [019] inode: 41245, pc: 0x00039da8, module: busybox
  [020] inode: 41245, pc: 0x00039db4, module: busybox
  [021] inode: 16450, pc: 0x00010bd0, module: libuClibc-0.9.30.so, symbol: __libc_wait
  [022] inode: 41245, pc: 0x00039da8, module: busybox
  [023] inode: 41245, pc: 0x00039db4, module: busybox
  [024] inode: 16450, pc: 0x00010bd0, module: libuClibc-0.9.30.so, symbol: __libc_wait
  [025] inode: 41245, pc: 0x00039da8, module: busybox
  [026] inode: 41245, pc: 0x00039db4, module: busybox
  [027] inode: 16450, pc: 0x00010bdc, module: libuClibc-0.9.30.so, symbol: __libc_wait
  [028] inode: 41245, pc: 0x00039da8, module: busybox
  [029] inode: 41245, pc: 0x00039d94, module: busybox
  [030] inode: 41245, pc: 0x0003a7a8, module: busybox
  [031] inode: 41245, pc: 0x0003a734, module: busybox
  [032] inode: 41245, pc: 0x0003a628, module: busybox
  [033] inode: 41245, pc: 0x0003a604, module: busybox
  [034] inode: 16450, pc: 0x0000fc30, module: libuClibc-0.9.30.so, symbol: sigprocmask
  [035] inode: 41245, pc: 0x0003a5f8, module: busybox
  [036] inode: 16450, pc: 0x00010a60, module: libuClibc-0.9.30.so, symbol: vfork
  [037] inode: 41245, pc: 0x0003a5dc, module: busybox
  [038] inode: 41245, pc: 0x0003a5c0, module: busybox
  [039] inode: 16450, pc: 0x0000fc20, module: libuClibc-0.9.30.so, symbol: sigprocmask
  [040] inode: 41245, pc: 0x0003a5a8, module: busybox
  [041] inode: 16450, pc: 0x0004a370, module: libuClibc-0.9.30.so, symbol: sigaddset
  [042] inode: 41245, pc: 0x0003a594, module: busybox
  [043] inode: 16450, pc: 0x0004a550, module: libuClibc-0.9.30.so, symbol: sigemptyset
  [044] inode: 41245, pc: 0x0003a568, module: busybox
  [045] inode: 41245, pc: 0x0003a798, module: busybox
  [046] inode: 41245, pc: 0x0003a78c, module: busybox
  [047] inode: 41245, pc: 0x0003a778, module: busybox
  [048] inode: 41245, pc: 0x0003a828, module: busybox
  [049] inode: 41245, pc: 0x0003a778, module: busybox
  [050] inode: 41245, pc: 0x0003a828, module: busybox
  [051] inode: 41245, pc: 0x0003a778, module: busybox
  [052] inode: 41245, pc: 0x0003a828, module: busybox
  [053] inode: 41245, pc: 0x0003a778, module: busybox
  [054] inode: 41245, pc: 0x0003a828, module: busybox
  [055] inode: 41245, pc: 0x0003a778, module: busybox
  [056] inode: 41245, pc: 0x0003a828, module: busybox
  [057] inode: 41245, pc: 0x0003a778, module: busybox
  [058] inode: 41245, pc: 0x0003a828, module: busybox
  [059] inode: 41245, pc: 0x0003a778, module: busybox
  [060] inode: 41245, pc: 0x0003a828, module: busybox
  [061] inode: 41245, pc: 0x0003a778, module: busybox
  [062] inode: 41245, pc: 0x0003a744, module: busybox
  [063] inode: 41245, pc: 0x0003afe4, module: busybox, symbol: init_main
  [064] inode: 41245, pc: 0x0003afa8, module: busybox, symbol: init_main
  [065] inode: 16450, pc: 0x0002ec90, module: libuClibc-0.9.30.so, symbol: memset
  [066] inode: 41245, pc: 0x0003afa0, module: busybox, symbol: init_main
  [067] inode: 41245, pc: 0x0003afcc, module: busybox, symbol: init_main
  [068] inode: 16450, pc: 0x0002fa00, module: libuClibc-0.9.30.so, symbol: strlen
  [069] inode: 41245, pc: 0x0003afb8, module: busybox, symbol: init_main
  [070] inode: 41245, pc: 0x0003afa8, module: busybox, symbol: init_main
  [071] inode: 16450, pc: 0x0002fc40, module: libuClibc-0.9.30.so, symbol: strncpy
  [072] inode: 41245, pc: 0x0003af88, module: busybox, symbol: init_main
  [073] inode: 16450, pc: 0x0002fa00, module: libuClibc-0.9.30.so, symbol: strlen
  [074] inode: 41245, pc: 0x0003af70, module: busybox, symbol: init_main
  [075] inode: 16450, pc: 0x0002fc40, module: libuClibc-0.9.30.so, symbol: strncpy
  [076] inode: 41245, pc: 0x00042660, module: busybox, symbol: safe_strncpy
  [077] inode: 41245, pc: 0x00042648, module: busybox, symbol: safe_strncpy
  [078] inode: 41245, pc: 0x0003aa88, module: busybox
  [079] inode: 16450, pc: 0x0002fc40, module: libuClibc-0.9.30.so, symbol: strncpy
  [080] inode: 41245, pc: 0x00042660, module: busybox, symbol: safe_strncpy
  [081] inode: 41245, pc: 0x00042648, module: busybox, symbol: safe_strncpy
  [082] inode: 41245, pc: 0x0003aa70, module: busybox
  [083] inode: 41245, pc: 0x0003aa64, module: busybox
  [084] inode: 41245, pc: 0x0003aa58, module: busybox
  [085] inode: 41245, pc: 0x00007128, module: busybox, symbol: xzalloc
  [086] inode: 16450, pc: 0x0002ec90, module: libuClibc-0.9.30.so, symbol: memset
  [087] inode: 41245, pc: 0x0000710c, module: busybox, symbol: xzalloc
  [088] inode: 41245, pc: 0x00007074, module: busybox, symbol: xmalloc
  [089] inode: 41245, pc: 0x00007050, module: busybox, symbol: xmalloc
  [090] inode: 16450, pc: 0x0004afe4, module: libuClibc-0.9.30.so, symbol: malloc
  [091] inode: 41245, pc: 0x00007028, module: busybox, symbol: xmalloc
  [092] inode: 41245, pc: 0x000070e0, module: busybox, symbol: xzalloc
  [093] inode: 41245, pc: 0x0003aa4c, module: busybox
  [094] inode: 41245, pc: 0x0003aa00, module: busybox
  [095] inode: 41245, pc: 0x0003aa40, module: busybox
  [096] inode: 41245, pc: 0x0003aa18, module: busybox
  [097] inode: 16450, pc: 0x0002f920, module: libuClibc-0.9.30.so, symbol: strcmp
  [098] inode: 41245, pc: 0x0003aa08, module: busybox
  [099] inode: 41245, pc: 0x0003aa00, module: busybox
  [100] inode: 41245, pc: 0x0003aa40, module: busybox
  [101] inode: 41245, pc: 0x0003aa18, module: busybox
  [102] inode: 16450, pc: 0x0002f920, module: libuClibc-0.9.30.so, symbol: strcmp
  [103] inode: 41245, pc: 0x0003aa08, module: busybox
  [104] inode: 41245, pc: 0x0003aa00, module: busybox
  [105] inode: 41245, pc: 0x0003aa40, module: busybox
  [106] inode: 41245, pc: 0x0003aa18, module: busybox
  [107] inode: 16450, pc: 0x0002f920, module: libuClibc-0.9.30.so, symbol: strcmp
  [108] inode: 41245, pc: 0x0003aa08, module: busybox
  [109] inode: 41245, pc: 0x0003aa00, module: busybox
  [110] inode: 41245, pc: 0x0003aa40, module: busybox
  [111] inode: 41245, pc: 0x0003aa18, module: busybox
  [112] inode: 16450, pc: 0x0002f920, module: libuClibc-0.9.30.so, symbol: strcmp
  [113] inode: 41245, pc: 0x0003aa08, module: busybox
  [114] inode: 41245, pc: 0x0003aa00, module: busybox
  [115] inode: 41245, pc: 0x0003aa40, module: busybox
  [116] inode: 41245, pc: 0x0003aa18, module: busybox
  [117] inode: 16450, pc: 0x0002f920, module: libuClibc-0.9.30.so, symbol: strcmp
  [118] inode: 41245, pc: 0x0003aa08, module: busybox
  [119] inode: 41245, pc: 0x0003aa00, module: busybox
  [120] inode: 41245, pc: 0x0003aa40, module: busybox
  [121] inode: 41245, pc: 0x0003aa18, module: busybox
  [122] inode: 16450, pc: 0x0002f920, module: libuClibc-0.9.30.so, symbol: strcmp
  [123] inode: 41245, pc: 0x0003aa08, module: busybox
  [124] inode: 41245, pc: 0x0003aa00, module: busybox
  [125] inode: 41245, pc: 0x0003aa40, module: busybox
  [126] inode: 41245, pc: 0x0003aa18, module: busybox
  [127] inode: 16450, pc: 0x0002f920, module: libuClibc-0.9.30.so, symbol: strcmp
  [128] inode: 41245, pc: 0x0003aa08, module: busybox
  [129] inode: 41245, pc: 0x0003a9b8, module: busybox
  [130] inode: 41245, pc: 0x0003af4c, module: busybox, symbol: init_main
  [131] inode: 16450, pc: 0x0002fc40, module: libuClibc-0.9.30.so, symbol: strncpy
  [132] inode: 41245, pc: 0x00042660, module: busybox, symbol: safe_strncpy
  [133] inode: 41245, pc: 0x00042648, module: busybox, symbol: safe_strncpy
  [134] inode: 41245, pc: 0x0003aa88, module: busybox
  [135] inode: 16450, pc: 0x0002fc40, module: libuClibc-0.9.30.so, symbol: strncpy
  [136] inode: 41245, pc: 0x00042660, module: busybox, symbol: safe_strncpy
  [137] inode: 41245, pc: 0x00042648, module: busybox, symbol: safe_strncpy
  [138] inode: 41245, pc: 0x0003aa70, module: busybox
  [139] inode: 41245, pc: 0x0003aa64, module: busybox
  [140] inode: 41245, pc: 0x0003aa58, module: busybox
  [141] inode: 41245, pc: 0x00007128, module: busybox, symbol: xzalloc
  [142] inode: 16450, pc: 0x0002ec90, module: libuClibc-0.9.30.so, symbol: memset
  [143] inode: 41245, pc: 0x0000710c, module: busybox, symbol: xzalloc
  [144] inode: 41245, pc: 0x00007074, module: busybox, symbol: xmalloc
  [145] inode: 41245, pc: 0x00007050, module: busybox, symbol: xmalloc
  [146] inode: 16450, pc: 0x0004afe4, module: libuClibc-0.9.30.so, symbol: malloc
  [147] inode: 41245, pc: 0x00007028, module: busybox, symbol: xmalloc
  [148] inode: 41245, pc: 0x000070e0, module: busybox, symbol: xzalloc
  [149] inode: 41245, pc: 0x0003aa4c, module: busybox
  [150] inode: 41245, pc: 0x0003aa00, module: busybox
  [151] inode: 41245, pc: 0x0003aa40, module: busybox
  [152] inode: 41245, pc: 0x0003aa34, module: busybox
  [153] inode: 16450, pc: 0x0002f920, module: libuClibc-0.9.30.so, symbol: strcmp
  [154] inode: 41245, pc: 0x0003aa2c, module: busybox
  [155] inode: 41245, pc: 0x0003aa18, module: busybox
  [156] inode: 16450, pc: 0x0002f920, module: libuClibc-0.9.30.so, symbol: strcmp
  [157] inode: 41245, pc: 0x0003aa08, module: busybox
  [158] inode: 41245, pc: 0x0003aa00, module: busybox
  [159] inode: 41245, pc: 0x0003aa40, module: busybox
  [160] inode: 41245, pc: 0x0003aa34, module: busybox
  [161] inode: 16450, pc: 0x0002f920, module: libuClibc-0.9.30.so, symbol: strcmp
  [162] inode: 41245, pc: 0x0003aa2c, module: busybox
  [163] inode: 41245, pc: 0x0003aa18, module: busybox
  [164] inode: 16450, pc: 0x0002f920, module: libuClibc-0.9.30.so, symbol: strcmp
  [165] inode: 41245, pc: 0x0003aa08, module: busybox
  [166] inode: 41245, pc: 0x0003aa00, module: busybox
  [167] inode: 41245, pc: 0x0003aa40, module: busybox
  [168] inode: 41245, pc: 0x0003aa34, module: busybox
  [169] inode: 16450, pc: 0x0002f920, module: libuClibc-0.9.30.so, symbol: strcmp
  [170] inode: 41245, pc: 0x0003aa2c, module: busybox
  [171] inode: 41245, pc: 0x0003aa18, module: busybox
  [172] inode: 16450, pc: 0x0002f920, module: libuClibc-0.9.30.so, symbol: strcmp
  [173] inode: 41245, pc: 0x0003aa08, module: busybox
  [174] inode: 41245, pc: 0x0003aa00, module: busybox
  [175] inode: 41245, pc: 0x0003aa40, module: busybox
  [176] inode: 41245, pc: 0x0003aa18, module: busybox
  [177] inode: 16450, pc: 0x0002f920, module: libuClibc-0.9.30.so, symbol: strcmp
  [178] inode: 41245, pc: 0x0003aa08, module: busybox
  [179] inode: 41245, pc: 0x0003aa00, module: busybox
  [180] inode: 41245, pc: 0x0003aa40, module: busybox
  [181] inode: 41245, pc: 0x0003aa18, module: busybox
  [182] inode: 16450, pc: 0x0002f920, module: libuClibc-0.9.30.so, symbol: strcmp
  [183] inode: 41245, pc: 0x0003aa08, module: busybox
  [184] inode: 41245, pc: 0x0003aa00, module: busybox
  [185] inode: 41245, pc: 0x0003aa40, module: busybox
  [186] inode: 41245, pc: 0x0003aa18, module: busybox
  [187] inode: 16450, pc: 0x0002f920, module: libuClibc-0.9.30.so, symbol: strcmp
  [188] inode: 41245, pc: 0x0003aa08, module: busybox
  [189] inode: 41245, pc: 0x0003a9b8, module: busybox
  [190] inode: 41245, pc: 0x0003af30, module: busybox, symbol: init_main
  [191] inode: 16450, pc: 0x0002fc40, module: libuClibc-0.9.30.so, symbol: strncpy
  [192] inode: 41245, pc: 0x00042660, module: busybox, symbol: safe_strncpy
  [193] inode: 41245, pc: 0x00042648, module: busybox, symbol: safe_strncpy
  [194] inode: 41245, pc: 0x0003aa88, module: busybox
  [195] inode: 16450, pc: 0x0002fc40, module: libuClibc-0.9.30.so, symbol: strncpy
  [196] inode: 41245, pc: 0x00042660, module: busybox, symbol: safe_strncpy
  [197] inode: 41245, pc: 0x00042648, module: busybox, symbol: safe_strncpy
  [198] inode: 41245, pc: 0x0003aa70, module: busybox
  [199] inode: 41245, pc: 0x0003aa64, module: busybox
  [200] inode: 41245, pc: 0x0003aa58, module: busybox
  [201] inode: 41245, pc: 0x00007128, module: busybox, symbol: xzalloc
  [202] inode: 16450, pc: 0x0002ec90, module: libuClibc-0.9.30.so, symbol: memset
  [203] inode: 41245, pc: 0x0000710c, module: busybox, symbol: xzalloc
  [204] inode: 41245, pc: 0x00007074, module: busybox, symbol: xmalloc
  [205] inode: 41245, pc: 0x00007050, module: busybox, symbol: xmalloc
  [206] inode: 16450, pc: 0x0004afe4, module: libuClibc-0.9.30.so, symbol: malloc
  [207] inode: 41245, pc: 0x00007028, module: busybox, symbol: xmalloc
  [208] inode: 41245, pc: 0x000070e0, module: busybox, symbol: xzalloc
  [209] inode: 41245, pc: 0x0003aa4c, module: busybox
  [210] inode: 41245, pc: 0x0003aa00, module: busybox
  [211] inode: 41245, pc: 0x0003aa40, module: busybox
  [212] inode: 41245, pc: 0x0003aa34, module: busybox
  [213] inode: 16450, pc: 0x0002f920, module: libuClibc-0.9.30.so, symbol: strcmp
  [214] inode: 41245, pc: 0x0003aa2c, module: busybox
  [215] inode: 41245, pc: 0x0003aa18, module: busybox
  [216] inode: 16450, pc: 0x0002f920, module: libuClibc-0.9.30.so, symbol: strcmp
  [217] inode: 41245, pc: 0x0003aa08, module: busybox
  [218] inode: 41245, pc: 0x0003aa00, module: busybox
  [219] inode: 41245, pc: 0x0003aa40, module: busybox
  [220] inode: 41245, pc: 0x0003aa34, module: busybox
  [221] inode: 16450, pc: 0x0002f920, module: libuClibc-0.9.30.so, symbol: strcmp
  [222] inode: 41245, pc: 0x0003aa2c, module: busybox
  [223] inode: 41245, pc: 0x0003aa18, module: busybox
  [224] inode: 16450, pc: 0x0002f920, module: libuClibc-0.9.30.so, symbol: strcmp
  [225] inode: 41245, pc: 0x0003aa08, module: busybox
  [226] inode: 41245, pc: 0x0003aa00, module: busybox
  [227] inode: 41245, pc: 0x0003aa40, module: busybox
  [228] inode: 41245, pc: 0x0003aa18, module: busybox
  [229] inode: 16450, pc: 0x0002f920, module: libuClibc-0.9.30.so, symbol: strcmp
  [230] inode: 41245, pc: 0x0003aa08, module: busybox
  [231] inode: 41245, pc: 0x0003aa00, module: busybox
  [232] inode: 41245, pc: 0x0003aa40, module: busybox
  [233] inode: 41245, pc: 0x0003aa18, module: busybox
  [234] inode: 16450, pc: 0x0002f920, module: libuClibc-0.9.30.so, symbol: strcmp
  [235] inode: 41245, pc: 0x0003aa08, module: busybox
  [236] inode: 41245, pc: 0x0003aa00, module: busybox
  [237] inode: 41245, pc: 0x0003aa40, module: busybox
  [238] inode: 41245, pc: 0x0003aa18, module: busybox
  [239] inode: 16450, pc: 0x0002f920, module: libuClibc-0.9.30.so, symbol: strcmp
  [240] inode: 41245, pc: 0x0003aa08, module: busybox
  [241] inode: 41245, pc: 0x0003a9b8, module: busybox
  [242] inode: 41245, pc: 0x0003af14, module: busybox, symbol: init_main
  [243] inode: 16450, pc: 0x0002fc40, module: libuClibc-0.9.30.so, symbol: strncpy
  [244] inode: 41245, pc: 0x00042660, module: busybox, symbol: safe_strncpy
  [245] inode: 41245, pc: 0x00042648, module: busybox, symbol: safe_strncpy
  [246] inode: 41245, pc: 0x0003aa88, module: busybox
  [247] inode: 16450, pc: 0x0002fc40, module: libuClibc-0.9.30.so, symbol: strncpy
  [248] inode: 41245, pc: 0x00042660, module: busybox, symbol: safe_strncpy
  [249] inode: 41245, pc: 0x00042648, module: busybox, symbol: safe_strncpy
  [250] inode: 41245, pc: 0x0003aa70, module: busybox
  [251] inode: 41245, pc: 0x0003aa64, module: busybox
  [252] inode: 41245, pc: 0x0003aa58, module: busybox
  [253] inode: 41245, pc: 0x00007128, module: busybox, symbol: xzalloc
  [254] inode: 16450, pc: 0x0002ec90, module: libuClibc-0.9.30.so, symbol: memset
  [255] inode: 41245, pc: 0x0000710c, module: busybox, symbol: xzalloc
  [256] inode: 41245, pc: 0x00007074, module: busybox, symbol: xmalloc
  [257] inode: 41245, pc: 0x00007050, module: busybox, symbol: xmalloc
  [258] inode: 16450, pc: 0x0004afe4, module: libuClibc-0.9.30.so, symbol: malloc
  [259] inode: 41245, pc: 0x00007028, module: busybox, symbol: xmalloc
  [260] inode: 41245, pc: 0x000070e0, module: busybox, symbol: xzalloc
  [261] inode: 41245, pc: 0x0003aa4c, module: busybox
  [262] inode: 41245, pc: 0x0003aa00, module: busybox
  [263] inode: 41245, pc: 0x0003aa40, module: busybox
  [264] inode: 41245, pc: 0x0003aa34, module: busybox
  [265] inode: 16450, pc: 0x0002f920, module: libuClibc-0.9.30.so, symbol: strcmp
  [266] inode: 41245, pc: 0x0003aa2c, module: busybox
  [267] inode: 41245, pc: 0x0003aa18, module: busybox
  [268] inode: 16450, pc: 0x0002f920, module: libuClibc-0.9.30.so, symbol: strcmp
  [269] inode: 41245, pc: 0x0003aa08, module: busybox
  [270] inode: 41245, pc: 0x0003aa00, module: busybox
  [271] inode: 41245, pc: 0x0003aa40, module: busybox
  [272] inode: 41245, pc: 0x0003aa18, module: busybox
  [273] inode: 16450, pc: 0x0002f920, module: libuClibc-0.9.30.so, symbol: strcmp
  [274] inode: 41245, pc: 0x0003aa08, module: busybox
  [275] inode: 41245, pc: 0x0003aa00, module: busybox
  [276] inode: 41245, pc: 0x0003aa40, module: busybox
  [277] inode: 41245, pc: 0x0003aa18, module: busybox
  [278] inode: 16450, pc: 0x0002f920, module: libuClibc-0.9.30.so, symbol: strcmp
  [279] inode: 41245, pc: 0x0003aa08, module: busybox
  [280] inode: 41245, pc: 0x0003aa00, module: busybox
  [281] inode: 41245, pc: 0x0003aa40, module: busybox
  [282] inode: 41245, pc: 0x0003aa18, module: busybox
  [283] inode: 16450, pc: 0x0002f920, module: libuClibc-0.9.30.so, symbol: strcmp
  [284] inode: 41245, pc: 0x0003aa08, module: busybox
  [285] inode: 41245, pc: 0x0003a9b8, module: busybox
  [286] inode: 41245, pc: 0x0003aef8, module: busybox, symbol: init_main
  [287] inode: 16450, pc: 0x0002fc40, module: libuClibc-0.9.30.so, symbol: strncpy
  [288] inode: 41245, pc: 0x00042660, module: busybox, symbol: safe_strncpy
  [289] inode: 41245, pc: 0x00042648, module: busybox, symbol: safe_strncpy
  [290] inode: 41245, pc: 0x0003aa88, module: busybox
  [291] inode: 16450, pc: 0x0002fc40, module: libuClibc-0.9.30.so, symbol: strncpy
  [292] inode: 41245, pc: 0x00042660, module: busybox, symbol: safe_strncpy
  [293] inode: 41245, pc: 0x00042648, module: busybox, symbol: safe_strncpy
  [294] inode: 41245, pc: 0x0003aa70, module: busybox
  [295] inode: 41245, pc: 0x0003aa64, module: busybox
  [296] inode: 41245, pc: 0x0003aa58, module: busybox
  [297] inode: 41245, pc: 0x00007128, module: busybox, symbol: xzalloc
  [298] inode: 16450, pc: 0x0002ec90, module: libuClibc-0.9.30.so, symbol: memset
  [299] inode: 41245, pc: 0x0000710c, module: busybox, symbol: xzalloc
Total Parent trace elements: 300

--- Parent PID 0 Trace ---
Total Parent trace elements: 0

