=== Trace for PID 147 ===
Process: xmldb

--- Self PID 147 Trace ---
  [000] inode: 24720, pc: 0x0000552c, module: xmldb
  [001] inode: 24720, pc: 0x00005538, module: xmldb
  [002] inode: 24720, pc: 0x00005520, module: xmldb
  [003] inode: 24580, pc: 0x0002e6b0, module: libc.so.0, symbol: strcoll
  [004] inode: 24720, pc: 0x0000552c, module: xmldb
  [005] inode: 24720, pc: 0x00005538, module: xmldb
  [006] inode: 24720, pc: 0x00005520, module: xmldb
  [007] inode: 24580, pc: 0x0002e6b0, module: libc.so.0, symbol: strcoll
  [008] inode: 24720, pc: 0x0000552c, module: xmldb
  [009] inode: 24720, pc: 0x00005538, module: xmldb
  [010] inode: 24720, pc: 0x00005520, module: xmldb
  [011] inode: 24580, pc: 0x0002e6b0, module: libc.so.0, symbol: strcoll
  [012] inode: 24720, pc: 0x0000552c, module: xmldb
  [013] inode: 24720, pc: 0x00005538, module: xmldb
  [014] inode: 24720, pc: 0x00005520, module: xmldb
  [015] inode: 24580, pc: 0x0002e6b0, module: libc.so.0, symbol: strcoll
  [016] inode: 24720, pc: 0x0000552c, module: xmldb
  [017] inode: 24720, pc: 0x00005538, module: xmldb
  [018] inode: 24720, pc: 0x00005520, module: xmldb
  [019] inode: 24580, pc: 0x0002e6b0, module: libc.so.0, symbol: strcoll
  [020] inode: 24720, pc: 0x0000552c, module: xmldb
  [021] inode: 24720, pc: 0x00005538, module: xmldb
  [022] inode: 24720, pc: 0x00005520, module: xmldb
  [023] inode: 24580, pc: 0x0002e6b0, module: libc.so.0, symbol: strcoll
  [024] inode: 24720, pc: 0x0000552c, module: xmldb
  [025] inode: 24720, pc: 0x00005538, module: xmldb
  [026] inode: 24720, pc: 0x00005520, module: xmldb
  [027] inode: 24580, pc: 0x0002e6b0, module: libc.so.0, symbol: strcoll
  [028] inode: 24720, pc: 0x0000552c, module: xmldb
  [029] inode: 24720, pc: 0x00005538, module: xmldb
  [030] inode: 24720, pc: 0x00005520, module: xmldb
  [031] inode: 24580, pc: 0x0002e6b0, module: libc.so.0, symbol: strcoll
  [032] inode: 24720, pc: 0x0000552c, module: xmldb
  [033] inode: 24720, pc: 0x00005538, module: xmldb
  [034] inode: 24720, pc: 0x00005520, module: xmldb
  [035] inode: 24580, pc: 0x0002e6b0, module: libc.so.0, symbol: strcoll
  [036] inode: 24720, pc: 0x0000552c, module: xmldb
  [037] inode: 24720, pc: 0x00005538, module: xmldb
  [038] inode: 24720, pc: 0x00005520, module: xmldb
  [039] inode: 24580, pc: 0x0002e6b0, module: libc.so.0, symbol: strcoll
  [040] inode: 24720, pc: 0x0000552c, module: xmldb
  [041] inode: 24720, pc: 0x00005538, module: xmldb
  [042] inode: 24720, pc: 0x00005520, module: xmldb
  [043] inode: 24580, pc: 0x0002e6b0, module: libc.so.0, symbol: strcoll
  [044] inode: 24720, pc: 0x0000552c, module: xmldb
  [045] inode: 24720, pc: 0x00005538, module: xmldb
  [046] inode: 24720, pc: 0x00005520, module: xmldb
  [047] inode: 24580, pc: 0x0002e6b0, module: libc.so.0, symbol: strcoll
  [048] inode: 24720, pc: 0x0000552c, module: xmldb
  [049] inode: 24720, pc: 0x00005538, module: xmldb
  [050] inode: 24720, pc: 0x00005520, module: xmldb
  [051] inode: 24580, pc: 0x0002e6b0, module: libc.so.0, symbol: strcoll
  [052] inode: 24720, pc: 0x0000552c, module: xmldb
  [053] inode: 24720, pc: 0x00005538, module: xmldb
  [054] inode: 24720, pc: 0x00005520, module: xmldb
  [055] inode: 24580, pc: 0x0002e6b0, module: libc.so.0, symbol: strcoll
  [056] inode: 24720, pc: 0x0000552c, module: xmldb
  [057] inode: 24720, pc: 0x00005538, module: xmldb
  [058] inode: 24720, pc: 0x00005520, module: xmldb
  [059] inode: 24580, pc: 0x0002e6b0, module: libc.so.0, symbol: strcoll
  [060] inode: 24720, pc: 0x0000552c, module: xmldb
  [061] inode: 24720, pc: 0x00005538, module: xmldb
  [062] inode: 24720, pc: 0x00005520, module: xmldb
  [063] inode: 24580, pc: 0x0002e6b0, module: libc.so.0, symbol: strcoll
  [064] inode: 24720, pc: 0x0000552c, module: xmldb
  [065] inode: 24720, pc: 0x00005538, module: xmldb
  [066] inode: 24720, pc: 0x00005520, module: xmldb
  [067] inode: 24580, pc: 0x0002e6b0, module: libc.so.0, symbol: strcoll
  [068] inode: 24720, pc: 0x0000552c, module: xmldb
  [069] inode: 24720, pc: 0x00005538, module: xmldb
  [070] inode: 24720, pc: 0x00005520, module: xmldb
  [071] inode: 24580, pc: 0x0002e6b0, module: libc.so.0, symbol: strcoll
  [072] inode: 24720, pc: 0x0000552c, module: xmldb
  [073] inode: 24720, pc: 0x00005538, module: xmldb
  [074] inode: 24720, pc: 0x00005520, module: xmldb
  [075] inode: 24580, pc: 0x0002e6b0, module: libc.so.0, symbol: strcoll
  [076] inode: 24720, pc: 0x0000552c, module: xmldb
  [077] inode: 24720, pc: 0x00005538, module: xmldb
  [078] inode: 24720, pc: 0x00005520, module: xmldb
  [079] inode: 24580, pc: 0x0002e6b0, module: libc.so.0, symbol: strcoll
  [080] inode: 24720, pc: 0x0000552c, module: xmldb
  [081] inode: 24720, pc: 0x00005538, module: xmldb
  [082] inode: 24720, pc: 0x00005520, module: xmldb
  [083] inode: 24580, pc: 0x0002e6b0, module: libc.so.0, symbol: strcoll
  [084] inode: 24720, pc: 0x0000552c, module: xmldb
  [085] inode: 24720, pc: 0x00005538, module: xmldb
  [086] inode: 24720, pc: 0x00005520, module: xmldb
  [087] inode: 24580, pc: 0x0002e6b0, module: libc.so.0, symbol: strcoll
  [088] inode: 24720, pc: 0x0000552c, module: xmldb
  [089] inode: 24720, pc: 0x00005538, module: xmldb
  [090] inode: 24720, pc: 0x00005520, module: xmldb
  [091] inode: 24580, pc: 0x0002e6b0, module: libc.so.0, symbol: strcoll
  [092] inode: 24720, pc: 0x0000552c, module: xmldb
  [093] inode: 24720, pc: 0x00005538, module: xmldb
  [094] inode: 24720, pc: 0x00005520, module: xmldb
  [095] inode: 24580, pc: 0x0002e6b0, module: libc.so.0, symbol: strcoll
  [096] inode: 24720, pc: 0x0000552c, module: xmldb
  [097] inode: 24720, pc: 0x00005538, module: xmldb
  [098] inode: 24720, pc: 0x00005520, module: xmldb
  [099] inode: 24580, pc: 0x0002e6b0, module: libc.so.0, symbol: strcoll
  [100] inode: 24720, pc: 0x0000552c, module: xmldb
  [101] inode: 24720, pc: 0x00005538, module: xmldb
  [102] inode: 24720, pc: 0x00005520, module: xmldb
  [103] inode: 24580, pc: 0x0002e6b0, module: libc.so.0, symbol: strcoll
  [104] inode: 24720, pc: 0x0000552c, module: xmldb
  [105] inode: 24720, pc: 0x00005538, module: xmldb
  [106] inode: 24720, pc: 0x00005520, module: xmldb
  [107] inode: 24580, pc: 0x0002e6b0, module: libc.so.0, symbol: strcoll
  [108] inode: 24720, pc: 0x0000552c, module: xmldb
  [109] inode: 24720, pc: 0x00005538, module: xmldb
  [110] inode: 24720, pc: 0x00005520, module: xmldb
  [111] inode: 24580, pc: 0x0002e6b0, module: libc.so.0, symbol: strcoll
  [112] inode: 24720, pc: 0x0000552c, module: xmldb
  [113] inode: 24720, pc: 0x00005538, module: xmldb
  [114] inode: 24720, pc: 0x00005520, module: xmldb
  [115] inode: 24580, pc: 0x0002e6b0, module: libc.so.0, symbol: strcoll
  [116] inode: 24720, pc: 0x0000552c, module: xmldb
  [117] inode: 24720, pc: 0x00005538, module: xmldb
  [118] inode: 24720, pc: 0x00005520, module: xmldb
  [119] inode: 24580, pc: 0x0002e6b0, module: libc.so.0, symbol: strcoll
  [120] inode: 24720, pc: 0x0000552c, module: xmldb
  [121] inode: 24720, pc: 0x00005538, module: xmldb
  [122] inode: 24720, pc: 0x00005520, module: xmldb
  [123] inode: 24580, pc: 0x0002e6b0, module: libc.so.0, symbol: strcoll
  [124] inode: 24720, pc: 0x0000552c, module: xmldb
  [125] inode: 24720, pc: 0x00005538, module: xmldb
  [126] inode: 24720, pc: 0x00005520, module: xmldb
  [127] inode: 24580, pc: 0x0002e6b0, module: libc.so.0, symbol: strcoll
  [128] inode: 24720, pc: 0x0000552c, module: xmldb
  [129] inode: 24720, pc: 0x00005538, module: xmldb
  [130] inode: 24720, pc: 0x00005520, module: xmldb
  [131] inode: 24580, pc: 0x0002e6b0, module: libc.so.0, symbol: strcoll
  [132] inode: 24720, pc: 0x0000552c, module: xmldb
  [133] inode: 24720, pc: 0x00005538, module: xmldb
  [134] inode: 24720, pc: 0x00005520, module: xmldb
  [135] inode: 24580, pc: 0x0002e6b0, module: libc.so.0, symbol: strcoll
  [136] inode: 24720, pc: 0x0000552c, module: xmldb
  [137] inode: 24720, pc: 0x00005538, module: xmldb
  [138] inode: 24720, pc: 0x00005520, module: xmldb
  [139] inode: 24580, pc: 0x0002e6b0, module: libc.so.0, symbol: strcoll
  [140] inode: 24720, pc: 0x0000552c, module: xmldb
  [141] inode: 24720, pc: 0x00005538, module: xmldb
  [142] inode: 24720, pc: 0x00005520, module: xmldb
  [143] inode: 24580, pc: 0x0002e6b0, module: libc.so.0, symbol: strcoll
  [144] inode: 24720, pc: 0x0000552c, module: xmldb
  [145] inode: 24720, pc: 0x00005538, module: xmldb
  [146] inode: 24720, pc: 0x00005520, module: xmldb
  [147] inode: 24580, pc: 0x0002e6b0, module: libc.so.0, symbol: strcoll
  [148] inode: 24720, pc: 0x0000552c, module: xmldb
  [149] inode: 24720, pc: 0x00005538, module: xmldb
  [150] inode: 24720, pc: 0x00005520, module: xmldb
  [151] inode: 24580, pc: 0x0002e6b0, module: libc.so.0, symbol: strcoll
  [152] inode: 24720, pc: 0x0000552c, module: xmldb
  [153] inode: 24720, pc: 0x00005538, module: xmldb
  [154] inode: 24720, pc: 0x00005520, module: xmldb
  [155] inode: 24580, pc: 0x0002e6b0, module: libc.so.0, symbol: strcoll
  [156] inode: 24720, pc: 0x0000552c, module: xmldb
  [157] inode: 24720, pc: 0x00005538, module: xmldb
  [158] inode: 24720, pc: 0x00005520, module: xmldb
  [159] inode: 24580, pc: 0x0002e6b0, module: libc.so.0, symbol: strcoll
  [160] inode: 24720, pc: 0x0000552c, module: xmldb
  [161] inode: 24720, pc: 0x00005538, module: xmldb
  [162] inode: 24720, pc: 0x00005520, module: xmldb
  [163] inode: 24580, pc: 0x0002e6b0, module: libc.so.0, symbol: strcoll
  [164] inode: 24720, pc: 0x0000552c, module: xmldb
  [165] inode: 24720, pc: 0x00005538, module: xmldb
  [166] inode: 24720, pc: 0x00005520, module: xmldb
  [167] inode: 24580, pc: 0x0002e6b0, module: libc.so.0, symbol: strcoll
  [168] inode: 24720, pc: 0x0000552c, module: xmldb
  [169] inode: 24720, pc: 0x00005538, module: xmldb
  [170] inode: 24720, pc: 0x00005520, module: xmldb
  [171] inode: 24580, pc: 0x0002e6b0, module: libc.so.0, symbol: strcoll
  [172] inode: 24720, pc: 0x0000552c, module: xmldb
  [173] inode: 24720, pc: 0x00005538, module: xmldb
  [174] inode: 24720, pc: 0x00005520, module: xmldb
  [175] inode: 24580, pc: 0x0002e6b0, module: libc.so.0, symbol: strcoll
  [176] inode: 24720, pc: 0x0000552c, module: xmldb
  [177] inode: 24720, pc: 0x00005538, module: xmldb
  [178] inode: 24720, pc: 0x00005520, module: xmldb
  [179] inode: 24580, pc: 0x0002e6b0, module: libc.so.0, symbol: strcoll
  [180] inode: 24720, pc: 0x0000552c, module: xmldb
  [181] inode: 24720, pc: 0x00005538, module: xmldb
  [182] inode: 24720, pc: 0x00005520, module: xmldb
  [183] inode: 24580, pc: 0x0002e6b0, module: libc.so.0, symbol: strcoll
  [184] inode: 24720, pc: 0x0000552c, module: xmldb
  [185] inode: 24720, pc: 0x00005538, module: xmldb
  [186] inode: 24720, pc: 0x00005520, module: xmldb
  [187] inode: 24580, pc: 0x0002e6b0, module: libc.so.0, symbol: strcoll
  [188] inode: 24720, pc: 0x0000552c, module: xmldb
  [189] inode: 24720, pc: 0x00005538, module: xmldb
  [190] inode: 24720, pc: 0x00005520, module: xmldb
  [191] inode: 24580, pc: 0x0002e6b0, module: libc.so.0, symbol: strcoll
  [192] inode: 24720, pc: 0x0000552c, module: xmldb
  [193] inode: 24720, pc: 0x00005538, module: xmldb
  [194] inode: 24720, pc: 0x00005520, module: xmldb
  [195] inode: 24580, pc: 0x0002e6b0, module: libc.so.0, symbol: strcoll
  [196] inode: 24720, pc: 0x0000552c, module: xmldb
  [197] inode: 24720, pc: 0x00005538, module: xmldb
  [198] inode: 24720, pc: 0x00005520, module: xmldb
  [199] inode: 24580, pc: 0x0002e6b0, module: libc.so.0, symbol: strcoll
  [200] inode: 24720, pc: 0x0000552c, module: xmldb
  [201] inode: 24720, pc: 0x00005538, module: xmldb
  [202] inode: 24720, pc: 0x00005520, module: xmldb
  [203] inode: 24580, pc: 0x0002e6b0, module: libc.so.0, symbol: strcoll
  [204] inode: 24720, pc: 0x0000552c, module: xmldb
  [205] inode: 24720, pc: 0x00005538, module: xmldb
  [206] inode: 24720, pc: 0x00005520, module: xmldb
  [207] inode: 24580, pc: 0x0002e6b0, module: libc.so.0, symbol: strcoll
  [208] inode: 24720, pc: 0x0000552c, module: xmldb
  [209] inode: 24720, pc: 0x00005538, module: xmldb
  [210] inode: 24720, pc: 0x00005520, module: xmldb
  [211] inode: 24580, pc: 0x0002e6b0, module: libc.so.0, symbol: strcoll
  [212] inode: 24720, pc: 0x0000552c, module: xmldb
  [213] inode: 24720, pc: 0x00005538, module: xmldb
  [214] inode: 24720, pc: 0x00005520, module: xmldb
  [215] inode: 24580, pc: 0x0002e6b0, module: libc.so.0, symbol: strcoll
  [216] inode: 24720, pc: 0x0000552c, module: xmldb
  [217] inode: 24720, pc: 0x00005538, module: xmldb
  [218] inode: 24720, pc: 0x00005520, module: xmldb
  [219] inode: 24580, pc: 0x0002e6b0, module: libc.so.0, symbol: strcoll
  [220] inode: 24720, pc: 0x0000552c, module: xmldb
  [221] inode: 24720, pc: 0x00005538, module: xmldb
  [222] inode: 24720, pc: 0x00005520, module: xmldb
  [223] inode: 24580, pc: 0x0002e6b0, module: libc.so.0, symbol: strcoll
  [224] inode: 24720, pc: 0x0000552c, module: xmldb
  [225] inode: 24720, pc: 0x00005538, module: xmldb
  [226] inode: 24720, pc: 0x00005520, module: xmldb
  [227] inode: 24580, pc: 0x0002e6b0, module: libc.so.0, symbol: strcoll
  [228] inode: 24720, pc: 0x0000552c, module: xmldb
  [229] inode: 24720, pc: 0x00005538, module: xmldb
  [230] inode: 24720, pc: 0x00005520, module: xmldb
  [231] inode: 24580, pc: 0x0002e6b0, module: libc.so.0, symbol: strcoll
  [232] inode: 24720, pc: 0x0000552c, module: xmldb
  [233] inode: 24720, pc: 0x00005538, module: xmldb
  [234] inode: 24720, pc: 0x00005520, module: xmldb
  [235] inode: 24580, pc: 0x0002e6b0, module: libc.so.0, symbol: strcoll
  [236] inode: 24720, pc: 0x0000552c, module: xmldb
  [237] inode: 24720, pc: 0x00005538, module: xmldb
  [238] inode: 24720, pc: 0x00005520, module: xmldb
  [239] inode: 24580, pc: 0x0002e6b0, module: libc.so.0, symbol: strcoll
  [240] inode: 24720, pc: 0x0000552c, module: xmldb
  [241] inode: 24720, pc: 0x00005538, module: xmldb
  [242] inode: 24720, pc: 0x00005520, module: xmldb
  [243] inode: 24580, pc: 0x0002e6b0, module: libc.so.0, symbol: strcoll
  [244] inode: 24720, pc: 0x0000552c, module: xmldb
  [245] inode: 24720, pc: 0x00005538, module: xmldb
  [246] inode: 24720, pc: 0x00005520, module: xmldb
  [247] inode: 24580, pc: 0x0002e6b0, module: libc.so.0, symbol: strcoll
  [248] inode: 24720, pc: 0x0000552c, module: xmldb
  [249] inode: 24720, pc: 0x00005538, module: xmldb
  [250] inode: 24720, pc: 0x00005520, module: xmldb
  [251] inode: 24580, pc: 0x0002e6b0, module: libc.so.0, symbol: strcoll
  [252] inode: 24720, pc: 0x0000552c, module: xmldb
  [253] inode: 24720, pc: 0x00005538, module: xmldb
  [254] inode: 24720, pc: 0x00005520, module: xmldb
  [255] inode: 24580, pc: 0x0002e6b0, module: libc.so.0, symbol: strcoll
  [256] inode: 24720, pc: 0x0000552c, module: xmldb
  [257] inode: 24720, pc: 0x00005538, module: xmldb
  [258] inode: 24720, pc: 0x00005520, module: xmldb
  [259] inode: 24580, pc: 0x0002e6b0, module: libc.so.0, symbol: strcoll
  [260] inode: 24720, pc: 0x0000552c, module: xmldb
  [261] inode: 24720, pc: 0x00005538, module: xmldb
  [262] inode: 24720, pc: 0x00005520, module: xmldb
  [263] inode: 24580, pc: 0x0002e6b0, module: libc.so.0, symbol: strcoll
  [264] inode: 24720, pc: 0x0000552c, module: xmldb
  [265] inode: 24720, pc: 0x00005538, module: xmldb
  [266] inode: 24720, pc: 0x00005520, module: xmldb
  [267] inode: 24580, pc: 0x0002e6b0, module: libc.so.0, symbol: strcoll
  [268] inode: 24720, pc: 0x0000552c, module: xmldb
  [269] inode: 24720, pc: 0x00005538, module: xmldb
  [270] inode: 24720, pc: 0x00005520, module: xmldb
  [271] inode: 24580, pc: 0x0002e6b0, module: libc.so.0, symbol: strcoll
  [272] inode: 24720, pc: 0x0000552c, module: xmldb
  [273] inode: 24720, pc: 0x00005538, module: xmldb
  [274] inode: 24720, pc: 0x00005520, module: xmldb
  [275] inode: 24580, pc: 0x0002e6b0, module: libc.so.0, symbol: strcoll
  [276] inode: 24720, pc: 0x0000552c, module: xmldb
  [277] inode: 24720, pc: 0x00005538, module: xmldb
  [278] inode: 24720, pc: 0x00005520, module: xmldb
  [279] inode: 24580, pc: 0x0002e6b0, module: libc.so.0, symbol: strcoll
  [280] inode: 24720, pc: 0x0000552c, module: xmldb
  [281] inode: 24720, pc: 0x00005538, module: xmldb
  [282] inode: 24720, pc: 0x00005548, module: xmldb
  [283] inode: 24720, pc: 0x00005434, module: xmldb
  [284] inode: 24580, pc: 0x00048e9c, module: libc.so.0, symbol: malloc
  [285] inode: 24720, pc: 0x00005468, module: xmldb
  [286] inode: 24720, pc: 0x00005474, module: xmldb
  [287] inode: 24580, pc: 0x0002f280, module: libc.so.0, symbol: strdup
  [288] inode: 24720, pc: 0x0000548c, module: xmldb
  [289] inode: 24580, pc: 0x0002f280, module: libc.so.0, symbol: strdup
  [290] inode: 24720, pc: 0x000054a4, module: xmldb
  [291] inode: 24720, pc: 0x00005558, module: xmldb
  [292] inode: 24720, pc: 0x000055a8, module: xmldb
  [293] inode: 24720, pc: 0x000055b4, module: xmldb
  [294] inode: 24720, pc: 0x000055c4, module: xmldb
  [295] inode: 24580, pc: 0x0004a150, module: libc.so.0, symbol: free
  [296] inode: 24720, pc: 0x000055d4, module: xmldb
  [297] inode: 24580, pc: 0x0002f280, module: libc.so.0, symbol: strdup
  [298] inode: 24720, pc: 0x000055ec, module: xmldb
  [299] inode: 24720, pc: 0x000087ec, module: xmldb
Total Self trace elements: 300

--- Parent PID 52 Trace ---
  [000] inode: 32770, pc: 0x0004bb58, module: busybox
  [001] inode: 32770, pc: 0x0004bb58, module: busybox
  [002] inode: 32770, pc: 0x0004bb58, module: busybox
  [003] inode: 32770, pc: 0x0004bb58, module: busybox
  [004] inode: 32770, pc: 0x0004bb58, module: busybox
  [005] inode: 32770, pc: 0x0004bb58, module: busybox
  [006] inode: 32770, pc: 0x0004bb58, module: busybox
  [007] inode: 32770, pc: 0x0004bb58, module: busybox
  [008] inode: 32770, pc: 0x0004bb58, module: busybox
  [009] inode: 32770, pc: 0x0004bb58, module: busybox
  [010] inode: 32770, pc: 0x0004bb58, module: busybox
  [011] inode: 32770, pc: 0x0004bb58, module: busybox
  [012] inode: 32770, pc: 0x0004bb58, module: busybox
  [013] inode: 32770, pc: 0x0004bb58, module: busybox
  [014] inode: 32770, pc: 0x0004bb58, module: busybox
  [015] inode: 32770, pc: 0x0004bb58, module: busybox
  [016] inode: 32770, pc: 0x0004bb58, module: busybox
  [017] inode: 32770, pc: 0x0004bb58, module: busybox
  [018] inode: 32770, pc: 0x0004bb58, module: busybox
  [019] inode: 32770, pc: 0x0004bb58, module: busybox
  [020] inode: 32770, pc: 0x0004bb58, module: busybox
  [021] inode: 32770, pc: 0x0004bb58, module: busybox
  [022] inode: 32770, pc: 0x0004bb58, module: busybox
  [023] inode: 32770, pc: 0x0004bb58, module: busybox
  [024] inode: 32770, pc: 0x0004bb58, module: busybox
  [025] inode: 32770, pc: 0x0004bb58, module: busybox
  [026] inode: 32770, pc: 0x0004bb58, module: busybox
  [027] inode: 32770, pc: 0x0004bb58, module: busybox
  [028] inode: 32770, pc: 0x0004bb58, module: busybox
  [029] inode: 32770, pc: 0x0004bb58, module: busybox
  [030] inode: 32770, pc: 0x0004bb58, module: busybox
  [031] inode: 32770, pc: 0x0004bb58, module: busybox
  [032] inode: 32770, pc: 0x0004bb58, module: busybox
  [033] inode: 32770, pc: 0x0004bb58, module: busybox
  [034] inode: 32770, pc: 0x0004bb58, module: busybox
  [035] inode: 32770, pc: 0x0004bb58, module: busybox
  [036] inode: 32770, pc: 0x0004bb58, module: busybox
  [037] inode: 32770, pc: 0x0004bb58, module: busybox
  [038] inode: 32770, pc: 0x0004bb58, module: busybox
  [039] inode: 32770, pc: 0x0004bb58, module: busybox
  [040] inode: 32770, pc: 0x0004bb58, module: busybox
  [041] inode: 32770, pc: 0x0004bb58, module: busybox
  [042] inode: 32770, pc: 0x0004bb58, module: busybox
  [043] inode: 32770, pc: 0x0004bb58, module: busybox
  [044] inode: 32770, pc: 0x0004bb58, module: busybox
  [045] inode: 32770, pc: 0x0004bb58, module: busybox
  [046] inode: 32770, pc: 0x0004bb58, module: busybox
  [047] inode: 32770, pc: 0x0004bb58, module: busybox
  [048] inode: 32770, pc: 0x0004bb58, module: busybox
  [049] inode: 32770, pc: 0x0004bb58, module: busybox
  [050] inode: 32770, pc: 0x0004bb58, module: busybox
  [051] inode: 32770, pc: 0x0004bb58, module: busybox
  [052] inode: 32770, pc: 0x0004bb58, module: busybox
  [053] inode: 32770, pc: 0x0004bb58, module: busybox
  [054] inode: 32770, pc: 0x0004bb58, module: busybox
  [055] inode: 32770, pc: 0x0004bb58, module: busybox
  [056] inode: 32770, pc: 0x0004bb58, module: busybox
  [057] inode: 32770, pc: 0x0004bb58, module: busybox
  [058] inode: 32770, pc: 0x0004bb58, module: busybox
  [059] inode: 32770, pc: 0x0004bb58, module: busybox
  [060] inode: 32770, pc: 0x0004bb58, module: busybox
  [061] inode: 32770, pc: 0x0004bb58, module: busybox
  [062] inode: 32770, pc: 0x0004bb58, module: busybox
  [063] inode: 32770, pc: 0x0004bb58, module: busybox
  [064] inode: 32770, pc: 0x0004bb58, module: busybox
  [065] inode: 32770, pc: 0x0004bb58, module: busybox
  [066] inode: 32770, pc: 0x0004bb58, module: busybox
  [067] inode: 32770, pc: 0x0004bb58, module: busybox
  [068] inode: 32770, pc: 0x0004bb58, module: busybox
  [069] inode: 32770, pc: 0x0004bb58, module: busybox
  [070] inode: 32770, pc: 0x0004bb58, module: busybox
  [071] inode: 32770, pc: 0x0004bb58, module: busybox
  [072] inode: 32770, pc: 0x0004bb58, module: busybox
  [073] inode: 32770, pc: 0x0004bb58, module: busybox
  [074] inode: 32770, pc: 0x0004bb58, module: busybox
  [075] inode: 32770, pc: 0x0004bb58, module: busybox
  [076] inode: 32770, pc: 0x0004bb58, module: busybox
  [077] inode: 32770, pc: 0x0004bb58, module: busybox
  [078] inode: 32770, pc: 0x0004bb58, module: busybox
  [079] inode: 32770, pc: 0x0004bb58, module: busybox
  [080] inode: 32770, pc: 0x0004bb58, module: busybox
  [081] inode: 32770, pc: 0x0004bb58, module: busybox
  [082] inode: 32770, pc: 0x0004bb58, module: busybox
  [083] inode: 32770, pc: 0x0004bb80, module: busybox
  [084] inode: 32770, pc: 0x0004bb3c, module: busybox
  [085] inode: 32770, pc: 0x0004bb50, module: busybox
  [086] inode: 32770, pc: 0x0004bb80, module: busybox
  [087] inode: 32770, pc: 0x0004bb3c, module: busybox
  [088] inode: 32770, pc: 0x0004bb64, module: busybox
  [089] inode: 32770, pc: 0x0004bb58, module: busybox
  [090] inode: 32770, pc: 0x0004bb58, module: busybox
  [091] inode: 32770, pc: 0x0004bb58, module: busybox
  [092] inode: 32770, pc: 0x0004bb58, module: busybox
  [093] inode: 32770, pc: 0x0004bb58, module: busybox
  [094] inode: 32770, pc: 0x0004bb58, module: busybox
  [095] inode: 32770, pc: 0x0004bb58, module: busybox
  [096] inode: 32770, pc: 0x0004bb58, module: busybox
  [097] inode: 32770, pc: 0x0004bb80, module: busybox
  [098] inode: 32770, pc: 0x0004bb3c, module: busybox
  [099] inode: 32770, pc: 0x0004bb50, module: busybox
  [100] inode: 32770, pc: 0x0004bb80, module: busybox
  [101] inode: 32770, pc: 0x0004bb3c, module: busybox
  [102] inode: 32770, pc: 0x0004bb64, module: busybox
  [103] inode: 32770, pc: 0x0004bb58, module: busybox
  [104] inode: 32770, pc: 0x0004bb58, module: busybox
  [105] inode: 32770, pc: 0x0004bb58, module: busybox
  [106] inode: 32770, pc: 0x0004bb80, module: busybox
  [107] inode: 32770, pc: 0x0004bb3c, module: busybox
  [108] inode: 32770, pc: 0x0004bb50, module: busybox
  [109] inode: 32770, pc: 0x0004bb80, module: busybox
  [110] inode: 32770, pc: 0x0004bb3c, module: busybox
  [111] inode: 32770, pc: 0x0004bb64, module: busybox
  [112] inode: 32770, pc: 0x0004bb58, module: busybox
  [113] inode: 32770, pc: 0x0004bb58, module: busybox
  [114] inode: 32770, pc: 0x0004bb58, module: busybox
  [115] inode: 32770, pc: 0x0004bb58, module: busybox
  [116] inode: 32770, pc: 0x0004bb58, module: busybox
  [117] inode: 32770, pc: 0x0004bb58, module: busybox
  [118] inode: 32770, pc: 0x0004bb58, module: busybox
  [119] inode: 32770, pc: 0x0004bb58, module: busybox
  [120] inode: 32770, pc: 0x0004bb58, module: busybox
  [121] inode: 32770, pc: 0x0004bb58, module: busybox
  [122] inode: 32770, pc: 0x0004bb58, module: busybox
  [123] inode: 32770, pc: 0x0004bb58, module: busybox
  [124] inode: 32770, pc: 0x0004bb58, module: busybox
  [125] inode: 32770, pc: 0x0004bb58, module: busybox
  [126] inode: 32770, pc: 0x0004bb58, module: busybox
  [127] inode: 32770, pc: 0x0004bb58, module: busybox
  [128] inode: 32770, pc: 0x0004bb58, module: busybox
  [129] inode: 32770, pc: 0x0004bb58, module: busybox
  [130] inode: 32770, pc: 0x0004bb58, module: busybox
  [131] inode: 32770, pc: 0x0004bb58, module: busybox
  [132] inode: 32770, pc: 0x0004bb58, module: busybox
  [133] inode: 32770, pc: 0x0004bb80, module: busybox
  [134] inode: 32770, pc: 0x0004bb3c, module: busybox
  [135] inode: 32770, pc: 0x0004bb50, module: busybox
  [136] inode: 32770, pc: 0x0004bb80, module: busybox
  [137] inode: 32770, pc: 0x0004bb3c, module: busybox
  [138] inode: 32770, pc: 0x0004bb50, module: busybox
  [139] inode: 32770, pc: 0x0004bb80, module: busybox
  [140] inode: 32770, pc: 0x0004bb3c, module: busybox
  [141] inode: 32770, pc: 0x0004bb64, module: busybox
  [142] inode: 32770, pc: 0x0004bb80, module: busybox
  [143] inode: 32770, pc: 0x0004bb3c, module: busybox
  [144] inode: 32770, pc: 0x0004bb50, module: busybox
  [145] inode: 32770, pc: 0x0004bb80, module: busybox
  [146] inode: 32770, pc: 0x0004bb3c, module: busybox
  [147] inode: 32770, pc: 0x0004bb64, module: busybox
  [148] inode: 32770, pc: 0x0004bb80, module: busybox
  [149] inode: 32770, pc: 0x0004bb3c, module: busybox
  [150] inode: 32770, pc: 0x0004bb50, module: busybox
  [151] inode: 32770, pc: 0x0004bb80, module: busybox
  [152] inode: 32770, pc: 0x0004bb3c, module: busybox
  [153] inode: 32770, pc: 0x0004bb64, module: busybox
  [154] inode: 32770, pc: 0x0004bb58, module: busybox
  [155] inode: 32770, pc: 0x0004bb58, module: busybox
  [156] inode: 32770, pc: 0x0004bb80, module: busybox
  [157] inode: 32770, pc: 0x0004bb3c, module: busybox
  [158] inode: 32770, pc: 0x0004bb50, module: busybox
  [159] inode: 32770, pc: 0x0004bb80, module: busybox
  [160] inode: 32770, pc: 0x0004bb3c, module: busybox
  [161] inode: 32770, pc: 0x0004bb64, module: busybox
  [162] inode: 32770, pc: 0x0004bb80, module: busybox
  [163] inode: 32770, pc: 0x0004bb3c, module: busybox
  [164] inode: 32770, pc: 0x0004bb50, module: busybox
  [165] inode: 32770, pc: 0x0004bb80, module: busybox
  [166] inode: 32770, pc: 0x0004bb3c, module: busybox
  [167] inode: 32770, pc: 0x0004bb50, module: busybox
  [168] inode: 32770, pc: 0x0004bb80, module: busybox
  [169] inode: 32770, pc: 0x0004bb3c, module: busybox
  [170] inode: 32770, pc: 0x0004bb50, module: busybox
  [171] inode: 32770, pc: 0x0004bb80, module: busybox
  [172] inode: 32770, pc: 0x0004bb3c, module: busybox
  [173] inode: 32770, pc: 0x0004bb64, module: busybox
  [174] inode: 32770, pc: 0x0004bb58, module: busybox
  [175] inode: 32770, pc: 0x0004bb58, module: busybox
  [176] inode: 32770, pc: 0x0004bb58, module: busybox
  [177] inode: 32770, pc: 0x0004bb80, module: busybox
  [178] inode: 32770, pc: 0x0004bb3c, module: busybox
  [179] inode: 32770, pc: 0x0004bb50, module: busybox
  [180] inode: 32770, pc: 0x0004bb80, module: busybox
  [181] inode: 32770, pc: 0x0004bb3c, module: busybox
  [182] inode: 32770, pc: 0x0004bb50, module: busybox
  [183] inode: 32770, pc: 0x0004bb80, module: busybox
  [184] inode: 32770, pc: 0x0004bb3c, module: busybox
  [185] inode: 32770, pc: 0x0004bb64, module: busybox
  [186] inode: 32770, pc: 0x0004bb80, module: busybox
  [187] inode: 32770, pc: 0x0004bb3c, module: busybox
  [188] inode: 32770, pc: 0x0004bb50, module: busybox
  [189] inode: 32770, pc: 0x0004bb80, module: busybox
  [190] inode: 32770, pc: 0x0004bb3c, module: busybox
  [191] inode: 32770, pc: 0x0004bb64, module: busybox
  [192] inode: 32770, pc: 0x0004bb80, module: busybox
  [193] inode: 32770, pc: 0x0004bb3c, module: busybox
  [194] inode: 32770, pc: 0x0004bb50, module: busybox
  [195] inode: 32770, pc: 0x0004bb80, module: busybox
  [196] inode: 32770, pc: 0x0004bb3c, module: busybox
  [197] inode: 32770, pc: 0x0004bb50, module: busybox
  [198] inode: 32770, pc: 0x0004bb80, module: busybox
  [199] inode: 32770, pc: 0x0004bb3c, module: busybox
  [200] inode: 32770, pc: 0x0004bb64, module: busybox
  [201] inode: 32770, pc: 0x0004bb80, module: busybox
  [202] inode: 32770, pc: 0x0004bb3c, module: busybox
  [203] inode: 32770, pc: 0x0004bb50, module: busybox
  [204] inode: 32770, pc: 0x0004bb80, module: busybox
  [205] inode: 32770, pc: 0x0004bb3c, module: busybox
  [206] inode: 32770, pc: 0x0004bb64, module: busybox
  [207] inode: 32770, pc: 0x0004bb80, module: busybox
  [208] inode: 32770, pc: 0x0004bb3c, module: busybox
  [209] inode: 32770, pc: 0x0004bb50, module: busybox
  [210] inode: 32770, pc: 0x0004bb80, module: busybox
  [211] inode: 32770, pc: 0x0004bb3c, module: busybox
  [212] inode: 32770, pc: 0x0004bb64, module: busybox
  [213] inode: 32770, pc: 0x0004bb58, module: busybox
  [214] inode: 32770, pc: 0x0004bb58, module: busybox
  [215] inode: 32770, pc: 0x0004bb58, module: busybox
  [216] inode: 32770, pc: 0x0004bb58, module: busybox
  [217] inode: 32770, pc: 0x0004bb80, module: busybox
  [218] inode: 32770, pc: 0x0004bb3c, module: busybox
  [219] inode: 32770, pc: 0x0004bb50, module: busybox
  [220] inode: 32770, pc: 0x0004bb80, module: busybox
  [221] inode: 32770, pc: 0x0004bb3c, module: busybox
  [222] inode: 32770, pc: 0x0004bb64, module: busybox
  [223] inode: 32770, pc: 0x0004bb58, module: busybox
  [224] inode: 32770, pc: 0x0004bb58, module: busybox
  [225] inode: 32770, pc: 0x0004bb58, module: busybox
  [226] inode: 32770, pc: 0x0004bb58, module: busybox
  [227] inode: 32770, pc: 0x0004bb58, module: busybox
  [228] inode: 32770, pc: 0x0004bb80, module: busybox
  [229] inode: 32770, pc: 0x0004bbd0, module: busybox
  [230] inode: 32770, pc: 0x00001f80, module: busybox
  [231] inode: 32770, pc: 0x00001fa0, module: busybox
  [232] inode: 32770, pc: 0x00021c80, module: busybox
  [233] inode: 32770, pc: 0x00027880, module: busybox
  [234] inode: 32770, pc: 0x000278c4, module: busybox
  [235] inode: 32770, pc: 0x0004bbf8, module: busybox
  [236] inode: 32770, pc: 0x00001f80, module: busybox
  [237] inode: 32770, pc: 0x00001fa0, module: busybox
  [238] inode: 32770, pc: 0x00021c80, module: busybox
  [239] inode: 32770, pc: 0x00027880, module: busybox
  [240] inode: 32770, pc: 0x000278c4, module: busybox
  [241] inode: 32770, pc: 0x0004bc14, module: busybox
  [242] inode: 32770, pc: 0x0004bc1c, module: busybox
  [243] inode: 32770, pc: 0x0004b50c, module: busybox
  [244] inode: 32770, pc: 0x0004b3d4, module: busybox
  [245] inode: 32770, pc: 0x0004b31c, module: busybox
  [246] inode: 32770, pc: 0x0004b248, module: busybox
  [247] inode: 32770, pc: 0x0004ac84, module: busybox
  [248] inode: 32770, pc: 0x0004acd4, module: busybox
  [249] inode: 32770, pc: 0x0004a9cc, module: busybox
  [250] inode: 32770, pc: 0x0004a338, module: busybox
  [251] inode: 32770, pc: 0x0004a3c0, module: busybox
  [252] inode: 32770, pc: 0x00049e38, module: busybox
  [253] inode: 32770, pc: 0x00049ee4, module: busybox
  [254] inode: 32770, pc: 0x00049c44, module: busybox
  [255] inode: 32770, pc: 0x00049dd4, module: busybox
  [256] inode: 32770, pc: 0x00049c9c, module: busybox
  [257] inode: 32770, pc: 0x00049cb4, module: busybox
  [258] inode: 32770, pc: 0x00049cc4, module: busybox
  [259] inode: 32770, pc: 0x0004c788, module: busybox
  [260] inode: 32770, pc: 0x0004c7cc, module: busybox
  [261] inode: 32770, pc: 0x0004c7dc, module: busybox
  [262] inode: 32770, pc: 0x0004c80c, module: busybox
  [263] inode: 32770, pc: 0x0002c904, module: busybox
  [264] inode: 32770, pc: 0x0002c394, module: busybox
  [265] inode: 32770, pc: 0x000030c4, module: busybox
  [266] inode: 32770, pc: 0x000030e4, module: busybox
  [267] inode: 32770, pc: 0x0002c3e8, module: busybox
  [268] inode: 32770, pc: 0x0002c404, module: busybox
  [269] inode: 32770, pc: 0x0002c968, module: busybox
  [270] inode: 32770, pc: 0x0002c984, module: busybox
  [271] inode: 32770, pc: 0x0004c828, module: busybox
  [272] inode: 32770, pc: 0x0004c968, module: busybox
  [273] inode: 32770, pc: 0x00044bcc, module: busybox
  [274] inode: 32770, pc: 0x00044bdc, module: busybox
  [275] inode: 32770, pc: 0x00002204, module: busybox
  [276] inode: 32770, pc: 0x00002224, module: busybox
  [277] inode: 32770, pc: 0x0004c974, module: busybox
  [278] inode: 32770, pc: 0x00049cd4, module: busybox
  [279] inode: 32770, pc: 0x00049d18, module: busybox
  [280] inode: 32770, pc: 0x00049d30, module: busybox
  [281] inode: 32770, pc: 0x00049d70, module: busybox
  [282] inode: 32770, pc: 0x00049d80, module: busybox
  [283] inode: 32770, pc: 0x00049d98, module: busybox
  [284] inode: 32770, pc: 0x00049dc4, module: busybox
  [285] inode: 32770, pc: 0x00049dec, module: busybox
  [286] inode: 32770, pc: 0x00049df8, module: busybox
  [287] inode: 32770, pc: 0x000471c0, module: busybox
  [288] inode: 32770, pc: 0x000471f0, module: busybox
  [289] inode: 32770, pc: 0x00044610, module: busybox
  [290] inode: 32770, pc: 0x00044674, module: busybox
  [291] inode: 32770, pc: 0x0004467c, module: busybox
  [292] inode: 32770, pc: 0x000471f8, module: busybox
  [293] inode: 32770, pc: 0x00044690, module: busybox
  [294] inode: 32770, pc: 0x00044734, module: busybox
  [295] inode: 32770, pc: 0x0004473c, module: busybox
  [296] inode: 32770, pc: 0x00047200, module: busybox
  [297] inode: 32770, pc: 0x00047174, module: busybox
  [298] inode: 32770, pc: 0x000471b8, module: busybox
  [299] inode: 32770, pc: 0x00047208, module: busybox
Total Parent trace elements: 300

--- Parent PID 48 Trace ---
  [000] inode: 32770, pc: 0x000440ec, module: busybox
  [001] inode: 32770, pc: 0x000440dc, module: busybox
  [002] inode: 32770, pc: 0x000440ec, module: busybox
  [003] inode: 32770, pc: 0x000440dc, module: busybox
  [004] inode: 32770, pc: 0x000440ec, module: busybox
  [005] inode: 32770, pc: 0x000440dc, module: busybox
  [006] inode: 32770, pc: 0x000440ec, module: busybox
  [007] inode: 32770, pc: 0x000440fc, module: busybox
  [008] inode: 32770, pc: 0x0004412c, module: busybox
  [009] inode: 32770, pc: 0x00044138, module: busybox
  [010] inode: 32770, pc: 0x00044124, module: busybox
  [011] inode: 32770, pc: 0x000440d4, module: busybox
  [012] inode: 32770, pc: 0x000440ec, module: busybox
  [013] inode: 32770, pc: 0x000440dc, module: busybox
  [014] inode: 32770, pc: 0x000440ec, module: busybox
  [015] inode: 32770, pc: 0x000440dc, module: busybox
  [016] inode: 32770, pc: 0x000440ec, module: busybox
  [017] inode: 32770, pc: 0x000440dc, module: busybox
  [018] inode: 32770, pc: 0x000440ec, module: busybox
  [019] inode: 32770, pc: 0x000440dc, module: busybox
  [020] inode: 32770, pc: 0x000440ec, module: busybox
  [021] inode: 32770, pc: 0x000440dc, module: busybox
  [022] inode: 32770, pc: 0x000440ec, module: busybox
  [023] inode: 32770, pc: 0x000440fc, module: busybox
  [024] inode: 32770, pc: 0x0004412c, module: busybox
  [025] inode: 32770, pc: 0x00044138, module: busybox
  [026] inode: 32770, pc: 0x00044124, module: busybox
  [027] inode: 32770, pc: 0x000440d4, module: busybox
  [028] inode: 32770, pc: 0x000440ec, module: busybox
  [029] inode: 32770, pc: 0x000440dc, module: busybox
  [030] inode: 32770, pc: 0x000440ec, module: busybox
  [031] inode: 32770, pc: 0x000440dc, module: busybox
  [032] inode: 32770, pc: 0x000440ec, module: busybox
  [033] inode: 32770, pc: 0x000440dc, module: busybox
  [034] inode: 32770, pc: 0x000440ec, module: busybox
  [035] inode: 32770, pc: 0x000440dc, module: busybox
  [036] inode: 32770, pc: 0x000440ec, module: busybox
  [037] inode: 32770, pc: 0x000440dc, module: busybox
  [038] inode: 32770, pc: 0x000440ec, module: busybox
  [039] inode: 32770, pc: 0x000440fc, module: busybox
  [040] inode: 32770, pc: 0x0004412c, module: busybox
  [041] inode: 32770, pc: 0x00044138, module: busybox
  [042] inode: 32770, pc: 0x0004414c, module: busybox
  [043] inode: 32770, pc: 0x00049208, module: busybox
  [044] inode: 32770, pc: 0x00049214, module: busybox
  [045] inode: 32770, pc: 0x00047a38, module: busybox
  [046] inode: 32770, pc: 0x00012790, module: busybox
  [047] inode: 32770, pc: 0x000127a4, module: busybox
  [048] inode: 32770, pc: 0x000127b0, module: busybox
  [049] inode: 32770, pc: 0x000127c4, module: busybox
  [050] inode: 32770, pc: 0x000127dc, module: busybox
  [051] inode: 32770, pc: 0x000127f0, module: busybox
  [052] inode: 32770, pc: 0x000127f8, module: busybox
  [053] inode: 32770, pc: 0x00047a68, module: busybox
  [054] inode: 32770, pc: 0x00047698, module: busybox
  [055] inode: 32770, pc: 0x00044758, module: busybox
  [056] inode: 32770, pc: 0x00044784, module: busybox
  [057] inode: 32770, pc: 0x000447cc, module: busybox
  [058] inode: 32770, pc: 0x000447f4, module: busybox
  [059] inode: 32770, pc: 0x000448c0, module: busybox
  [060] inode: 32770, pc: 0x000448d0, module: busybox
  [061] inode: 32770, pc: 0x000448f0, module: busybox
  [062] inode: 32770, pc: 0x000476b0, module: busybox
  [063] inode: 32770, pc: 0x000476cc, module: busybox
  [064] inode: 32770, pc: 0x00047a70, module: busybox
  [065] inode: 32770, pc: 0x00047a88, module: busybox
  [066] inode: 32770, pc: 0x00044004, module: busybox
  [067] inode: 32770, pc: 0x0004400c, module: busybox
  [068] inode: 32770, pc: 0x00047a94, module: busybox
  [069] inode: 32770, pc: 0x000126d0, module: busybox
  [070] inode: 32770, pc: 0x000126d8, module: busybox
  [071] inode: 32770, pc: 0x000126d8, module: busybox
  [072] inode: 32770, pc: 0x000126d8, module: busybox
  [073] inode: 32770, pc: 0x000126d8, module: busybox
  [074] inode: 32770, pc: 0x000126d8, module: busybox
  [075] inode: 32770, pc: 0x000126ec, module: busybox
  [076] inode: 32770, pc: 0x00047aac, module: busybox
  [077] inode: 32770, pc: 0x00049228, module: busybox
  [078] inode: 32770, pc: 0x0004923c, module: busybox
  [079] inode: 32770, pc: 0x00044314, module: busybox
  [080] inode: 32770, pc: 0x00044330, module: busybox
  [081] inode: 32770, pc: 0x00044324, module: busybox
  [082] inode: 32770, pc: 0x00044324, module: busybox
  [083] inode: 32770, pc: 0x00044324, module: busybox
  [084] inode: 32770, pc: 0x00044324, module: busybox
  [085] inode: 32770, pc: 0x00044324, module: busybox
  [086] inode: 32770, pc: 0x00044340, module: busybox
  [087] inode: 32770, pc: 0x00049244, module: busybox
  [088] inode: 32770, pc: 0x000477e0, module: busybox
  [089] inode: 32770, pc: 0x00047820, module: busybox
  [090] inode: 32770, pc: 0x00047870, module: busybox
  [091] inode: 32770, pc: 0x00049258, module: busybox
  [092] inode: 32770, pc: 0x000498c4, module: busybox
  [093] inode: 32770, pc: 0x00049bb8, module: busybox
  [094] inode: 32770, pc: 0x00049be0, module: busybox
  [095] inode: 32770, pc: 0x000477e0, module: busybox
  [096] inode: 32770, pc: 0x00047820, module: busybox
  [097] inode: 32770, pc: 0x00047870, module: busybox
  [098] inode: 32770, pc: 0x00049bec, module: busybox
  [099] inode: 32770, pc: 0x000478e0, module: busybox
  [100] inode: 32770, pc: 0x0004790c, module: busybox
  [101] inode: 32770, pc: 0x00047930, module: busybox
  [102] inode: 32770, pc: 0x00047698, module: busybox
  [103] inode: 32770, pc: 0x00044758, module: busybox
  [104] inode: 32770, pc: 0x00044784, module: busybox
  [105] inode: 32770, pc: 0x000447cc, module: busybox
  [106] inode: 32770, pc: 0x000447f4, module: busybox
  [107] inode: 32770, pc: 0x000448c0, module: busybox
  [108] inode: 32770, pc: 0x000448d0, module: busybox
  [109] inode: 32770, pc: 0x000448f0, module: busybox
  [110] inode: 32770, pc: 0x000476b0, module: busybox
  [111] inode: 32770, pc: 0x000476cc, module: busybox
  [112] inode: 32770, pc: 0x00047938, module: busybox
  [113] inode: 32770, pc: 0x00011bc0, module: busybox
  [114] inode: 32770, pc: 0x00011bcc, module: busybox
  [115] inode: 32770, pc: 0x00011bdc, module: busybox
  [116] inode: 32770, pc: 0x00011bf8, module: busybox
  [117] inode: 32770, pc: 0x00011c58, module: busybox
  [118] inode: 32770, pc: 0x00011c64, module: busybox
  [119] inode: 32770, pc: 0x00011c6c, module: busybox
  [120] inode: 32770, pc: 0x00011c6c, module: busybox
  [121] inode: 32770, pc: 0x00011c6c, module: busybox
  [122] inode: 32770, pc: 0x00011c6c, module: busybox
  [123] inode: 32770, pc: 0x00011c80, module: busybox
  [124] inode: 32770, pc: 0x00011c9c, module: busybox
  [125] inode: 32770, pc: 0x00047954, module: busybox
  [126] inode: 32770, pc: 0x00043f90, module: busybox
  [127] inode: 32770, pc: 0x00043f98, module: busybox
  [128] inode: 32770, pc: 0x00043fac, module: busybox
  [129] inode: 32770, pc: 0x0004795c, module: busybox
  [130] inode: 32770, pc: 0x00049bf8, module: busybox
  [131] inode: 32770, pc: 0x00044ad8, module: busybox
  [132] inode: 32770, pc: 0x00044b14, module: busybox
  [133] inode: 32770, pc: 0x00011bc0, module: busybox
  [134] inode: 32770, pc: 0x00011bcc, module: busybox
  [135] inode: 32770, pc: 0x00011bdc, module: busybox
  [136] inode: 32770, pc: 0x00011bf8, module: busybox
  [137] inode: 32770, pc: 0x00011c58, module: busybox
  [138] inode: 32770, pc: 0x00011c64, module: busybox
  [139] inode: 32770, pc: 0x00011c6c, module: busybox
  [140] inode: 32770, pc: 0x00011c6c, module: busybox
  [141] inode: 32770, pc: 0x00011c6c, module: busybox
  [142] inode: 32770, pc: 0x00011c6c, module: busybox
  [143] inode: 32770, pc: 0x00011c6c, module: busybox
  [144] inode: 32770, pc: 0x00011c80, module: busybox
  [145] inode: 32770, pc: 0x00011c9c, module: busybox
  [146] inode: 32770, pc: 0x00044b28, module: busybox
  [147] inode: 32770, pc: 0x00043f90, module: busybox
  [148] inode: 32770, pc: 0x00043f98, module: busybox
  [149] inode: 32770, pc: 0x00043fac, module: busybox
  [150] inode: 32770, pc: 0x00044b30, module: busybox
  [151] inode: 32770, pc: 0x00044b48, module: busybox
  [152] inode: 32770, pc: 0x00044b60, module: busybox
  [153] inode: 32770, pc: 0x00049c00, module: busybox
  [154] inode: 32770, pc: 0x00049c18, module: busybox
  [155] inode: 32770, pc: 0x000468ac, module: busybox
  [156] inode: 32770, pc: 0x000468d8, module: busybox
  [157] inode: 32770, pc: 0x000469ac, module: busybox
  [158] inode: 32770, pc: 0x00045f3c, module: busybox
  [159] inode: 32770, pc: 0x00045f90, module: busybox
  [160] inode: 32770, pc: 0x00045fb4, module: busybox
  [161] inode: 32770, pc: 0x00046034, module: busybox
  [162] inode: 32770, pc: 0x0004603c, module: busybox
  [163] inode: 32770, pc: 0x000460c4, module: busybox
  [164] inode: 32770, pc: 0x0004608c, module: busybox
  [165] inode: 32770, pc: 0x000126a0, module: busybox
  [166] inode: 32770, pc: 0x000126bc, module: busybox
  [167] inode: 32770, pc: 0x000126c4, module: busybox
  [168] inode: 32770, pc: 0x0004609c, module: busybox
  [169] inode: 32770, pc: 0x000460c0, module: busybox
  [170] inode: 32770, pc: 0x0004608c, module: busybox
  [171] inode: 32770, pc: 0x000126a0, module: busybox
  [172] inode: 32770, pc: 0x000126bc, module: busybox
  [173] inode: 32770, pc: 0x000126c4, module: busybox
  [174] inode: 32770, pc: 0x0004609c, module: busybox
  [175] inode: 32770, pc: 0x000460c0, module: busybox
  [176] inode: 32770, pc: 0x0004608c, module: busybox
  [177] inode: 32770, pc: 0x000126a0, module: busybox
  [178] inode: 32770, pc: 0x000126bc, module: busybox
  [179] inode: 32770, pc: 0x000126c4, module: busybox
  [180] inode: 32770, pc: 0x0004609c, module: busybox
  [181] inode: 32770, pc: 0x000460c0, module: busybox
  [182] inode: 32770, pc: 0x0004608c, module: busybox
  [183] inode: 32770, pc: 0x000126a0, module: busybox
  [184] inode: 32770, pc: 0x000126bc, module: busybox
  [185] inode: 32770, pc: 0x000126c4, module: busybox
  [186] inode: 32770, pc: 0x0004609c, module: busybox
  [187] inode: 32770, pc: 0x000460c0, module: busybox
  [188] inode: 32770, pc: 0x0004608c, module: busybox
  [189] inode: 32770, pc: 0x000126a0, module: busybox
  [190] inode: 32770, pc: 0x000126bc, module: busybox
  [191] inode: 32770, pc: 0x000126c4, module: busybox
  [192] inode: 32770, pc: 0x0004609c, module: busybox
  [193] inode: 32770, pc: 0x000460c0, module: busybox
  [194] inode: 32770, pc: 0x0004608c, module: busybox
  [195] inode: 32770, pc: 0x000126a0, module: busybox
  [196] inode: 32770, pc: 0x000126bc, module: busybox
  [197] inode: 32770, pc: 0x000126c4, module: busybox
  [198] inode: 32770, pc: 0x0004609c, module: busybox
  [199] inode: 32770, pc: 0x000460c0, module: busybox
  [200] inode: 32770, pc: 0x0004608c, module: busybox
  [201] inode: 32770, pc: 0x000126a0, module: busybox
  [202] inode: 32770, pc: 0x000126bc, module: busybox
  [203] inode: 32770, pc: 0x000126c4, module: busybox
  [204] inode: 32770, pc: 0x0004609c, module: busybox
  [205] inode: 32770, pc: 0x000460c0, module: busybox
  [206] inode: 32770, pc: 0x0004608c, module: busybox
  [207] inode: 32770, pc: 0x000126a0, module: busybox
  [208] inode: 32770, pc: 0x000126bc, module: busybox
  [209] inode: 32770, pc: 0x000126c4, module: busybox
  [210] inode: 32770, pc: 0x0004609c, module: busybox
  [211] inode: 32770, pc: 0x000460c0, module: busybox
  [212] inode: 32770, pc: 0x0004608c, module: busybox
  [213] inode: 32770, pc: 0x000126a0, module: busybox
  [214] inode: 32770, pc: 0x000126bc, module: busybox
  [215] inode: 32770, pc: 0x000126c4, module: busybox
  [216] inode: 32770, pc: 0x0004609c, module: busybox
  [217] inode: 32770, pc: 0x000460c0, module: busybox
  [218] inode: 32770, pc: 0x0004608c, module: busybox
  [219] inode: 32770, pc: 0x000126a0, module: busybox
  [220] inode: 32770, pc: 0x000126bc, module: busybox
  [221] inode: 32770, pc: 0x000126c4, module: busybox
  [222] inode: 32770, pc: 0x0004609c, module: busybox
  [223] inode: 32770, pc: 0x000460c0, module: busybox
  [224] inode: 32770, pc: 0x0004608c, module: busybox
  [225] inode: 32770, pc: 0x000126a0, module: busybox
  [226] inode: 32770, pc: 0x000126bc, module: busybox
  [227] inode: 32770, pc: 0x000126c4, module: busybox
  [228] inode: 32770, pc: 0x0004609c, module: busybox
  [229] inode: 32770, pc: 0x000460c0, module: busybox
  [230] inode: 32770, pc: 0x0004608c, module: busybox
  [231] inode: 32770, pc: 0x000126a0, module: busybox
  [232] inode: 32770, pc: 0x000126bc, module: busybox
  [233] inode: 32770, pc: 0x000126c4, module: busybox
  [234] inode: 32770, pc: 0x0004609c, module: busybox
  [235] inode: 32770, pc: 0x000460c0, module: busybox
  [236] inode: 32770, pc: 0x0004608c, module: busybox
  [237] inode: 32770, pc: 0x000126a0, module: busybox
  [238] inode: 32770, pc: 0x000126bc, module: busybox
  [239] inode: 32770, pc: 0x000126c4, module: busybox
  [240] inode: 32770, pc: 0x0004609c, module: busybox
  [241] inode: 32770, pc: 0x000460c0, module: busybox
  [242] inode: 32770, pc: 0x0004608c, module: busybox
  [243] inode: 32770, pc: 0x000126a0, module: busybox
  [244] inode: 32770, pc: 0x000126bc, module: busybox
  [245] inode: 32770, pc: 0x000126c4, module: busybox
  [246] inode: 32770, pc: 0x0004609c, module: busybox
  [247] inode: 32770, pc: 0x000460c0, module: busybox
  [248] inode: 32770, pc: 0x0004608c, module: busybox
  [249] inode: 32770, pc: 0x000126a0, module: busybox
  [250] inode: 32770, pc: 0x000126bc, module: busybox
  [251] inode: 32770, pc: 0x000126c4, module: busybox
  [252] inode: 32770, pc: 0x0004609c, module: busybox
  [253] inode: 32770, pc: 0x000460c0, module: busybox
  [254] inode: 32770, pc: 0x0004608c, module: busybox
  [255] inode: 32770, pc: 0x000126a0, module: busybox
  [256] inode: 32770, pc: 0x000126bc, module: busybox
  [257] inode: 32770, pc: 0x000126c4, module: busybox
  [258] inode: 32770, pc: 0x0004609c, module: busybox
  [259] inode: 32770, pc: 0x000460c0, module: busybox
  [260] inode: 32770, pc: 0x0004608c, module: busybox
  [261] inode: 32770, pc: 0x000126a0, module: busybox
  [262] inode: 32770, pc: 0x000126bc, module: busybox
  [263] inode: 32770, pc: 0x000126c4, module: busybox
  [264] inode: 32770, pc: 0x0004609c, module: busybox
  [265] inode: 32770, pc: 0x000460c0, module: busybox
  [266] inode: 32770, pc: 0x0004608c, module: busybox
  [267] inode: 32770, pc: 0x000126a0, module: busybox
  [268] inode: 32770, pc: 0x000126bc, module: busybox
  [269] inode: 32770, pc: 0x000126c4, module: busybox
  [270] inode: 32770, pc: 0x0004609c, module: busybox
  [271] inode: 32770, pc: 0x000460c0, module: busybox
  [272] inode: 32770, pc: 0x0004608c, module: busybox
  [273] inode: 32770, pc: 0x000126a0, module: busybox
  [274] inode: 32770, pc: 0x000126bc, module: busybox
  [275] inode: 32770, pc: 0x000126c4, module: busybox
  [276] inode: 32770, pc: 0x0004609c, module: busybox
  [277] inode: 32770, pc: 0x000460c0, module: busybox
  [278] inode: 32770, pc: 0x0004608c, module: busybox
  [279] inode: 32770, pc: 0x000126a0, module: busybox
  [280] inode: 32770, pc: 0x000126bc, module: busybox
  [281] inode: 32770, pc: 0x000126c4, module: busybox
  [282] inode: 32770, pc: 0x0004609c, module: busybox
  [283] inode: 32770, pc: 0x000460c0, module: busybox
  [284] inode: 32770, pc: 0x000460d4, module: busybox
  [285] inode: 32770, pc: 0x00046814, module: busybox
  [286] inode: 32770, pc: 0x00046108, module: busybox
  [287] inode: 32770, pc: 0x0004611c, module: busybox
  [288] inode: 32770, pc: 0x00003b50, module: busybox
  [289] inode: 32770, pc: 0x00002504, module: busybox
  [290] inode: 32770, pc: 0x00002524, module: busybox
  [291] inode: 32770, pc: 0x0004616c, module: busybox
  [292] inode: 32770, pc: 0x00046180, module: busybox
  [293] inode: 32770, pc: 0x000461a0, module: busybox
  [294] inode: 32770, pc: 0x00044a88, module: busybox
  [295] inode: 32770, pc: 0x00044ac8, module: busybox
  [296] inode: 32770, pc: 0x000461c8, module: busybox
  [297] inode: 32770, pc: 0x000461d8, module: busybox
  [298] inode: 32770, pc: 0x0004b79c, module: busybox
  [299] inode: 32770, pc: 0x00003b70, module: busybox
Total Parent trace elements: 300

--- Parent PID 1 Trace ---
  [000] inode: 32770, pc: 0x0006b838, module: busybox
  [001] inode: 32770, pc: 0x0006374c, module: busybox
  [002] inode: 32770, pc: 0x000630c8, module: busybox
  [003] inode: 32770, pc: 0x000631b0, module: busybox
  [004] inode: 32770, pc: 0x000630f8, module: busybox
  [005] inode: 32770, pc: 0x000631a8, module: busybox
  [006] inode: 32770, pc: 0x000630f8, module: busybox
  [007] inode: 32770, pc: 0x000631a8, module: busybox
  [008] inode: 32770, pc: 0x000630f8, module: busybox
  [009] inode: 32770, pc: 0x000631a8, module: busybox
  [010] inode: 32770, pc: 0x000630f8, module: busybox
  [011] inode: 32770, pc: 0x000631a8, module: busybox
  [012] inode: 32770, pc: 0x000630f8, module: busybox
  [013] inode: 32770, pc: 0x0006310c, module: busybox
  [014] inode: 32770, pc: 0x00063114, module: busybox
  [015] inode: 32770, pc: 0x00062ed0, module: busybox
  [016] inode: 32770, pc: 0x0006b734, module: busybox
  [017] inode: 32770, pc: 0x0001cab0, module: busybox
  [018] inode: 32770, pc: 0x00011d00, module: busybox
  [019] inode: 32770, pc: 0x00011d0c, module: busybox
  [020] inode: 32770, pc: 0x00011d14, module: busybox
  [021] inode: 32770, pc: 0x00011d3c, module: busybox
  [022] inode: 32770, pc: 0x00011d48, module: busybox
  [023] inode: 32770, pc: 0x00011d50, module: busybox
  [024] inode: 32770, pc: 0x00011d50, module: busybox
  [025] inode: 32770, pc: 0x00011d50, module: busybox
  [026] inode: 32770, pc: 0x00011d50, module: busybox
  [027] inode: 32770, pc: 0x00011d50, module: busybox
  [028] inode: 32770, pc: 0x00011d50, module: busybox
  [029] inode: 32770, pc: 0x00011d50, module: busybox
  [030] inode: 32770, pc: 0x00011d50, module: busybox
  [031] inode: 32770, pc: 0x00011d50, module: busybox
  [032] inode: 32770, pc: 0x00011d50, module: busybox
  [033] inode: 32770, pc: 0x00011d50, module: busybox
  [034] inode: 32770, pc: 0x00011d50, module: busybox
  [035] inode: 32770, pc: 0x00011d50, module: busybox
  [036] inode: 32770, pc: 0x00011d50, module: busybox
  [037] inode: 32770, pc: 0x00011d50, module: busybox
  [038] inode: 32770, pc: 0x00011d60, module: busybox
  [039] inode: 32770, pc: 0x00011d74, module: busybox
  [040] inode: 32770, pc: 0x00011d88, module: busybox
  [041] inode: 32770, pc: 0x0001cad8, module: busybox
  [042] inode: 32770, pc: 0x0006b764, module: busybox
  [043] inode: 32770, pc: 0x000034d0, module: busybox
  [044] inode: 32770, pc: 0x000034f4, module: busybox
  [045] inode: 32770, pc: 0x00003528, module: busybox
  [046] inode: 32770, pc: 0x00003548, module: busybox
  [047] inode: 32770, pc: 0x0006b780, module: busybox
  [048] inode: 32770, pc: 0x00062f08, module: busybox
  [049] inode: 32770, pc: 0x00062f3c, module: busybox
  [050] inode: 32770, pc: 0x00003b50, module: busybox
  [051] inode: 32770, pc: 0x00002504, module: busybox
  [052] inode: 32770, pc: 0x00002524, module: busybox
  [053] inode: 32770, pc: 0x00062f4c, module: busybox
  [054] inode: 32770, pc: 0x00062f6c, module: busybox
  [055] inode: 32770, pc: 0x00062f74, module: busybox
  [056] inode: 32770, pc: 0x0006b750, module: busybox
  [057] inode: 32770, pc: 0x0001cab0, module: busybox
  [058] inode: 32770, pc: 0x00011d00, module: busybox
  [059] inode: 32770, pc: 0x00011d0c, module: busybox
  [060] inode: 32770, pc: 0x00011d14, module: busybox
  [061] inode: 32770, pc: 0x00011d3c, module: busybox
  [062] inode: 32770, pc: 0x00011d48, module: busybox
  [063] inode: 32770, pc: 0x00011d50, module: busybox
  [064] inode: 32770, pc: 0x00011d50, module: busybox
  [065] inode: 32770, pc: 0x00011d50, module: busybox
  [066] inode: 32770, pc: 0x00011d50, module: busybox
  [067] inode: 32770, pc: 0x00011d50, module: busybox
  [068] inode: 32770, pc: 0x00011d50, module: busybox
  [069] inode: 32770, pc: 0x00011d50, module: busybox
  [070] inode: 32770, pc: 0x00011d50, module: busybox
  [071] inode: 32770, pc: 0x00011d50, module: busybox
  [072] inode: 32770, pc: 0x00011d50, module: busybox
  [073] inode: 32770, pc: 0x00011d50, module: busybox
  [074] inode: 32770, pc: 0x00011d50, module: busybox
  [075] inode: 32770, pc: 0x00011d50, module: busybox
  [076] inode: 32770, pc: 0x00011d50, module: busybox
  [077] inode: 32770, pc: 0x00011d50, module: busybox
  [078] inode: 32770, pc: 0x00011d60, module: busybox
  [079] inode: 32770, pc: 0x00011d74, module: busybox
  [080] inode: 32770, pc: 0x00011d88, module: busybox
  [081] inode: 32770, pc: 0x0001cad8, module: busybox
  [082] inode: 32770, pc: 0x0006b764, module: busybox
  [083] inode: 32770, pc: 0x000034d0, module: busybox
  [084] inode: 32770, pc: 0x000034f4, module: busybox
  [085] inode: 32770, pc: 0x00003528, module: busybox
  [086] inode: 32770, pc: 0x00003548, module: busybox
  [087] inode: 32770, pc: 0x0006b780, module: busybox
  [088] inode: 32770, pc: 0x00062f80, module: busybox
  [089] inode: 32770, pc: 0x0006311c, module: busybox
  [090] inode: 32770, pc: 0x00063130, module: busybox
  [091] inode: 32770, pc: 0x00063138, module: busybox
  [092] inode: 32770, pc: 0x00003b70, module: busybox
  [093] inode: 32770, pc: 0x00022404, module: busybox
  [094] inode: 32770, pc: 0x00022424, module: busybox
  [095] inode: 32770, pc: 0x00063148, module: busybox
  [096] inode: 32770, pc: 0x00062840, module: busybox
  [097] inode: 32770, pc: 0x0006284c, module: busybox
  [098] inode: 32770, pc: 0x00062878, module: busybox
  [099] inode: 32770, pc: 0x00062858, module: busybox
  [100] inode: 32770, pc: 0x00062870, module: busybox
  [101] inode: 32770, pc: 0x00062858, module: busybox
  [102] inode: 32770, pc: 0x00062870, module: busybox
  [103] inode: 32770, pc: 0x00062858, module: busybox
  [104] inode: 32770, pc: 0x00062870, module: busybox
  [105] inode: 32770, pc: 0x00062858, module: busybox
  [106] inode: 32770, pc: 0x00062870, module: busybox
  [107] inode: 32770, pc: 0x00062858, module: busybox
  [108] inode: 32770, pc: 0x00062870, module: busybox
  [109] inode: 32770, pc: 0x00062880, module: busybox
  [110] inode: 32770, pc: 0x00063158, module: busybox
  [111] inode: 32770, pc: 0x00002c14, module: busybox
  [112] inode: 32770, pc: 0x00002c34, module: busybox
  [113] inode: 32770, pc: 0x00063168, module: busybox
  [114] inode: 32770, pc: 0x00063138, module: busybox
  [115] inode: 32770, pc: 0x00003b70, module: busybox
  [116] inode: 32770, pc: 0x00022404, module: busybox
  [117] inode: 32770, pc: 0x00022424, module: busybox
  [118] inode: 32770, pc: 0x00063148, module: busybox
  [119] inode: 32770, pc: 0x00062840, module: busybox
  [120] inode: 32770, pc: 0x0006284c, module: busybox
  [121] inode: 32770, pc: 0x00062878, module: busybox
  [122] inode: 32770, pc: 0x00062858, module: busybox
  [123] inode: 32770, pc: 0x00062870, module: busybox
  [124] inode: 32770, pc: 0x00062858, module: busybox
  [125] inode: 32770, pc: 0x00062870, module: busybox
  [126] inode: 32770, pc: 0x00062858, module: busybox
  [127] inode: 32770, pc: 0x00062870, module: busybox
  [128] inode: 32770, pc: 0x00062858, module: busybox
  [129] inode: 32770, pc: 0x00062870, module: busybox
  [130] inode: 32770, pc: 0x00062858, module: busybox
  [131] inode: 32770, pc: 0x00062870, module: busybox
  [132] inode: 32770, pc: 0x00062880, module: busybox
  [133] inode: 32770, pc: 0x00063158, module: busybox
  [134] inode: 32770, pc: 0x00002c14, module: busybox
  [135] inode: 32770, pc: 0x00002c34, module: busybox
  [136] inode: 32770, pc: 0x00063168, module: busybox
  [137] inode: 32770, pc: 0x00063138, module: busybox
  [138] inode: 32770, pc: 0x00003b70, module: busybox
  [139] inode: 32770, pc: 0x00022404, module: busybox
  [140] inode: 32770, pc: 0x00022424, module: busybox
  [141] inode: 32770, pc: 0x00063148, module: busybox
  [142] inode: 32770, pc: 0x00062840, module: busybox
  [143] inode: 32770, pc: 0x0006284c, module: busybox
  [144] inode: 32770, pc: 0x00062878, module: busybox
  [145] inode: 32770, pc: 0x00062858, module: busybox
  [146] inode: 32770, pc: 0x00062870, module: busybox
  [147] inode: 32770, pc: 0x00062858, module: busybox
  [148] inode: 32770, pc: 0x00062870, module: busybox
  [149] inode: 32770, pc: 0x00062858, module: busybox
  [150] inode: 32770, pc: 0x00062870, module: busybox
  [151] inode: 32770, pc: 0x00062858, module: busybox
  [152] inode: 32770, pc: 0x00062870, module: busybox
  [153] inode: 32770, pc: 0x00062858, module: busybox
  [154] inode: 32770, pc: 0x00062870, module: busybox
  [155] inode: 32770, pc: 0x00062880, module: busybox
  [156] inode: 32770, pc: 0x00063158, module: busybox
  [157] inode: 32770, pc: 0x00002c14, module: busybox
  [158] inode: 32770, pc: 0x00002c34, module: busybox
  [159] inode: 32770, pc: 0x00063168, module: busybox
  [160] inode: 32770, pc: 0x00063138, module: busybox
  [161] inode: 32770, pc: 0x00003b70, module: busybox
  [162] inode: 32770, pc: 0x00022404, module: busybox
  [163] inode: 32770, pc: 0x00022424, module: busybox
  [164] inode: 32770, pc: 0x00063148, module: busybox
  [165] inode: 32770, pc: 0x00062840, module: busybox
  [166] inode: 32770, pc: 0x0006284c, module: busybox
  [167] inode: 32770, pc: 0x00062878, module: busybox
  [168] inode: 32770, pc: 0x00062858, module: busybox
  [169] inode: 32770, pc: 0x00062870, module: busybox
  [170] inode: 32770, pc: 0x00062858, module: busybox
  [171] inode: 32770, pc: 0x00062870, module: busybox
  [172] inode: 32770, pc: 0x00062858, module: busybox
  [173] inode: 32770, pc: 0x00062870, module: busybox
  [174] inode: 32770, pc: 0x00062858, module: busybox
  [175] inode: 32770, pc: 0x00062870, module: busybox
  [176] inode: 32770, pc: 0x00062858, module: busybox
  [177] inode: 32770, pc: 0x00062870, module: busybox
  [178] inode: 32770, pc: 0x00062880, module: busybox
  [179] inode: 32770, pc: 0x00063158, module: busybox
  [180] inode: 32770, pc: 0x00002c14, module: busybox
  [181] inode: 32770, pc: 0x00002c34, module: busybox
  [182] inode: 32770, pc: 0x00063168, module: busybox
  [183] inode: 32770, pc: 0x00063138, module: busybox
  [184] inode: 32770, pc: 0x00003b70, module: busybox
  [185] inode: 32770, pc: 0x00022404, module: busybox
  [186] inode: 32770, pc: 0x00022424, module: busybox
  [187] inode: 32770, pc: 0x00063148, module: busybox
  [188] inode: 32770, pc: 0x00062840, module: busybox
  [189] inode: 32770, pc: 0x0006284c, module: busybox
  [190] inode: 32770, pc: 0x00062878, module: busybox
  [191] inode: 32770, pc: 0x00062858, module: busybox
  [192] inode: 32770, pc: 0x00062870, module: busybox
  [193] inode: 32770, pc: 0x00062858, module: busybox
  [194] inode: 32770, pc: 0x00062870, module: busybox
  [195] inode: 32770, pc: 0x00062858, module: busybox
  [196] inode: 32770, pc: 0x00062870, module: busybox
  [197] inode: 32770, pc: 0x00062858, module: busybox
  [198] inode: 32770, pc: 0x00062870, module: busybox
  [199] inode: 32770, pc: 0x00062858, module: busybox
  [200] inode: 32770, pc: 0x00062870, module: busybox
  [201] inode: 32770, pc: 0x00062880, module: busybox
  [202] inode: 32770, pc: 0x00063158, module: busybox
  [203] inode: 32770, pc: 0x00002c14, module: busybox
  [204] inode: 32770, pc: 0x00002c34, module: busybox
  [205] inode: 32770, pc: 0x00063168, module: busybox
  [206] inode: 32770, pc: 0x00063138, module: busybox
  [207] inode: 32770, pc: 0x00003b70, module: busybox
  [208] inode: 32770, pc: 0x00022404, module: busybox
  [209] inode: 32770, pc: 0x00022424, module: busybox
  [210] inode: 32770, pc: 0x00063148, module: busybox
  [211] inode: 32770, pc: 0x00062840, module: busybox
  [212] inode: 32770, pc: 0x0006284c, module: busybox
  [213] inode: 32770, pc: 0x00062878, module: busybox
  [214] inode: 32770, pc: 0x00062858, module: busybox
  [215] inode: 32770, pc: 0x00062870, module: busybox
  [216] inode: 32770, pc: 0x00062858, module: busybox
  [217] inode: 32770, pc: 0x00062870, module: busybox
  [218] inode: 32770, pc: 0x00062858, module: busybox
  [219] inode: 32770, pc: 0x00062870, module: busybox
  [220] inode: 32770, pc: 0x00062858, module: busybox
  [221] inode: 32770, pc: 0x00062870, module: busybox
  [222] inode: 32770, pc: 0x00062858, module: busybox
  [223] inode: 32770, pc: 0x00062870, module: busybox
  [224] inode: 32770, pc: 0x00062880, module: busybox
  [225] inode: 32770, pc: 0x00063158, module: busybox
  [226] inode: 32770, pc: 0x00002c14, module: busybox
  [227] inode: 32770, pc: 0x00002c34, module: busybox
  [228] inode: 32770, pc: 0x00063168, module: busybox
  [229] inode: 32770, pc: 0x00063138, module: busybox
  [230] inode: 32770, pc: 0x00003b70, module: busybox
  [231] inode: 32770, pc: 0x00022404, module: busybox
  [232] inode: 32770, pc: 0x00022424, module: busybox
  [233] inode: 32770, pc: 0x00063148, module: busybox
  [234] inode: 32770, pc: 0x00062840, module: busybox
  [235] inode: 32770, pc: 0x0006284c, module: busybox
  [236] inode: 32770, pc: 0x00062878, module: busybox
  [237] inode: 32770, pc: 0x00062858, module: busybox
  [238] inode: 32770, pc: 0x00062870, module: busybox
  [239] inode: 32770, pc: 0x00062858, module: busybox
  [240] inode: 32770, pc: 0x00062870, module: busybox
  [241] inode: 32770, pc: 0x00062858, module: busybox
  [242] inode: 32770, pc: 0x00062870, module: busybox
  [243] inode: 32770, pc: 0x00062858, module: busybox
  [244] inode: 32770, pc: 0x00062870, module: busybox
  [245] inode: 32770, pc: 0x00062858, module: busybox
  [246] inode: 32770, pc: 0x00062870, module: busybox
  [247] inode: 32770, pc: 0x00062880, module: busybox
  [248] inode: 32770, pc: 0x00063158, module: busybox
  [249] inode: 32770, pc: 0x00002c14, module: busybox
  [250] inode: 32770, pc: 0x00002c34, module: busybox
  [251] inode: 32770, pc: 0x00063168, module: busybox
  [252] inode: 32770, pc: 0x00063138, module: busybox
  [253] inode: 32770, pc: 0x00003b70, module: busybox
  [254] inode: 32770, pc: 0x00022404, module: busybox
  [255] inode: 32770, pc: 0x00022424, module: busybox
  [256] inode: 32770, pc: 0x00063148, module: busybox
  [257] inode: 32770, pc: 0x00062840, module: busybox
  [258] inode: 32770, pc: 0x0006284c, module: busybox
  [259] inode: 32770, pc: 0x00062878, module: busybox
  [260] inode: 32770, pc: 0x00062858, module: busybox
  [261] inode: 32770, pc: 0x00062870, module: busybox
  [262] inode: 32770, pc: 0x00062858, module: busybox
  [263] inode: 32770, pc: 0x00062870, module: busybox
  [264] inode: 32770, pc: 0x00062858, module: busybox
  [265] inode: 32770, pc: 0x00062870, module: busybox
  [266] inode: 32770, pc: 0x00062858, module: busybox
  [267] inode: 32770, pc: 0x00062870, module: busybox
  [268] inode: 32770, pc: 0x00062858, module: busybox
  [269] inode: 32770, pc: 0x00062870, module: busybox
  [270] inode: 32770, pc: 0x00062880, module: busybox
  [271] inode: 32770, pc: 0x00063158, module: busybox
  [272] inode: 32770, pc: 0x00002c14, module: busybox
  [273] inode: 32770, pc: 0x00002c34, module: busybox
  [274] inode: 32770, pc: 0x00063168, module: busybox
  [275] inode: 32770, pc: 0x00063138, module: busybox
  [276] inode: 32770, pc: 0x00003b70, module: busybox
  [277] inode: 32770, pc: 0x00022404, module: busybox
  [278] inode: 32770, pc: 0x00022424, module: busybox
  [279] inode: 32770, pc: 0x00063148, module: busybox
  [280] inode: 32770, pc: 0x00062840, module: busybox
  [281] inode: 32770, pc: 0x0006284c, module: busybox
  [282] inode: 32770, pc: 0x00062878, module: busybox
  [283] inode: 32770, pc: 0x00062858, module: busybox
  [284] inode: 32770, pc: 0x00062870, module: busybox
  [285] inode: 32770, pc: 0x00062858, module: busybox
  [286] inode: 32770, pc: 0x00062870, module: busybox
  [287] inode: 32770, pc: 0x00062858, module: busybox
  [288] inode: 32770, pc: 0x00062870, module: busybox
  [289] inode: 32770, pc: 0x00062858, module: busybox
  [290] inode: 32770, pc: 0x00062870, module: busybox
  [291] inode: 32770, pc: 0x00062858, module: busybox
  [292] inode: 32770, pc: 0x00062870, module: busybox
  [293] inode: 32770, pc: 0x00062880, module: busybox
  [294] inode: 32770, pc: 0x00063158, module: busybox
  [295] inode: 32770, pc: 0x00002c14, module: busybox
  [296] inode: 32770, pc: 0x00002c34, module: busybox
  [297] inode: 32770, pc: 0x00063168, module: busybox
  [298] inode: 32770, pc: 0x00063138, module: busybox
  [299] inode: 32770, pc: 0x00003b70, module: busybox
Total Parent trace elements: 300

--- Parent PID 0 Trace ---
Total Parent trace elements: 0

Children: 1093(sh) 1095(sh) 1097(sh) 1099(sh) 1101(sh) 1109(sh) 1332(sh) 1380(sh) 1904(sh) 1914(sh) 1943(sh) 2271(sh) 2710(sh) 2712(sh) 2716(sh) 

