=== Trace for PID 74 ===
Process: xmldb

--- Self PID 74 Trace ---
  [000] inode: 49241, pc: 0x0000bb14, module: xmldb
  [001] inode: 49241, pc: 0x0000bd2c, module: xmldb
  [002] inode: 24605, pc: 0x00052060, module: libc.so.0, symbol: strcpy
  [003] inode: 49241, pc: 0x0000bd44, module: xmldb
  [004] inode: 49241, pc: 0x00007594, module: xmldb
  [005] inode: 49241, pc: 0x000075b8, module: xmldb
  [006] inode: 49241, pc: 0x000075c0, module: xmldb
  [007] inode: 49241, pc: 0x000075d8, module: xmldb
  [008] inode: 49241, pc: 0x000075c0, module: xmldb
  [009] inode: 49241, pc: 0x000075d8, module: xmldb
  [010] inode: 49241, pc: 0x000075c0, module: xmldb
  [011] inode: 49241, pc: 0x000075d8, module: xmldb
  [012] inode: 49241, pc: 0x000075c0, module: xmldb
  [013] inode: 49241, pc: 0x000075d8, module: xmldb
  [014] inode: 49241, pc: 0x000075c0, module: xmldb
  [015] inode: 49241, pc: 0x000075d8, module: xmldb
  [016] inode: 49241, pc: 0x000075c0, module: xmldb
  [017] inode: 49241, pc: 0x000075e0, module: xmldb
  [018] inode: 49241, pc: 0x0000bd70, module: xmldb
  [019] inode: 49241, pc: 0x0000bd98, module: xmldb
  [020] inode: 24605, pc: 0x000520f0, module: libc.so.0, symbol: strdup
  [021] inode: 49241, pc: 0x0000bda8, module: xmldb
  [022] inode: 49241, pc: 0x0000be50, module: xmldb
  [023] inode: 49241, pc: 0x0000be5c, module: xmldb
  [024] inode: 49241, pc: 0x0000be9c, module: xmldb
  [025] inode: 49241, pc: 0x0000beb0, module: xmldb
  [026] inode: 49241, pc: 0x0000bef8, module: xmldb
  [027] inode: 24605, pc: 0x00052020, module: libc.so.0, symbol: strcmp
  [028] inode: 49241, pc: 0x0000bf10, module: xmldb
  [029] inode: 49241, pc: 0x0000c010, module: xmldb
  [030] inode: 24605, pc: 0x00050f1c, module: libc.so.0, symbol: free
  [031] inode: 49241, pc: 0x0000c024, module: xmldb
  [032] inode: 24605, pc: 0x00050f1c, module: libc.so.0, symbol: free
  [033] inode: 49241, pc: 0x0000c03c, module: xmldb
  [034] inode: 49241, pc: 0x0000c058, module: xmldb
  [035] inode: 49241, pc: 0x0000c068, module: xmldb
  [036] inode: 49241, pc: 0x0000c084, module: xmldb
  [037] inode: 49241, pc: 0x0000daa8, module: xmldb
  [038] inode: 49241, pc: 0x0000dab4, module: xmldb
  [039] inode: 49241, pc: 0x0000dac4, module: xmldb
  [040] inode: 49241, pc: 0x0000ded8, module: xmldb
  [041] inode: 49241, pc: 0x0000df14, module: xmldb
  [042] inode: 49241, pc: 0x0000df28, module: xmldb
  [043] inode: 49241, pc: 0x0000e1b4, module: xmldb
  [044] inode: 49241, pc: 0x0000cfb8, module: xmldb
  [045] inode: 49241, pc: 0x0000b7e4, module: xmldb
  [046] inode: 24605, pc: 0x00051d40, module: libc.so.0, symbol: memset
  [047] inode: 49241, pc: 0x0000b838, module: xmldb
  [048] inode: 49241, pc: 0x0000b84c, module: xmldb
  [049] inode: 49241, pc: 0x0000b860, module: xmldb
  [050] inode: 49241, pc: 0x0000b888, module: xmldb
  [051] inode: 49241, pc: 0x0000b8bc, module: xmldb
  [052] inode: 24605, pc: 0x00052300, module: libc.so.0, symbol: strncpy
  [053] inode: 49241, pc: 0x0000b8d0, module: xmldb
  [054] inode: 49241, pc: 0x0000bb14, module: xmldb
  [055] inode: 49241, pc: 0x0000bd2c, module: xmldb
  [056] inode: 24605, pc: 0x00052060, module: libc.so.0, symbol: strcpy
  [057] inode: 49241, pc: 0x0000bd44, module: xmldb
  [058] inode: 49241, pc: 0x00007594, module: xmldb
  [059] inode: 49241, pc: 0x000075b8, module: xmldb
  [060] inode: 49241, pc: 0x000075c0, module: xmldb
  [061] inode: 49241, pc: 0x000075d8, module: xmldb
  [062] inode: 49241, pc: 0x000075c0, module: xmldb
  [063] inode: 49241, pc: 0x000075d8, module: xmldb
  [064] inode: 49241, pc: 0x000075c0, module: xmldb
  [065] inode: 49241, pc: 0x000075d8, module: xmldb
  [066] inode: 49241, pc: 0x000075c0, module: xmldb
  [067] inode: 49241, pc: 0x000075d8, module: xmldb
  [068] inode: 49241, pc: 0x000075c0, module: xmldb
  [069] inode: 49241, pc: 0x000075d8, module: xmldb
  [070] inode: 49241, pc: 0x000075c0, module: xmldb
  [071] inode: 49241, pc: 0x000075e0, module: xmldb
  [072] inode: 49241, pc: 0x0000bd70, module: xmldb
  [073] inode: 49241, pc: 0x0000bd98, module: xmldb
  [074] inode: 24605, pc: 0x000520f0, module: libc.so.0, symbol: strdup
  [075] inode: 49241, pc: 0x0000bda8, module: xmldb
  [076] inode: 49241, pc: 0x0000d000, module: xmldb
  [077] inode: 49241, pc: 0x0000d010, module: xmldb
  [078] inode: 49241, pc: 0x0000d024, module: xmldb
  [079] inode: 49241, pc: 0x0000d128, module: xmldb
  [080] inode: 49241, pc: 0x00007484, module: xmldb
  [081] inode: 49241, pc: 0x000072b4, module: xmldb
  [082] inode: 49241, pc: 0x0000730c, module: xmldb
  [083] inode: 49241, pc: 0x00007328, module: xmldb
  [084] inode: 24605, pc: 0x00052020, module: libc.so.0, symbol: strcmp
  [085] inode: 49241, pc: 0x00007340, module: xmldb
  [086] inode: 49241, pc: 0x0000734c, module: xmldb
  [087] inode: 49241, pc: 0x00007328, module: xmldb
  [088] inode: 24605, pc: 0x00052020, module: libc.so.0, symbol: strcmp
  [089] inode: 49241, pc: 0x00007340, module: xmldb
  [090] inode: 49241, pc: 0x0000734c, module: xmldb
  [091] inode: 49241, pc: 0x00007328, module: xmldb
  [092] inode: 24605, pc: 0x00052020, module: libc.so.0, symbol: strcmp
  [093] inode: 49241, pc: 0x00007340, module: xmldb
  [094] inode: 49241, pc: 0x0000734c, module: xmldb
  [095] inode: 49241, pc: 0x00007328, module: xmldb
  [096] inode: 24605, pc: 0x00052020, module: libc.so.0, symbol: strcmp
  [097] inode: 49241, pc: 0x00007340, module: xmldb
  [098] inode: 49241, pc: 0x0000734c, module: xmldb
  [099] inode: 49241, pc: 0x00007328, module: xmldb
  [100] inode: 24605, pc: 0x00052020, module: libc.so.0, symbol: strcmp
  [101] inode: 49241, pc: 0x00007340, module: xmldb
  [102] inode: 49241, pc: 0x0000734c, module: xmldb
  [103] inode: 49241, pc: 0x00007328, module: xmldb
  [104] inode: 24605, pc: 0x00052020, module: libc.so.0, symbol: strcmp
  [105] inode: 49241, pc: 0x00007340, module: xmldb
  [106] inode: 49241, pc: 0x0000734c, module: xmldb
  [107] inode: 49241, pc: 0x00007328, module: xmldb
  [108] inode: 24605, pc: 0x00052020, module: libc.so.0, symbol: strcmp
  [109] inode: 49241, pc: 0x00007340, module: xmldb
  [110] inode: 49241, pc: 0x0000734c, module: xmldb
  [111] inode: 49241, pc: 0x00007328, module: xmldb
  [112] inode: 24605, pc: 0x00052020, module: libc.so.0, symbol: strcmp
  [113] inode: 49241, pc: 0x00007340, module: xmldb
  [114] inode: 49241, pc: 0x0000734c, module: xmldb
  [115] inode: 49241, pc: 0x00007328, module: xmldb
  [116] inode: 24605, pc: 0x00052020, module: libc.so.0, symbol: strcmp
  [117] inode: 49241, pc: 0x00007340, module: xmldb
  [118] inode: 49241, pc: 0x0000734c, module: xmldb
  [119] inode: 49241, pc: 0x00007328, module: xmldb
  [120] inode: 24605, pc: 0x00052020, module: libc.so.0, symbol: strcmp
  [121] inode: 49241, pc: 0x00007340, module: xmldb
  [122] inode: 49241, pc: 0x0000734c, module: xmldb
  [123] inode: 49241, pc: 0x00007328, module: xmldb
  [124] inode: 24605, pc: 0x00052020, module: libc.so.0, symbol: strcmp
  [125] inode: 49241, pc: 0x00007340, module: xmldb
  [126] inode: 49241, pc: 0x00007398, module: xmldb
  [127] inode: 49241, pc: 0x000074b8, module: xmldb
  [128] inode: 49241, pc: 0x0000d144, module: xmldb
  [129] inode: 24605, pc: 0x0004abc0, module: libc.so.0, symbol: atol
  [130] inode: 49241, pc: 0x0000d15c, module: xmldb
  [131] inode: 49241, pc: 0x0000d1a4, module: xmldb
  [132] inode: 24605, pc: 0x00040ac0, module: libc.so.0, symbol: sprintf
  [133] inode: 49241, pc: 0x0000d1c8, module: xmldb
  [134] inode: 24605, pc: 0x00050f1c, module: libc.so.0, symbol: free
  [135] inode: 49241, pc: 0x0000d1e0, module: xmldb
  [136] inode: 49241, pc: 0x000073b0, module: xmldb
  [137] inode: 49241, pc: 0x000072b4, module: xmldb
  [138] inode: 49241, pc: 0x0000730c, module: xmldb
  [139] inode: 49241, pc: 0x00007328, module: xmldb
  [140] inode: 24605, pc: 0x00052020, module: libc.so.0, symbol: strcmp
  [141] inode: 49241, pc: 0x00007340, module: xmldb
  [142] inode: 49241, pc: 0x0000734c, module: xmldb
  [143] inode: 49241, pc: 0x00007328, module: xmldb
  [144] inode: 24605, pc: 0x00052020, module: libc.so.0, symbol: strcmp
  [145] inode: 49241, pc: 0x00007340, module: xmldb
  [146] inode: 49241, pc: 0x0000734c, module: xmldb
  [147] inode: 49241, pc: 0x00007328, module: xmldb
  [148] inode: 24605, pc: 0x00052020, module: libc.so.0, symbol: strcmp
  [149] inode: 49241, pc: 0x00007340, module: xmldb
  [150] inode: 49241, pc: 0x0000734c, module: xmldb
  [151] inode: 49241, pc: 0x00007328, module: xmldb
  [152] inode: 24605, pc: 0x00052020, module: libc.so.0, symbol: strcmp
  [153] inode: 49241, pc: 0x00007340, module: xmldb
  [154] inode: 49241, pc: 0x0000734c, module: xmldb
  [155] inode: 49241, pc: 0x00007328, module: xmldb
  [156] inode: 24605, pc: 0x00052020, module: libc.so.0, symbol: strcmp
  [157] inode: 49241, pc: 0x00007340, module: xmldb
  [158] inode: 49241, pc: 0x0000734c, module: xmldb
  [159] inode: 49241, pc: 0x00007328, module: xmldb
  [160] inode: 24605, pc: 0x00052020, module: libc.so.0, symbol: strcmp
  [161] inode: 49241, pc: 0x00007340, module: xmldb
  [162] inode: 49241, pc: 0x0000734c, module: xmldb
  [163] inode: 49241, pc: 0x00007328, module: xmldb
  [164] inode: 24605, pc: 0x00052020, module: libc.so.0, symbol: strcmp
  [165] inode: 49241, pc: 0x00007340, module: xmldb
  [166] inode: 49241, pc: 0x0000734c, module: xmldb
  [167] inode: 49241, pc: 0x00007328, module: xmldb
  [168] inode: 24605, pc: 0x00052020, module: libc.so.0, symbol: strcmp
  [169] inode: 49241, pc: 0x00007340, module: xmldb
  [170] inode: 49241, pc: 0x0000734c, module: xmldb
  [171] inode: 49241, pc: 0x00007328, module: xmldb
  [172] inode: 24605, pc: 0x00052020, module: libc.so.0, symbol: strcmp
  [173] inode: 49241, pc: 0x00007340, module: xmldb
  [174] inode: 49241, pc: 0x0000734c, module: xmldb
  [175] inode: 49241, pc: 0x00007328, module: xmldb
  [176] inode: 24605, pc: 0x00052020, module: libc.so.0, symbol: strcmp
  [177] inode: 49241, pc: 0x00007340, module: xmldb
  [178] inode: 49241, pc: 0x0000734c, module: xmldb
  [179] inode: 49241, pc: 0x00007328, module: xmldb
  [180] inode: 24605, pc: 0x00052020, module: libc.so.0, symbol: strcmp
  [181] inode: 49241, pc: 0x00007340, module: xmldb
  [182] inode: 49241, pc: 0x00007398, module: xmldb
  [183] inode: 49241, pc: 0x000073f8, module: xmldb
  [184] inode: 49241, pc: 0x0000740c, module: xmldb
  [185] inode: 49241, pc: 0x0000741c, module: xmldb
  [186] inode: 24605, pc: 0x00050f1c, module: libc.so.0, symbol: free
  [187] inode: 49241, pc: 0x0000742c, module: xmldb
  [188] inode: 24605, pc: 0x000520f0, module: libc.so.0, symbol: strdup
  [189] inode: 49241, pc: 0x00007444, module: xmldb
  [190] inode: 49241, pc: 0x0000746c, module: xmldb
  [191] inode: 49241, pc: 0x0000d208, module: xmldb
  [192] inode: 49241, pc: 0x0000e1d4, module: xmldb
  [193] inode: 49241, pc: 0x0000e36c, module: xmldb
  [194] inode: 49241, pc: 0x0000e374, module: xmldb
  [195] inode: 49241, pc: 0x0000df14, module: xmldb
  [196] inode: 49241, pc: 0x0000df28, module: xmldb
  [197] inode: 49241, pc: 0x0000e0d8, module: xmldb
  [198] inode: 49241, pc: 0x0000ca00, module: xmldb
  [199] inode: 49241, pc: 0x0000b7e4, module: xmldb
  [200] inode: 24605, pc: 0x00051d40, module: libc.so.0, symbol: memset
  [201] inode: 49241, pc: 0x0000b838, module: xmldb
  [202] inode: 49241, pc: 0x0000b84c, module: xmldb
  [203] inode: 49241, pc: 0x0000b860, module: xmldb
  [204] inode: 49241, pc: 0x0000b894, module: xmldb
  [205] inode: 49241, pc: 0x00007484, module: xmldb
  [206] inode: 49241, pc: 0x000072b4, module: xmldb
  [207] inode: 49241, pc: 0x0000730c, module: xmldb
  [208] inode: 49241, pc: 0x00007328, module: xmldb
  [209] inode: 24605, pc: 0x00052020, module: libc.so.0, symbol: strcmp
  [210] inode: 49241, pc: 0x00007340, module: xmldb
  [211] inode: 49241, pc: 0x00007398, module: xmldb
  [212] inode: 49241, pc: 0x000074b8, module: xmldb
  [213] inode: 49241, pc: 0x0000b8b0, module: xmldb
  [214] inode: 24605, pc: 0x00052300, module: libc.so.0, symbol: strncpy
  [215] inode: 49241, pc: 0x0000b8d0, module: xmldb
  [216] inode: 49241, pc: 0x0000bb14, module: xmldb
  [217] inode: 49241, pc: 0x0000bd2c, module: xmldb
  [218] inode: 24605, pc: 0x00052060, module: libc.so.0, symbol: strcpy
  [219] inode: 49241, pc: 0x0000bd44, module: xmldb
  [220] inode: 49241, pc: 0x00007594, module: xmldb
  [221] inode: 49241, pc: 0x000075b8, module: xmldb
  [222] inode: 49241, pc: 0x000075e4, module: xmldb
  [223] inode: 49241, pc: 0x0000bd70, module: xmldb
  [224] inode: 49241, pc: 0x0000bd84, module: xmldb
  [225] inode: 49241, pc: 0x0000b84c, module: xmldb
  [226] inode: 49241, pc: 0x0000b860, module: xmldb
  [227] inode: 49241, pc: 0x0000b888, module: xmldb
  [228] inode: 49241, pc: 0x0000b8bc, module: xmldb
  [229] inode: 24605, pc: 0x00052300, module: libc.so.0, symbol: strncpy
  [230] inode: 49241, pc: 0x0000b8d0, module: xmldb
  [231] inode: 49241, pc: 0x0000bb14, module: xmldb
  [232] inode: 49241, pc: 0x0000bb20, module: xmldb
  [233] inode: 49241, pc: 0x0000bb44, module: xmldb
  [234] inode: 24605, pc: 0x00051f50, module: libc.so.0, symbol: strcat
  [235] inode: 49241, pc: 0x0000bb5c, module: xmldb
  [236] inode: 49241, pc: 0x0000bd48, module: xmldb
  [237] inode: 49241, pc: 0x00007594, module: xmldb
  [238] inode: 49241, pc: 0x000075b8, module: xmldb
  [239] inode: 49241, pc: 0x000075c0, module: xmldb
  [240] inode: 49241, pc: 0x000075d8, module: xmldb
  [241] inode: 49241, pc: 0x000075c0, module: xmldb
  [242] inode: 49241, pc: 0x000075d8, module: xmldb
  [243] inode: 49241, pc: 0x000075c0, module: xmldb
  [244] inode: 49241, pc: 0x000075d8, module: xmldb
  [245] inode: 49241, pc: 0x000075c0, module: xmldb
  [246] inode: 49241, pc: 0x000075d8, module: xmldb
  [247] inode: 49241, pc: 0x000075c0, module: xmldb
  [248] inode: 49241, pc: 0x000075d8, module: xmldb
  [249] inode: 49241, pc: 0x000075c0, module: xmldb
  [250] inode: 49241, pc: 0x000075e0, module: xmldb
  [251] inode: 49241, pc: 0x0000bd70, module: xmldb
  [252] inode: 49241, pc: 0x0000bd98, module: xmldb
  [253] inode: 24605, pc: 0x000520f0, module: libc.so.0, symbol: strdup
  [254] inode: 49241, pc: 0x0000bda8, module: xmldb
  [255] inode: 49241, pc: 0x0000ca4c, module: xmldb
  [256] inode: 49241, pc: 0x0000b7e4, module: xmldb
  [257] inode: 24605, pc: 0x00051d40, module: libc.so.0, symbol: memset
  [258] inode: 49241, pc: 0x0000b838, module: xmldb
  [259] inode: 49241, pc: 0x0000b84c, module: xmldb
  [260] inode: 49241, pc: 0x0000b860, module: xmldb
  [261] inode: 49241, pc: 0x0000b894, module: xmldb
  [262] inode: 49241, pc: 0x00007484, module: xmldb
  [263] inode: 49241, pc: 0x000072b4, module: xmldb
  [264] inode: 49241, pc: 0x0000730c, module: xmldb
  [265] inode: 49241, pc: 0x00007328, module: xmldb
  [266] inode: 24605, pc: 0x00052020, module: libc.so.0, symbol: strcmp
  [267] inode: 49241, pc: 0x00007340, module: xmldb
  [268] inode: 49241, pc: 0x0000734c, module: xmldb
  [269] inode: 49241, pc: 0x00007328, module: xmldb
  [270] inode: 24605, pc: 0x00052020, module: libc.so.0, symbol: strcmp
  [271] inode: 49241, pc: 0x00007340, module: xmldb
  [272] inode: 49241, pc: 0x0000734c, module: xmldb
  [273] inode: 49241, pc: 0x00007328, module: xmldb
  [274] inode: 24605, pc: 0x00052020, module: libc.so.0, symbol: strcmp
  [275] inode: 49241, pc: 0x00007340, module: xmldb
  [276] inode: 49241, pc: 0x0000734c, module: xmldb
  [277] inode: 49241, pc: 0x00007328, module: xmldb
  [278] inode: 24605, pc: 0x00052020, module: libc.so.0, symbol: strcmp
  [279] inode: 49241, pc: 0x00007340, module: xmldb
  [280] inode: 49241, pc: 0x0000734c, module: xmldb
  [281] inode: 49241, pc: 0x00007328, module: xmldb
  [282] inode: 24605, pc: 0x00052020, module: libc.so.0, symbol: strcmp
  [283] inode: 49241, pc: 0x00007340, module: xmldb
  [284] inode: 49241, pc: 0x0000734c, module: xmldb
  [285] inode: 49241, pc: 0x00007328, module: xmldb
  [286] inode: 24605, pc: 0x00052020, module: libc.so.0, symbol: strcmp
  [287] inode: 49241, pc: 0x00007340, module: xmldb
  [288] inode: 49241, pc: 0x0000734c, module: xmldb
  [289] inode: 49241, pc: 0x00007328, module: xmldb
  [290] inode: 24605, pc: 0x00052020, module: libc.so.0, symbol: strcmp
  [291] inode: 49241, pc: 0x00007340, module: xmldb
  [292] inode: 49241, pc: 0x00007398, module: xmldb
  [293] inode: 49241, pc: 0x000074b8, module: xmldb
  [294] inode: 49241, pc: 0x0000b8b0, module: xmldb
  [295] inode: 24605, pc: 0x00052300, module: libc.so.0, symbol: strncpy
  [296] inode: 49241, pc: 0x0000b8d0, module: xmldb
  [297] inode: 49241, pc: 0x0000bb14, module: xmldb
  [298] inode: 49241, pc: 0x0000bd2c, module: xmldb
  [299] inode: 24605, pc: 0x00052060, module: libc.so.0, symbol: strcpy
Total Self trace elements: 300

--- Parent PID 54 Trace ---
  [000] inode: 32770, pc: 0x000228e4, module: busybox
  [001] inode: 32770, pc: 0x000228e4, module: busybox
  [002] inode: 32770, pc: 0x000228e4, module: busybox
  [003] inode: 32770, pc: 0x000228e4, module: busybox
  [004] inode: 32770, pc: 0x000228e4, module: busybox
  [005] inode: 32770, pc: 0x000228e4, module: busybox
  [006] inode: 32770, pc: 0x000228e4, module: busybox
  [007] inode: 32770, pc: 0x000228e4, module: busybox
  [008] inode: 32770, pc: 0x000228e4, module: busybox
  [009] inode: 32770, pc: 0x000228e4, module: busybox
  [010] inode: 32770, pc: 0x000228e4, module: busybox
  [011] inode: 32770, pc: 0x000228e4, module: busybox
  [012] inode: 32770, pc: 0x00022900, module: busybox
  [013] inode: 32770, pc: 0x000228b4, module: busybox
  [014] inode: 32770, pc: 0x00022904, module: busybox
  [015] inode: 32770, pc: 0x000228b4, module: busybox
  [016] inode: 32770, pc: 0x000228c8, module: busybox
  [017] inode: 32770, pc: 0x000228e4, module: busybox
  [018] inode: 32770, pc: 0x000228e4, module: busybox
  [019] inode: 32770, pc: 0x000228e4, module: busybox
  [020] inode: 32770, pc: 0x000228e4, module: busybox
  [021] inode: 32770, pc: 0x000228e4, module: busybox
  [022] inode: 32770, pc: 0x000228e4, module: busybox
  [023] inode: 32770, pc: 0x000228e4, module: busybox
  [024] inode: 32770, pc: 0x000228e4, module: busybox
  [025] inode: 32770, pc: 0x000228e4, module: busybox
  [026] inode: 32770, pc: 0x000228e4, module: busybox
  [027] inode: 32770, pc: 0x000228e4, module: busybox
  [028] inode: 32770, pc: 0x000228e4, module: busybox
  [029] inode: 32770, pc: 0x000228e4, module: busybox
  [030] inode: 32770, pc: 0x00022900, module: busybox
  [031] inode: 32770, pc: 0x000228b4, module: busybox
  [032] inode: 32770, pc: 0x00022904, module: busybox
  [033] inode: 32770, pc: 0x000228b4, module: busybox
  [034] inode: 32770, pc: 0x000228c8, module: busybox
  [035] inode: 32770, pc: 0x000228e4, module: busybox
  [036] inode: 32770, pc: 0x000228e4, module: busybox
  [037] inode: 32770, pc: 0x000228e4, module: busybox
  [038] inode: 32770, pc: 0x000228e4, module: busybox
  [039] inode: 32770, pc: 0x000228e4, module: busybox
  [040] inode: 32770, pc: 0x000228e4, module: busybox
  [041] inode: 32770, pc: 0x000228e4, module: busybox
  [042] inode: 32770, pc: 0x000228e4, module: busybox
  [043] inode: 32770, pc: 0x000228e4, module: busybox
  [044] inode: 32770, pc: 0x000228e4, module: busybox
  [045] inode: 32770, pc: 0x000228e4, module: busybox
  [046] inode: 32770, pc: 0x000228e4, module: busybox
  [047] inode: 32770, pc: 0x000228e4, module: busybox
  [048] inode: 32770, pc: 0x000228e4, module: busybox
  [049] inode: 32770, pc: 0x000228e4, module: busybox
  [050] inode: 32770, pc: 0x000228e4, module: busybox
  [051] inode: 32770, pc: 0x000228e4, module: busybox
  [052] inode: 32770, pc: 0x000228e4, module: busybox
  [053] inode: 32770, pc: 0x000228e4, module: busybox
  [054] inode: 32770, pc: 0x000228e4, module: busybox
  [055] inode: 32770, pc: 0x000228e4, module: busybox
  [056] inode: 32770, pc: 0x000228e4, module: busybox
  [057] inode: 32770, pc: 0x000228e4, module: busybox
  [058] inode: 32770, pc: 0x000228e4, module: busybox
  [059] inode: 32770, pc: 0x000228e4, module: busybox
  [060] inode: 32770, pc: 0x000228e4, module: busybox
  [061] inode: 32770, pc: 0x00022900, module: busybox
  [062] inode: 32770, pc: 0x000228b4, module: busybox
  [063] inode: 32770, pc: 0x00022904, module: busybox
  [064] inode: 32770, pc: 0x000228b4, module: busybox
  [065] inode: 32770, pc: 0x000228c8, module: busybox
  [066] inode: 32770, pc: 0x000228e4, module: busybox
  [067] inode: 32770, pc: 0x000228e4, module: busybox
  [068] inode: 32770, pc: 0x000228e4, module: busybox
  [069] inode: 32770, pc: 0x000228e4, module: busybox
  [070] inode: 32770, pc: 0x000228e4, module: busybox
  [071] inode: 32770, pc: 0x000228e4, module: busybox
  [072] inode: 32770, pc: 0x000228e4, module: busybox
  [073] inode: 32770, pc: 0x000228e4, module: busybox
  [074] inode: 32770, pc: 0x00022900, module: busybox
  [075] inode: 32770, pc: 0x000228b4, module: busybox
  [076] inode: 32770, pc: 0x00022904, module: busybox
  [077] inode: 32770, pc: 0x000228b4, module: busybox
  [078] inode: 32770, pc: 0x000228c8, module: busybox
  [079] inode: 32770, pc: 0x000228e4, module: busybox
  [080] inode: 32770, pc: 0x000228e4, module: busybox
  [081] inode: 32770, pc: 0x000228e4, module: busybox
  [082] inode: 32770, pc: 0x000228e4, module: busybox
  [083] inode: 32770, pc: 0x000228e4, module: busybox
  [084] inode: 32770, pc: 0x000228e4, module: busybox
  [085] inode: 32770, pc: 0x000228e4, module: busybox
  [086] inode: 32770, pc: 0x000228e4, module: busybox
  [087] inode: 32770, pc: 0x000228e4, module: busybox
  [088] inode: 32770, pc: 0x000228e4, module: busybox
  [089] inode: 32770, pc: 0x000228e4, module: busybox
  [090] inode: 32770, pc: 0x00022900, module: busybox
  [091] inode: 32770, pc: 0x000228b4, module: busybox
  [092] inode: 32770, pc: 0x00022904, module: busybox
  [093] inode: 32770, pc: 0x000228b4, module: busybox
  [094] inode: 32770, pc: 0x000228c8, module: busybox
  [095] inode: 32770, pc: 0x000228e4, module: busybox
  [096] inode: 32770, pc: 0x000228e4, module: busybox
  [097] inode: 32770, pc: 0x000228e4, module: busybox
  [098] inode: 32770, pc: 0x000228e4, module: busybox
  [099] inode: 32770, pc: 0x000228e4, module: busybox
  [100] inode: 32770, pc: 0x000228e4, module: busybox
  [101] inode: 32770, pc: 0x000228e4, module: busybox
  [102] inode: 32770, pc: 0x000228e4, module: busybox
  [103] inode: 32770, pc: 0x000228e4, module: busybox
  [104] inode: 32770, pc: 0x000228e4, module: busybox
  [105] inode: 32770, pc: 0x000228e4, module: busybox
  [106] inode: 32770, pc: 0x000228e4, module: busybox
  [107] inode: 32770, pc: 0x000228e4, module: busybox
  [108] inode: 32770, pc: 0x00022900, module: busybox
  [109] inode: 32770, pc: 0x000228b4, module: busybox
  [110] inode: 32770, pc: 0x00022904, module: busybox
  [111] inode: 32770, pc: 0x000228b4, module: busybox
  [112] inode: 32770, pc: 0x000228c8, module: busybox
  [113] inode: 32770, pc: 0x000228e4, module: busybox
  [114] inode: 32770, pc: 0x000228e4, module: busybox
  [115] inode: 32770, pc: 0x000228e4, module: busybox
  [116] inode: 32770, pc: 0x000228e4, module: busybox
  [117] inode: 32770, pc: 0x000228e4, module: busybox
  [118] inode: 32770, pc: 0x000228e4, module: busybox
  [119] inode: 32770, pc: 0x000228e4, module: busybox
  [120] inode: 32770, pc: 0x000228e4, module: busybox
  [121] inode: 32770, pc: 0x000228e4, module: busybox
  [122] inode: 32770, pc: 0x000228e4, module: busybox
  [123] inode: 32770, pc: 0x000228e4, module: busybox
  [124] inode: 32770, pc: 0x000228e4, module: busybox
  [125] inode: 32770, pc: 0x00022900, module: busybox
  [126] inode: 32770, pc: 0x000228b4, module: busybox
  [127] inode: 32770, pc: 0x00022904, module: busybox
  [128] inode: 32770, pc: 0x000228b4, module: busybox
  [129] inode: 32770, pc: 0x000228c8, module: busybox
  [130] inode: 32770, pc: 0x000228e4, module: busybox
  [131] inode: 32770, pc: 0x000228e4, module: busybox
  [132] inode: 32770, pc: 0x000228e4, module: busybox
  [133] inode: 32770, pc: 0x000228e4, module: busybox
  [134] inode: 32770, pc: 0x000228e4, module: busybox
  [135] inode: 32770, pc: 0x000228e4, module: busybox
  [136] inode: 32770, pc: 0x000228e4, module: busybox
  [137] inode: 32770, pc: 0x000228e4, module: busybox
  [138] inode: 32770, pc: 0x000228e4, module: busybox
  [139] inode: 32770, pc: 0x000228e4, module: busybox
  [140] inode: 32770, pc: 0x00022900, module: busybox
  [141] inode: 32770, pc: 0x000228b4, module: busybox
  [142] inode: 32770, pc: 0x00022904, module: busybox
  [143] inode: 32770, pc: 0x000228b4, module: busybox
  [144] inode: 32770, pc: 0x000228c8, module: busybox
  [145] inode: 32770, pc: 0x000228e4, module: busybox
  [146] inode: 32770, pc: 0x000228e4, module: busybox
  [147] inode: 32770, pc: 0x000228e4, module: busybox
  [148] inode: 32770, pc: 0x000228e4, module: busybox
  [149] inode: 32770, pc: 0x000228e4, module: busybox
  [150] inode: 32770, pc: 0x000228e4, module: busybox
  [151] inode: 32770, pc: 0x000228e4, module: busybox
  [152] inode: 32770, pc: 0x000228e4, module: busybox
  [153] inode: 32770, pc: 0x000228e4, module: busybox
  [154] inode: 32770, pc: 0x000228e4, module: busybox
  [155] inode: 32770, pc: 0x000228e4, module: busybox
  [156] inode: 32770, pc: 0x000228e4, module: busybox
  [157] inode: 32770, pc: 0x000228e4, module: busybox
  [158] inode: 32770, pc: 0x000228e4, module: busybox
  [159] inode: 32770, pc: 0x000228e4, module: busybox
  [160] inode: 32770, pc: 0x000228e4, module: busybox
  [161] inode: 32770, pc: 0x000228e4, module: busybox
  [162] inode: 32770, pc: 0x000228e4, module: busybox
  [163] inode: 32770, pc: 0x000228e4, module: busybox
  [164] inode: 32770, pc: 0x000228e4, module: busybox
  [165] inode: 32770, pc: 0x000228e4, module: busybox
  [166] inode: 32770, pc: 0x000228e4, module: busybox
  [167] inode: 32770, pc: 0x000228e4, module: busybox
  [168] inode: 32770, pc: 0x000228e4, module: busybox
  [169] inode: 32770, pc: 0x000228e4, module: busybox
  [170] inode: 32770, pc: 0x000228e4, module: busybox
  [171] inode: 32770, pc: 0x000228e4, module: busybox
  [172] inode: 32770, pc: 0x000228e4, module: busybox
  [173] inode: 32770, pc: 0x000228e4, module: busybox
  [174] inode: 32770, pc: 0x000228e4, module: busybox
  [175] inode: 32770, pc: 0x000228e4, module: busybox
  [176] inode: 32770, pc: 0x000228e4, module: busybox
  [177] inode: 32770, pc: 0x000228e4, module: busybox
  [178] inode: 32770, pc: 0x00022900, module: busybox
  [179] inode: 32770, pc: 0x000228b4, module: busybox
  [180] inode: 32770, pc: 0x00022904, module: busybox
  [181] inode: 32770, pc: 0x000228b4, module: busybox
  [182] inode: 32770, pc: 0x000228c8, module: busybox
  [183] inode: 32770, pc: 0x000228e4, module: busybox
  [184] inode: 32770, pc: 0x000228e4, module: busybox
  [185] inode: 32770, pc: 0x000228e4, module: busybox
  [186] inode: 32770, pc: 0x000228e4, module: busybox
  [187] inode: 32770, pc: 0x000228e4, module: busybox
  [188] inode: 32770, pc: 0x000228e4, module: busybox
  [189] inode: 32770, pc: 0x00022900, module: busybox
  [190] inode: 32770, pc: 0x000228b4, module: busybox
  [191] inode: 32770, pc: 0x00022904, module: busybox
  [192] inode: 32770, pc: 0x000228b4, module: busybox
  [193] inode: 32770, pc: 0x000228c8, module: busybox
  [194] inode: 32770, pc: 0x000228e4, module: busybox
  [195] inode: 32770, pc: 0x000228e4, module: busybox
  [196] inode: 32770, pc: 0x000228e4, module: busybox
  [197] inode: 32770, pc: 0x00022900, module: busybox
  [198] inode: 32770, pc: 0x000228b4, module: busybox
  [199] inode: 32770, pc: 0x00022904, module: busybox
  [200] inode: 32770, pc: 0x000228b4, module: busybox
  [201] inode: 32770, pc: 0x000228c8, module: busybox
  [202] inode: 32770, pc: 0x000228e4, module: busybox
  [203] inode: 32770, pc: 0x000228e4, module: busybox
  [204] inode: 32770, pc: 0x000228e4, module: busybox
  [205] inode: 32770, pc: 0x000228e4, module: busybox
  [206] inode: 32770, pc: 0x000228e4, module: busybox
  [207] inode: 32770, pc: 0x000228e4, module: busybox
  [208] inode: 32770, pc: 0x000228e4, module: busybox
  [209] inode: 32770, pc: 0x000228e4, module: busybox
  [210] inode: 32770, pc: 0x000228e4, module: busybox
  [211] inode: 32770, pc: 0x000228e4, module: busybox
  [212] inode: 32770, pc: 0x000228e4, module: busybox
  [213] inode: 32770, pc: 0x000228e4, module: busybox
  [214] inode: 32770, pc: 0x000228e4, module: busybox
  [215] inode: 32770, pc: 0x000228e4, module: busybox
  [216] inode: 32770, pc: 0x000228e4, module: busybox
  [217] inode: 32770, pc: 0x00022900, module: busybox
  [218] inode: 32770, pc: 0x000228b4, module: busybox
  [219] inode: 32770, pc: 0x00022904, module: busybox
  [220] inode: 32770, pc: 0x000228b4, module: busybox
  [221] inode: 32770, pc: 0x000228c8, module: busybox
  [222] inode: 32770, pc: 0x000228e4, module: busybox
  [223] inode: 32770, pc: 0x000228e4, module: busybox
  [224] inode: 32770, pc: 0x000228e4, module: busybox
  [225] inode: 32770, pc: 0x000228e4, module: busybox
  [226] inode: 32770, pc: 0x00022900, module: busybox
  [227] inode: 32770, pc: 0x00022914, module: busybox
  [228] inode: 32770, pc: 0x00020660, module: busybox
  [229] inode: 32770, pc: 0x0005b4d0, module: busybox
  [230] inode: 32770, pc: 0x0005b4f0, module: busybox
  [231] inode: 32770, pc: 0x0005b650, module: busybox
  [232] inode: 32770, pc: 0x000620f0, module: busybox
  [233] inode: 32770, pc: 0x00062140, module: busybox
  [234] inode: 32770, pc: 0x0005b6cc, module: busybox
  [235] inode: 32770, pc: 0x0002071c, module: busybox
  [236] inode: 32770, pc: 0x0005b4d0, module: busybox
  [237] inode: 32770, pc: 0x0005b4f0, module: busybox
  [238] inode: 32770, pc: 0x0005b650, module: busybox
  [239] inode: 32770, pc: 0x000620f0, module: busybox
  [240] inode: 32770, pc: 0x00062140, module: busybox
  [241] inode: 32770, pc: 0x0005b6cc, module: busybox
  [242] inode: 32770, pc: 0x00020748, module: busybox
  [243] inode: 32770, pc: 0x00020754, module: busybox
  [244] inode: 32770, pc: 0x0002292c, module: busybox
  [245] inode: 32770, pc: 0x00022c84, module: busybox
  [246] inode: 32770, pc: 0x00022b48, module: busybox
  [247] inode: 32770, pc: 0x000229f0, module: busybox
  [248] inode: 32770, pc: 0x00023294, module: busybox
  [249] inode: 32770, pc: 0x00023300, module: busybox
  [250] inode: 32770, pc: 0x00022e74, module: busybox
  [251] inode: 32770, pc: 0x00024868, module: busybox
  [252] inode: 32770, pc: 0x000248e0, module: busybox
  [253] inode: 32770, pc: 0x0002cab0, module: busybox
  [254] inode: 32770, pc: 0x0002cb88, module: busybox
  [255] inode: 32770, pc: 0x0002cce8, module: busybox
  [256] inode: 32770, pc: 0x0002cd30, module: busybox
  [257] inode: 32770, pc: 0x0002cd54, module: busybox
  [258] inode: 32770, pc: 0x0002cd64, module: busybox
  [259] inode: 32770, pc: 0x0002d59c, module: busybox
  [260] inode: 32770, pc: 0x0002d5d8, module: busybox
  [261] inode: 32770, pc: 0x0002d5e8, module: busybox
  [262] inode: 32770, pc: 0x0002d5fc, module: busybox
  [263] inode: 32770, pc: 0x0002d624, module: busybox
  [264] inode: 32770, pc: 0x0003cfe0, module: busybox
  [265] inode: 32770, pc: 0x0003d000, module: busybox
  [266] inode: 32770, pc: 0x0005a8c8, module: busybox
  [267] inode: 32770, pc: 0x0005a8e8, module: busybox
  [268] inode: 32770, pc: 0x0003d034, module: busybox
  [269] inode: 32770, pc: 0x0003d064, module: busybox
  [270] inode: 32770, pc: 0x0002d640, module: busybox
  [271] inode: 32770, pc: 0x0002d64c, module: busybox
  [272] inode: 32770, pc: 0x0002dbf4, module: busybox
  [273] inode: 32770, pc: 0x0002dc18, module: busybox
  [274] inode: 32770, pc: 0x000593e8, module: busybox
  [275] inode: 32770, pc: 0x00059408, module: busybox
  [276] inode: 32770, pc: 0x0002dc28, module: busybox
  [277] inode: 32770, pc: 0x0002d668, module: busybox
  [278] inode: 32770, pc: 0x0002d854, module: busybox
  [279] inode: 32770, pc: 0x0002cd78, module: busybox
  [280] inode: 32770, pc: 0x0002ce0c, module: busybox
  [281] inode: 32770, pc: 0x0002ce30, module: busybox
  [282] inode: 32770, pc: 0x0002cea4, module: busybox
  [283] inode: 32770, pc: 0x0002ceb4, module: busybox
  [284] inode: 32770, pc: 0x0002ced0, module: busybox
  [285] inode: 32770, pc: 0x0002cf28, module: busybox
  [286] inode: 32770, pc: 0x0002cf64, module: busybox
  [287] inode: 32770, pc: 0x0002cf90, module: busybox
  [288] inode: 32770, pc: 0x0002cfac, module: busybox
  [289] inode: 32770, pc: 0x00020a78, module: busybox
  [290] inode: 32770, pc: 0x00020ac8, module: busybox
  [291] inode: 32770, pc: 0x0002e868, module: busybox
  [292] inode: 32770, pc: 0x0002e8e0, module: busybox
  [293] inode: 32770, pc: 0x00020ae0, module: busybox
  [294] inode: 32770, pc: 0x0002e900, module: busybox
  [295] inode: 32770, pc: 0x0002e9d8, module: busybox
  [296] inode: 32770, pc: 0x00020b00, module: busybox
  [297] inode: 32770, pc: 0x00021518, module: busybox
  [298] inode: 32770, pc: 0x000215b0, module: busybox
  [299] inode: 32770, pc: 0x00020b20, module: busybox
Total Parent trace elements: 300

--- Parent PID 50 Trace ---
  [000] inode: 32770, pc: 0x000210d8, module: busybox
  [001] inode: 32770, pc: 0x000210e8, module: busybox
  [002] inode: 32770, pc: 0x000210d8, module: busybox
  [003] inode: 32770, pc: 0x000210e8, module: busybox
  [004] inode: 32770, pc: 0x000210d8, module: busybox
  [005] inode: 32770, pc: 0x000210e8, module: busybox
  [006] inode: 32770, pc: 0x000210d8, module: busybox
  [007] inode: 32770, pc: 0x000210e8, module: busybox
  [008] inode: 32770, pc: 0x000210d8, module: busybox
  [009] inode: 32770, pc: 0x000210e8, module: busybox
  [010] inode: 32770, pc: 0x000210fc, module: busybox
  [011] inode: 32770, pc: 0x00021078, module: busybox
  [012] inode: 32770, pc: 0x00021088, module: busybox
  [013] inode: 32770, pc: 0x0002109c, module: busybox
  [014] inode: 32770, pc: 0x00029f5c, module: busybox
  [015] inode: 32770, pc: 0x00029f68, module: busybox
  [016] inode: 32770, pc: 0x00029f7c, module: busybox
  [017] inode: 32770, pc: 0x0002101c, module: busybox
  [018] inode: 32770, pc: 0x00021058, module: busybox
  [019] inode: 32770, pc: 0x000210b8, module: busybox
  [020] inode: 32770, pc: 0x000210d8, module: busybox
  [021] inode: 32770, pc: 0x000210e8, module: busybox
  [022] inode: 32770, pc: 0x000210d8, module: busybox
  [023] inode: 32770, pc: 0x000210e8, module: busybox
  [024] inode: 32770, pc: 0x000210d8, module: busybox
  [025] inode: 32770, pc: 0x000210e8, module: busybox
  [026] inode: 32770, pc: 0x000210d8, module: busybox
  [027] inode: 32770, pc: 0x000210e8, module: busybox
  [028] inode: 32770, pc: 0x000210d8, module: busybox
  [029] inode: 32770, pc: 0x000210e8, module: busybox
  [030] inode: 32770, pc: 0x000210fc, module: busybox
  [031] inode: 32770, pc: 0x00021078, module: busybox
  [032] inode: 32770, pc: 0x00021088, module: busybox
  [033] inode: 32770, pc: 0x00021058, module: busybox
  [034] inode: 32770, pc: 0x000210b8, module: busybox
  [035] inode: 32770, pc: 0x000210d8, module: busybox
  [036] inode: 32770, pc: 0x000210e8, module: busybox
  [037] inode: 32770, pc: 0x000210d8, module: busybox
  [038] inode: 32770, pc: 0x000210e8, module: busybox
  [039] inode: 32770, pc: 0x000210d8, module: busybox
  [040] inode: 32770, pc: 0x000210e8, module: busybox
  [041] inode: 32770, pc: 0x000210d8, module: busybox
  [042] inode: 32770, pc: 0x000210e8, module: busybox
  [043] inode: 32770, pc: 0x000210d8, module: busybox
  [044] inode: 32770, pc: 0x000210e8, module: busybox
  [045] inode: 32770, pc: 0x000210fc, module: busybox
  [046] inode: 32770, pc: 0x00021078, module: busybox
  [047] inode: 32770, pc: 0x00021088, module: busybox
  [048] inode: 32770, pc: 0x00021058, module: busybox
  [049] inode: 32770, pc: 0x000210b8, module: busybox
  [050] inode: 32770, pc: 0x000210d8, module: busybox
  [051] inode: 32770, pc: 0x000210e8, module: busybox
  [052] inode: 32770, pc: 0x000210d8, module: busybox
  [053] inode: 32770, pc: 0x000210e8, module: busybox
  [054] inode: 32770, pc: 0x000210d8, module: busybox
  [055] inode: 32770, pc: 0x000210e8, module: busybox
  [056] inode: 32770, pc: 0x000210d8, module: busybox
  [057] inode: 32770, pc: 0x000210e8, module: busybox
  [058] inode: 32770, pc: 0x000210d8, module: busybox
  [059] inode: 32770, pc: 0x000210e8, module: busybox
  [060] inode: 32770, pc: 0x000210fc, module: busybox
  [061] inode: 32770, pc: 0x00021078, module: busybox
  [062] inode: 32770, pc: 0x00021088, module: busybox
  [063] inode: 32770, pc: 0x0002109c, module: busybox
  [064] inode: 32770, pc: 0x00029fa4, module: busybox
  [065] inode: 32770, pc: 0x00029fb0, module: busybox
  [066] inode: 32770, pc: 0x000213dc, module: busybox
  [067] inode: 32770, pc: 0x0003e930, module: busybox
  [068] inode: 32770, pc: 0x000588c0, module: busybox
  [069] inode: 32770, pc: 0x000588d8, module: busybox
  [070] inode: 32770, pc: 0x000588d8, module: busybox
  [071] inode: 32770, pc: 0x000588d8, module: busybox
  [072] inode: 32770, pc: 0x000588d8, module: busybox
  [073] inode: 32770, pc: 0x000588d8, module: busybox
  [074] inode: 32770, pc: 0x000588e8, module: busybox
  [075] inode: 32770, pc: 0x0003e95c, module: busybox
  [076] inode: 32770, pc: 0x0002141c, module: busybox
  [077] inode: 32770, pc: 0x00021358, module: busybox
  [078] inode: 32770, pc: 0x00022504, module: busybox
  [079] inode: 32770, pc: 0x00022538, module: busybox
  [080] inode: 32770, pc: 0x00022578, module: busybox
  [081] inode: 32770, pc: 0x000225dc, module: busybox
  [082] inode: 32770, pc: 0x000226d4, module: busybox
  [083] inode: 32770, pc: 0x000226f4, module: busybox
  [084] inode: 32770, pc: 0x00022738, module: busybox
  [085] inode: 32770, pc: 0x00021390, module: busybox
  [086] inode: 32770, pc: 0x000213c8, module: busybox
  [087] inode: 32770, pc: 0x00021440, module: busybox
  [088] inode: 32770, pc: 0x0002145c, module: busybox
  [089] inode: 32770, pc: 0x00022824, module: busybox
  [090] inode: 32770, pc: 0x00022838, module: busybox
  [091] inode: 32770, pc: 0x0002147c, module: busybox
  [092] inode: 32770, pc: 0x00021484, module: busybox
  [093] inode: 32770, pc: 0x00021484, module: busybox
  [094] inode: 32770, pc: 0x00021484, module: busybox
  [095] inode: 32770, pc: 0x00021484, module: busybox
  [096] inode: 32770, pc: 0x00021484, module: busybox
  [097] inode: 32770, pc: 0x000214a0, module: busybox
  [098] inode: 32770, pc: 0x00029fdc, module: busybox
  [099] inode: 32770, pc: 0x00029ff4, module: busybox
  [100] inode: 32770, pc: 0x0002a000, module: busybox
  [101] inode: 32770, pc: 0x0002b85c, module: busybox
  [102] inode: 32770, pc: 0x0002b870, module: busybox
  [103] inode: 32770, pc: 0x0002b880, module: busybox
  [104] inode: 32770, pc: 0x0002b880, module: busybox
  [105] inode: 32770, pc: 0x0002b880, module: busybox
  [106] inode: 32770, pc: 0x0002b880, module: busybox
  [107] inode: 32770, pc: 0x0002b880, module: busybox
  [108] inode: 32770, pc: 0x0002b8a4, module: busybox
  [109] inode: 32770, pc: 0x0002a010, module: busybox
  [110] inode: 32770, pc: 0x0002c4ec, module: busybox
  [111] inode: 32770, pc: 0x0002c548, module: busybox
  [112] inode: 32770, pc: 0x0002c5c8, module: busybox
  [113] inode: 32770, pc: 0x0002a038, module: busybox
  [114] inode: 32770, pc: 0x0002a26c, module: busybox
  [115] inode: 32770, pc: 0x00029b98, module: busybox
  [116] inode: 32770, pc: 0x00029bb8, module: busybox
  [117] inode: 32770, pc: 0x0002c4ec, module: busybox
  [118] inode: 32770, pc: 0x0002c548, module: busybox
  [119] inode: 32770, pc: 0x0002c5c8, module: busybox
  [120] inode: 32770, pc: 0x00029bd8, module: busybox
  [121] inode: 32770, pc: 0x0002c604, module: busybox
  [122] inode: 32770, pc: 0x0002c638, module: busybox
  [123] inode: 32770, pc: 0x0002c66c, module: busybox
  [124] inode: 32770, pc: 0x00021358, module: busybox
  [125] inode: 32770, pc: 0x00022504, module: busybox
  [126] inode: 32770, pc: 0x00022538, module: busybox
  [127] inode: 32770, pc: 0x00022578, module: busybox
  [128] inode: 32770, pc: 0x000225dc, module: busybox
  [129] inode: 32770, pc: 0x000225ec, module: busybox
  [130] inode: 32770, pc: 0x00022554, module: busybox
  [131] inode: 32770, pc: 0x000225ec, module: busybox
  [132] inode: 32770, pc: 0x00022554, module: busybox
  [133] inode: 32770, pc: 0x00022578, module: busybox
  [134] inode: 32770, pc: 0x000225dc, module: busybox
  [135] inode: 32770, pc: 0x000226d4, module: busybox
  [136] inode: 32770, pc: 0x000226f4, module: busybox
  [137] inode: 32770, pc: 0x00022738, module: busybox
  [138] inode: 32770, pc: 0x00021390, module: busybox
  [139] inode: 32770, pc: 0x000213c8, module: busybox
  [140] inode: 32770, pc: 0x0002c688, module: busybox
  [141] inode: 32770, pc: 0x00058570, module: busybox
  [142] inode: 32770, pc: 0x00058584, module: busybox
  [143] inode: 32770, pc: 0x00058584, module: busybox
  [144] inode: 32770, pc: 0x00058584, module: busybox
  [145] inode: 32770, pc: 0x00058584, module: busybox
  [146] inode: 32770, pc: 0x00058584, module: busybox
  [147] inode: 32770, pc: 0x00058584, module: busybox
  [148] inode: 32770, pc: 0x00058584, module: busybox
  [149] inode: 32770, pc: 0x00058584, module: busybox
  [150] inode: 32770, pc: 0x00058584, module: busybox
  [151] inode: 32770, pc: 0x00058584, module: busybox
  [152] inode: 32770, pc: 0x00058584, module: busybox
  [153] inode: 32770, pc: 0x00058584, module: busybox
  [154] inode: 32770, pc: 0x00058584, module: busybox
  [155] inode: 32770, pc: 0x00058584, module: busybox
  [156] inode: 32770, pc: 0x00058584, module: busybox
  [157] inode: 32770, pc: 0x00058584, module: busybox
  [158] inode: 32770, pc: 0x0005859c, module: busybox
  [159] inode: 32770, pc: 0x0002c6ac, module: busybox
  [160] inode: 32770, pc: 0x0002276c, module: busybox
  [161] inode: 32770, pc: 0x00022780, module: busybox
  [162] inode: 32770, pc: 0x000227a0, module: busybox
  [163] inode: 32770, pc: 0x0002c6cc, module: busybox
  [164] inode: 32770, pc: 0x00029bfc, module: busybox
  [165] inode: 32770, pc: 0x00020ef8, module: busybox
  [166] inode: 32770, pc: 0x00020f38, module: busybox
  [167] inode: 32770, pc: 0x0002276c, module: busybox
  [168] inode: 32770, pc: 0x00022780, module: busybox
  [169] inode: 32770, pc: 0x000227a0, module: busybox
  [170] inode: 32770, pc: 0x00020fac, module: busybox
  [171] inode: 32770, pc: 0x0002100c, module: busybox
  [172] inode: 32770, pc: 0x00029c1c, module: busybox
  [173] inode: 32770, pc: 0x00029c38, module: busybox
  [174] inode: 32770, pc: 0x00029c58, module: busybox
  [175] inode: 32770, pc: 0x00025494, module: busybox
  [176] inode: 32770, pc: 0x000254bc, module: busybox
  [177] inode: 32770, pc: 0x000255e8, module: busybox
  [178] inode: 32770, pc: 0x0002603c, module: busybox
  [179] inode: 32770, pc: 0x000260e4, module: busybox
  [180] inode: 32770, pc: 0x000260fc, module: busybox
  [181] inode: 32770, pc: 0x0002615c, module: busybox
  [182] inode: 32770, pc: 0x000261d0, module: busybox
  [183] inode: 32770, pc: 0x00029844, module: busybox
  [184] inode: 32770, pc: 0x0002988c, module: busybox
  [185] inode: 32770, pc: 0x00058760, module: busybox
  [186] inode: 32770, pc: 0x00058794, module: busybox
  [187] inode: 32770, pc: 0x000298a4, module: busybox
  [188] inode: 32770, pc: 0x000298c0, module: busybox
  [189] inode: 32770, pc: 0x0002988c, module: busybox
  [190] inode: 32770, pc: 0x00058760, module: busybox
  [191] inode: 32770, pc: 0x00058794, module: busybox
  [192] inode: 32770, pc: 0x000298a4, module: busybox
  [193] inode: 32770, pc: 0x000298c0, module: busybox
  [194] inode: 32770, pc: 0x0002988c, module: busybox
  [195] inode: 32770, pc: 0x00058760, module: busybox
  [196] inode: 32770, pc: 0x00058794, module: busybox
  [197] inode: 32770, pc: 0x000298a4, module: busybox
  [198] inode: 32770, pc: 0x000298c0, module: busybox
  [199] inode: 32770, pc: 0x0002988c, module: busybox
  [200] inode: 32770, pc: 0x00058760, module: busybox
  [201] inode: 32770, pc: 0x00058794, module: busybox
  [202] inode: 32770, pc: 0x000298a4, module: busybox
  [203] inode: 32770, pc: 0x000298c0, module: busybox
  [204] inode: 32770, pc: 0x0002988c, module: busybox
  [205] inode: 32770, pc: 0x00058760, module: busybox
  [206] inode: 32770, pc: 0x00058794, module: busybox
  [207] inode: 32770, pc: 0x000298a4, module: busybox
  [208] inode: 32770, pc: 0x000298c0, module: busybox
  [209] inode: 32770, pc: 0x0002988c, module: busybox
  [210] inode: 32770, pc: 0x00058760, module: busybox
  [211] inode: 32770, pc: 0x00058794, module: busybox
  [212] inode: 32770, pc: 0x000298a4, module: busybox
  [213] inode: 32770, pc: 0x000298c0, module: busybox
  [214] inode: 32770, pc: 0x0002988c, module: busybox
  [215] inode: 32770, pc: 0x00058760, module: busybox
  [216] inode: 32770, pc: 0x00058794, module: busybox
  [217] inode: 32770, pc: 0x000298a4, module: busybox
  [218] inode: 32770, pc: 0x000298c0, module: busybox
  [219] inode: 32770, pc: 0x0002988c, module: busybox
  [220] inode: 32770, pc: 0x00058760, module: busybox
  [221] inode: 32770, pc: 0x00058794, module: busybox
  [222] inode: 32770, pc: 0x000298a4, module: busybox
  [223] inode: 32770, pc: 0x000298c0, module: busybox
  [224] inode: 32770, pc: 0x0002988c, module: busybox
  [225] inode: 32770, pc: 0x00058760, module: busybox
  [226] inode: 32770, pc: 0x00058794, module: busybox
  [227] inode: 32770, pc: 0x000298a4, module: busybox
  [228] inode: 32770, pc: 0x000298c0, module: busybox
  [229] inode: 32770, pc: 0x0002988c, module: busybox
  [230] inode: 32770, pc: 0x00058760, module: busybox
  [231] inode: 32770, pc: 0x00058794, module: busybox
  [232] inode: 32770, pc: 0x000298a4, module: busybox
  [233] inode: 32770, pc: 0x000298c0, module: busybox
  [234] inode: 32770, pc: 0x0002988c, module: busybox
  [235] inode: 32770, pc: 0x00058760, module: busybox
  [236] inode: 32770, pc: 0x00058794, module: busybox
  [237] inode: 32770, pc: 0x000298a4, module: busybox
  [238] inode: 32770, pc: 0x000298c0, module: busybox
  [239] inode: 32770, pc: 0x0002988c, module: busybox
  [240] inode: 32770, pc: 0x00058760, module: busybox
  [241] inode: 32770, pc: 0x00058794, module: busybox
  [242] inode: 32770, pc: 0x000298a4, module: busybox
  [243] inode: 32770, pc: 0x000298c0, module: busybox
  [244] inode: 32770, pc: 0x0002988c, module: busybox
  [245] inode: 32770, pc: 0x00058760, module: busybox
  [246] inode: 32770, pc: 0x00058794, module: busybox
  [247] inode: 32770, pc: 0x000298a4, module: busybox
  [248] inode: 32770, pc: 0x000298c0, module: busybox
  [249] inode: 32770, pc: 0x0002988c, module: busybox
  [250] inode: 32770, pc: 0x00058760, module: busybox
  [251] inode: 32770, pc: 0x00058794, module: busybox
  [252] inode: 32770, pc: 0x000298a4, module: busybox
  [253] inode: 32770, pc: 0x000298c0, module: busybox
  [254] inode: 32770, pc: 0x0002988c, module: busybox
  [255] inode: 32770, pc: 0x00058760, module: busybox
  [256] inode: 32770, pc: 0x00058794, module: busybox
  [257] inode: 32770, pc: 0x000298a4, module: busybox
  [258] inode: 32770, pc: 0x000298c0, module: busybox
  [259] inode: 32770, pc: 0x0002988c, module: busybox
  [260] inode: 32770, pc: 0x00058760, module: busybox
  [261] inode: 32770, pc: 0x00058794, module: busybox
  [262] inode: 32770, pc: 0x000298a4, module: busybox
  [263] inode: 32770, pc: 0x000298c0, module: busybox
  [264] inode: 32770, pc: 0x0002988c, module: busybox
  [265] inode: 32770, pc: 0x00058760, module: busybox
  [266] inode: 32770, pc: 0x00058794, module: busybox
  [267] inode: 32770, pc: 0x000298a4, module: busybox
  [268] inode: 32770, pc: 0x000298c0, module: busybox
  [269] inode: 32770, pc: 0x0002988c, module: busybox
  [270] inode: 32770, pc: 0x00058760, module: busybox
  [271] inode: 32770, pc: 0x00058794, module: busybox
  [272] inode: 32770, pc: 0x000298a4, module: busybox
  [273] inode: 32770, pc: 0x000298c0, module: busybox
  [274] inode: 32770, pc: 0x0002988c, module: busybox
  [275] inode: 32770, pc: 0x00058760, module: busybox
  [276] inode: 32770, pc: 0x00058794, module: busybox
  [277] inode: 32770, pc: 0x000298a4, module: busybox
  [278] inode: 32770, pc: 0x000298c0, module: busybox
  [279] inode: 32770, pc: 0x0002988c, module: busybox
  [280] inode: 32770, pc: 0x00058760, module: busybox
  [281] inode: 32770, pc: 0x00058794, module: busybox
  [282] inode: 32770, pc: 0x000298a4, module: busybox
  [283] inode: 32770, pc: 0x000298c0, module: busybox
  [284] inode: 32770, pc: 0x000298d0, module: busybox
  [285] inode: 32770, pc: 0x000261ec, module: busybox
  [286] inode: 32770, pc: 0x00026214, module: busybox
  [287] inode: 32770, pc: 0x0002621c, module: busybox
  [288] inode: 32770, pc: 0x0005b210, module: busybox
  [289] inode: 32770, pc: 0x000596f8, module: busybox
  [290] inode: 32770, pc: 0x00059718, module: busybox
  [291] inode: 32770, pc: 0x0005b238, module: busybox
  [292] inode: 32770, pc: 0x00026294, module: busybox
  [293] inode: 32770, pc: 0x000262a8, module: busybox
  [294] inode: 32770, pc: 0x000262ec, module: busybox
  [295] inode: 32770, pc: 0x0002634c, module: busybox
  [296] inode: 32770, pc: 0x0002635c, module: busybox
  [297] inode: 32770, pc: 0x00026fb0, module: busybox
  [298] inode: 32770, pc: 0x0002701c, module: busybox
  [299] inode: 32770, pc: 0x0005b250, module: busybox
Total Parent trace elements: 300

--- Parent PID 49 Trace ---
  [000] inode: 32770, pc: 0x00058584, module: busybox
  [001] inode: 32770, pc: 0x00058584, module: busybox
  [002] inode: 32770, pc: 0x00058584, module: busybox
  [003] inode: 32770, pc: 0x00058584, module: busybox
  [004] inode: 32770, pc: 0x00058584, module: busybox
  [005] inode: 32770, pc: 0x00058584, module: busybox
  [006] inode: 32770, pc: 0x00058584, module: busybox
  [007] inode: 32770, pc: 0x00058584, module: busybox
  [008] inode: 32770, pc: 0x00058584, module: busybox
  [009] inode: 32770, pc: 0x00058584, module: busybox
  [010] inode: 32770, pc: 0x00058584, module: busybox
  [011] inode: 32770, pc: 0x00058584, module: busybox
  [012] inode: 32770, pc: 0x00058584, module: busybox
  [013] inode: 32770, pc: 0x00058584, module: busybox
  [014] inode: 32770, pc: 0x00058584, module: busybox
  [015] inode: 32770, pc: 0x00058584, module: busybox
  [016] inode: 32770, pc: 0x00058584, module: busybox
  [017] inode: 32770, pc: 0x00058584, module: busybox
  [018] inode: 32770, pc: 0x00058584, module: busybox
  [019] inode: 32770, pc: 0x00058584, module: busybox
  [020] inode: 32770, pc: 0x00058584, module: busybox
  [021] inode: 32770, pc: 0x00058584, module: busybox
  [022] inode: 32770, pc: 0x00058584, module: busybox
  [023] inode: 32770, pc: 0x00058584, module: busybox
  [024] inode: 32770, pc: 0x00058584, module: busybox
  [025] inode: 32770, pc: 0x00058584, module: busybox
  [026] inode: 32770, pc: 0x00058584, module: busybox
  [027] inode: 32770, pc: 0x00058584, module: busybox
  [028] inode: 32770, pc: 0x00058584, module: busybox
  [029] inode: 32770, pc: 0x00058584, module: busybox
  [030] inode: 32770, pc: 0x00058584, module: busybox
  [031] inode: 32770, pc: 0x00058584, module: busybox
  [032] inode: 32770, pc: 0x00058584, module: busybox
  [033] inode: 32770, pc: 0x00058584, module: busybox
  [034] inode: 32770, pc: 0x00058584, module: busybox
  [035] inode: 32770, pc: 0x00058584, module: busybox
  [036] inode: 32770, pc: 0x00058584, module: busybox
  [037] inode: 32770, pc: 0x00058584, module: busybox
  [038] inode: 32770, pc: 0x00058584, module: busybox
  [039] inode: 32770, pc: 0x00058584, module: busybox
  [040] inode: 32770, pc: 0x00058584, module: busybox
  [041] inode: 32770, pc: 0x00058584, module: busybox
  [042] inode: 32770, pc: 0x00058584, module: busybox
  [043] inode: 32770, pc: 0x00058584, module: busybox
  [044] inode: 32770, pc: 0x00058584, module: busybox
  [045] inode: 32770, pc: 0x00058584, module: busybox
  [046] inode: 32770, pc: 0x00058584, module: busybox
  [047] inode: 32770, pc: 0x00058584, module: busybox
  [048] inode: 32770, pc: 0x00058584, module: busybox
  [049] inode: 32770, pc: 0x00058584, module: busybox
  [050] inode: 32770, pc: 0x00058584, module: busybox
  [051] inode: 32770, pc: 0x00058584, module: busybox
  [052] inode: 32770, pc: 0x00058584, module: busybox
  [053] inode: 32770, pc: 0x00058584, module: busybox
  [054] inode: 32770, pc: 0x00058584, module: busybox
  [055] inode: 32770, pc: 0x00058584, module: busybox
  [056] inode: 32770, pc: 0x00058584, module: busybox
  [057] inode: 32770, pc: 0x00058584, module: busybox
  [058] inode: 32770, pc: 0x00058584, module: busybox
  [059] inode: 32770, pc: 0x00058584, module: busybox
  [060] inode: 32770, pc: 0x00058584, module: busybox
  [061] inode: 32770, pc: 0x00058584, module: busybox
  [062] inode: 32770, pc: 0x00058584, module: busybox
  [063] inode: 32770, pc: 0x00058584, module: busybox
  [064] inode: 32770, pc: 0x00058584, module: busybox
  [065] inode: 32770, pc: 0x00058584, module: busybox
  [066] inode: 32770, pc: 0x00058584, module: busybox
  [067] inode: 32770, pc: 0x00058584, module: busybox
  [068] inode: 32770, pc: 0x00058584, module: busybox
  [069] inode: 32770, pc: 0x00058584, module: busybox
  [070] inode: 32770, pc: 0x00058584, module: busybox
  [071] inode: 32770, pc: 0x00058584, module: busybox
  [072] inode: 32770, pc: 0x00058584, module: busybox
  [073] inode: 32770, pc: 0x00058584, module: busybox
  [074] inode: 32770, pc: 0x00058584, module: busybox
  [075] inode: 32770, pc: 0x00058584, module: busybox
  [076] inode: 32770, pc: 0x00058584, module: busybox
  [077] inode: 32770, pc: 0x00058584, module: busybox
  [078] inode: 32770, pc: 0x00058584, module: busybox
  [079] inode: 32770, pc: 0x00058584, module: busybox
  [080] inode: 32770, pc: 0x00058584, module: busybox
  [081] inode: 32770, pc: 0x00058584, module: busybox
  [082] inode: 32770, pc: 0x00058584, module: busybox
  [083] inode: 32770, pc: 0x00058584, module: busybox
  [084] inode: 32770, pc: 0x00058584, module: busybox
  [085] inode: 32770, pc: 0x00058584, module: busybox
  [086] inode: 32770, pc: 0x00058584, module: busybox
  [087] inode: 32770, pc: 0x00058584, module: busybox
  [088] inode: 32770, pc: 0x00058584, module: busybox
  [089] inode: 32770, pc: 0x00058584, module: busybox
  [090] inode: 32770, pc: 0x00058584, module: busybox
  [091] inode: 32770, pc: 0x00058584, module: busybox
  [092] inode: 32770, pc: 0x00058584, module: busybox
  [093] inode: 32770, pc: 0x00058584, module: busybox
  [094] inode: 32770, pc: 0x0005859c, module: busybox
  [095] inode: 32770, pc: 0x000511ac, module: busybox
  [096] inode: 32770, pc: 0x000513a8, module: busybox
  [097] inode: 32770, pc: 0x00014118, module: busybox
  [098] inode: 32770, pc: 0x000512d0, module: busybox
  [099] inode: 32770, pc: 0x00051300, module: busybox
  [100] inode: 32770, pc: 0x00051308, module: busybox
  [101] inode: 32770, pc: 0x00051330, module: busybox
  [102] inode: 32770, pc: 0x00051338, module: busybox
  [103] inode: 32770, pc: 0x00051338, module: busybox
  [104] inode: 32770, pc: 0x00051338, module: busybox
  [105] inode: 32770, pc: 0x00051338, module: busybox
  [106] inode: 32770, pc: 0x00051338, module: busybox
  [107] inode: 32770, pc: 0x00051338, module: busybox
  [108] inode: 32770, pc: 0x00051338, module: busybox
  [109] inode: 32770, pc: 0x00051338, module: busybox
  [110] inode: 32770, pc: 0x00051338, module: busybox
  [111] inode: 32770, pc: 0x00051338, module: busybox
  [112] inode: 32770, pc: 0x00051338, module: busybox
  [113] inode: 32770, pc: 0x00051338, module: busybox
  [114] inode: 32770, pc: 0x00051338, module: busybox
  [115] inode: 32770, pc: 0x00051338, module: busybox
  [116] inode: 32770, pc: 0x00051338, module: busybox
  [117] inode: 32770, pc: 0x00051338, module: busybox
  [118] inode: 32770, pc: 0x00051338, module: busybox
  [119] inode: 32770, pc: 0x00051338, module: busybox
  [120] inode: 32770, pc: 0x00051338, module: busybox
  [121] inode: 32770, pc: 0x00051338, module: busybox
  [122] inode: 32770, pc: 0x00051338, module: busybox
  [123] inode: 32770, pc: 0x00051338, module: busybox
  [124] inode: 32770, pc: 0x00051338, module: busybox
  [125] inode: 32770, pc: 0x00051338, module: busybox
  [126] inode: 32770, pc: 0x00051338, module: busybox
  [127] inode: 32770, pc: 0x00051338, module: busybox
  [128] inode: 32770, pc: 0x00051338, module: busybox
  [129] inode: 32770, pc: 0x00051338, module: busybox
  [130] inode: 32770, pc: 0x00051338, module: busybox
  [131] inode: 32770, pc: 0x00051338, module: busybox
  [132] inode: 32770, pc: 0x00051338, module: busybox
  [133] inode: 32770, pc: 0x00051348, module: busybox
  [134] inode: 32770, pc: 0x00051418, module: busybox
  [135] inode: 32770, pc: 0x0005135c, module: busybox
  [136] inode: 32770, pc: 0x0005136c, module: busybox
  [137] inode: 32770, pc: 0x000513e0, module: busybox
  [138] inode: 32770, pc: 0x00051380, module: busybox
  [139] inode: 32770, pc: 0x000510e0, module: busybox
  [140] inode: 32770, pc: 0x00051128, module: busybox
  [141] inode: 32770, pc: 0x00058570, module: busybox
  [142] inode: 32770, pc: 0x00058584, module: busybox
  [143] inode: 32770, pc: 0x00058584, module: busybox
  [144] inode: 32770, pc: 0x00058584, module: busybox
  [145] inode: 32770, pc: 0x00058584, module: busybox
  [146] inode: 32770, pc: 0x00058584, module: busybox
  [147] inode: 32770, pc: 0x00058584, module: busybox
  [148] inode: 32770, pc: 0x00058584, module: busybox
  [149] inode: 32770, pc: 0x00058584, module: busybox
  [150] inode: 32770, pc: 0x00058584, module: busybox
  [151] inode: 32770, pc: 0x00058584, module: busybox
  [152] inode: 32770, pc: 0x00058584, module: busybox
  [153] inode: 32770, pc: 0x00058584, module: busybox
  [154] inode: 32770, pc: 0x00058584, module: busybox
  [155] inode: 32770, pc: 0x00058584, module: busybox
  [156] inode: 32770, pc: 0x00058584, module: busybox
  [157] inode: 32770, pc: 0x00058584, module: busybox
  [158] inode: 32770, pc: 0x0005859c, module: busybox
  [159] inode: 32770, pc: 0x0005113c, module: busybox
  [160] inode: 32770, pc: 0x00059148, module: busybox
  [161] inode: 32770, pc: 0x00059168, module: busybox
  [162] inode: 32770, pc: 0x0005117c, module: busybox
  [163] inode: 32770, pc: 0x00051188, module: busybox
  [164] inode: 32770, pc: 0x00051194, module: busybox
  [165] inode: 32770, pc: 0x00058570, module: busybox
  [166] inode: 32770, pc: 0x00058584, module: busybox
  [167] inode: 32770, pc: 0x00058584, module: busybox
  [168] inode: 32770, pc: 0x00058584, module: busybox
  [169] inode: 32770, pc: 0x00058584, module: busybox
  [170] inode: 32770, pc: 0x00058584, module: busybox
  [171] inode: 32770, pc: 0x00058584, module: busybox
  [172] inode: 32770, pc: 0x00058584, module: busybox
  [173] inode: 32770, pc: 0x00058584, module: busybox
  [174] inode: 32770, pc: 0x00058584, module: busybox
  [175] inode: 32770, pc: 0x00058584, module: busybox
  [176] inode: 32770, pc: 0x00058584, module: busybox
  [177] inode: 32770, pc: 0x00058584, module: busybox
  [178] inode: 32770, pc: 0x00058584, module: busybox
  [179] inode: 32770, pc: 0x00058584, module: busybox
  [180] inode: 32770, pc: 0x00058584, module: busybox
  [181] inode: 32770, pc: 0x00058584, module: busybox
  [182] inode: 32770, pc: 0x00058584, module: busybox
  [183] inode: 32770, pc: 0x00058584, module: busybox
  [184] inode: 32770, pc: 0x00058584, module: busybox
  [185] inode: 32770, pc: 0x00058584, module: busybox
  [186] inode: 32770, pc: 0x00058584, module: busybox
  [187] inode: 32770, pc: 0x00058584, module: busybox
  [188] inode: 32770, pc: 0x00058584, module: busybox
  [189] inode: 32770, pc: 0x00058584, module: busybox
  [190] inode: 32770, pc: 0x00058584, module: busybox
  [191] inode: 32770, pc: 0x00058584, module: busybox
  [192] inode: 32770, pc: 0x00058584, module: busybox
  [193] inode: 32770, pc: 0x00058584, module: busybox
  [194] inode: 32770, pc: 0x00058584, module: busybox
  [195] inode: 32770, pc: 0x00058584, module: busybox
  [196] inode: 32770, pc: 0x00058584, module: busybox
  [197] inode: 32770, pc: 0x00058584, module: busybox
  [198] inode: 32770, pc: 0x00058584, module: busybox
  [199] inode: 32770, pc: 0x00058584, module: busybox
  [200] inode: 32770, pc: 0x00058584, module: busybox
  [201] inode: 32770, pc: 0x00058584, module: busybox
  [202] inode: 32770, pc: 0x00058584, module: busybox
  [203] inode: 32770, pc: 0x00058584, module: busybox
  [204] inode: 32770, pc: 0x00058584, module: busybox
  [205] inode: 32770, pc: 0x00058584, module: busybox
  [206] inode: 32770, pc: 0x00058584, module: busybox
  [207] inode: 32770, pc: 0x00058584, module: busybox
  [208] inode: 32770, pc: 0x00058584, module: busybox
  [209] inode: 32770, pc: 0x00058584, module: busybox
  [210] inode: 32770, pc: 0x00058584, module: busybox
  [211] inode: 32770, pc: 0x00058584, module: busybox
  [212] inode: 32770, pc: 0x00058584, module: busybox
  [213] inode: 32770, pc: 0x00058584, module: busybox
  [214] inode: 32770, pc: 0x00058584, module: busybox
  [215] inode: 32770, pc: 0x00058584, module: busybox
  [216] inode: 32770, pc: 0x00058584, module: busybox
  [217] inode: 32770, pc: 0x00058584, module: busybox
  [218] inode: 32770, pc: 0x00058584, module: busybox
  [219] inode: 32770, pc: 0x00058584, module: busybox
  [220] inode: 32770, pc: 0x00058584, module: busybox
  [221] inode: 32770, pc: 0x00058584, module: busybox
  [222] inode: 32770, pc: 0x00058584, module: busybox
  [223] inode: 32770, pc: 0x00058584, module: busybox
  [224] inode: 32770, pc: 0x00058584, module: busybox
  [225] inode: 32770, pc: 0x00058584, module: busybox
  [226] inode: 32770, pc: 0x00058584, module: busybox
  [227] inode: 32770, pc: 0x00058584, module: busybox
  [228] inode: 32770, pc: 0x00058584, module: busybox
  [229] inode: 32770, pc: 0x00058584, module: busybox
  [230] inode: 32770, pc: 0x00058584, module: busybox
  [231] inode: 32770, pc: 0x00058584, module: busybox
  [232] inode: 32770, pc: 0x00058584, module: busybox
  [233] inode: 32770, pc: 0x00058584, module: busybox
  [234] inode: 32770, pc: 0x00058584, module: busybox
  [235] inode: 32770, pc: 0x00058584, module: busybox
  [236] inode: 32770, pc: 0x00058584, module: busybox
  [237] inode: 32770, pc: 0x00058584, module: busybox
  [238] inode: 32770, pc: 0x00058584, module: busybox
  [239] inode: 32770, pc: 0x00058584, module: busybox
  [240] inode: 32770, pc: 0x00058584, module: busybox
  [241] inode: 32770, pc: 0x00058584, module: busybox
  [242] inode: 32770, pc: 0x00058584, module: busybox
  [243] inode: 32770, pc: 0x00058584, module: busybox
  [244] inode: 32770, pc: 0x00058584, module: busybox
  [245] inode: 32770, pc: 0x00058584, module: busybox
  [246] inode: 32770, pc: 0x00058584, module: busybox
  [247] inode: 32770, pc: 0x00058584, module: busybox
  [248] inode: 32770, pc: 0x00058584, module: busybox
  [249] inode: 32770, pc: 0x00058584, module: busybox
  [250] inode: 32770, pc: 0x00058584, module: busybox
  [251] inode: 32770, pc: 0x00058584, module: busybox
  [252] inode: 32770, pc: 0x00058584, module: busybox
  [253] inode: 32770, pc: 0x00058584, module: busybox
  [254] inode: 32770, pc: 0x00058584, module: busybox
  [255] inode: 32770, pc: 0x00058584, module: busybox
  [256] inode: 32770, pc: 0x00058584, module: busybox
  [257] inode: 32770, pc: 0x00058584, module: busybox
  [258] inode: 32770, pc: 0x00058584, module: busybox
  [259] inode: 32770, pc: 0x00058584, module: busybox
  [260] inode: 32770, pc: 0x00058584, module: busybox
  [261] inode: 32770, pc: 0x00058584, module: busybox
  [262] inode: 32770, pc: 0x00058584, module: busybox
  [263] inode: 32770, pc: 0x00058584, module: busybox
  [264] inode: 32770, pc: 0x00058584, module: busybox
  [265] inode: 32770, pc: 0x00058584, module: busybox
  [266] inode: 32770, pc: 0x00058584, module: busybox
  [267] inode: 32770, pc: 0x00058584, module: busybox
  [268] inode: 32770, pc: 0x00058584, module: busybox
  [269] inode: 32770, pc: 0x00058584, module: busybox
  [270] inode: 32770, pc: 0x00058584, module: busybox
  [271] inode: 32770, pc: 0x00058584, module: busybox
  [272] inode: 32770, pc: 0x00058584, module: busybox
  [273] inode: 32770, pc: 0x00058584, module: busybox
  [274] inode: 32770, pc: 0x00058584, module: busybox
  [275] inode: 32770, pc: 0x00058584, module: busybox
  [276] inode: 32770, pc: 0x00058584, module: busybox
  [277] inode: 32770, pc: 0x00058584, module: busybox
  [278] inode: 32770, pc: 0x00058584, module: busybox
  [279] inode: 32770, pc: 0x00058584, module: busybox
  [280] inode: 32770, pc: 0x00058584, module: busybox
  [281] inode: 32770, pc: 0x00058584, module: busybox
  [282] inode: 32770, pc: 0x00058584, module: busybox
  [283] inode: 32770, pc: 0x00058584, module: busybox
  [284] inode: 32770, pc: 0x00058584, module: busybox
  [285] inode: 32770, pc: 0x00058584, module: busybox
  [286] inode: 32770, pc: 0x00058584, module: busybox
  [287] inode: 32770, pc: 0x00058584, module: busybox
  [288] inode: 32770, pc: 0x00058584, module: busybox
  [289] inode: 32770, pc: 0x00058584, module: busybox
  [290] inode: 32770, pc: 0x00058584, module: busybox
  [291] inode: 32770, pc: 0x00058584, module: busybox
  [292] inode: 32770, pc: 0x00058584, module: busybox
  [293] inode: 32770, pc: 0x00058584, module: busybox
  [294] inode: 32770, pc: 0x0005859c, module: busybox
  [295] inode: 32770, pc: 0x000511ac, module: busybox
  [296] inode: 32770, pc: 0x000513a8, module: busybox
  [297] inode: 32770, pc: 0x00014134, module: busybox
  [298] inode: 32770, pc: 0x00014170, module: busybox
  [299] inode: 32770, pc: 0x0005b300, module: busybox
Total Parent trace elements: 300

--- Parent PID 1 Trace ---
  [000] inode: 32770, pc: 0x0005878c, module: busybox
  [001] inode: 32770, pc: 0x0005876c, module: busybox
  [002] inode: 32770, pc: 0x00058794, module: busybox
  [003] inode: 32770, pc: 0x00015324, module: busybox
  [004] inode: 32770, pc: 0x00015350, module: busybox
  [005] inode: 32770, pc: 0x00015310, module: busybox
  [006] inode: 32770, pc: 0x00058760, module: busybox
  [007] inode: 32770, pc: 0x0005878c, module: busybox
  [008] inode: 32770, pc: 0x0005876c, module: busybox
  [009] inode: 32770, pc: 0x00058794, module: busybox
  [010] inode: 32770, pc: 0x00015324, module: busybox
  [011] inode: 32770, pc: 0x00015350, module: busybox
  [012] inode: 32770, pc: 0x00015310, module: busybox
  [013] inode: 32770, pc: 0x00058760, module: busybox
  [014] inode: 32770, pc: 0x0005878c, module: busybox
  [015] inode: 32770, pc: 0x0005876c, module: busybox
  [016] inode: 32770, pc: 0x00058794, module: busybox
  [017] inode: 32770, pc: 0x00015324, module: busybox
  [018] inode: 32770, pc: 0x00015350, module: busybox
  [019] inode: 32770, pc: 0x00015310, module: busybox
  [020] inode: 32770, pc: 0x00058760, module: busybox
  [021] inode: 32770, pc: 0x00058794, module: busybox
  [022] inode: 32770, pc: 0x00015324, module: busybox
  [023] inode: 32770, pc: 0x00015350, module: busybox
  [024] inode: 32770, pc: 0x00015364, module: busybox
  [025] inode: 32770, pc: 0x0001536c, module: busybox
  [026] inode: 32770, pc: 0x000153a4, module: busybox
  [027] inode: 32770, pc: 0x000587a0, module: busybox
  [028] inode: 32770, pc: 0x000587b0, module: busybox
  [029] inode: 32770, pc: 0x000587b0, module: busybox
  [030] inode: 32770, pc: 0x000587b0, module: busybox
  [031] inode: 32770, pc: 0x000587b0, module: busybox
  [032] inode: 32770, pc: 0x000587b0, module: busybox
  [033] inode: 32770, pc: 0x000587b0, module: busybox
  [034] inode: 32770, pc: 0x000587b0, module: busybox
  [035] inode: 32770, pc: 0x000587b0, module: busybox
  [036] inode: 32770, pc: 0x000587b0, module: busybox
  [037] inode: 32770, pc: 0x000587b0, module: busybox
  [038] inode: 32770, pc: 0x000587b0, module: busybox
  [039] inode: 32770, pc: 0x000587b0, module: busybox
  [040] inode: 32770, pc: 0x000587b0, module: busybox
  [041] inode: 32770, pc: 0x000587b0, module: busybox
  [042] inode: 32770, pc: 0x000587b0, module: busybox
  [043] inode: 32770, pc: 0x000587c8, module: busybox
  [044] inode: 32770, pc: 0x000153bc, module: busybox
  [045] inode: 32770, pc: 0x000587a0, module: busybox
  [046] inode: 32770, pc: 0x000587b0, module: busybox
  [047] inode: 32770, pc: 0x000587b0, module: busybox
  [048] inode: 32770, pc: 0x000587b0, module: busybox
  [049] inode: 32770, pc: 0x000587b0, module: busybox
  [050] inode: 32770, pc: 0x000587b0, module: busybox
  [051] inode: 32770, pc: 0x000587b0, module: busybox
  [052] inode: 32770, pc: 0x000587b0, module: busybox
  [053] inode: 32770, pc: 0x000587b0, module: busybox
  [054] inode: 32770, pc: 0x000587b0, module: busybox
  [055] inode: 32770, pc: 0x000587b0, module: busybox
  [056] inode: 32770, pc: 0x000587c8, module: busybox
  [057] inode: 32770, pc: 0x000153dc, module: busybox
  [058] inode: 32770, pc: 0x00015818, module: busybox
  [059] inode: 32770, pc: 0x00015ca8, module: busybox
  [060] inode: 32770, pc: 0x00013ca0, module: busybox
  [061] inode: 32770, pc: 0x0003e930, module: busybox
  [062] inode: 32770, pc: 0x000588c0, module: busybox
  [063] inode: 32770, pc: 0x000588d8, module: busybox
  [064] inode: 32770, pc: 0x000588d8, module: busybox
  [065] inode: 32770, pc: 0x000588d8, module: busybox
  [066] inode: 32770, pc: 0x000588d8, module: busybox
  [067] inode: 32770, pc: 0x000588d8, module: busybox
  [068] inode: 32770, pc: 0x000588d8, module: busybox
  [069] inode: 32770, pc: 0x000588d8, module: busybox
  [070] inode: 32770, pc: 0x000588d8, module: busybox
  [071] inode: 32770, pc: 0x000588d8, module: busybox
  [072] inode: 32770, pc: 0x000588d8, module: busybox
  [073] inode: 32770, pc: 0x000588e8, module: busybox
  [074] inode: 32770, pc: 0x0003e95c, module: busybox
  [075] inode: 32770, pc: 0x00013cec, module: busybox
  [076] inode: 32770, pc: 0x00058620, module: busybox
  [077] inode: 32770, pc: 0x00058638, module: busybox
  [078] inode: 32770, pc: 0x00058638, module: busybox
  [079] inode: 32770, pc: 0x00058638, module: busybox
  [080] inode: 32770, pc: 0x00058638, module: busybox
  [081] inode: 32770, pc: 0x00058638, module: busybox
  [082] inode: 32770, pc: 0x00058638, module: busybox
  [083] inode: 32770, pc: 0x00058638, module: busybox
  [084] inode: 32770, pc: 0x00058638, module: busybox
  [085] inode: 32770, pc: 0x00058638, module: busybox
  [086] inode: 32770, pc: 0x00058638, module: busybox
  [087] inode: 32770, pc: 0x00058648, module: busybox
  [088] inode: 32770, pc: 0x00013d10, module: busybox
  [089] inode: 32770, pc: 0x0003d140, module: busybox
  [090] inode: 32770, pc: 0x000589d0, module: busybox
  [091] inode: 32770, pc: 0x000589e8, module: busybox
  [092] inode: 32770, pc: 0x000589e8, module: busybox
  [093] inode: 32770, pc: 0x000589e8, module: busybox
  [094] inode: 32770, pc: 0x000589e8, module: busybox
  [095] inode: 32770, pc: 0x000589e8, module: busybox
  [096] inode: 32770, pc: 0x000589e8, module: busybox
  [097] inode: 32770, pc: 0x000589e8, module: busybox
  [098] inode: 32770, pc: 0x000589e8, module: busybox
  [099] inode: 32770, pc: 0x000589e8, module: busybox
  [100] inode: 32770, pc: 0x000589e8, module: busybox
  [101] inode: 32770, pc: 0x00058a08, module: busybox
  [102] inode: 32770, pc: 0x0003d178, module: busybox
  [103] inode: 32770, pc: 0x00013d34, module: busybox
  [104] inode: 32770, pc: 0x00013d44, module: busybox
  [105] inode: 32770, pc: 0x0003e930, module: busybox
  [106] inode: 32770, pc: 0x000588c0, module: busybox
  [107] inode: 32770, pc: 0x000588d8, module: busybox
  [108] inode: 32770, pc: 0x000588d8, module: busybox
  [109] inode: 32770, pc: 0x000588d8, module: busybox
  [110] inode: 32770, pc: 0x000588d8, module: busybox
  [111] inode: 32770, pc: 0x000588e8, module: busybox
  [112] inode: 32770, pc: 0x0003e95c, module: busybox
  [113] inode: 32770, pc: 0x00013d60, module: busybox
  [114] inode: 32770, pc: 0x00058620, module: busybox
  [115] inode: 32770, pc: 0x00058638, module: busybox
  [116] inode: 32770, pc: 0x00058638, module: busybox
  [117] inode: 32770, pc: 0x00058638, module: busybox
  [118] inode: 32770, pc: 0x00058638, module: busybox
  [119] inode: 32770, pc: 0x00058648, module: busybox
  [120] inode: 32770, pc: 0x00013d80, module: busybox
  [121] inode: 32770, pc: 0x00013d8c, module: busybox
  [122] inode: 32770, pc: 0x00015cd8, module: busybox
  [123] inode: 32770, pc: 0x00014650, module: busybox
  [124] inode: 32770, pc: 0x00014690, module: busybox
  [125] inode: 32770, pc: 0x00014754, module: busybox
  [126] inode: 32770, pc: 0x00014690, module: busybox
  [127] inode: 32770, pc: 0x00014754, module: busybox
  [128] inode: 32770, pc: 0x00014690, module: busybox
  [129] inode: 32770, pc: 0x00014754, module: busybox
  [130] inode: 32770, pc: 0x00014690, module: busybox
  [131] inode: 32770, pc: 0x00014754, module: busybox
  [132] inode: 32770, pc: 0x00014690, module: busybox
  [133] inode: 32770, pc: 0x00014754, module: busybox
  [134] inode: 32770, pc: 0x00014690, module: busybox
  [135] inode: 32770, pc: 0x000146a0, module: busybox
  [136] inode: 32770, pc: 0x000146ac, module: busybox
  [137] inode: 32770, pc: 0x0001459c, module: busybox
  [138] inode: 32770, pc: 0x00013da8, module: busybox
  [139] inode: 32770, pc: 0x00051260, module: busybox
  [140] inode: 32770, pc: 0x000512a8, module: busybox
  [141] inode: 32770, pc: 0x00058620, module: busybox
  [142] inode: 32770, pc: 0x00058638, module: busybox
  [143] inode: 32770, pc: 0x00058638, module: busybox
  [144] inode: 32770, pc: 0x00058638, module: busybox
  [145] inode: 32770, pc: 0x00058638, module: busybox
  [146] inode: 32770, pc: 0x00058638, module: busybox
  [147] inode: 32770, pc: 0x00058638, module: busybox
  [148] inode: 32770, pc: 0x00058638, module: busybox
  [149] inode: 32770, pc: 0x00058638, module: busybox
  [150] inode: 32770, pc: 0x00058638, module: busybox
  [151] inode: 32770, pc: 0x00058638, module: busybox
  [152] inode: 32770, pc: 0x00058638, module: busybox
  [153] inode: 32770, pc: 0x00058638, module: busybox
  [154] inode: 32770, pc: 0x00058638, module: busybox
  [155] inode: 32770, pc: 0x00058638, module: busybox
  [156] inode: 32770, pc: 0x00058638, module: busybox
  [157] inode: 32770, pc: 0x00058638, module: busybox
  [158] inode: 32770, pc: 0x00058638, module: busybox
  [159] inode: 32770, pc: 0x00058638, module: busybox
  [160] inode: 32770, pc: 0x00058638, module: busybox
  [161] inode: 32770, pc: 0x00058638, module: busybox
  [162] inode: 32770, pc: 0x00058638, module: busybox
  [163] inode: 32770, pc: 0x00058638, module: busybox
  [164] inode: 32770, pc: 0x00058638, module: busybox
  [165] inode: 32770, pc: 0x00058638, module: busybox
  [166] inode: 32770, pc: 0x00058638, module: busybox
  [167] inode: 32770, pc: 0x00058638, module: busybox
  [168] inode: 32770, pc: 0x00058638, module: busybox
  [169] inode: 32770, pc: 0x00058638, module: busybox
  [170] inode: 32770, pc: 0x00058638, module: busybox
  [171] inode: 32770, pc: 0x00058638, module: busybox
  [172] inode: 32770, pc: 0x00058638, module: busybox
  [173] inode: 32770, pc: 0x00058638, module: busybox
  [174] inode: 32770, pc: 0x00058638, module: busybox
  [175] inode: 32770, pc: 0x00058638, module: busybox
  [176] inode: 32770, pc: 0x00058638, module: busybox
  [177] inode: 32770, pc: 0x00058638, module: busybox
  [178] inode: 32770, pc: 0x00058638, module: busybox
  [179] inode: 32770, pc: 0x00058638, module: busybox
  [180] inode: 32770, pc: 0x00058638, module: busybox
  [181] inode: 32770, pc: 0x00058638, module: busybox
  [182] inode: 32770, pc: 0x00058638, module: busybox
  [183] inode: 32770, pc: 0x00058638, module: busybox
  [184] inode: 32770, pc: 0x00058638, module: busybox
  [185] inode: 32770, pc: 0x00058638, module: busybox
  [186] inode: 32770, pc: 0x00058638, module: busybox
  [187] inode: 32770, pc: 0x00058638, module: busybox
  [188] inode: 32770, pc: 0x00058638, module: busybox
  [189] inode: 32770, pc: 0x00058638, module: busybox
  [190] inode: 32770, pc: 0x00058638, module: busybox
  [191] inode: 32770, pc: 0x00058638, module: busybox
  [192] inode: 32770, pc: 0x00058638, module: busybox
  [193] inode: 32770, pc: 0x00058638, module: busybox
  [194] inode: 32770, pc: 0x00058638, module: busybox
  [195] inode: 32770, pc: 0x00058638, module: busybox
  [196] inode: 32770, pc: 0x00058638, module: busybox
  [197] inode: 32770, pc: 0x00058638, module: busybox
  [198] inode: 32770, pc: 0x00058638, module: busybox
  [199] inode: 32770, pc: 0x00058638, module: busybox
  [200] inode: 32770, pc: 0x00058638, module: busybox
  [201] inode: 32770, pc: 0x00058638, module: busybox
  [202] inode: 32770, pc: 0x00058638, module: busybox
  [203] inode: 32770, pc: 0x00058638, module: busybox
  [204] inode: 32770, pc: 0x00058638, module: busybox
  [205] inode: 32770, pc: 0x00058638, module: busybox
  [206] inode: 32770, pc: 0x00058638, module: busybox
  [207] inode: 32770, pc: 0x00058638, module: busybox
  [208] inode: 32770, pc: 0x00058638, module: busybox
  [209] inode: 32770, pc: 0x00058638, module: busybox
  [210] inode: 32770, pc: 0x00058638, module: busybox
  [211] inode: 32770, pc: 0x00058638, module: busybox
  [212] inode: 32770, pc: 0x00058638, module: busybox
  [213] inode: 32770, pc: 0x00058638, module: busybox
  [214] inode: 32770, pc: 0x00058638, module: busybox
  [215] inode: 32770, pc: 0x00058638, module: busybox
  [216] inode: 32770, pc: 0x00058638, module: busybox
  [217] inode: 32770, pc: 0x00058638, module: busybox
  [218] inode: 32770, pc: 0x00058638, module: busybox
  [219] inode: 32770, pc: 0x00058638, module: busybox
  [220] inode: 32770, pc: 0x00058638, module: busybox
  [221] inode: 32770, pc: 0x00058638, module: busybox
  [222] inode: 32770, pc: 0x00058638, module: busybox
  [223] inode: 32770, pc: 0x00058638, module: busybox
  [224] inode: 32770, pc: 0x00058638, module: busybox
  [225] inode: 32770, pc: 0x00058638, module: busybox
  [226] inode: 32770, pc: 0x00058638, module: busybox
  [227] inode: 32770, pc: 0x00058638, module: busybox
  [228] inode: 32770, pc: 0x00058638, module: busybox
  [229] inode: 32770, pc: 0x00058638, module: busybox
  [230] inode: 32770, pc: 0x00058638, module: busybox
  [231] inode: 32770, pc: 0x00058638, module: busybox
  [232] inode: 32770, pc: 0x00058638, module: busybox
  [233] inode: 32770, pc: 0x00058638, module: busybox
  [234] inode: 32770, pc: 0x00058638, module: busybox
  [235] inode: 32770, pc: 0x00058638, module: busybox
  [236] inode: 32770, pc: 0x00058638, module: busybox
  [237] inode: 32770, pc: 0x00058638, module: busybox
  [238] inode: 32770, pc: 0x00058638, module: busybox
  [239] inode: 32770, pc: 0x00058638, module: busybox
  [240] inode: 32770, pc: 0x00058638, module: busybox
  [241] inode: 32770, pc: 0x00058638, module: busybox
  [242] inode: 32770, pc: 0x00058638, module: busybox
  [243] inode: 32770, pc: 0x00058638, module: busybox
  [244] inode: 32770, pc: 0x00058638, module: busybox
  [245] inode: 32770, pc: 0x00058638, module: busybox
  [246] inode: 32770, pc: 0x00058638, module: busybox
  [247] inode: 32770, pc: 0x00058638, module: busybox
  [248] inode: 32770, pc: 0x00058638, module: busybox
  [249] inode: 32770, pc: 0x00058638, module: busybox
  [250] inode: 32770, pc: 0x00058638, module: busybox
  [251] inode: 32770, pc: 0x00058638, module: busybox
  [252] inode: 32770, pc: 0x00058638, module: busybox
  [253] inode: 32770, pc: 0x00058638, module: busybox
  [254] inode: 32770, pc: 0x00058638, module: busybox
  [255] inode: 32770, pc: 0x00058638, module: busybox
  [256] inode: 32770, pc: 0x00058638, module: busybox
  [257] inode: 32770, pc: 0x00058638, module: busybox
  [258] inode: 32770, pc: 0x00058638, module: busybox
  [259] inode: 32770, pc: 0x00058638, module: busybox
  [260] inode: 32770, pc: 0x00058638, module: busybox
  [261] inode: 32770, pc: 0x00058638, module: busybox
  [262] inode: 32770, pc: 0x00058638, module: busybox
  [263] inode: 32770, pc: 0x00058638, module: busybox
  [264] inode: 32770, pc: 0x00058638, module: busybox
  [265] inode: 32770, pc: 0x00058638, module: busybox
  [266] inode: 32770, pc: 0x00058638, module: busybox
  [267] inode: 32770, pc: 0x00058638, module: busybox
  [268] inode: 32770, pc: 0x00058638, module: busybox
  [269] inode: 32770, pc: 0x00058638, module: busybox
  [270] inode: 32770, pc: 0x00058648, module: busybox
  [271] inode: 32770, pc: 0x000512b4, module: busybox
  [272] inode: 32770, pc: 0x00013df4, module: busybox
  [273] inode: 32770, pc: 0x000511e0, module: busybox
  [274] inode: 32770, pc: 0x00051200, module: busybox
  [275] inode: 32770, pc: 0x00051208, module: busybox
  [276] inode: 32770, pc: 0x00051230, module: busybox
  [277] inode: 32770, pc: 0x00051418, module: busybox
  [278] inode: 32770, pc: 0x0005123c, module: busybox
  [279] inode: 32770, pc: 0x00013e10, module: busybox
  [280] inode: 32770, pc: 0x0005acd8, module: busybox
  [281] inode: 32770, pc: 0x0005ad04, module: busybox
  [282] inode: 32770, pc: 0x0005ad2c, module: busybox
  [283] inode: 32770, pc: 0x0005aca8, module: busybox
  [284] inode: 32770, pc: 0x0005acc8, module: busybox
  [285] inode: 32770, pc: 0x0005ad38, module: busybox
  [286] inode: 32770, pc: 0x00013e30, module: busybox
  [287] inode: 32770, pc: 0x000596f8, module: busybox
  [288] inode: 32770, pc: 0x00059718, module: busybox
  [289] inode: 32770, pc: 0x00013e48, module: busybox
  [290] inode: 32770, pc: 0x00014568, module: busybox
  [291] inode: 32770, pc: 0x0005ace8, module: busybox
  [292] inode: 32770, pc: 0x0005ad04, module: busybox
  [293] inode: 32770, pc: 0x0005ad2c, module: busybox
  [294] inode: 32770, pc: 0x0005aca8, module: busybox
  [295] inode: 32770, pc: 0x0005acc8, module: busybox
  [296] inode: 32770, pc: 0x0005ad38, module: busybox
  [297] inode: 32770, pc: 0x00014578, module: busybox
  [298] inode: 32770, pc: 0x000145ec, module: busybox
  [299] inode: 32770, pc: 0x0005b300, module: busybox
Total Parent trace elements: 300

--- Parent PID 0 Trace ---
Total Parent trace elements: 0

Children: 127(sh) 129(sh) 131(sh) 133(sh) 141(sh) 384(sh) 

