=== Trace for PID 1874 ===
Process: httpd

--- Self PID 1874 Trace ---
  [000] inode: 24643, pc: 0x000212f4, module: httpd
  [001] inode: 24643, pc: 0x0002130c, module: httpd
  [002] inode: 24643, pc: 0x000212e0, module: httpd
  [003] inode: 24643, pc: 0x000212f4, module: httpd
  [004] inode: 24643, pc: 0x0002130c, module: httpd
  [005] inode: 24643, pc: 0x000212e0, module: httpd
  [006] inode: 24643, pc: 0x000213dc, module: httpd
  [007] inode: 24643, pc: 0x000213f8, module: httpd
  [008] inode: 24643, pc: 0x00021310, module: httpd
  [009] inode: 24643, pc: 0x000212e0, module: httpd
  [010] inode: 24643, pc: 0x000212f4, module: httpd
  [011] inode: 24643, pc: 0x0002130c, module: httpd
  [012] inode: 24643, pc: 0x000212e0, module: httpd
  [013] inode: 24643, pc: 0x000212f4, module: httpd
  [014] inode: 24643, pc: 0x0002130c, module: httpd
  [015] inode: 24643, pc: 0x00021324, module: httpd
  [016] inode: 24643, pc: 0x00021330, module: httpd
  [017] inode: 24643, pc: 0x00021364, module: httpd
  [018] inode: 24643, pc: 0x00021370, module: httpd
  [019] inode: 40963, pc: 0x00032e4c, module: libc.so.6
  [020] inode: 24643, pc: 0x000213b4, module: httpd
  [021] inode: 24643, pc: 0x0002134c, module: httpd
  [022] inode: 24643, pc: 0x00028c20, module: httpd
  [023] inode: 24643, pc: 0x00028be8, module: httpd
  [024] inode: 24643, pc: 0x0005480c, module: httpd
  [025] inode: 24643, pc: 0x00054868, module: httpd
  [026] inode: 40963, pc: 0x0004ec60, module: libc.so.6, symbol: strstr
  [027] inode: 24643, pc: 0x0005487c, module: httpd
  [028] inode: 24643, pc: 0x0005488c, module: httpd
  [029] inode: 24643, pc: 0x000548c0, module: httpd
  [030] inode: 40963, pc: 0x00032c40, module: libc.so.6, symbol: snprintf
  [031] inode: 24643, pc: 0x000548e4, module: httpd
  [032] inode: 24643, pc: 0x000546c4, module: httpd
  [033] inode: 24643, pc: 0x00054618, module: httpd
  [034] inode: 40963, pc: 0x00032c40, module: libc.so.6, symbol: snprintf
  [035] inode: 24643, pc: 0x00054658, module: httpd
  [036] inode: 24643, pc: 0x00019918, module: httpd, symbol: get_cgi
  [037] inode: 24643, pc: 0x0001996c, module: httpd
  [038] inode: 40963, pc: 0x0008ea08, module: libc.so.6, symbol: hsearch_r
  [039] inode: 24643, pc: 0x00019990, module: httpd
  [040] inode: 24643, pc: 0x000199a8, module: httpd
  [041] inode: 24643, pc: 0x00019954, module: httpd
  [042] inode: 24643, pc: 0x00054674, module: httpd
  [043] inode: 24643, pc: 0x00054688, module: httpd
  [044] inode: 24643, pc: 0x000546a0, module: httpd
  [045] inode: 24643, pc: 0x000546b4, module: httpd
  [046] inode: 24643, pc: 0x00054780, module: httpd
  [047] inode: 40963, pc: 0x000500f0, module: libc.so.6, symbol: bcmp
  [048] inode: 24643, pc: 0x000547a0, module: httpd
  [049] inode: 24643, pc: 0x000547b0, module: httpd
  [050] inode: 40963, pc: 0x0004e500, module: libc.so.6, symbol: strlen
  [051] inode: 24643, pc: 0x000547c4, module: httpd
  [052] inode: 24643, pc: 0x000547e0, module: httpd
  [053] inode: 24643, pc: 0x000548f8, module: httpd
  [054] inode: 40963, pc: 0x00032e20, module: libc.so.6, symbol: _IO_sscanf
  [055] inode: 24643, pc: 0x0005493c, module: httpd
  [056] inode: 40963, pc: 0x00046b28, module: libc.so.6, symbol: __libc_malloc
  [057] inode: 24643, pc: 0x00054958, module: httpd
  [058] inode: 40963, pc: 0x00032ca0, module: libc.so.6, symbol: sprintf
  [059] inode: 24643, pc: 0x000549ac, module: httpd
  [060] inode: 24643, pc: 0x000547f0, module: httpd
  [061] inode: 24643, pc: 0x00028b78, module: httpd, symbol: valid_hwaddr
  [062] inode: 40963, pc: 0x000500f0, module: libc.so.6, symbol: bcmp
  [063] inode: 24643, pc: 0x00028bd0, module: httpd
  [064] inode: 24643, pc: 0x00028c0c, module: httpd
  [065] inode: 24643, pc: 0x0002128c, module: httpd, symbol: legal_hwaddr
  [066] inode: 24643, pc: 0x000212bc, module: httpd
  [067] inode: 24643, pc: 0x000212f4, module: httpd
  [068] inode: 24643, pc: 0x0002130c, module: httpd
  [069] inode: 24643, pc: 0x000212e0, module: httpd
  [070] inode: 24643, pc: 0x000212f4, module: httpd
  [071] inode: 24643, pc: 0x0002130c, module: httpd
  [072] inode: 24643, pc: 0x000212e0, module: httpd
  [073] inode: 24643, pc: 0x000213dc, module: httpd
  [074] inode: 24643, pc: 0x000213f8, module: httpd
  [075] inode: 24643, pc: 0x00021310, module: httpd
  [076] inode: 24643, pc: 0x000212e0, module: httpd
  [077] inode: 24643, pc: 0x000212f4, module: httpd
  [078] inode: 24643, pc: 0x0002130c, module: httpd
  [079] inode: 24643, pc: 0x000212e0, module: httpd
  [080] inode: 24643, pc: 0x000212f4, module: httpd
  [081] inode: 24643, pc: 0x0002130c, module: httpd
  [082] inode: 24643, pc: 0x000212e0, module: httpd
  [083] inode: 24643, pc: 0x000213dc, module: httpd
  [084] inode: 24643, pc: 0x000213f8, module: httpd
  [085] inode: 24643, pc: 0x00021310, module: httpd
  [086] inode: 24643, pc: 0x000212e0, module: httpd
  [087] inode: 24643, pc: 0x000212f4, module: httpd
  [088] inode: 24643, pc: 0x0002130c, module: httpd
  [089] inode: 24643, pc: 0x000212e0, module: httpd
  [090] inode: 24643, pc: 0x000212f4, module: httpd
  [091] inode: 24643, pc: 0x0002130c, module: httpd
  [092] inode: 24643, pc: 0x000212e0, module: httpd
  [093] inode: 24643, pc: 0x000213dc, module: httpd
  [094] inode: 24643, pc: 0x000213f8, module: httpd
  [095] inode: 24643, pc: 0x00021310, module: httpd
  [096] inode: 24643, pc: 0x000212e0, module: httpd
  [097] inode: 24643, pc: 0x000212f4, module: httpd
  [098] inode: 24643, pc: 0x0002130c, module: httpd
  [099] inode: 24643, pc: 0x000212e0, module: httpd
  [100] inode: 24643, pc: 0x000212f4, module: httpd
  [101] inode: 24643, pc: 0x0002130c, module: httpd
  [102] inode: 24643, pc: 0x000212e0, module: httpd
  [103] inode: 24643, pc: 0x000213dc, module: httpd
  [104] inode: 24643, pc: 0x000213f8, module: httpd
  [105] inode: 24643, pc: 0x00021310, module: httpd
  [106] inode: 24643, pc: 0x000212e0, module: httpd
  [107] inode: 24643, pc: 0x000212f4, module: httpd
  [108] inode: 24643, pc: 0x0002130c, module: httpd
  [109] inode: 24643, pc: 0x000212e0, module: httpd
  [110] inode: 24643, pc: 0x000212f4, module: httpd
  [111] inode: 24643, pc: 0x0002130c, module: httpd
  [112] inode: 24643, pc: 0x000212e0, module: httpd
  [113] inode: 24643, pc: 0x000213dc, module: httpd
  [114] inode: 24643, pc: 0x000213f8, module: httpd
  [115] inode: 24643, pc: 0x00021310, module: httpd
  [116] inode: 24643, pc: 0x000212e0, module: httpd
  [117] inode: 24643, pc: 0x000212f4, module: httpd
  [118] inode: 24643, pc: 0x0002130c, module: httpd
  [119] inode: 24643, pc: 0x000212e0, module: httpd
  [120] inode: 24643, pc: 0x000212f4, module: httpd
  [121] inode: 24643, pc: 0x0002130c, module: httpd
  [122] inode: 24643, pc: 0x00021324, module: httpd
  [123] inode: 24643, pc: 0x00021330, module: httpd
  [124] inode: 24643, pc: 0x00021364, module: httpd
  [125] inode: 24643, pc: 0x00021370, module: httpd
  [126] inode: 40963, pc: 0x00032e20, module: libc.so.6, symbol: _IO_sscanf
  [127] inode: 24643, pc: 0x000213b4, module: httpd
  [128] inode: 24643, pc: 0x0002134c, module: httpd
  [129] inode: 24643, pc: 0x00028c20, module: httpd
  [130] inode: 24643, pc: 0x00028be8, module: httpd
  [131] inode: 24643, pc: 0x0005480c, module: httpd
  [132] inode: 24643, pc: 0x00054868, module: httpd
  [133] inode: 40963, pc: 0x0004ec60, module: libc.so.6, symbol: strstr
  [134] inode: 24643, pc: 0x0005487c, module: httpd
  [135] inode: 24643, pc: 0x0005488c, module: httpd
  [136] inode: 24643, pc: 0x000548b0, module: httpd
  [137] inode: 40963, pc: 0x00032c40, module: libc.so.6, symbol: snprintf
  [138] inode: 24643, pc: 0x000548e4, module: httpd
  [139] inode: 24643, pc: 0x000546c4, module: httpd
  [140] inode: 24643, pc: 0x00054618, module: httpd
  [141] inode: 40963, pc: 0x00032c40, module: libc.so.6, symbol: snprintf
  [142] inode: 24643, pc: 0x00054658, module: httpd
  [143] inode: 24643, pc: 0x00019918, module: httpd, symbol: get_cgi
  [144] inode: 24643, pc: 0x0001996c, module: httpd
  [145] inode: 40963, pc: 0x0008ea08, module: libc.so.6, symbol: hsearch_r
  [146] inode: 24643, pc: 0x00019990, module: httpd
  [147] inode: 24643, pc: 0x000199a8, module: httpd
  [148] inode: 24643, pc: 0x00019954, module: httpd
  [149] inode: 24643, pc: 0x00054674, module: httpd
  [150] inode: 24643, pc: 0x00054688, module: httpd
  [151] inode: 24643, pc: 0x000546a0, module: httpd
  [152] inode: 24643, pc: 0x000546b4, module: httpd
  [153] inode: 24643, pc: 0x00054780, module: httpd
  [154] inode: 40963, pc: 0x000500f0, module: libc.so.6, symbol: bcmp
  [155] inode: 24643, pc: 0x000547a0, module: httpd
  [156] inode: 24643, pc: 0x000547b0, module: httpd
  [157] inode: 40963, pc: 0x0004e500, module: libc.so.6, symbol: strlen
  [158] inode: 24643, pc: 0x000547c4, module: httpd
  [159] inode: 24643, pc: 0x000547e0, module: httpd
  [160] inode: 24643, pc: 0x000548f8, module: httpd
  [161] inode: 40963, pc: 0x00032e20, module: libc.so.6, symbol: _IO_sscanf
  [162] inode: 24643, pc: 0x0005493c, module: httpd
  [163] inode: 40963, pc: 0x00046b28, module: libc.so.6, symbol: __libc_malloc
  [164] inode: 24643, pc: 0x00054958, module: httpd
  [165] inode: 40963, pc: 0x00032ca0, module: libc.so.6, symbol: sprintf
  [166] inode: 24643, pc: 0x000549ac, module: httpd
  [167] inode: 24643, pc: 0x000547f0, module: httpd
  [168] inode: 24643, pc: 0x00028b78, module: httpd, symbol: valid_hwaddr
  [169] inode: 40963, pc: 0x000500f0, module: libc.so.6, symbol: bcmp
  [170] inode: 24643, pc: 0x00028bd0, module: httpd
  [171] inode: 24643, pc: 0x00028c0c, module: httpd
  [172] inode: 24643, pc: 0x0002128c, module: httpd, symbol: legal_hwaddr
  [173] inode: 24643, pc: 0x000212bc, module: httpd
  [174] inode: 24643, pc: 0x000212f4, module: httpd
  [175] inode: 24643, pc: 0x0002130c, module: httpd
  [176] inode: 24643, pc: 0x000212e0, module: httpd
  [177] inode: 24643, pc: 0x000212f4, module: httpd
  [178] inode: 24643, pc: 0x0002130c, module: httpd
  [179] inode: 24643, pc: 0x000212e0, module: httpd
  [180] inode: 24643, pc: 0x000213dc, module: httpd
  [181] inode: 24643, pc: 0x000213f8, module: httpd
  [182] inode: 24643, pc: 0x00021310, module: httpd
  [183] inode: 24643, pc: 0x000212e0, module: httpd
  [184] inode: 24643, pc: 0x000212f4, module: httpd
  [185] inode: 24643, pc: 0x0002130c, module: httpd
  [186] inode: 24643, pc: 0x000212e0, module: httpd
  [187] inode: 24643, pc: 0x000212f4, module: httpd
  [188] inode: 24643, pc: 0x0002130c, module: httpd
  [189] inode: 24643, pc: 0x000212e0, module: httpd
  [190] inode: 24643, pc: 0x000213dc, module: httpd
  [191] inode: 24643, pc: 0x000213f8, module: httpd
  [192] inode: 24643, pc: 0x00021310, module: httpd
  [193] inode: 24643, pc: 0x000212e0, module: httpd
  [194] inode: 24643, pc: 0x000212f4, module: httpd
  [195] inode: 24643, pc: 0x0002130c, module: httpd
  [196] inode: 24643, pc: 0x000212e0, module: httpd
  [197] inode: 24643, pc: 0x000212f4, module: httpd
  [198] inode: 24643, pc: 0x0002130c, module: httpd
  [199] inode: 24643, pc: 0x000212e0, module: httpd
  [200] inode: 24643, pc: 0x000213dc, module: httpd
  [201] inode: 24643, pc: 0x000213f8, module: httpd
  [202] inode: 24643, pc: 0x00021310, module: httpd
  [203] inode: 24643, pc: 0x000212e0, module: httpd
  [204] inode: 24643, pc: 0x000212f4, module: httpd
  [205] inode: 24643, pc: 0x0002130c, module: httpd
  [206] inode: 24643, pc: 0x000212e0, module: httpd
  [207] inode: 24643, pc: 0x000212f4, module: httpd
  [208] inode: 24643, pc: 0x0002130c, module: httpd
  [209] inode: 24643, pc: 0x000212e0, module: httpd
  [210] inode: 24643, pc: 0x000213dc, module: httpd
  [211] inode: 24643, pc: 0x000213f8, module: httpd
  [212] inode: 24643, pc: 0x00021310, module: httpd
  [213] inode: 24643, pc: 0x000212e0, module: httpd
  [214] inode: 24643, pc: 0x000212f4, module: httpd
  [215] inode: 24643, pc: 0x0002130c, module: httpd
  [216] inode: 24643, pc: 0x000212e0, module: httpd
  [217] inode: 24643, pc: 0x000212f4, module: httpd
  [218] inode: 24643, pc: 0x0002130c, module: httpd
  [219] inode: 24643, pc: 0x000212e0, module: httpd
  [220] inode: 24643, pc: 0x000213dc, module: httpd
  [221] inode: 24643, pc: 0x000213f8, module: httpd
  [222] inode: 24643, pc: 0x00021310, module: httpd
  [223] inode: 24643, pc: 0x000212e0, module: httpd
  [224] inode: 24643, pc: 0x000212f4, module: httpd
  [225] inode: 24643, pc: 0x0002130c, module: httpd
  [226] inode: 24643, pc: 0x000212e0, module: httpd
  [227] inode: 24643, pc: 0x000212f4, module: httpd
  [228] inode: 24643, pc: 0x0002130c, module: httpd
  [229] inode: 24643, pc: 0x00021324, module: httpd
  [230] inode: 24643, pc: 0x00021330, module: httpd
  [231] inode: 24643, pc: 0x00021364, module: httpd
  [232] inode: 24643, pc: 0x00021370, module: httpd
  [233] inode: 40963, pc: 0x00032e20, module: libc.so.6, symbol: _IO_sscanf
  [234] inode: 24643, pc: 0x000213b4, module: httpd
  [235] inode: 24643, pc: 0x0002134c, module: httpd
  [236] inode: 24643, pc: 0x00028c20, module: httpd
  [237] inode: 24643, pc: 0x00028be8, module: httpd
  [238] inode: 24643, pc: 0x0005480c, module: httpd
  [239] inode: 24643, pc: 0x00054868, module: httpd
  [240] inode: 40963, pc: 0x0004ec60, module: libc.so.6, symbol: strstr
  [241] inode: 24643, pc: 0x0005487c, module: httpd
  [242] inode: 24643, pc: 0x0005488c, module: httpd
  [243] inode: 24643, pc: 0x000548b0, module: httpd
  [244] inode: 40963, pc: 0x00032c40, module: libc.so.6, symbol: snprintf
  [245] inode: 24643, pc: 0x000548e4, module: httpd
  [246] inode: 24643, pc: 0x000546c4, module: httpd
  [247] inode: 24643, pc: 0x00054618, module: httpd
  [248] inode: 40963, pc: 0x00032c40, module: libc.so.6, symbol: snprintf
  [249] inode: 24643, pc: 0x00054658, module: httpd
  [250] inode: 24643, pc: 0x00019918, module: httpd, symbol: get_cgi
  [251] inode: 24643, pc: 0x0001996c, module: httpd
  [252] inode: 40963, pc: 0x0008ea08, module: libc.so.6, symbol: hsearch_r
  [253] inode: 24643, pc: 0x00019990, module: httpd
  [254] inode: 24643, pc: 0x000199a8, module: httpd
  [255] inode: 24643, pc: 0x00019954, module: httpd
  [256] inode: 24643, pc: 0x00054674, module: httpd
  [257] inode: 24643, pc: 0x00054688, module: httpd
  [258] inode: 24643, pc: 0x000546b8, module: httpd
  [259] inode: 24643, pc: 0x000546c0, module: httpd
  [260] inode: 24643, pc: 0x00054618, module: httpd
  [261] inode: 40963, pc: 0x00032c40, module: libc.so.6, symbol: snprintf
  [262] inode: 24643, pc: 0x00054658, module: httpd
  [263] inode: 24643, pc: 0x00019918, module: httpd, symbol: get_cgi
  [264] inode: 24643, pc: 0x0001996c, module: httpd
  [265] inode: 40963, pc: 0x0008ea08, module: libc.so.6, symbol: hsearch_r
  [266] inode: 24643, pc: 0x00019990, module: httpd
  [267] inode: 24643, pc: 0x000199a8, module: httpd
  [268] inode: 24643, pc: 0x00019954, module: httpd
  [269] inode: 24643, pc: 0x00054674, module: httpd
  [270] inode: 24643, pc: 0x00054688, module: httpd
  [271] inode: 24643, pc: 0x000546a0, module: httpd
  [272] inode: 24643, pc: 0x000546b4, module: httpd
  [273] inode: 24643, pc: 0x00054780, module: httpd
  [274] inode: 40963, pc: 0x000500f0, module: libc.so.6, symbol: bcmp
  [275] inode: 24643, pc: 0x000547a0, module: httpd
  [276] inode: 24643, pc: 0x000546c4, module: httpd
  [277] inode: 24643, pc: 0x00054618, module: httpd
  [278] inode: 40963, pc: 0x00032c40, module: libc.so.6, symbol: snprintf
  [279] inode: 24643, pc: 0x00054658, module: httpd
  [280] inode: 24643, pc: 0x00019918, module: httpd, symbol: get_cgi
  [281] inode: 24643, pc: 0x0001996c, module: httpd
  [282] inode: 40963, pc: 0x0008ea08, module: libc.so.6, symbol: hsearch_r
  [283] inode: 24643, pc: 0x00019990, module: httpd
  [284] inode: 24643, pc: 0x000199a8, module: httpd
  [285] inode: 24643, pc: 0x00019954, module: httpd
  [286] inode: 24643, pc: 0x00054674, module: httpd
  [287] inode: 24643, pc: 0x00054688, module: httpd
  [288] inode: 24643, pc: 0x000546a0, module: httpd
  [289] inode: 24643, pc: 0x000546b4, module: httpd
  [290] inode: 24643, pc: 0x00054780, module: httpd
  [291] inode: 40963, pc: 0x000500f0, module: libc.so.6, symbol: bcmp
  [292] inode: 24643, pc: 0x000547a0, module: httpd
  [293] inode: 24643, pc: 0x000547b0, module: httpd
  [294] inode: 40963, pc: 0x0004e500, module: libc.so.6, symbol: strlen
  [295] inode: 24643, pc: 0x000547c4, module: httpd
  [296] inode: 24643, pc: 0x000547e0, module: httpd
  [297] inode: 24643, pc: 0x000547ec, module: httpd
  [298] inode: 24643, pc: 0x00028b78, module: httpd, symbol: valid_hwaddr
  [299] inode: 40963, pc: 0x000500f0, module: libc.so.6, symbol: bcmp
Total Self trace elements: 300

--- Parent PID 1870 Trace ---
  [000] inode: 40962, pc: 0x00000e60, module: ld.so.1
  [001] inode: 24643, pc: 0x00008420, module: httpd
  [002] inode: 24643, pc: 0x00008438, module: httpd
  [003] inode: 40963, pc: 0x0000dc84, module: libc.so.6
  [004] inode: 24643, pc: 0x00008a40, module: httpd
  [005] inode: 24643, pc: 0x00008a80, module: httpd
  [006] inode: 24643, pc: 0x00008bb8, module: httpd
  [007] inode: 24643, pc: 0x00008c20, module: httpd
  [008] inode: 24643, pc: 0x000b3fd0, module: httpd
  [009] inode: 24643, pc: 0x000b3ffc, module: httpd
  [010] inode: 24643, pc: 0x000b4000, module: httpd
  [011] inode: 24643, pc: 0x000b4048, module: httpd
  [012] inode: 40963, pc: 0x0000dd48, module: libc.so.6
  [013] inode: 24643, pc: 0x0001f3c8, module: httpd
  [014] inode: 24643, pc: 0x00021060, module: httpd
  [015] inode: 24643, pc: 0x000087d0, module: httpd, symbol: nvram_get
  [016] inode: 40962, pc: 0x000103d0, module: ld.so.1
  [017] inode: 24643, pc: 0x00021070, module: httpd
  [018] inode: 24643, pc: 0x0002108c, module: httpd
  [019] inode: 40963, pc: 0x0004cefc, module: libc.so.6
  [020] inode: 24643, pc: 0x0002109c, module: httpd
  [021] inode: 24643, pc: 0x000210ac, module: httpd
  [022] inode: 24643, pc: 0x0001f420, module: httpd
  [023] inode: 24643, pc: 0x0001f474, module: httpd
  [024] inode: 24643, pc: 0x0001f4fc, module: httpd
  [025] inode: 40963, pc: 0x000856e0, module: libc.so.6
  [026] inode: 24643, pc: 0x0001f508, module: httpd
  [027] inode: 24643, pc: 0x0001f6a0, module: httpd
  [028] inode: 24643, pc: 0x00008800, module: httpd, symbol: ct_openlog
  [029] inode: 40962, pc: 0x000103d0, module: ld.so.1
  [030] inode: 24643, pc: 0x0001f6dc, module: httpd
  [031] inode: 24643, pc: 0x0001f708, module: httpd
  [032] inode: 24643, pc: 0x000089c0, module: httpd, symbol: ct_syslog
  [033] inode: 40962, pc: 0x0001038c, module: ld.so.1
  [034] inode: 24643, pc: 0x0001f758, module: httpd
  [035] inode: 40963, pc: 0x00018430, module: libc.so.6
  [036] inode: 24643, pc: 0x0001f768, module: httpd
  [037] inode: 40963, pc: 0x00018420, module: libc.so.6, symbol: ssignal
  [038] inode: 24643, pc: 0x0001f794, module: httpd
  [039] inode: 24643, pc: 0x0001f7b8, module: httpd
  [040] inode: 24643, pc: 0x0001b890, module: httpd
  [041] inode: 40963, pc: 0x00050960, module: libc.so.6, symbol: memset
  [042] inode: 24643, pc: 0x0001b8d8, module: httpd
  [043] inode: 16455, pc: 0x00004050, module: libnvram_ioctl.so
  [044] inode: 24643, pc: 0x0001b90c, module: httpd
  [045] inode: 16455, pc: 0x00004050, module: libnvram_ioctl.so
  [046] inode: 24643, pc: 0x0001b938, module: httpd
  [047] inode: 24643, pc: 0x0002103c, module: httpd
  [048] inode: 16455, pc: 0x00004050, module: libnvram_ioctl.so
  [049] inode: 24643, pc: 0x00021070, module: httpd
  [050] inode: 24643, pc: 0x0002108c, module: httpd
  [051] inode: 40963, pc: 0x0004cefc, module: libc.so.6
  [052] inode: 24643, pc: 0x0002109c, module: httpd
  [053] inode: 24643, pc: 0x000210b8, module: httpd
  [054] inode: 24643, pc: 0x0001b96c, module: httpd
  [055] inode: 24643, pc: 0x0001b97c, module: httpd
  [056] inode: 40963, pc: 0x000500f0, module: libc.so.6, symbol: bcmp
  [057] inode: 24643, pc: 0x0001b9a4, module: httpd
  [058] inode: 24643, pc: 0x0001b9c4, module: httpd
  [059] inode: 40963, pc: 0x000918d8, module: libc.so.6
  [060] inode: 24643, pc: 0x0001ba1c, module: httpd
  [061] inode: 24643, pc: 0x0001ba30, module: httpd
  [062] inode: 40963, pc: 0x00088524, module: libc.so.6
  [063] inode: 24643, pc: 0x0001ba50, module: httpd
  [064] inode: 40963, pc: 0x00091838, module: libc.so.6
  [065] inode: 24643, pc: 0x0001ba88, module: httpd
  [066] inode: 24643, pc: 0x0001baa8, module: httpd
  [067] inode: 40963, pc: 0x00091478, module: libc.so.6
  [068] inode: 24643, pc: 0x0001bac4, module: httpd
  [069] inode: 24643, pc: 0x0001bae8, module: httpd
  [070] inode: 40963, pc: 0x00091608, module: libc.so.6
  [071] inode: 24643, pc: 0x0001bb00, module: httpd
  [072] inode: 24643, pc: 0x0001bb10, module: httpd
  [073] inode: 24643, pc: 0x0001f7d8, module: httpd
  [074] inode: 24643, pc: 0x0001f938, module: httpd
  [075] inode: 40963, pc: 0x0008e3e0, module: libc.so.6, symbol: daemon
Total Parent trace elements: 76

--- Parent PID 59 Trace ---
  [000] inode: 16428, pc: 0x000230ec, module: busybox
  [001] inode: 16428, pc: 0x0002311c, module: busybox
  [002] inode: 16428, pc: 0x000230f4, module: busybox
  [003] inode: 16428, pc: 0x0002311c, module: busybox
  [004] inode: 16428, pc: 0x000230f4, module: busybox
  [005] inode: 16428, pc: 0x0002311c, module: busybox
  [006] inode: 16428, pc: 0x000230f4, module: busybox
  [007] inode: 16428, pc: 0x0002311c, module: busybox
  [008] inode: 16428, pc: 0x000230f4, module: busybox
  [009] inode: 16428, pc: 0x0002311c, module: busybox
  [010] inode: 16428, pc: 0x000230f4, module: busybox
  [011] inode: 16428, pc: 0x0002311c, module: busybox
  [012] inode: 16428, pc: 0x00023130, module: busybox
  [013] inode: 16428, pc: 0x00023140, module: busybox
  [014] inode: 16428, pc: 0x00023188, module: busybox
  [015] inode: 16428, pc: 0x00023174, module: busybox
  [016] inode: 16428, pc: 0x00023188, module: busybox
  [017] inode: 16428, pc: 0x000231ac, module: busybox
  [018] inode: 16428, pc: 0x000236e8, module: busybox
  [019] inode: 16428, pc: 0x0002370c, module: busybox
  [020] inode: 16428, pc: 0x000b47b8, module: busybox
  [021] inode: 16428, pc: 0x000b4774, module: busybox
  [022] inode: 16428, pc: 0x000ae5fc, module: busybox
  [023] inode: 16428, pc: 0x000ae638, module: busybox
  [024] inode: 16428, pc: 0x000ae64c, module: busybox
  [025] inode: 16428, pc: 0x000236c0, module: busybox
  [026] inode: 16428, pc: 0x00023030, module: busybox
  [027] inode: 16428, pc: 0x00023068, module: busybox
  [028] inode: 16428, pc: 0x000230a4, module: busybox
  [029] inode: 16428, pc: 0x00022880, module: busybox
  [030] inode: 16428, pc: 0x00022888, module: busybox
  [031] inode: 16428, pc: 0x000228a0, module: busybox
  [032] inode: 16428, pc: 0x000228b8, module: busybox
  [033] inode: 16428, pc: 0x000228c8, module: busybox
  [034] inode: 16428, pc: 0x00022908, module: busybox
  [035] inode: 16428, pc: 0x00022920, module: busybox
  [036] inode: 16428, pc: 0x00022988, module: busybox
  [037] inode: 16428, pc: 0x000230b8, module: busybox
  [038] inode: 16428, pc: 0x000230c8, module: busybox
  [039] inode: 16428, pc: 0x000230ec, module: busybox
  [040] inode: 16428, pc: 0x0002311c, module: busybox
  [041] inode: 16428, pc: 0x000230f4, module: busybox
  [042] inode: 16428, pc: 0x0002311c, module: busybox
  [043] inode: 16428, pc: 0x00023130, module: busybox
  [044] inode: 16428, pc: 0x00023140, module: busybox
  [045] inode: 16428, pc: 0x00023188, module: busybox
  [046] inode: 16428, pc: 0x00023174, module: busybox
  [047] inode: 16428, pc: 0x00023188, module: busybox
  [048] inode: 16428, pc: 0x000231ac, module: busybox
  [049] inode: 16428, pc: 0x000236e8, module: busybox
  [050] inode: 16428, pc: 0x0002370c, module: busybox
  [051] inode: 16428, pc: 0x000ae65c, module: busybox
  [052] inode: 16428, pc: 0x000ae85c, module: busybox
  [053] inode: 16428, pc: 0x000b478c, module: busybox
  [054] inode: 16428, pc: 0x000b4878, module: busybox
  [055] inode: 16428, pc: 0x000b4754, module: busybox
  [056] inode: 16428, pc: 0x000b489c, module: busybox
  [057] inode: 16428, pc: 0x000b48c0, module: busybox
  [058] inode: 16428, pc: 0x000a9bb0, module: busybox
  [059] inode: 16428, pc: 0x000a9c34, module: busybox
  [060] inode: 16428, pc: 0x000b48e0, module: busybox
  [061] inode: 16428, pc: 0x000b978c, module: busybox
  [062] inode: 16428, pc: 0x000b97a4, module: busybox
  [063] inode: 16428, pc: 0x000b9794, module: busybox
  [064] inode: 16428, pc: 0x000b97ac, module: busybox
  [065] inode: 16428, pc: 0x000b9734, module: busybox
  [066] inode: 16428, pc: 0x000b97bc, module: busybox
  [067] inode: 16428, pc: 0x000ab0a0, module: busybox
  [068] inode: 16428, pc: 0x000ab16c, module: busybox
  [069] inode: 16428, pc: 0x000b97c4, module: busybox
  [070] inode: 16428, pc: 0x000b97d8, module: busybox
  [071] inode: 16428, pc: 0x000b97d0, module: busybox
  [072] inode: 16428, pc: 0x000b97d8, module: busybox
  [073] inode: 16428, pc: 0x000b97d0, module: busybox
  [074] inode: 16428, pc: 0x000b97d8, module: busybox
  [075] inode: 16428, pc: 0x000b97d0, module: busybox
  [076] inode: 16428, pc: 0x000b97f0, module: busybox
  [077] inode: 16428, pc: 0x000b982c, module: busybox
  [078] inode: 16428, pc: 0x000b5280, module: busybox
  [079] inode: 16428, pc: 0x000b5410, module: busybox
  [080] inode: 16428, pc: 0x000b9838, module: busybox
  [081] inode: 16428, pc: 0x000a8a70, module: busybox
  [082] inode: 16428, pc: 0x000a8a90, module: busybox
  [083] inode: 16428, pc: 0x000a8b40, module: busybox
  [084] inode: 16428, pc: 0x000b9844, module: busybox
  [085] inode: 16428, pc: 0x000b98a4, module: busybox
  [086] inode: 16428, pc: 0x000b5178, module: busybox
  [087] inode: 16428, pc: 0x00019630, module: busybox
  [088] inode: 16428, pc: 0x000b51b4, module: busybox
  [089] inode: 16428, pc: 0x000b51dc, module: busybox
  [090] inode: 16428, pc: 0x000b4a18, module: busybox
  [091] inode: 16428, pc: 0x000b5170, module: busybox
  [092] inode: 16428, pc: 0x000b51fc, module: busybox
  [093] inode: 16428, pc: 0x000b51c0, module: busybox
  [094] inode: 16428, pc: 0x000b51d4, module: busybox
  [095] inode: 16428, pc: 0x000b522c, module: busybox
  [096] inode: 16428, pc: 0x000b5250, module: busybox
  [097] inode: 16428, pc: 0x000b5270, module: busybox
  [098] inode: 16428, pc: 0x000b98b0, module: busybox
  [099] inode: 16428, pc: 0x000b9928, module: busybox
  [100] inode: 16428, pc: 0x000b9ab4, module: busybox
  [101] inode: 16428, pc: 0x000b9abc, module: busybox
  [102] inode: 16428, pc: 0x000b8830, module: busybox
  [103] inode: 16428, pc: 0x00022db0, module: busybox
  [104] inode: 16428, pc: 0x00022e10, module: busybox
  [105] inode: 16428, pc: 0x00022e38, module: busybox
  [106] inode: 16428, pc: 0x00022e8c, module: busybox
  [107] inode: 16428, pc: 0x00022f14, module: busybox
  [108] inode: 16428, pc: 0x00022f24, module: busybox
  [109] inode: 16428, pc: 0x00022f2c, module: busybox
  [110] inode: 16428, pc: 0x00022f50, module: busybox
  [111] inode: 16428, pc: 0x00022dd8, module: busybox
  [112] inode: 16428, pc: 0x00022de8, module: busybox
  [113] inode: 16428, pc: 0x000b8884, module: busybox
  [114] inode: 16428, pc: 0x000b8890, module: busybox
  [115] inode: 16428, pc: 0x000b889c, module: busybox
  [116] inode: 16428, pc: 0x000b8d60, module: busybox
  [117] inode: 16428, pc: 0x000b9af8, module: busybox
  [118] inode: 16428, pc: 0x000b9b24, module: busybox
  [119] inode: 16428, pc: 0x000b9c10, module: busybox
  [120] inode: 16428, pc: 0x000b9c30, module: busybox
  [121] inode: 16428, pc: 0x000b9c40, module: busybox
  [122] inode: 16428, pc: 0x000b9c48, module: busybox
  [123] inode: 16428, pc: 0x000b9c6c, module: busybox
  [124] inode: 16428, pc: 0x000adc38, module: busybox
  [125] inode: 16428, pc: 0x000add50, module: busybox
  [126] inode: 16428, pc: 0x000add64, module: busybox
  [127] inode: 16428, pc: 0x000add88, module: busybox
  [128] inode: 16428, pc: 0x000adc90, module: busybox
  [129] inode: 16428, pc: 0x000add50, module: busybox
  [130] inode: 16428, pc: 0x000add64, module: busybox
  [131] inode: 16428, pc: 0x000add88, module: busybox
  [132] inode: 16428, pc: 0x000adc90, module: busybox
  [133] inode: 16428, pc: 0x000add50, module: busybox
  [134] inode: 16428, pc: 0x000add64, module: busybox
  [135] inode: 16428, pc: 0x000add88, module: busybox
  [136] inode: 16428, pc: 0x000adc90, module: busybox
  [137] inode: 16428, pc: 0x000add50, module: busybox
  [138] inode: 16428, pc: 0x000add64, module: busybox
  [139] inode: 16428, pc: 0x000add88, module: busybox
  [140] inode: 16428, pc: 0x000adc90, module: busybox
  [141] inode: 16428, pc: 0x000add50, module: busybox
  [142] inode: 16428, pc: 0x000add64, module: busybox
  [143] inode: 16428, pc: 0x000add88, module: busybox
  [144] inode: 16428, pc: 0x000adc90, module: busybox
  [145] inode: 16428, pc: 0x000add50, module: busybox
  [146] inode: 16428, pc: 0x000add64, module: busybox
  [147] inode: 16428, pc: 0x000add88, module: busybox
  [148] inode: 16428, pc: 0x000adc90, module: busybox
  [149] inode: 16428, pc: 0x000add50, module: busybox
  [150] inode: 16428, pc: 0x000add64, module: busybox
  [151] inode: 16428, pc: 0x000add88, module: busybox
  [152] inode: 16428, pc: 0x000adc90, module: busybox
  [153] inode: 16428, pc: 0x000add50, module: busybox
  [154] inode: 16428, pc: 0x000add64, module: busybox
  [155] inode: 16428, pc: 0x000add88, module: busybox
  [156] inode: 16428, pc: 0x000adc90, module: busybox
  [157] inode: 16428, pc: 0x000add50, module: busybox
  [158] inode: 16428, pc: 0x000add64, module: busybox
  [159] inode: 16428, pc: 0x000add88, module: busybox
  [160] inode: 16428, pc: 0x000adc90, module: busybox
  [161] inode: 16428, pc: 0x000add50, module: busybox
  [162] inode: 16428, pc: 0x000add64, module: busybox
  [163] inode: 16428, pc: 0x000add88, module: busybox
  [164] inode: 16428, pc: 0x000adc90, module: busybox
  [165] inode: 16428, pc: 0x000add50, module: busybox
  [166] inode: 16428, pc: 0x000add64, module: busybox
  [167] inode: 16428, pc: 0x000add88, module: busybox
  [168] inode: 16428, pc: 0x000adc90, module: busybox
  [169] inode: 16428, pc: 0x000add50, module: busybox
  [170] inode: 16428, pc: 0x000add64, module: busybox
  [171] inode: 16428, pc: 0x000add88, module: busybox
  [172] inode: 16428, pc: 0x000adc90, module: busybox
  [173] inode: 16428, pc: 0x000add50, module: busybox
  [174] inode: 16428, pc: 0x000add64, module: busybox
  [175] inode: 16428, pc: 0x000add88, module: busybox
  [176] inode: 16428, pc: 0x000adc90, module: busybox
  [177] inode: 16428, pc: 0x000add50, module: busybox
  [178] inode: 16428, pc: 0x000add64, module: busybox
  [179] inode: 16428, pc: 0x000add88, module: busybox
  [180] inode: 16428, pc: 0x000adc90, module: busybox
  [181] inode: 16428, pc: 0x000add50, module: busybox
  [182] inode: 16428, pc: 0x000add64, module: busybox
  [183] inode: 16428, pc: 0x000add88, module: busybox
  [184] inode: 16428, pc: 0x000adc90, module: busybox
  [185] inode: 16428, pc: 0x000add50, module: busybox
  [186] inode: 16428, pc: 0x000add64, module: busybox
  [187] inode: 16428, pc: 0x000add88, module: busybox
  [188] inode: 16428, pc: 0x000adc90, module: busybox
  [189] inode: 16428, pc: 0x000add50, module: busybox
  [190] inode: 16428, pc: 0x000add64, module: busybox
  [191] inode: 16428, pc: 0x000add88, module: busybox
  [192] inode: 16428, pc: 0x000adc90, module: busybox
  [193] inode: 16428, pc: 0x000add50, module: busybox
  [194] inode: 16428, pc: 0x000add64, module: busybox
  [195] inode: 16428, pc: 0x000add88, module: busybox
  [196] inode: 16428, pc: 0x000adc90, module: busybox
  [197] inode: 16428, pc: 0x000add50, module: busybox
  [198] inode: 16428, pc: 0x000add64, module: busybox
  [199] inode: 16428, pc: 0x000add88, module: busybox
  [200] inode: 16428, pc: 0x000adc90, module: busybox
  [201] inode: 16428, pc: 0x000add50, module: busybox
  [202] inode: 16428, pc: 0x000add64, module: busybox
  [203] inode: 16428, pc: 0x000add88, module: busybox
  [204] inode: 16428, pc: 0x000adc90, module: busybox
  [205] inode: 16428, pc: 0x000add50, module: busybox
  [206] inode: 16428, pc: 0x000add90, module: busybox
  [207] inode: 16428, pc: 0x00022880, module: busybox
  [208] inode: 16428, pc: 0x00022888, module: busybox
  [209] inode: 16428, pc: 0x000228a0, module: busybox
  [210] inode: 16428, pc: 0x000228b8, module: busybox
  [211] inode: 16428, pc: 0x000228c8, module: busybox
  [212] inode: 16428, pc: 0x00022908, module: busybox
  [213] inode: 16428, pc: 0x00022920, module: busybox
  [214] inode: 16428, pc: 0x00022988, module: busybox
  [215] inode: 16428, pc: 0x000adda4, module: busybox
  [216] inode: 16428, pc: 0x000addc8, module: busybox
  [217] inode: 16428, pc: 0x000ade08, module: busybox
  [218] inode: 16428, pc: 0x000b9c84, module: busybox
  [219] inode: 16428, pc: 0x000b07b0, module: busybox
  [220] inode: 16428, pc: 0x0000fed8, module: busybox
  [221] inode: 16428, pc: 0x0000fed0, module: busybox
  [222] inode: 16428, pc: 0x0000ff0c, module: busybox
  [223] inode: 16428, pc: 0x00019690, module: busybox
  [224] inode: 16428, pc: 0x0001967c, module: busybox
  [225] inode: 16428, pc: 0x00019688, module: busybox
  [226] inode: 16428, pc: 0x0000ff30, module: busybox
  [227] inode: 16428, pc: 0x0000ff3c, module: busybox
  [228] inode: 16428, pc: 0x00003594, module: busybox
  [229] inode: 16428, pc: 0x000035a8, module: busybox
  [230] inode: 16428, pc: 0x0000ff4c, module: busybox
  [231] inode: 16428, pc: 0x0000ff88, module: busybox
  [232] inode: 16428, pc: 0x000196e0, module: busybox
  [233] inode: 16428, pc: 0x0001967c, module: busybox
  [234] inode: 16428, pc: 0x00019688, module: busybox
  [235] inode: 16428, pc: 0x0000ff98, module: busybox
  [236] inode: 16428, pc: 0x0000fed0, module: busybox
  [237] inode: 16428, pc: 0x0000ffa4, module: busybox
  [238] inode: 16428, pc: 0x000b07ec, module: busybox
  [239] inode: 16428, pc: 0x000b0814, module: busybox
  [240] inode: 16428, pc: 0x000b0840, module: busybox
  [241] inode: 16428, pc: 0x000b088c, module: busybox
  [242] inode: 16428, pc: 0x000b0898, module: busybox
  [243] inode: 16428, pc: 0x000b08e0, module: busybox
  [244] inode: 16428, pc: 0x000b093c, module: busybox
  [245] inode: 16428, pc: 0x000b0988, module: busybox
  [246] inode: 16428, pc: 0x000b9c98, module: busybox
  [247] inode: 16428, pc: 0x000b9ca0, module: busybox
  [248] inode: 16428, pc: 0x000ad238, module: busybox
  [249] inode: 16428, pc: 0x000ad250, module: busybox
  [250] inode: 16428, pc: 0x000acd08, module: busybox
  [251] inode: 16428, pc: 0x000ace2c, module: busybox
  [252] inode: 16428, pc: 0x000ace40, module: busybox
  [253] inode: 16428, pc: 0x00010310, module: busybox
  [254] inode: 16428, pc: 0x00024b5c, module: busybox
  [255] inode: 16428, pc: 0x00024b40, module: busybox
  [256] inode: 16428, pc: 0x000a97cc, module: busybox
  [257] inode: 16428, pc: 0x000a9814, module: busybox
  [258] inode: 16428, pc: 0x000a9828, module: busybox
  [259] inode: 16428, pc: 0x000a9860, module: busybox
  [260] inode: 16428, pc: 0x0000356c, module: busybox
  [261] inode: 16428, pc: 0x00003578, module: busybox
  [262] inode: 16428, pc: 0x0001034c, module: busybox
  [263] inode: 16428, pc: 0x00003580, module: busybox
  [264] inode: 16428, pc: 0x000035a8, module: busybox
  [265] inode: 16428, pc: 0x000ace50, module: busybox
  [266] inode: 16428, pc: 0x000ace5c, module: busybox
  [267] inode: 16428, pc: 0x000ace78, module: busybox
  [268] inode: 16428, pc: 0x000ace88, module: busybox
  [269] inode: 16428, pc: 0x000acebc, module: busybox
  [270] inode: 16428, pc: 0x000acf00, module: busybox
  [271] inode: 16428, pc: 0x000acf14, module: busybox
  [272] inode: 16428, pc: 0x000acf5c, module: busybox
  [273] inode: 16428, pc: 0x000ace70, module: busybox
  [274] inode: 16428, pc: 0x000ace78, module: busybox
  [275] inode: 16428, pc: 0x000ace88, module: busybox
  [276] inode: 16428, pc: 0x000aceb4, module: busybox
  [277] inode: 16428, pc: 0x000acecc, module: busybox
  [278] inode: 16428, pc: 0x000aced4, module: busybox
  [279] inode: 16428, pc: 0x000acf04, module: busybox
  [280] inode: 16428, pc: 0x000acf14, module: busybox
  [281] inode: 16428, pc: 0x000acf1c, module: busybox
  [282] inode: 16428, pc: 0x000acf24, module: busybox
  [283] inode: 16428, pc: 0x000acf40, module: busybox
  [284] inode: 16428, pc: 0x000acfa4, module: busybox
  [285] inode: 16428, pc: 0x000a98c8, module: busybox
  [286] inode: 16428, pc: 0x000a9920, module: busybox
  [287] inode: 16428, pc: 0x000acfac, module: busybox
  [288] inode: 16428, pc: 0x000acfb4, module: busybox
  [289] inode: 16428, pc: 0x000acfe8, module: busybox
  [290] inode: 16428, pc: 0x000ad000, module: busybox
  [291] inode: 16428, pc: 0x000ad258, module: busybox
  [292] inode: 16428, pc: 0x000ad240, module: busybox
  [293] inode: 16428, pc: 0x000ad250, module: busybox
  [294] inode: 16428, pc: 0x000accf8, module: busybox
  [295] inode: 16428, pc: 0x000ace2c, module: busybox
  [296] inode: 16428, pc: 0x000ace40, module: busybox
  [297] inode: 16428, pc: 0x00010310, module: busybox
  [298] inode: 16428, pc: 0x00024b5c, module: busybox
  [299] inode: 16428, pc: 0x00024b40, module: busybox
Total Parent trace elements: 300

--- Parent PID 1 Trace ---
  [000] inode: 16428, pc: 0x000acf5c, module: busybox
  [001] inode: 16428, pc: 0x000ace70, module: busybox
  [002] inode: 16428, pc: 0x000ace78, module: busybox
  [003] inode: 16428, pc: 0x000ace88, module: busybox
  [004] inode: 16428, pc: 0x000acebc, module: busybox
  [005] inode: 16428, pc: 0x000acf00, module: busybox
  [006] inode: 16428, pc: 0x000acf14, module: busybox
  [007] inode: 16428, pc: 0x000acf5c, module: busybox
  [008] inode: 16428, pc: 0x000ace70, module: busybox
  [009] inode: 16428, pc: 0x000acf68, module: busybox
  [010] inode: 16428, pc: 0x000acf90, module: busybox
  [011] inode: 16428, pc: 0x000a98c8, module: busybox
  [012] inode: 16428, pc: 0x000a9920, module: busybox
  [013] inode: 16428, pc: 0x000acfac, module: busybox
  [014] inode: 16428, pc: 0x000acfe8, module: busybox
  [015] inode: 16428, pc: 0x000ad000, module: busybox
  [016] inode: 16428, pc: 0x000ad258, module: busybox
  [017] inode: 16428, pc: 0x000ad240, module: busybox
  [018] inode: 16428, pc: 0x000ad250, module: busybox
  [019] inode: 16428, pc: 0x000accf8, module: busybox
  [020] inode: 16428, pc: 0x000ace2c, module: busybox
  [021] inode: 16428, pc: 0x000ace40, module: busybox
  [022] inode: 16428, pc: 0x00010310, module: busybox
  [023] inode: 16428, pc: 0x00024b5c, module: busybox
  [024] inode: 16428, pc: 0x00024b40, module: busybox
  [025] inode: 16428, pc: 0x000a97cc, module: busybox
  [026] inode: 16428, pc: 0x000a9814, module: busybox
  [027] inode: 16428, pc: 0x000a9828, module: busybox
  [028] inode: 16428, pc: 0x000a9860, module: busybox
  [029] inode: 16428, pc: 0x0000356c, module: busybox
  [030] inode: 16428, pc: 0x00003578, module: busybox
  [031] inode: 16428, pc: 0x0001034c, module: busybox
  [032] inode: 16428, pc: 0x00003580, module: busybox
  [033] inode: 16428, pc: 0x000035a8, module: busybox
  [034] inode: 16428, pc: 0x000ace50, module: busybox
  [035] inode: 16428, pc: 0x000ace5c, module: busybox
  [036] inode: 16428, pc: 0x000ace78, module: busybox
  [037] inode: 16428, pc: 0x000ace88, module: busybox
  [038] inode: 16428, pc: 0x000acebc, module: busybox
  [039] inode: 16428, pc: 0x000acf00, module: busybox
  [040] inode: 16428, pc: 0x000acf14, module: busybox
  [041] inode: 16428, pc: 0x000acf5c, module: busybox
  [042] inode: 16428, pc: 0x000ace70, module: busybox
  [043] inode: 16428, pc: 0x000ace78, module: busybox
  [044] inode: 16428, pc: 0x000ace88, module: busybox
  [045] inode: 16428, pc: 0x000acebc, module: busybox
  [046] inode: 16428, pc: 0x000acf00, module: busybox
  [047] inode: 16428, pc: 0x000acf14, module: busybox
  [048] inode: 16428, pc: 0x000acf5c, module: busybox
  [049] inode: 16428, pc: 0x000ace70, module: busybox
  [050] inode: 16428, pc: 0x000ace78, module: busybox
  [051] inode: 16428, pc: 0x000ace88, module: busybox
  [052] inode: 16428, pc: 0x000acebc, module: busybox
  [053] inode: 16428, pc: 0x000acf00, module: busybox
  [054] inode: 16428, pc: 0x000acf14, module: busybox
  [055] inode: 16428, pc: 0x000acf5c, module: busybox
  [056] inode: 16428, pc: 0x000ace70, module: busybox
  [057] inode: 16428, pc: 0x000ace78, module: busybox
  [058] inode: 16428, pc: 0x000ace88, module: busybox
  [059] inode: 16428, pc: 0x000acebc, module: busybox
  [060] inode: 16428, pc: 0x000acf00, module: busybox
  [061] inode: 16428, pc: 0x000acf14, module: busybox
  [062] inode: 16428, pc: 0x000acf5c, module: busybox
  [063] inode: 16428, pc: 0x000ace70, module: busybox
  [064] inode: 16428, pc: 0x000acf68, module: busybox
  [065] inode: 16428, pc: 0x000acf90, module: busybox
  [066] inode: 16428, pc: 0x000a98c8, module: busybox
  [067] inode: 16428, pc: 0x000a9920, module: busybox
  [068] inode: 16428, pc: 0x000acfac, module: busybox
  [069] inode: 16428, pc: 0x000acfe8, module: busybox
  [070] inode: 16428, pc: 0x000ad000, module: busybox
  [071] inode: 16428, pc: 0x000ad258, module: busybox
  [072] inode: 16428, pc: 0x000ad240, module: busybox
  [073] inode: 16428, pc: 0x000ad250, module: busybox
  [074] inode: 16428, pc: 0x000accf8, module: busybox
  [075] inode: 16428, pc: 0x000ace2c, module: busybox
  [076] inode: 16428, pc: 0x000ace40, module: busybox
  [077] inode: 16428, pc: 0x00010310, module: busybox
  [078] inode: 16428, pc: 0x00024b5c, module: busybox
  [079] inode: 16428, pc: 0x00024b40, module: busybox
  [080] inode: 16428, pc: 0x000a97cc, module: busybox
  [081] inode: 16428, pc: 0x000a9814, module: busybox
  [082] inode: 16428, pc: 0x000a9828, module: busybox
  [083] inode: 16428, pc: 0x000a9860, module: busybox
  [084] inode: 16428, pc: 0x0000356c, module: busybox
  [085] inode: 16428, pc: 0x00003578, module: busybox
  [086] inode: 16428, pc: 0x0001034c, module: busybox
  [087] inode: 16428, pc: 0x00003580, module: busybox
  [088] inode: 16428, pc: 0x000035a8, module: busybox
  [089] inode: 16428, pc: 0x000ace50, module: busybox
  [090] inode: 16428, pc: 0x000ace5c, module: busybox
  [091] inode: 16428, pc: 0x000ace78, module: busybox
  [092] inode: 16428, pc: 0x000ace88, module: busybox
  [093] inode: 16428, pc: 0x000acebc, module: busybox
  [094] inode: 16428, pc: 0x000acf00, module: busybox
  [095] inode: 16428, pc: 0x000acf14, module: busybox
  [096] inode: 16428, pc: 0x000acf5c, module: busybox
  [097] inode: 16428, pc: 0x000ace70, module: busybox
  [098] inode: 16428, pc: 0x000ace78, module: busybox
  [099] inode: 16428, pc: 0x000ace88, module: busybox
  [100] inode: 16428, pc: 0x000acebc, module: busybox
  [101] inode: 16428, pc: 0x000acf00, module: busybox
  [102] inode: 16428, pc: 0x000acf14, module: busybox
  [103] inode: 16428, pc: 0x000acf5c, module: busybox
  [104] inode: 16428, pc: 0x000ace70, module: busybox
  [105] inode: 16428, pc: 0x000ace78, module: busybox
  [106] inode: 16428, pc: 0x000ace88, module: busybox
  [107] inode: 16428, pc: 0x000acebc, module: busybox
  [108] inode: 16428, pc: 0x000acf00, module: busybox
  [109] inode: 16428, pc: 0x000acf14, module: busybox
  [110] inode: 16428, pc: 0x000acf5c, module: busybox
  [111] inode: 16428, pc: 0x000ace70, module: busybox
  [112] inode: 16428, pc: 0x000ace78, module: busybox
  [113] inode: 16428, pc: 0x000ace88, module: busybox
  [114] inode: 16428, pc: 0x000acebc, module: busybox
  [115] inode: 16428, pc: 0x000acf00, module: busybox
  [116] inode: 16428, pc: 0x000acf14, module: busybox
  [117] inode: 16428, pc: 0x000acf5c, module: busybox
  [118] inode: 16428, pc: 0x000ace70, module: busybox
  [119] inode: 16428, pc: 0x000acf68, module: busybox
  [120] inode: 16428, pc: 0x000acf90, module: busybox
  [121] inode: 16428, pc: 0x000a98c8, module: busybox
  [122] inode: 16428, pc: 0x000a9920, module: busybox
  [123] inode: 16428, pc: 0x000acfac, module: busybox
  [124] inode: 16428, pc: 0x000acfe8, module: busybox
  [125] inode: 16428, pc: 0x000ad000, module: busybox
  [126] inode: 16428, pc: 0x000ad258, module: busybox
  [127] inode: 16428, pc: 0x000ad240, module: busybox
  [128] inode: 16428, pc: 0x000ad250, module: busybox
  [129] inode: 16428, pc: 0x000accf8, module: busybox
  [130] inode: 16428, pc: 0x000ace2c, module: busybox
  [131] inode: 16428, pc: 0x000ace40, module: busybox
  [132] inode: 16428, pc: 0x00010310, module: busybox
  [133] inode: 16428, pc: 0x00024b5c, module: busybox
  [134] inode: 16428, pc: 0x00024b40, module: busybox
  [135] inode: 16428, pc: 0x000a97cc, module: busybox
  [136] inode: 16428, pc: 0x000a9814, module: busybox
  [137] inode: 16428, pc: 0x000a9828, module: busybox
  [138] inode: 16428, pc: 0x000a9860, module: busybox
  [139] inode: 16428, pc: 0x0000356c, module: busybox
  [140] inode: 16428, pc: 0x00003578, module: busybox
  [141] inode: 16428, pc: 0x0001034c, module: busybox
  [142] inode: 16428, pc: 0x00003580, module: busybox
  [143] inode: 16428, pc: 0x000035a8, module: busybox
  [144] inode: 16428, pc: 0x000ace50, module: busybox
  [145] inode: 16428, pc: 0x000ace5c, module: busybox
  [146] inode: 16428, pc: 0x000ace78, module: busybox
  [147] inode: 16428, pc: 0x000ace88, module: busybox
  [148] inode: 16428, pc: 0x000acebc, module: busybox
  [149] inode: 16428, pc: 0x000acf00, module: busybox
  [150] inode: 16428, pc: 0x000acf14, module: busybox
  [151] inode: 16428, pc: 0x000acf5c, module: busybox
  [152] inode: 16428, pc: 0x000ace70, module: busybox
  [153] inode: 16428, pc: 0x000ace78, module: busybox
  [154] inode: 16428, pc: 0x000ace88, module: busybox
  [155] inode: 16428, pc: 0x000acebc, module: busybox
  [156] inode: 16428, pc: 0x000acf00, module: busybox
  [157] inode: 16428, pc: 0x000acf14, module: busybox
  [158] inode: 16428, pc: 0x000acf5c, module: busybox
  [159] inode: 16428, pc: 0x000ace70, module: busybox
  [160] inode: 16428, pc: 0x000ace78, module: busybox
  [161] inode: 16428, pc: 0x000ace88, module: busybox
  [162] inode: 16428, pc: 0x000acebc, module: busybox
  [163] inode: 16428, pc: 0x000acf00, module: busybox
  [164] inode: 16428, pc: 0x000acf14, module: busybox
  [165] inode: 16428, pc: 0x000acf5c, module: busybox
  [166] inode: 16428, pc: 0x000ace70, module: busybox
  [167] inode: 16428, pc: 0x000ace78, module: busybox
  [168] inode: 16428, pc: 0x000ace88, module: busybox
  [169] inode: 16428, pc: 0x000acebc, module: busybox
  [170] inode: 16428, pc: 0x000acf00, module: busybox
  [171] inode: 16428, pc: 0x000acf14, module: busybox
  [172] inode: 16428, pc: 0x000acf5c, module: busybox
  [173] inode: 16428, pc: 0x000ace70, module: busybox
  [174] inode: 16428, pc: 0x000acf68, module: busybox
  [175] inode: 16428, pc: 0x000acf90, module: busybox
  [176] inode: 16428, pc: 0x000a98c8, module: busybox
  [177] inode: 16428, pc: 0x000a9920, module: busybox
  [178] inode: 16428, pc: 0x000acfac, module: busybox
  [179] inode: 16428, pc: 0x000acfe8, module: busybox
  [180] inode: 16428, pc: 0x000ad000, module: busybox
  [181] inode: 16428, pc: 0x000ad258, module: busybox
  [182] inode: 16428, pc: 0x000ad240, module: busybox
  [183] inode: 16428, pc: 0x000ad250, module: busybox
  [184] inode: 16428, pc: 0x000accf8, module: busybox
  [185] inode: 16428, pc: 0x000ace2c, module: busybox
  [186] inode: 16428, pc: 0x000ace40, module: busybox
  [187] inode: 16428, pc: 0x00010310, module: busybox
  [188] inode: 16428, pc: 0x00024b5c, module: busybox
  [189] inode: 16428, pc: 0x00024b40, module: busybox
  [190] inode: 16428, pc: 0x000a97cc, module: busybox
  [191] inode: 16428, pc: 0x000a9814, module: busybox
  [192] inode: 16428, pc: 0x000a9828, module: busybox
  [193] inode: 16428, pc: 0x000a9860, module: busybox
  [194] inode: 16428, pc: 0x0000356c, module: busybox
  [195] inode: 16428, pc: 0x00003578, module: busybox
  [196] inode: 16428, pc: 0x0001034c, module: busybox
  [197] inode: 16428, pc: 0x00003580, module: busybox
  [198] inode: 16428, pc: 0x000035a8, module: busybox
  [199] inode: 16428, pc: 0x000ace50, module: busybox
  [200] inode: 16428, pc: 0x000ace5c, module: busybox
  [201] inode: 16428, pc: 0x000ace78, module: busybox
  [202] inode: 16428, pc: 0x000ace88, module: busybox
  [203] inode: 16428, pc: 0x000acebc, module: busybox
  [204] inode: 16428, pc: 0x000acf00, module: busybox
  [205] inode: 16428, pc: 0x000acf14, module: busybox
  [206] inode: 16428, pc: 0x000acf5c, module: busybox
  [207] inode: 16428, pc: 0x000ace70, module: busybox
  [208] inode: 16428, pc: 0x000ace78, module: busybox
  [209] inode: 16428, pc: 0x000ace88, module: busybox
  [210] inode: 16428, pc: 0x000acebc, module: busybox
  [211] inode: 16428, pc: 0x000acf00, module: busybox
  [212] inode: 16428, pc: 0x000acf14, module: busybox
  [213] inode: 16428, pc: 0x000acf5c, module: busybox
  [214] inode: 16428, pc: 0x000ace70, module: busybox
  [215] inode: 16428, pc: 0x000ace78, module: busybox
  [216] inode: 16428, pc: 0x000ace88, module: busybox
  [217] inode: 16428, pc: 0x000acebc, module: busybox
  [218] inode: 16428, pc: 0x000acf00, module: busybox
  [219] inode: 16428, pc: 0x000acf14, module: busybox
  [220] inode: 16428, pc: 0x000acf5c, module: busybox
  [221] inode: 16428, pc: 0x000ace70, module: busybox
  [222] inode: 16428, pc: 0x000ace78, module: busybox
  [223] inode: 16428, pc: 0x000ace88, module: busybox
  [224] inode: 16428, pc: 0x000acebc, module: busybox
  [225] inode: 16428, pc: 0x000acf00, module: busybox
  [226] inode: 16428, pc: 0x000acf14, module: busybox
  [227] inode: 16428, pc: 0x000acf5c, module: busybox
  [228] inode: 16428, pc: 0x000ace70, module: busybox
  [229] inode: 16428, pc: 0x000acf68, module: busybox
  [230] inode: 16428, pc: 0x000acf90, module: busybox
  [231] inode: 16428, pc: 0x000a98c8, module: busybox
  [232] inode: 16428, pc: 0x000a9920, module: busybox
  [233] inode: 16428, pc: 0x000acfac, module: busybox
  [234] inode: 16428, pc: 0x000acfe8, module: busybox
  [235] inode: 16428, pc: 0x000ad000, module: busybox
  [236] inode: 16428, pc: 0x000ad258, module: busybox
  [237] inode: 16428, pc: 0x000ad240, module: busybox
  [238] inode: 16428, pc: 0x000ad250, module: busybox
  [239] inode: 16428, pc: 0x000accf8, module: busybox
  [240] inode: 16428, pc: 0x000ace2c, module: busybox
  [241] inode: 16428, pc: 0x000ace40, module: busybox
  [242] inode: 16428, pc: 0x00010310, module: busybox
  [243] inode: 16428, pc: 0x00024b5c, module: busybox
  [244] inode: 16428, pc: 0x00024b40, module: busybox
  [245] inode: 16428, pc: 0x000a97cc, module: busybox
  [246] inode: 16428, pc: 0x000a9814, module: busybox
  [247] inode: 16428, pc: 0x000a9828, module: busybox
  [248] inode: 16428, pc: 0x000a9860, module: busybox
  [249] inode: 16428, pc: 0x0000356c, module: busybox
  [250] inode: 16428, pc: 0x00003578, module: busybox
  [251] inode: 16428, pc: 0x0001034c, module: busybox
  [252] inode: 16428, pc: 0x00003580, module: busybox
  [253] inode: 16428, pc: 0x000035a8, module: busybox
  [254] inode: 16428, pc: 0x000ace50, module: busybox
  [255] inode: 16428, pc: 0x000ace5c, module: busybox
  [256] inode: 16428, pc: 0x000ace78, module: busybox
  [257] inode: 16428, pc: 0x000ace88, module: busybox
  [258] inode: 16428, pc: 0x000acebc, module: busybox
  [259] inode: 16428, pc: 0x000acf00, module: busybox
  [260] inode: 16428, pc: 0x000acf14, module: busybox
  [261] inode: 16428, pc: 0x000acf5c, module: busybox
  [262] inode: 16428, pc: 0x000ace70, module: busybox
  [263] inode: 16428, pc: 0x000ace78, module: busybox
  [264] inode: 16428, pc: 0x000ace88, module: busybox
  [265] inode: 16428, pc: 0x000acebc, module: busybox
  [266] inode: 16428, pc: 0x000acf00, module: busybox
  [267] inode: 16428, pc: 0x000acf14, module: busybox
  [268] inode: 16428, pc: 0x000acf5c, module: busybox
  [269] inode: 16428, pc: 0x000ace70, module: busybox
  [270] inode: 16428, pc: 0x000ace78, module: busybox
  [271] inode: 16428, pc: 0x000ace88, module: busybox
  [272] inode: 16428, pc: 0x000acebc, module: busybox
  [273] inode: 16428, pc: 0x000acf00, module: busybox
  [274] inode: 16428, pc: 0x000acf14, module: busybox
  [275] inode: 16428, pc: 0x000acf5c, module: busybox
  [276] inode: 16428, pc: 0x000ace70, module: busybox
  [277] inode: 16428, pc: 0x000ace78, module: busybox
  [278] inode: 16428, pc: 0x000ace88, module: busybox
  [279] inode: 16428, pc: 0x000acebc, module: busybox
  [280] inode: 16428, pc: 0x000acf00, module: busybox
  [281] inode: 16428, pc: 0x000acf14, module: busybox
  [282] inode: 16428, pc: 0x000acf5c, module: busybox
  [283] inode: 16428, pc: 0x000ace70, module: busybox
  [284] inode: 16428, pc: 0x000acf68, module: busybox
  [285] inode: 16428, pc: 0x000acf90, module: busybox
  [286] inode: 16428, pc: 0x000a98c8, module: busybox
  [287] inode: 16428, pc: 0x000a9920, module: busybox
  [288] inode: 16428, pc: 0x000acfac, module: busybox
  [289] inode: 16428, pc: 0x000acfe8, module: busybox
  [290] inode: 16428, pc: 0x000ad000, module: busybox
  [291] inode: 16428, pc: 0x000ad258, module: busybox
  [292] inode: 16428, pc: 0x000ad240, module: busybox
  [293] inode: 16428, pc: 0x000ad250, module: busybox
  [294] inode: 16428, pc: 0x000accf8, module: busybox
  [295] inode: 16428, pc: 0x000ace2c, module: busybox
  [296] inode: 16428, pc: 0x000ace40, module: busybox
  [297] inode: 16428, pc: 0x00010310, module: busybox
  [298] inode: 16428, pc: 0x00024b5c, module: busybox
  [299] inode: 16428, pc: 0x00024b40, module: busybox
Total Parent trace elements: 300

--- Parent PID 0 Trace ---
Total Parent trace elements: 0

