=== Trace for PID 147 ===
Process: rc

--- Self PID 147 Trace ---
  [000] inode: 8554, pc: 0x0001cbd4, module: rc
  [001] inode: 49158, pc: 0x00048a7c, module: libc.so.0, symbol: free
  [002] inode: 8554, pc: 0x0001cbbc, module: rc
  [003] inode: 8554, pc: 0x0001e294, module: rc
  [004] inode: 8554, pc: 0x0001e258, module: rc
  [005] inode: 8554, pc: 0x0001e210, module: rc
  [006] inode: 49158, pc: 0x00048a7c, module: libc.so.0, symbol: free
  [007] inode: 8554, pc: 0x0001e200, module: rc
  [008] inode: 8554, pc: 0x0001e1f0, module: rc
  [009] inode: 8554, pc: 0x0001e1c8, module: rc
  [010] inode: 8554, pc: 0x0001e1a0, module: rc
  [011] inode: 8554, pc: 0x0001e178, module: rc
  [012] inode: 8554, pc: 0x0001e150, module: rc
  [013] inode: 8554, pc: 0x0001e128, module: rc
  [014] inode: 8554, pc: 0x0001e0c8, module: rc, symbol: SD_free
  [015] inode: 8554, pc: 0x0001e228, module: rc, symbol: SD_LIST_free
  [016] inode: 8554, pc: 0x0001cbac, module: rc
  [017] inode: 8554, pc: 0x0001c780, module: rc
  [018] inode: 49158, pc: 0x00039200, module: libc.so.0, symbol: fopen
  [019] inode: 8554, pc: 0x0001c768, module: rc
  [020] inode: 8554, pc: 0x0001c73c, module: rc
  [021] inode: 49158, pc: 0x000499e0, module: libc.so.0, symbol: strlen
  [022] inode: 8554, pc: 0x0001c728, module: rc
  [023] inode: 8554, pc: 0x0001c6f8, module: rc
  [024] inode: 49158, pc: 0x000499e0, module: libc.so.0, symbol: strlen
  [025] inode: 8554, pc: 0x0001c6e0, module: rc
  [026] inode: 49158, pc: 0x00039f30, module: libc.so.0, symbol: sprintf
  [027] inode: 8554, pc: 0x0001c6c4, module: rc
  [028] inode: 8554, pc: 0x0001c6ac, module: rc
  [029] inode: 49158, pc: 0x00049960, module: libc.so.0, symbol: strdup
  [030] inode: 8554, pc: 0x0001c69c, module: rc
  [031] inode: 8554, pc: 0x0001c68c, module: rc
  [032] inode: 8554, pc: 0x0001de60, module: rc
  [033] inode: 49158, pc: 0x00049670, module: libc.so.0, symbol: memset
  [034] inode: 8554, pc: 0x0001de58, module: rc
  [035] inode: 8554, pc: 0x0001de38, module: rc
  [036] inode: 49158, pc: 0x00047764, module: libc.so.0
  [037] inode: 8554, pc: 0x0001de0c, module: rc, symbol: SDL_malloc
  [038] inode: 8554, pc: 0x0001c67c, module: rc
  [039] inode: 8554, pc: 0x0001cf90, module: rc
  [040] inode: 57360, pc: 0x00004054, module: libnvram_ioctl.so
  [041] inode: 8554, pc: 0x0001cf48, module: rc, symbol: _sd_mount_part
  [042] inode: 8554, pc: 0x0001d5a8, module: rc
  [043] inode: 8554, pc: 0x0001d578, module: rc
  [044] inode: 8554, pc: 0x00004b8c, module: rc
  [045] inode: 49158, pc: 0x00038eb0, module: libc.so.0, symbol: fclose
  [046] inode: 8554, pc: 0x00004b74, module: rc
  [047] inode: 49158, pc: 0x00039e30, module: libc.so.0, symbol: fprintf
  [048] inode: 8554, pc: 0x00004b58, module: rc
  [049] inode: 49158, pc: 0x0003a130, module: libc.so.0, symbol: vsnprintf
  [050] inode: 8554, pc: 0x00004b50, module: rc
  [051] inode: 8554, pc: 0x00004b30, module: rc
  [052] inode: 49158, pc: 0x00039200, module: libc.so.0, symbol: fopen
  [053] inode: 8554, pc: 0x00004ae8, module: rc, symbol: print_console
  [054] inode: 8554, pc: 0x0001d570, module: rc
  [055] inode: 8554, pc: 0x0001d534, module: rc
  [056] inode: 8554, pc: 0x0001eea4, module: rc
  [057] inode: 49158, pc: 0x00049d40, module: libc.so.0, symbol: strstr
  [058] inode: 8554, pc: 0x0001ee8c, module: rc
  [059] inode: 49158, pc: 0x00038eb0, module: libc.so.0, symbol: fclose
  [060] inode: 8554, pc: 0x0001ee74, module: rc
  [061] inode: 49158, pc: 0x0003cffc, module: libc.so.0
  [062] inode: 8554, pc: 0x0001ee60, module: rc
  [063] inode: 49158, pc: 0x00049670, module: libc.so.0, symbol: memset
  [064] inode: 8554, pc: 0x0001ee50, module: rc
  [065] inode: 8554, pc: 0x0001ee2c, module: rc
  [066] inode: 49158, pc: 0x0003920c, module: libc.so.0
  [067] inode: 8554, pc: 0x0001ee0c, module: rc
  [068] inode: 8554, pc: 0x0001d52c, module: rc
  [069] inode: 8554, pc: 0x0001d518, module: rc
  [070] inode: 8554, pc: 0x0001c478, module: rc
  [071] inode: 49158, pc: 0x000499e0, module: libc.so.0, symbol: strlen
  [072] inode: 8554, pc: 0x0001c430, module: rc
  [073] inode: 8554, pc: 0x0001d4dc, module: rc, symbol: sd_mount_partition
  [074] inode: 8554, pc: 0x0001d77c, module: rc
  [075] inode: 8554, pc: 0x0001d74c, module: rc
  [076] inode: 8554, pc: 0x0001d734, module: rc
  [077] inode: 8554, pc: 0x0001d724, module: rc
  [078] inode: 8554, pc: 0x0001d718, module: rc
  [079] inode: 8554, pc: 0x0001d708, module: rc
  [080] inode: 49158, pc: 0x00049d40, module: libc.so.0, symbol: strstr
  [081] inode: 8554, pc: 0x0001d6f8, module: rc
  [082] inode: 8554, pc: 0x0001d6f0, module: rc
  [083] inode: 8554, pc: 0x0001d794, module: rc
  [084] inode: 8554, pc: 0x0001d78c, module: rc
  [085] inode: 8554, pc: 0x0001d758, module: rc
  [086] inode: 8554, pc: 0x0001d724, module: rc
  [087] inode: 8554, pc: 0x0001d718, module: rc
  [088] inode: 8554, pc: 0x0001d708, module: rc
  [089] inode: 49158, pc: 0x00049d4c, module: libc.so.0
  [090] inode: 8554, pc: 0x0001d6f8, module: rc
  [091] inode: 8554, pc: 0x0001d6dc, module: rc
  [092] inode: 8554, pc: 0x0001d6d0, module: rc
  [093] inode: 49158, pc: 0x00038eb0, module: libc.so.0, symbol: fclose
  [094] inode: 8554, pc: 0x0001d6c0, module: rc
  [095] inode: 49158, pc: 0x0003cffc, module: libc.so.0
  [096] inode: 8554, pc: 0x0001d6a0, module: rc
  [097] inode: 8554, pc: 0x0001d668, module: rc
  [098] inode: 49158, pc: 0x0003920c, module: libc.so.0
  [099] inode: 8554, pc: 0x0001d660, module: rc
  [100] inode: 8554, pc: 0x0001d648, module: rc
  [101] inode: 8554, pc: 0x0001d630, module: rc
  [102] inode: 49158, pc: 0x00049670, module: libc.so.0, symbol: memset
  [103] inode: 8554, pc: 0x0001d608, module: rc
  [104] inode: 8554, pc: 0x0001da84, module: rc
  [105] inode: 8554, pc: 0x0001da44, module: rc
  [106] inode: 8554, pc: 0x0001da10, module: rc
  [107] inode: 8554, pc: 0x0001d974, module: rc
  [108] inode: 8554, pc: 0x0001ae0c, module: rc
  [109] inode: 8554, pc: 0x00003640, module: rc
  [110] inode: 49158, pc: 0x00051970, module: libc.so.0, symbol: usleep
  [111] inode: 8554, pc: 0x0000362c, module: rc
  [112] inode: 49158, pc: 0x00046604, module: libc.so.0, symbol: __libc_system
  [113] inode: 8554, pc: 0x0000360c, module: rc
  [114] inode: 49158, pc: 0x0003a130, module: libc.so.0, symbol: vsnprintf
  [115] inode: 8554, pc: 0x000035f0, module: rc
  [116] inode: 49158, pc: 0x00049670, module: libc.so.0, symbol: memset
  [117] inode: 8554, pc: 0x000035bc, module: rc
  [118] inode: 8554, pc: 0x0001ade0, module: rc, symbol: stop_ftpd
  [119] inode: 8554, pc: 0x0001d95c, module: rc
  [120] inode: 8554, pc: 0x0001c028, module: rc
  [121] inode: 49158, pc: 0x0004b4b4, module: libc.so.0
  [122] inode: 8554, pc: 0x0001c25c, module: rc
  [123] inode: 49158, pc: 0x00050374, module: libc.so.0
  [124] inode: 8554, pc: 0x0001c244, module: rc
  [125] inode: 49158, pc: 0x0004d304, module: libc.so.0
  [126] inode: 8554, pc: 0x0001c23c, module: rc
  [127] inode: 8554, pc: 0x0001c21c, module: rc
  [128] inode: 49158, pc: 0x0004dcec, module: libc.so.0
  [129] inode: 8554, pc: 0x0001c214, module: rc
  [130] inode: 8554, pc: 0x0001c1d0, module: rc, symbol: set_file_value
  [131] inode: 8554, pc: 0x0001c00c, module: rc
  [132] inode: 8554, pc: 0x00003640, module: rc
  [133] inode: 49158, pc: 0x00051970, module: libc.so.0, symbol: usleep
  [134] inode: 8554, pc: 0x0000362c, module: rc
  [135] inode: 49158, pc: 0x00046604, module: libc.so.0, symbol: __libc_system
  [136] inode: 8554, pc: 0x0000360c, module: rc
  [137] inode: 49158, pc: 0x0003a16c, module: libc.so.0
  [138] inode: 8554, pc: 0x000035f0, module: rc
  [139] inode: 49158, pc: 0x00049670, module: libc.so.0, symbol: memset
  [140] inode: 8554, pc: 0x000035c8, module: rc
  [141] inode: 8554, pc: 0x0001c000, module: rc
  [142] inode: 8554, pc: 0x0001bffc, module: rc
  [143] inode: 8554, pc: 0x0001bffc, module: rc
  [144] inode: 8554, pc: 0x0001bfe8, module: rc
  [145] inode: 8554, pc: 0x00003640, module: rc
  [146] inode: 49158, pc: 0x00051970, module: libc.so.0, symbol: usleep
  [147] inode: 8554, pc: 0x0000362c, module: rc
  [148] inode: 49158, pc: 0x00046604, module: libc.so.0, symbol: __libc_system
  [149] inode: 8554, pc: 0x0000360c, module: rc
  [150] inode: 49158, pc: 0x0003a16c, module: libc.so.0
  [151] inode: 8554, pc: 0x000035f0, module: rc
  [152] inode: 49158, pc: 0x00049670, module: libc.so.0, symbol: memset
  [153] inode: 8554, pc: 0x000035bc, module: rc
  [154] inode: 8554, pc: 0x0001bfcc, module: rc
  [155] inode: 8554, pc: 0x0001d934, module: rc, symbol: usb_service_stop
  [156] inode: 8554, pc: 0x0001d9fc, module: rc
  [157] inode: 8554, pc: 0x0001eadc, module: rc
  [158] inode: 8554, pc: 0x0001ead4, module: rc
  [159] inode: 8554, pc: 0x0001ea58, module: rc
  [160] inode: 49197, pc: 0x000015dc, module: libscnvram.so
  [161] inode: 8554, pc: 0x0001ea40, module: rc
  [162] inode: 8554, pc: 0x0001e9f0, module: rc, symbol: SDL_get_shares
  [163] inode: 8554, pc: 0x0001d9e0, module: rc
  [164] inode: 8554, pc: 0x0001eadc, module: rc
  [165] inode: 8554, pc: 0x0001ea64, module: rc
  [166] inode: 8554, pc: 0x0001ead4, module: rc
  [167] inode: 8554, pc: 0x0001ea58, module: rc
  [168] inode: 8554, pc: 0x0001ea38, module: rc
  [169] inode: 57360, pc: 0x00004054, module: libnvram_ioctl.so
  [170] inode: 8554, pc: 0x0001ea24, module: rc
  [171] inode: 8554, pc: 0x0001e9f0, module: rc, symbol: SDL_get_shares
  [172] inode: 8554, pc: 0x0001d9c0, module: rc
  [173] inode: 8554, pc: 0x0001d988, module: rc, symbol: sd_mount
  [174] inode: 8554, pc: 0x0001dbec, module: rc
  [175] inode: 49158, pc: 0x00046610, module: libc.so.0
  [176] inode: 8554, pc: 0x0001dbb8, module: rc, symbol: usb_init
  [177] inode: 8554, pc: 0x00003d1c, module: rc
  [178] inode: 8554, pc: 0x00003cf8, module: rc
  [179] inode: 8554, pc: 0x00003ce8, module: rc
  [180] inode: 8554, pc: 0x00003ce0, module: rc
  [181] inode: 8554, pc: 0x00003d64, module: rc
  [182] inode: 49158, pc: 0x00051970, module: libc.so.0, symbol: usleep
  [183] inode: 8554, pc: 0x00003d54, module: rc
  [184] inode: 8554, pc: 0x00003d44, module: rc
  [185] inode: 8554, pc: 0x00003d30, module: rc
  [186] inode: 8554, pc: 0x00015460, module: rc
  [187] inode: 8554, pc: 0x0000363c, module: rc
  [188] inode: 49158, pc: 0x00051970, module: libc.so.0, symbol: usleep
  [189] inode: 8554, pc: 0x0000362c, module: rc
  [190] inode: 49158, pc: 0x00046604, module: libc.so.0, symbol: __libc_system
  [191] inode: 8554, pc: 0x0000360c, module: rc
  [192] inode: 49158, pc: 0x0003a154, module: libc.so.0
  [193] inode: 8554, pc: 0x000035f0, module: rc
  [194] inode: 49158, pc: 0x00049670, module: libc.so.0, symbol: memset
  [195] inode: 8554, pc: 0x000035c8, module: rc
  [196] inode: 8554, pc: 0x0001544c, module: rc
  [197] inode: 49158, pc: 0x000397d0, module: libc.so.0, symbol: puts
  [198] inode: 8554, pc: 0x00015430, module: rc
  [199] inode: 57360, pc: 0x00004a40, module: libnvram_ioctl.so
  [200] inode: 8554, pc: 0x00015414, module: rc
  [201] inode: 57360, pc: 0x00004a60, module: libnvram_ioctl.so
  [202] inode: 8554, pc: 0x000153f8, module: rc
  [203] inode: 8554, pc: 0x00015390, module: rc
  [204] inode: 8554, pc: 0x00015364, module: rc
  [205] inode: 8554, pc: 0x00015340, module: rc
  [206] inode: 8554, pc: 0x0000363c, module: rc
  [207] inode: 49158, pc: 0x00051970, module: libc.so.0, symbol: usleep
  [208] inode: 8554, pc: 0x0000362c, module: rc
  [209] inode: 49158, pc: 0x00046604, module: libc.so.0, symbol: __libc_system
  [210] inode: 8554, pc: 0x0000360c, module: rc
  [211] inode: 49158, pc: 0x0003a130, module: libc.so.0, symbol: vsnprintf
  [212] inode: 8554, pc: 0x000035f0, module: rc
  [213] inode: 49158, pc: 0x00049670, module: libc.so.0, symbol: memset
  [214] inode: 8554, pc: 0x000035a4, module: rc, symbol: SYSTEM
  [215] inode: 8554, pc: 0x00015324, module: rc
  [216] inode: 49158, pc: 0x00043000, module: libc.so.0, symbol: atoi
  [217] inode: 8554, pc: 0x00015314, module: rc
  [218] inode: 8554, pc: 0x000152fc, module: rc
  [219] inode: 57360, pc: 0x00004054, module: libnvram_ioctl.so
  [220] inode: 8554, pc: 0x000152e8, module: rc
  [221] inode: 8554, pc: 0x000152d0, module: rc
  [222] inode: 57360, pc: 0x00004054, module: libnvram_ioctl.so
  [223] inode: 8554, pc: 0x000152bc, module: rc
  [224] inode: 8554, pc: 0x000152a4, module: rc
  [225] inode: 57360, pc: 0x00004054, module: libnvram_ioctl.so
  [226] inode: 8554, pc: 0x00015290, module: rc
  [227] inode: 8554, pc: 0x00015278, module: rc
  [228] inode: 57360, pc: 0x00004054, module: libnvram_ioctl.so
  [229] inode: 8554, pc: 0x00015234, module: rc, symbol: StartWPS
  [230] inode: 8554, pc: 0x00003d1c, module: rc
  [231] inode: 8554, pc: 0x00003cf8, module: rc
  [232] inode: 8554, pc: 0x00003ce8, module: rc
  [233] inode: 8554, pc: 0x00003ce0, module: rc
  [234] inode: 8554, pc: 0x00003d64, module: rc
  [235] inode: 49158, pc: 0x00051970, module: libc.so.0, symbol: usleep
  [236] inode: 8554, pc: 0x00003d54, module: rc
  [237] inode: 8554, pc: 0x00003d44, module: rc
  [238] inode: 8554, pc: 0x00003d30, module: rc
  [239] inode: 8554, pc: 0x000174c0, module: rc
  [240] inode: 8554, pc: 0x0000363c, module: rc
  [241] inode: 49158, pc: 0x00051970, module: libc.so.0, symbol: usleep
  [242] inode: 8554, pc: 0x0000362c, module: rc
  [243] inode: 49158, pc: 0x00046604, module: libc.so.0, symbol: __libc_system
  [244] inode: 8554, pc: 0x0000360c, module: rc
  [245] inode: 49158, pc: 0x0003a130, module: libc.so.0, symbol: vsnprintf
  [246] inode: 8554, pc: 0x000035f8, module: rc
  [247] inode: 49158, pc: 0x00049670, module: libc.so.0, symbol: memset
  [248] inode: 8554, pc: 0x000035c8, module: rc
  [249] inode: 8554, pc: 0x000174b8, module: rc
  [250] inode: 8554, pc: 0x000174a0, module: rc
  [251] inode: 8554, pc: 0x0001748c, module: rc
  [252] inode: 8554, pc: 0x0000472c, module: rc
  [253] inode: 8554, pc: 0x0000471c, module: rc
  [254] inode: 49158, pc: 0x00043000, module: libc.so.0, symbol: atoi
  [255] inode: 8554, pc: 0x00004714, module: rc
  [256] inode: 8554, pc: 0x00004700, module: rc
  [257] inode: 49158, pc: 0x000499e0, module: libc.so.0, symbol: strlen
  [258] inode: 8554, pc: 0x000046f8, module: rc
  [259] inode: 8554, pc: 0x000046ec, module: rc
  [260] inode: 8554, pc: 0x00004694, module: rc
  [261] inode: 57360, pc: 0x00004054, module: libnvram_ioctl.so
  [262] inode: 8554, pc: 0x00004688, module: rc
  [263] inode: 8554, pc: 0x0000463c, module: rc
  [264] inode: 49158, pc: 0x00049670, module: libc.so.0, symbol: memset
  [265] inode: 8554, pc: 0x000045f8, module: rc, symbol: nvram_get_n
  [266] inode: 8554, pc: 0x000046b0, module: rc, symbol: int_nvram_n
  [267] inode: 8554, pc: 0x00017478, module: rc
  [268] inode: 8554, pc: 0x0001744c, module: rc
  [269] inode: 8554, pc: 0x00017270, module: rc
  [270] inode: 49158, pc: 0x00046604, module: libc.so.0, symbol: __libc_system
  [271] inode: 8554, pc: 0x0001725c, module: rc
  [272] inode: 8554, pc: 0x00015460, module: rc
  [273] inode: 8554, pc: 0x00003640, module: rc
  [274] inode: 49158, pc: 0x00051970, module: libc.so.0, symbol: usleep
  [275] inode: 8554, pc: 0x0000362c, module: rc
  [276] inode: 49158, pc: 0x00046604, module: libc.so.0, symbol: __libc_system
  [277] inode: 8554, pc: 0x0000360c, module: rc
  [278] inode: 49158, pc: 0x0003a130, module: libc.so.0, symbol: vsnprintf
  [279] inode: 8554, pc: 0x000035f0, module: rc
  [280] inode: 49158, pc: 0x00049670, module: libc.so.0, symbol: memset
  [281] inode: 8554, pc: 0x000035c8, module: rc
  [282] inode: 8554, pc: 0x0001544c, module: rc
  [283] inode: 49158, pc: 0x000397d0, module: libc.so.0, symbol: puts
  [284] inode: 8554, pc: 0x00015430, module: rc
  [285] inode: 57360, pc: 0x00004a28, module: libnvram_ioctl.so
  [286] inode: 8554, pc: 0x00015414, module: rc
  [287] inode: 57360, pc: 0x00004a60, module: libnvram_ioctl.so
  [288] inode: 8554, pc: 0x000153f8, module: rc
  [289] inode: 8554, pc: 0x00015390, module: rc
  [290] inode: 8554, pc: 0x00015364, module: rc
  [291] inode: 8554, pc: 0x00015340, module: rc
  [292] inode: 8554, pc: 0x00003640, module: rc
  [293] inode: 49158, pc: 0x00051970, module: libc.so.0, symbol: usleep
  [294] inode: 8554, pc: 0x0000362c, module: rc
  [295] inode: 49158, pc: 0x00046604, module: libc.so.0, symbol: __libc_system
  [296] inode: 8554, pc: 0x0000360c, module: rc
  [297] inode: 49158, pc: 0x0003a130, module: libc.so.0, symbol: vsnprintf
  [298] inode: 8554, pc: 0x000035f0, module: rc
  [299] inode: 49158, pc: 0x00049670, module: libc.so.0, symbol: memset
Total Self trace elements: 300

--- Parent PID 50 Trace ---
  [000] inode: 49158, pc: 0x000502a0, module: libc.so.0, symbol: wait3
  [001] inode: 8467, pc: 0x00021074, module: busybox
  [002] inode: 8467, pc: 0x00021068, module: busybox
  [003] inode: 8467, pc: 0x00021028, module: busybox
  [004] inode: 8467, pc: 0x000214e0, module: busybox
  [005] inode: 8467, pc: 0x000214bc, module: busybox
  [006] inode: 8467, pc: 0x0002d224, module: busybox
  [007] inode: 8467, pc: 0x0002d218, module: busybox
  [008] inode: 8467, pc: 0x00025a6c, module: busybox
  [009] inode: 8467, pc: 0x000259fc, module: busybox
  [010] inode: 8467, pc: 0x000259cc, module: busybox
  [011] inode: 8467, pc: 0x000259a8, module: busybox
  [012] inode: 8467, pc: 0x0002595c, module: busybox
  [013] inode: 8467, pc: 0x00025954, module: busybox
  [014] inode: 8467, pc: 0x00025900, module: busybox
  [015] inode: 8467, pc: 0x000255ec, module: busybox
  [016] inode: 8467, pc: 0x000255a4, module: busybox
  [017] inode: 49158, pc: 0x0004ba64, module: libc.so.0
  [018] inode: 8467, pc: 0x0002555c, module: busybox
  [019] inode: 8467, pc: 0x0002d1f8, module: busybox
  [020] inode: 8467, pc: 0x0001da50, module: busybox
  [021] inode: 8467, pc: 0x0001da00, module: busybox
  [022] inode: 8467, pc: 0x0001d9d0, module: busybox
  [023] inode: 49158, pc: 0x00049670, module: libc.so.0, symbol: memset
  [024] inode: 8467, pc: 0x0001d9bc, module: busybox
  [025] inode: 8467, pc: 0x0001d958, module: busybox
  [026] inode: 8467, pc: 0x0001d87c, module: busybox
  [027] inode: 8467, pc: 0x0001d9b4, module: busybox
  [028] inode: 8467, pc: 0x0001d970, module: busybox
  [029] inode: 8467, pc: 0x0001d958, module: busybox
  [030] inode: 8467, pc: 0x0001d87c, module: busybox
  [031] inode: 8467, pc: 0x0001d9b4, module: busybox
  [032] inode: 8467, pc: 0x0001d970, module: busybox
  [033] inode: 8467, pc: 0x0001d958, module: busybox
  [034] inode: 8467, pc: 0x0001d87c, module: busybox
  [035] inode: 8467, pc: 0x0001d9b4, module: busybox
  [036] inode: 8467, pc: 0x0001d970, module: busybox
  [037] inode: 8467, pc: 0x0001d958, module: busybox
  [038] inode: 8467, pc: 0x0001d87c, module: busybox
  [039] inode: 8467, pc: 0x0001d9b4, module: busybox
  [040] inode: 8467, pc: 0x0001d970, module: busybox
  [041] inode: 8467, pc: 0x0001d958, module: busybox
  [042] inode: 8467, pc: 0x0001d834, module: busybox
  [043] inode: 8467, pc: 0x0002d1cc, module: busybox
  [044] inode: 8467, pc: 0x0002d1a0, module: busybox
  [045] inode: 8467, pc: 0x0002d198, module: busybox
  [046] inode: 8467, pc: 0x0002d188, module: busybox
  [047] inode: 8467, pc: 0x0002d13c, module: busybox
  [048] inode: 8467, pc: 0x0002d100, module: busybox
  [049] inode: 8467, pc: 0x0002d0f0, module: busybox
  [050] inode: 8467, pc: 0x0002bb24, module: busybox
  [051] inode: 8467, pc: 0x0002b590, module: busybox
  [052] inode: 8467, pc: 0x0002b550, module: busybox
  [053] inode: 8467, pc: 0x0002b544, module: busybox
  [054] inode: 49158, pc: 0x00049890, module: libc.so.0, symbol: index
  [055] inode: 8467, pc: 0x0002b4ec, module: busybox
  [056] inode: 8467, pc: 0x0002d0d0, module: busybox
  [057] inode: 8467, pc: 0x0002d0c8, module: busybox
  [058] inode: 8467, pc: 0x0002d018, module: busybox
  [059] inode: 8467, pc: 0x0002cfa8, module: busybox
  [060] inode: 8467, pc: 0x0002a070, module: busybox
  [061] inode: 8467, pc: 0x0002a044, module: busybox
  [062] inode: 8467, pc: 0x0002a024, module: busybox
  [063] inode: 8467, pc: 0x00029fe8, module: busybox
  [064] inode: 8467, pc: 0x00029f48, module: busybox
  [065] inode: 8467, pc: 0x0002985c, module: busybox
  [066] inode: 8467, pc: 0x00029fd0, module: busybox
  [067] inode: 8467, pc: 0x00029fb8, module: busybox
  [068] inode: 49158, pc: 0x00050960, module: libc.so.0, symbol: _setjmp
  [069] inode: 8467, pc: 0x00029f70, module: busybox
  [070] inode: 8467, pc: 0x0002cf8c, module: busybox
  [071] inode: 8467, pc: 0x0002984c, module: busybox
  [072] inode: 8467, pc: 0x00029774, module: busybox
  [073] inode: 8467, pc: 0x0002cf70, module: busybox
  [074] inode: 8467, pc: 0x0002cf28, module: busybox
  [075] inode: 8467, pc: 0x0002cf0c, module: busybox
  [076] inode: 8467, pc: 0x0002cf14, module: busybox
  [077] inode: 8467, pc: 0x0002cf0c, module: busybox
  [078] inode: 8467, pc: 0x0002cf14, module: busybox
  [079] inode: 8467, pc: 0x0002cefc, module: busybox
  [080] inode: 8467, pc: 0x0001de14, module: busybox
  [081] inode: 8467, pc: 0x0001dd30, module: busybox
  [082] inode: 8467, pc: 0x0002cee8, module: busybox
  [083] inode: 8467, pc: 0x0002ce9c, module: busybox
  [084] inode: 8467, pc: 0x0002cedc, module: busybox
  [085] inode: 8467, pc: 0x0002cec8, module: busybox
  [086] inode: 8467, pc: 0x0002ced0, module: busybox
  [087] inode: 8467, pc: 0x0002cebc, module: busybox
  [088] inode: 8467, pc: 0x00029730, module: busybox
  [089] inode: 8467, pc: 0x00029708, module: busybox
  [090] inode: 8467, pc: 0x00029698, module: busybox
  [091] inode: 8467, pc: 0x0002947c, module: busybox
  [092] inode: 8467, pc: 0x00029648, module: busybox
  [093] inode: 8467, pc: 0x000295d8, module: busybox
  [094] inode: 8467, pc: 0x0001f2cc, module: busybox
  [095] inode: 8467, pc: 0x0001f148, module: busybox
  [096] inode: 49158, pc: 0x00049c00, module: libc.so.0, symbol: strpbrk
  [097] inode: 8467, pc: 0x0001f104, module: busybox
  [098] inode: 8467, pc: 0x000295b4, module: busybox
  [099] inode: 8467, pc: 0x000294b0, module: busybox
  [100] inode: 49158, pc: 0x00049c00, module: libc.so.0, symbol: strpbrk
  [101] inode: 8467, pc: 0x0002949c, module: busybox
  [102] inode: 8467, pc: 0x00029484, module: busybox
  [103] inode: 8467, pc: 0x00029448, module: busybox
  [104] inode: 8467, pc: 0x0001de14, module: busybox
  [105] inode: 8467, pc: 0x0001dd30, module: busybox
  [106] inode: 8467, pc: 0x00029434, module: busybox
  [107] inode: 8467, pc: 0x00029424, module: busybox
  [108] inode: 8467, pc: 0x00029234, module: busybox
  [109] inode: 8467, pc: 0x00029220, module: busybox
  [110] inode: 8467, pc: 0x0001de14, module: busybox
  [111] inode: 8467, pc: 0x0001dd30, module: busybox
  [112] inode: 8467, pc: 0x000291f0, module: busybox
  [113] inode: 8467, pc: 0x0001ed18, module: busybox
  [114] inode: 8467, pc: 0x0001ecc8, module: busybox
  [115] inode: 8467, pc: 0x000291dc, module: busybox
  [116] inode: 8467, pc: 0x000291cc, module: busybox
  [117] inode: 8467, pc: 0x00029110, module: busybox
  [118] inode: 8467, pc: 0x00028b3c, module: busybox
  [119] inode: 8467, pc: 0x00028b30, module: busybox
  [120] inode: 8467, pc: 0x00028b18, module: busybox
  [121] inode: 8467, pc: 0x00028acc, module: busybox
  [122] inode: 8467, pc: 0x0001e254, module: busybox
  [123] inode: 49158, pc: 0x00049600, module: libc.so.0, symbol: mempcpy
  [124] inode: 8467, pc: 0x0001e23c, module: busybox
  [125] inode: 8467, pc: 0x0001e0a0, module: busybox
  [126] inode: 8467, pc: 0x0001e02c, module: busybox
  [127] inode: 8467, pc: 0x0001e200, module: busybox
  [128] inode: 8467, pc: 0x00028ab4, module: busybox
  [129] inode: 8467, pc: 0x00028aac, module: busybox
  [130] inode: 8467, pc: 0x00028a74, module: busybox
  [131] inode: 49158, pc: 0x00049910, module: libc.so.0, symbol: strcspn
  [132] inode: 8467, pc: 0x00028a48, module: busybox
  [133] inode: 8467, pc: 0x000288cc, module: busybox
  [134] inode: 8467, pc: 0x000288a4, module: busybox
  [135] inode: 8467, pc: 0x00028894, module: busybox
  [136] inode: 8467, pc: 0x00028818, module: busybox
  [137] inode: 8467, pc: 0x00029140, module: busybox
  [138] inode: 8467, pc: 0x0002cea4, module: busybox
  [139] inode: 8467, pc: 0x0002ce9c, module: busybox
  [140] inode: 8467, pc: 0x0002cedc, module: busybox
  [141] inode: 8467, pc: 0x0002cec8, module: busybox
  [142] inode: 8467, pc: 0x0002ced0, module: busybox
  [143] inode: 8467, pc: 0x0002cebc, module: busybox
  [144] inode: 8467, pc: 0x00029730, module: busybox
  [145] inode: 8467, pc: 0x00029708, module: busybox
  [146] inode: 8467, pc: 0x00029698, module: busybox
  [147] inode: 8467, pc: 0x0002947c, module: busybox
  [148] inode: 8467, pc: 0x00029648, module: busybox
  [149] inode: 8467, pc: 0x000295d8, module: busybox
  [150] inode: 8467, pc: 0x0001f2cc, module: busybox
  [151] inode: 8467, pc: 0x0001f148, module: busybox
  [152] inode: 49158, pc: 0x00049c00, module: libc.so.0, symbol: strpbrk
  [153] inode: 8467, pc: 0x0001f104, module: busybox
  [154] inode: 8467, pc: 0x000295b4, module: busybox
  [155] inode: 8467, pc: 0x000294b0, module: busybox
  [156] inode: 49158, pc: 0x00049c00, module: libc.so.0, symbol: strpbrk
  [157] inode: 8467, pc: 0x0002949c, module: busybox
  [158] inode: 8467, pc: 0x00029484, module: busybox
  [159] inode: 8467, pc: 0x00029448, module: busybox
  [160] inode: 8467, pc: 0x0001de14, module: busybox
  [161] inode: 8467, pc: 0x0001dd30, module: busybox
  [162] inode: 8467, pc: 0x00029434, module: busybox
  [163] inode: 8467, pc: 0x00029424, module: busybox
  [164] inode: 8467, pc: 0x00029234, module: busybox
  [165] inode: 8467, pc: 0x00029220, module: busybox
  [166] inode: 8467, pc: 0x0001de14, module: busybox
  [167] inode: 8467, pc: 0x0001dd30, module: busybox
  [168] inode: 8467, pc: 0x000291f0, module: busybox
  [169] inode: 8467, pc: 0x0001ed18, module: busybox
  [170] inode: 8467, pc: 0x0001ecc8, module: busybox
  [171] inode: 8467, pc: 0x000291dc, module: busybox
  [172] inode: 8467, pc: 0x000291cc, module: busybox
  [173] inode: 8467, pc: 0x00029110, module: busybox
  [174] inode: 8467, pc: 0x00028b3c, module: busybox
  [175] inode: 8467, pc: 0x00028b30, module: busybox
  [176] inode: 8467, pc: 0x00028b18, module: busybox
  [177] inode: 8467, pc: 0x00028acc, module: busybox
  [178] inode: 8467, pc: 0x0001e254, module: busybox
  [179] inode: 49158, pc: 0x00049600, module: libc.so.0, symbol: mempcpy
  [180] inode: 8467, pc: 0x0001e23c, module: busybox
  [181] inode: 8467, pc: 0x0001e0a0, module: busybox
  [182] inode: 8467, pc: 0x0001e02c, module: busybox
  [183] inode: 8467, pc: 0x0001e200, module: busybox
  [184] inode: 8467, pc: 0x00028ab4, module: busybox
  [185] inode: 8467, pc: 0x00028aac, module: busybox
  [186] inode: 8467, pc: 0x00028a74, module: busybox
  [187] inode: 49158, pc: 0x00049910, module: libc.so.0, symbol: strcspn
  [188] inode: 8467, pc: 0x00028a48, module: busybox
  [189] inode: 8467, pc: 0x000288cc, module: busybox
  [190] inode: 8467, pc: 0x000288a4, module: busybox
  [191] inode: 8467, pc: 0x00028894, module: busybox
  [192] inode: 8467, pc: 0x00028818, module: busybox
  [193] inode: 8467, pc: 0x00029140, module: busybox
  [194] inode: 8467, pc: 0x0002cea4, module: busybox
  [195] inode: 8467, pc: 0x0002ce5c, module: busybox
  [196] inode: 8467, pc: 0x0001acf8, module: busybox
  [197] inode: 8467, pc: 0x0002ce08, module: busybox
  [198] inode: 8467, pc: 0x0002a298, module: busybox
  [199] inode: 8467, pc: 0x0002a1b0, module: busybox
  [200] inode: 8467, pc: 0x0002a0d8, module: busybox
  [201] inode: 8467, pc: 0x0002a0c4, module: busybox
  [202] inode: 8467, pc: 0x0002a080, module: busybox
  [203] inode: 8467, pc: 0x0002ab98, module: busybox
  [204] inode: 8467, pc: 0x0002ab88, module: busybox
  [205] inode: 8467, pc: 0x0002ab80, module: busybox
  [206] inode: 8467, pc: 0x0002aafc, module: busybox
  [207] inode: 8467, pc: 0x00022998, module: busybox
  [208] inode: 8467, pc: 0x000228c4, module: busybox
  [209] inode: 8467, pc: 0x000228b8, module: busybox
  [210] inode: 8467, pc: 0x00024038, module: busybox
  [211] inode: 8467, pc: 0x00023f1c, module: busybox
  [212] inode: 8467, pc: 0x000228a4, module: busybox
  [213] inode: 8467, pc: 0x00022898, module: busybox
  [214] inode: 8467, pc: 0x00022858, module: busybox
  [215] inode: 8467, pc: 0x00022824, module: busybox
  [216] inode: 8467, pc: 0x0002281c, module: busybox
  [217] inode: 8467, pc: 0x000227bc, module: busybox
  [218] inode: 8467, pc: 0x00022400, module: busybox
  [219] inode: 8467, pc: 0x00022314, module: busybox
  [220] inode: 8467, pc: 0x000222c4, module: busybox
  [221] inode: 8467, pc: 0x00022264, module: busybox
  [222] inode: 8467, pc: 0x00021fe0, module: busybox
  [223] inode: 8467, pc: 0x00021f9c, module: busybox
  [224] inode: 8467, pc: 0x00022288, module: busybox
  [225] inode: 8467, pc: 0x000227a0, module: busybox
  [226] inode: 8467, pc: 0x00022750, module: busybox
  [227] inode: 8467, pc: 0x0002273c, module: busybox
  [228] inode: 8467, pc: 0x00022400, module: busybox
  [229] inode: 8467, pc: 0x00022314, module: busybox
  [230] inode: 8467, pc: 0x000222c4, module: busybox
  [231] inode: 8467, pc: 0x00022264, module: busybox
  [232] inode: 8467, pc: 0x00021fe0, module: busybox
  [233] inode: 8467, pc: 0x00021f9c, module: busybox
  [234] inode: 8467, pc: 0x00022288, module: busybox
  [235] inode: 8467, pc: 0x0002271c, module: busybox
  [236] inode: 8467, pc: 0x00024c24, module: busybox
  [237] inode: 8467, pc: 0x00024be0, module: busybox
  [238] inode: 8467, pc: 0x00024b3c, module: busybox
  [239] inode: 8467, pc: 0x00022400, module: busybox
  [240] inode: 8467, pc: 0x00022314, module: busybox
  [241] inode: 8467, pc: 0x000222c4, module: busybox
  [242] inode: 8467, pc: 0x00022264, module: busybox
  [243] inode: 8467, pc: 0x00021fe0, module: busybox
  [244] inode: 8467, pc: 0x00021f9c, module: busybox
  [245] inode: 8467, pc: 0x00022288, module: busybox
  [246] inode: 8467, pc: 0x00024b30, module: busybox
  [247] inode: 8467, pc: 0x00024a60, module: busybox
  [248] inode: 8467, pc: 0x00024940, module: busybox
  [249] inode: 8467, pc: 0x0001de14, module: busybox
  [250] inode: 8467, pc: 0x0001dd30, module: busybox
  [251] inode: 8467, pc: 0x00024914, module: busybox
  [252] inode: 8467, pc: 0x00024748, module: busybox
  [253] inode: 8467, pc: 0x00024740, module: busybox
  [254] inode: 8467, pc: 0x00024738, module: busybox
  [255] inode: 8467, pc: 0x00024724, module: busybox
  [256] inode: 8467, pc: 0x00022400, module: busybox
  [257] inode: 8467, pc: 0x00022314, module: busybox
  [258] inode: 8467, pc: 0x000222c4, module: busybox
  [259] inode: 8467, pc: 0x0002223c, module: busybox
  [260] inode: 8467, pc: 0x000221ec, module: busybox
  [261] inode: 8467, pc: 0x000221a8, module: busybox
  [262] inode: 49158, pc: 0x00049890, module: libc.so.0, symbol: index
  [263] inode: 8467, pc: 0x00022174, module: busybox
  [264] inode: 8467, pc: 0x0002216c, module: busybox
  [265] inode: 8467, pc: 0x00022154, module: busybox
  [266] inode: 8467, pc: 0x000220d4, module: busybox
  [267] inode: 8467, pc: 0x00022080, module: busybox
  [268] inode: 8467, pc: 0x00022078, module: busybox
  [269] inode: 8467, pc: 0x00022054, module: busybox
  [270] inode: 8467, pc: 0x0001cbec, module: busybox
  [271] inode: 8467, pc: 0x0001c7a0, module: busybox
  [272] inode: 8467, pc: 0x0001c75c, module: busybox
  [273] inode: 8467, pc: 0x00022028, module: busybox
  [274] inode: 8467, pc: 0x00022000, module: busybox
  [275] inode: 8467, pc: 0x00021ff4, module: busybox
  [276] inode: 8467, pc: 0x00021f9c, module: busybox
  [277] inode: 8467, pc: 0x00022288, module: busybox
  [278] inode: 8467, pc: 0x00024714, module: busybox
  [279] inode: 8467, pc: 0x000247ec, module: busybox
  [280] inode: 8467, pc: 0x00024778, module: busybox
  [281] inode: 8467, pc: 0x0001de14, module: busybox
  [282] inode: 8467, pc: 0x0001dd30, module: busybox
  [283] inode: 8467, pc: 0x00024764, module: busybox
  [284] inode: 8467, pc: 0x00024724, module: busybox
  [285] inode: 8467, pc: 0x00022400, module: busybox
  [286] inode: 8467, pc: 0x0002238c, module: busybox
  [287] inode: 8467, pc: 0x00022334, module: busybox
  [288] inode: 8467, pc: 0x0002231c, module: busybox
  [289] inode: 8467, pc: 0x00022314, module: busybox
  [290] inode: 8467, pc: 0x000222c4, module: busybox
  [291] inode: 8467, pc: 0x0002349c, module: busybox
  [292] inode: 8467, pc: 0x000230c8, module: busybox
  [293] inode: 8467, pc: 0x00023070, module: busybox
  [294] inode: 8467, pc: 0x00023048, module: busybox
  [295] inode: 8467, pc: 0x00023024, module: busybox
  [296] inode: 8467, pc: 0x00022fdc, module: busybox
  [297] inode: 8467, pc: 0x00022fc0, module: busybox
  [298] inode: 8467, pc: 0x00022b94, module: busybox
  [299] inode: 8467, pc: 0x00022b70, module: busybox
Total Parent trace elements: 300

--- Parent PID 49 Trace ---
  [000] inode: 49158, pc: 0x00050330, module: libc.so.0, symbol: waitpid
  [001] inode: 8467, pc: 0x00011788, module: busybox
  [002] inode: 8467, pc: 0x00011754, module: busybox
  [003] inode: 49158, pc: 0x00038700, module: libc.so.0, symbol: signal
  [004] inode: 8467, pc: 0x0001173c, module: busybox
  [005] inode: 49158, pc: 0x00038700, module: libc.so.0, symbol: signal
  [006] inode: 8467, pc: 0x00011724, module: busybox
  [007] inode: 49158, pc: 0x00038700, module: libc.so.0, symbol: signal
  [008] inode: 8467, pc: 0x0001170c, module: busybox
  [009] inode: 49158, pc: 0x00038710, module: libc.so.0
  [010] inode: 8467, pc: 0x000116fc, module: busybox
  [011] inode: 8467, pc: 0x000116f4, module: busybox
  [012] inode: 8467, pc: 0x000116e8, module: busybox
  [013] inode: 49158, pc: 0x0004ba64, module: libc.so.0
  [014] inode: 8467, pc: 0x000116d8, module: busybox
  [015] inode: 8467, pc: 0x000116c4, module: busybox
  [016] inode: 49158, pc: 0x0004b664, module: libc.so.0
  [017] inode: 8467, pc: 0x000116ac, module: busybox
  [018] inode: 49158, pc: 0x0004b664, module: libc.so.0
  [019] inode: 8467, pc: 0x00011694, module: busybox
  [020] inode: 8467, pc: 0x0001133c, module: busybox
  [021] inode: 49158, pc: 0x00051330, module: libc.so.0, symbol: tcsetattr
  [022] inode: 8467, pc: 0x000112b8, module: busybox
  [023] inode: 49158, pc: 0x00051180, module: libc.so.0
  [024] inode: 8467, pc: 0x0001128c, module: busybox
  [025] inode: 8467, pc: 0x00011678, module: busybox
  [026] inode: 49158, pc: 0x0004cf64, module: libc.so.0, symbol: ioctl
  [027] inode: 8467, pc: 0x00011668, module: busybox
  [028] inode: 8467, pc: 0x00011600, module: busybox
  [029] inode: 8467, pc: 0x0003d02c, module: busybox
  [030] inode: 49158, pc: 0x0004adec, module: libc.so.0
  [031] inode: 8467, pc: 0x0003d01c, module: busybox
  [032] inode: 8467, pc: 0x0003d014, module: busybox
  [033] inode: 8467, pc: 0x0003d000, module: busybox
  [034] inode: 8467, pc: 0x0003cffc, module: busybox
  [035] inode: 8467, pc: 0x0003cff0, module: busybox
  [036] inode: 49158, pc: 0x0004dd68, module: libc.so.0
  [037] inode: 8467, pc: 0x0003cfdc, module: busybox
  [038] inode: 8467, pc: 0x000115e8, module: busybox
  [039] inode: 49158, pc: 0x0004f404, module: libc.so.0
  [040] inode: 8467, pc: 0x000115d0, module: busybox
  [041] inode: 49158, pc: 0x00038700, module: libc.so.0, symbol: signal
  [042] inode: 8467, pc: 0x000115b8, module: busybox
  [043] inode: 49158, pc: 0x00038700, module: libc.so.0, symbol: signal
  [044] inode: 8467, pc: 0x000115a0, module: busybox
  [045] inode: 49158, pc: 0x00038700, module: libc.so.0, symbol: signal
  [046] inode: 8467, pc: 0x00011588, module: busybox
  [047] inode: 49158, pc: 0x00038700, module: libc.so.0, symbol: signal
  [048] inode: 8467, pc: 0x00011570, module: busybox
  [049] inode: 49158, pc: 0x00038700, module: libc.so.0, symbol: signal
  [050] inode: 8467, pc: 0x00011558, module: busybox
  [051] inode: 49158, pc: 0x00038700, module: libc.so.0, symbol: signal
  [052] inode: 8467, pc: 0x00011540, module: busybox
  [053] inode: 49158, pc: 0x00038700, module: libc.so.0, symbol: signal
  [054] inode: 8467, pc: 0x00011530, module: busybox
  [055] inode: 49158, pc: 0x00038700, module: libc.so.0, symbol: signal
  [056] inode: 8467, pc: 0x00011510, module: busybox
  [057] inode: 49158, pc: 0x0004f664, module: libc.so.0
  [058] inode: 8467, pc: 0x000114f8, module: busybox
  [059] inode: 49158, pc: 0x0004b4b4, module: libc.so.0
  [060] inode: 8467, pc: 0x000114e8, module: busybox
  [061] inode: 49158, pc: 0x0004b4b4, module: libc.so.0
  [062] inode: 8467, pc: 0x000114c8, module: busybox
  [063] inode: 49158, pc: 0x0004b4b4, module: libc.so.0
  [064] inode: 8467, pc: 0x000114b8, module: busybox
  [065] inode: 8467, pc: 0x000114ac, module: busybox
  [066] inode: 49158, pc: 0x0004ba64, module: libc.so.0
Total Parent trace elements: 67

--- Parent PID 1 Trace ---
  [000] inode: 49158, pc: 0x00050330, module: libc.so.0, symbol: waitpid
  [001] inode: 8467, pc: 0x00011d60, module: busybox
  [002] inode: 8467, pc: 0x00011b4c, module: busybox
  [003] inode: 49158, pc: 0x0004f664, module: libc.so.0
  [004] inode: 8467, pc: 0x00011b38, module: busybox
  [005] inode: 8467, pc: 0x000114ac, module: busybox
  [006] inode: 49158, pc: 0x0004ba64, module: libc.so.0
  [007] inode: 8467, pc: 0x00011494, module: busybox
  [008] inode: 49158, pc: 0x0004f654, module: libc.so.0, symbol: sigprocmask
  [009] inode: 8467, pc: 0x00011478, module: busybox
  [010] inode: 49158, pc: 0x00038030, module: libc.so.0, symbol: sigaddset
  [011] inode: 8467, pc: 0x00011460, module: busybox
  [012] inode: 49158, pc: 0x000382e8, module: libc.so.0
  [013] inode: 8467, pc: 0x00011424, module: busybox
  [014] inode: 8467, pc: 0x00011d4c, module: busybox
  [015] inode: 8467, pc: 0x00011d44, module: busybox
  [016] inode: 8467, pc: 0x00011d34, module: busybox
  [017] inode: 8467, pc: 0x00011e38, module: busybox
  [018] inode: 8467, pc: 0x00011d34, module: busybox
  [019] inode: 8467, pc: 0x00011e38, module: busybox
  [020] inode: 8467, pc: 0x00011d34, module: busybox
  [021] inode: 8467, pc: 0x00011e38, module: busybox
  [022] inode: 8467, pc: 0x00011d34, module: busybox
  [023] inode: 8467, pc: 0x00011e38, module: busybox
  [024] inode: 8467, pc: 0x00011d34, module: busybox
  [025] inode: 8467, pc: 0x00011e38, module: busybox
  [026] inode: 8467, pc: 0x00011d34, module: busybox
  [027] inode: 8467, pc: 0x00011cf4, module: busybox
  [028] inode: 8467, pc: 0x00012fc0, module: busybox
  [029] inode: 8467, pc: 0x00012fb4, module: busybox
  [030] inode: 49158, pc: 0x00049670, module: libc.so.0, symbol: memset
  [031] inode: 8467, pc: 0x00012f9c, module: busybox
  [032] inode: 49158, pc: 0x000499e0, module: libc.so.0, symbol: strlen
  [033] inode: 8467, pc: 0x000448c0, module: busybox, symbol: bb_strlen
  [034] inode: 8467, pc: 0x00012f84, module: busybox
  [035] inode: 8467, pc: 0x00012f70, module: busybox
  [036] inode: 49158, pc: 0x00049b10, module: libc.so.0, symbol: strncpy
  [037] inode: 8467, pc: 0x00042c00, module: busybox, symbol: safe_strncpy
  [038] inode: 8467, pc: 0x00012f54, module: busybox
  [039] inode: 49158, pc: 0x00049670, module: libc.so.0, symbol: memset
  [040] inode: 8467, pc: 0x00012f38, module: busybox
  [041] inode: 49158, pc: 0x000499e0, module: libc.so.0, symbol: strlen
  [042] inode: 8467, pc: 0x000448cc, module: busybox
  [043] inode: 8467, pc: 0x00012f20, module: busybox
  [044] inode: 8467, pc: 0x00012768, module: busybox
  [045] inode: 49158, pc: 0x000498f0, module: libc.so.0, symbol: strcpy
  [046] inode: 8467, pc: 0x00012750, module: busybox
  [047] inode: 49158, pc: 0x000498f0, module: libc.so.0, symbol: strcpy
  [048] inode: 8467, pc: 0x00012740, module: busybox
  [049] inode: 8467, pc: 0x00012734, module: busybox
  [050] inode: 8467, pc: 0x0001272c, module: busybox
  [051] inode: 8467, pc: 0x00012718, module: busybox
  [052] inode: 8467, pc: 0x000126c0, module: busybox
  [053] inode: 49158, pc: 0x000498c0, module: libc.so.0, symbol: strcoll
  [054] inode: 8467, pc: 0x000126b0, module: busybox
  [055] inode: 8467, pc: 0x00012718, module: busybox
  [056] inode: 8467, pc: 0x000126c0, module: busybox
  [057] inode: 49158, pc: 0x000498c0, module: libc.so.0, symbol: strcoll
  [058] inode: 8467, pc: 0x000126b0, module: busybox
  [059] inode: 8467, pc: 0x00012718, module: busybox
  [060] inode: 8467, pc: 0x000126c0, module: busybox
  [061] inode: 49158, pc: 0x000498c0, module: libc.so.0, symbol: strcoll
  [062] inode: 8467, pc: 0x000126b0, module: busybox
  [063] inode: 8467, pc: 0x00012718, module: busybox
  [064] inode: 8467, pc: 0x000126c0, module: busybox
  [065] inode: 49158, pc: 0x000498c0, module: libc.so.0, symbol: strcoll
  [066] inode: 8467, pc: 0x000126b0, module: busybox
  [067] inode: 8467, pc: 0x00012718, module: busybox
  [068] inode: 8467, pc: 0x000126c0, module: busybox
  [069] inode: 49158, pc: 0x000498c0, module: libc.so.0, symbol: strcoll
  [070] inode: 8467, pc: 0x000126b0, module: busybox
  [071] inode: 8467, pc: 0x00012698, module: busybox
  [072] inode: 8467, pc: 0x00012650, module: busybox
  [073] inode: 49158, pc: 0x00048170, module: libc.so.0, symbol: calloc
  [074] inode: 8467, pc: 0x00012640, module: busybox
  [075] inode: 8467, pc: 0x0001262c, module: busybox
  [076] inode: 49158, pc: 0x000498c0, module: libc.so.0, symbol: strcoll
  [077] inode: 8467, pc: 0x00012618, module: busybox
  [078] inode: 8467, pc: 0x0001260c, module: busybox
  [079] inode: 49158, pc: 0x0004af74, module: libc.so.0
  [080] inode: 8467, pc: 0x000125f0, module: busybox
  [081] inode: 8467, pc: 0x000125ac, module: busybox
  [082] inode: 8467, pc: 0x00012f00, module: busybox
  [083] inode: 8467, pc: 0x0001276c, module: busybox
  [084] inode: 8467, pc: 0x0001260c, module: busybox
  [085] inode: 49158, pc: 0x0004af74, module: libc.so.0
  [086] inode: 8467, pc: 0x000125fc, module: busybox
  [087] inode: 8467, pc: 0x000125ac, module: busybox
  [088] inode: 8467, pc: 0x00012ee4, module: busybox
  [089] inode: 8467, pc: 0x0001276c, module: busybox
  [090] inode: 8467, pc: 0x0001260c, module: busybox
  [091] inode: 49158, pc: 0x0004af74, module: libc.so.0
  [092] inode: 8467, pc: 0x000125fc, module: busybox
  [093] inode: 8467, pc: 0x000125ac, module: busybox
  [094] inode: 8467, pc: 0x00012ec8, module: busybox
  [095] inode: 8467, pc: 0x0001276c, module: busybox
  [096] inode: 8467, pc: 0x0001260c, module: busybox
  [097] inode: 49158, pc: 0x0004af74, module: libc.so.0
  [098] inode: 8467, pc: 0x000125fc, module: busybox
  [099] inode: 8467, pc: 0x000125ac, module: busybox
  [100] inode: 8467, pc: 0x00012eac, module: busybox
  [101] inode: 8467, pc: 0x00012768, module: busybox
  [102] inode: 49158, pc: 0x000498f0, module: libc.so.0, symbol: strcpy
  [103] inode: 8467, pc: 0x00012750, module: busybox
  [104] inode: 49158, pc: 0x000498f0, module: libc.so.0, symbol: strcpy
  [105] inode: 8467, pc: 0x00012740, module: busybox
  [106] inode: 8467, pc: 0x00012734, module: busybox
  [107] inode: 8467, pc: 0x0001272c, module: busybox
  [108] inode: 8467, pc: 0x00012718, module: busybox
  [109] inode: 8467, pc: 0x000126c0, module: busybox
  [110] inode: 49158, pc: 0x000498c0, module: libc.so.0, symbol: strcoll
  [111] inode: 8467, pc: 0x000126b0, module: busybox
  [112] inode: 8467, pc: 0x00012718, module: busybox
  [113] inode: 8467, pc: 0x000126c0, module: busybox
  [114] inode: 49158, pc: 0x000498c0, module: libc.so.0, symbol: strcoll
  [115] inode: 8467, pc: 0x000126b0, module: busybox
  [116] inode: 8467, pc: 0x00012718, module: busybox
  [117] inode: 8467, pc: 0x000126c0, module: busybox
  [118] inode: 49158, pc: 0x000498c0, module: libc.so.0, symbol: strcoll
  [119] inode: 8467, pc: 0x000126b0, module: busybox
  [120] inode: 8467, pc: 0x00012718, module: busybox
  [121] inode: 8467, pc: 0x000126c0, module: busybox
  [122] inode: 49158, pc: 0x000498c4, module: libc.so.0
  [123] inode: 8467, pc: 0x000126b0, module: busybox
  [124] inode: 8467, pc: 0x00012698, module: busybox
  [125] inode: 8467, pc: 0x00012650, module: busybox
  [126] inode: 49158, pc: 0x00048170, module: libc.so.0, symbol: calloc
  [127] inode: 8467, pc: 0x00012640, module: busybox
  [128] inode: 8467, pc: 0x0001262c, module: busybox
  [129] inode: 49158, pc: 0x000498c0, module: libc.so.0, symbol: strcoll
  [130] inode: 8467, pc: 0x00012618, module: busybox
  [131] inode: 8467, pc: 0x0001260c, module: busybox
  [132] inode: 49158, pc: 0x0004af74, module: libc.so.0
  [133] inode: 8467, pc: 0x000125f0, module: busybox
  [134] inode: 8467, pc: 0x000125ac, module: busybox
  [135] inode: 8467, pc: 0x00012e8c, module: busybox
  [136] inode: 8467, pc: 0x00012768, module: busybox
  [137] inode: 49158, pc: 0x000498f0, module: libc.so.0, symbol: strcpy
  [138] inode: 8467, pc: 0x00012750, module: busybox
  [139] inode: 49158, pc: 0x000498f0, module: libc.so.0, symbol: strcpy
  [140] inode: 8467, pc: 0x00012740, module: busybox
  [141] inode: 8467, pc: 0x00012734, module: busybox
  [142] inode: 8467, pc: 0x0001272c, module: busybox
  [143] inode: 8467, pc: 0x00012718, module: busybox
  [144] inode: 8467, pc: 0x000126c0, module: busybox
  [145] inode: 49158, pc: 0x000498c0, module: libc.so.0, symbol: strcoll
  [146] inode: 8467, pc: 0x000126b0, module: busybox
  [147] inode: 8467, pc: 0x00012718, module: busybox
  [148] inode: 8467, pc: 0x000126c0, module: busybox
  [149] inode: 49158, pc: 0x000498c0, module: libc.so.0, symbol: strcoll
  [150] inode: 8467, pc: 0x000126b0, module: busybox
  [151] inode: 8467, pc: 0x00012718, module: busybox
  [152] inode: 8467, pc: 0x000126c0, module: busybox
  [153] inode: 49158, pc: 0x000498c0, module: libc.so.0, symbol: strcoll
  [154] inode: 8467, pc: 0x000126b0, module: busybox
  [155] inode: 8467, pc: 0x00012698, module: busybox
  [156] inode: 8467, pc: 0x00012650, module: busybox
  [157] inode: 49158, pc: 0x00048170, module: libc.so.0, symbol: calloc
  [158] inode: 8467, pc: 0x00012640, module: busybox
  [159] inode: 8467, pc: 0x0001262c, module: busybox
  [160] inode: 49158, pc: 0x000498c0, module: libc.so.0, symbol: strcoll
  [161] inode: 8467, pc: 0x00012618, module: busybox
  [162] inode: 8467, pc: 0x0001260c, module: busybox
  [163] inode: 49158, pc: 0x0004af74, module: libc.so.0
  [164] inode: 8467, pc: 0x000125f0, module: busybox
  [165] inode: 8467, pc: 0x000125ac, module: busybox
  [166] inode: 8467, pc: 0x00012e70, module: busybox
  [167] inode: 8467, pc: 0x00012768, module: busybox
  [168] inode: 49158, pc: 0x000498f0, module: libc.so.0, symbol: strcpy
  [169] inode: 8467, pc: 0x00012750, module: busybox
  [170] inode: 49158, pc: 0x000498f0, module: libc.so.0, symbol: strcpy
  [171] inode: 8467, pc: 0x00012740, module: busybox
  [172] inode: 8467, pc: 0x00012734, module: busybox
  [173] inode: 8467, pc: 0x0001272c, module: busybox
  [174] inode: 8467, pc: 0x00012718, module: busybox
  [175] inode: 8467, pc: 0x000126c0, module: busybox
  [176] inode: 49158, pc: 0x000498c0, module: libc.so.0, symbol: strcoll
  [177] inode: 8467, pc: 0x000126b0, module: busybox
  [178] inode: 8467, pc: 0x00012718, module: busybox
  [179] inode: 8467, pc: 0x000126c0, module: busybox
  [180] inode: 49158, pc: 0x000498c0, module: libc.so.0, symbol: strcoll
  [181] inode: 8467, pc: 0x000126b0, module: busybox
  [182] inode: 8467, pc: 0x00012698, module: busybox
  [183] inode: 8467, pc: 0x00012650, module: busybox
  [184] inode: 49158, pc: 0x00048170, module: libc.so.0, symbol: calloc
  [185] inode: 8467, pc: 0x00012640, module: busybox
  [186] inode: 8467, pc: 0x0001262c, module: busybox
  [187] inode: 49158, pc: 0x000498c0, module: libc.so.0, symbol: strcoll
  [188] inode: 8467, pc: 0x00012618, module: busybox
  [189] inode: 8467, pc: 0x0001260c, module: busybox
  [190] inode: 49158, pc: 0x0004af74, module: libc.so.0
  [191] inode: 8467, pc: 0x000125f0, module: busybox
  [192] inode: 8467, pc: 0x000125ac, module: busybox
  [193] inode: 8467, pc: 0x00012e54, module: busybox
  [194] inode: 8467, pc: 0x00012768, module: busybox
  [195] inode: 49158, pc: 0x000498f0, module: libc.so.0, symbol: strcpy
  [196] inode: 8467, pc: 0x00012750, module: busybox
  [197] inode: 49158, pc: 0x000498f0, module: libc.so.0, symbol: strcpy
  [198] inode: 8467, pc: 0x00012740, module: busybox
  [199] inode: 8467, pc: 0x00012734, module: busybox
  [200] inode: 8467, pc: 0x0001272c, module: busybox
  [201] inode: 8467, pc: 0x00012718, module: busybox
  [202] inode: 8467, pc: 0x000126c0, module: busybox
  [203] inode: 49158, pc: 0x000498c0, module: libc.so.0, symbol: strcoll
  [204] inode: 8467, pc: 0x000126b0, module: busybox
  [205] inode: 8467, pc: 0x00012698, module: busybox
  [206] inode: 8467, pc: 0x00012650, module: busybox
  [207] inode: 49158, pc: 0x00048170, module: libc.so.0, symbol: calloc
  [208] inode: 8467, pc: 0x00012640, module: busybox
  [209] inode: 8467, pc: 0x0001262c, module: busybox
  [210] inode: 49158, pc: 0x000498c0, module: libc.so.0, symbol: strcoll
  [211] inode: 8467, pc: 0x00012618, module: busybox
  [212] inode: 8467, pc: 0x0001260c, module: busybox
  [213] inode: 49158, pc: 0x0004af74, module: libc.so.0
  [214] inode: 8467, pc: 0x000125f0, module: busybox
  [215] inode: 8467, pc: 0x000125ac, module: busybox
  [216] inode: 8467, pc: 0x00012e38, module: busybox
  [217] inode: 8467, pc: 0x00012768, module: busybox
  [218] inode: 49158, pc: 0x000498f0, module: libc.so.0, symbol: strcpy
  [219] inode: 8467, pc: 0x00012750, module: busybox
  [220] inode: 49158, pc: 0x000498f0, module: libc.so.0, symbol: strcpy
  [221] inode: 8467, pc: 0x0001273c, module: busybox
  [222] inode: 8467, pc: 0x00012698, module: busybox
  [223] inode: 8467, pc: 0x00012650, module: busybox
  [224] inode: 49158, pc: 0x00048170, module: libc.so.0, symbol: calloc
  [225] inode: 8467, pc: 0x00012640, module: busybox
  [226] inode: 8467, pc: 0x0001262c, module: busybox
  [227] inode: 49158, pc: 0x000498c0, module: libc.so.0, symbol: strcoll
  [228] inode: 8467, pc: 0x00012618, module: busybox
  [229] inode: 8467, pc: 0x0001260c, module: busybox
  [230] inode: 49158, pc: 0x0004af74, module: libc.so.0
  [231] inode: 8467, pc: 0x000125f0, module: busybox
  [232] inode: 8467, pc: 0x000125ac, module: busybox
  [233] inode: 8467, pc: 0x00012e10, module: busybox
  [234] inode: 8467, pc: 0x00012de4, module: busybox
  [235] inode: 49158, pc: 0x000498c0, module: libc.so.0, symbol: strcoll
  [236] inode: 8467, pc: 0x00012dd0, module: busybox
  [237] inode: 8467, pc: 0x00012dc4, module: busybox
  [238] inode: 49158, pc: 0x000498c0, module: libc.so.0, symbol: strcoll
  [239] inode: 8467, pc: 0x00012db0, module: busybox
  [240] inode: 8467, pc: 0x00012da4, module: busybox
  [241] inode: 49158, pc: 0x000498c0, module: libc.so.0, symbol: strcoll
  [242] inode: 8467, pc: 0x00012d8c, module: busybox
  [243] inode: 8467, pc: 0x00012d84, module: busybox
  [244] inode: 8467, pc: 0x00012ca8, module: busybox
  [245] inode: 8467, pc: 0x00011408, module: busybox
  [246] inode: 8467, pc: 0x000113e4, module: busybox
  [247] inode: 8467, pc: 0x000113c0, module: busybox
  [248] inode: 8467, pc: 0x000113a8, module: busybox
  [249] inode: 8467, pc: 0x0001137c, module: busybox
  [250] inode: 49158, pc: 0x0004fb94, module: libc.so.0
  [251] inode: 8467, pc: 0x00011350, module: busybox
  [252] inode: 8467, pc: 0x00012c88, module: busybox
  [253] inode: 8467, pc: 0x0001126c, module: busybox
  [254] inode: 49158, pc: 0x0004b4b4, module: libc.so.0
  [255] inode: 8467, pc: 0x00011254, module: busybox
  [256] inode: 8467, pc: 0x0003d6dc, module: busybox
  [257] inode: 8467, pc: 0x0003d6a8, module: busybox
  [258] inode: 8467, pc: 0x0003d6d4, module: busybox
  [259] inode: 8467, pc: 0x0003d6c0, module: busybox
  [260] inode: 8467, pc: 0x00042bd8, module: busybox
  [261] inode: 8467, pc: 0x00042ba8, module: busybox
  [262] inode: 49158, pc: 0x00050374, module: libc.so.0
  [263] inode: 8467, pc: 0x00042b60, module: busybox, symbol: safe_write
  [264] inode: 8467, pc: 0x0003d6b0, module: busybox
  [265] inode: 8467, pc: 0x0003d670, module: busybox, symbol: bb_full_write
  [266] inode: 8467, pc: 0x00011240, module: busybox
  [267] inode: 8467, pc: 0x00011234, module: busybox
  [268] inode: 8467, pc: 0x0003d030, module: busybox
  [269] inode: 8467, pc: 0x0003d014, module: busybox
  [270] inode: 8467, pc: 0x0003d000, module: busybox
  [271] inode: 8467, pc: 0x0003cff0, module: busybox
  [272] inode: 49158, pc: 0x0004dd40, module: libc.so.0, symbol: open64
  [273] inode: 8467, pc: 0x0003cfa0, module: busybox, symbol: device_open
  [274] inode: 8467, pc: 0x00011220, module: busybox
  [275] inode: 8467, pc: 0x00011210, module: busybox
  [276] inode: 8467, pc: 0x0003d6dc, module: busybox
  [277] inode: 8467, pc: 0x0003d6a8, module: busybox
  [278] inode: 8467, pc: 0x0003d6d4, module: busybox
  [279] inode: 8467, pc: 0x0003d6c0, module: busybox
  [280] inode: 8467, pc: 0x00042bd8, module: busybox
  [281] inode: 8467, pc: 0x00042ba8, module: busybox
  [282] inode: 49158, pc: 0x00050374, module: libc.so.0
  [283] inode: 8467, pc: 0x00042b60, module: busybox, symbol: safe_write
  [284] inode: 8467, pc: 0x0003d6b0, module: busybox
  [285] inode: 8467, pc: 0x0003d670, module: busybox, symbol: bb_full_write
  [286] inode: 8467, pc: 0x00011200, module: busybox
  [287] inode: 8467, pc: 0x000111f0, module: busybox
  [288] inode: 8467, pc: 0x000111e0, module: busybox
  [289] inode: 49158, pc: 0x0004adec, module: libc.so.0
  [290] inode: 8467, pc: 0x000111cc, module: busybox
  [291] inode: 8467, pc: 0x00011198, module: busybox
  [292] inode: 8467, pc: 0x0003d030, module: busybox
  [293] inode: 8467, pc: 0x0003d014, module: busybox
  [294] inode: 8467, pc: 0x0003d000, module: busybox
  [295] inode: 8467, pc: 0x0003cff0, module: busybox
  [296] inode: 49158, pc: 0x0004dd40, module: libc.so.0, symbol: open64
  [297] inode: 8467, pc: 0x0003cfa0, module: busybox, symbol: device_open
  [298] inode: 8467, pc: 0x00011184, module: busybox
  [299] inode: 8467, pc: 0x00011160, module: busybox
Total Parent trace elements: 300

--- Parent PID 0 Trace ---
Total Parent trace elements: 0

Children: 148(sh) 150(sh) 152(sh) 154(sh) 156(sh) 158(sh) 160(sh) 162(sh) 164(sh) 166(sh) 168(sh) 172(sh) 174(sh) 176(sh) 178(sh) 180(sh) 182(sh) 659(sh) 661(sh) 663(sh) 665(sh) 672(sh) 674(sh) 676(sh) 680(sh) 684(sh) 686(sh) 688(sh) 690(sh) 696(sh) 700(sh) 705(sh) 707(sh) 715(sh) 717(sh) 719(sh) 725(sh) 729(sh) 731(sh) 735(sh) 737(sh) 739(sh) 743(sh) 747(sh) 749(sh) 753(sh) 755(sh) 759(sh) 763(sh) 765(sh) 767(sh) 771(sh) 775(sh) 779(sh) 781(sh) 785(sh) 789(sh) 791(sh) 794(sh) 799(sh) 813(sh) 814(sh) 816(sh) 3384(sh) 3392(sh) 3400(sh) 3410(sh) 3416(sh) 3418(sh) 3422(sh) 3424(sh) 3434(sh) 3437(sh) 3442(sh) 3449(sh) 3458(sh) 

