=== Trace for PID 182 ===
Process: upnp

--- Self PID 182 Trace ---
  [000] inode: 41035, pc: 0x00012adc, module: upnp
  [001] inode: 41035, pc: 0x000129d8, module: upnp
  [002] inode: 32827, pc: 0x00004050, module: libnvram_ioctl.so
  [003] inode: 41035, pc: 0x000129e8, module: upnp
  [004] inode: 41035, pc: 0x00012a00, module: upnp
  [005] inode: 41035, pc: 0x00012aa8, module: upnp
  [006] inode: 24579, pc: 0x0001ce80, module: libc.so.0, symbol: strcat
  [007] inode: 41035, pc: 0x00012ab8, module: upnp
  [008] inode: 41035, pc: 0x00012a1c, module: upnp
  [009] inode: 24579, pc: 0x00019590, module: libc.so.0, symbol: sprintf
  [010] inode: 41035, pc: 0x00012a40, module: upnp
  [011] inode: 24579, pc: 0x0001ce80, module: libc.so.0, symbol: strcat
  [012] inode: 41035, pc: 0x00012a60, module: upnp
  [013] inode: 41035, pc: 0x00012998, module: upnp
  [014] inode: 41035, pc: 0x00012acc, module: upnp
  [015] inode: 24579, pc: 0x00019590, module: libc.so.0, symbol: sprintf
  [016] inode: 41035, pc: 0x00012adc, module: upnp
  [017] inode: 41035, pc: 0x000129d8, module: upnp
  [018] inode: 32827, pc: 0x00004050, module: libnvram_ioctl.so
  [019] inode: 41035, pc: 0x000129e8, module: upnp
  [020] inode: 41035, pc: 0x000129f8, module: upnp
  [021] inode: 41035, pc: 0x00012aa8, module: upnp
  [022] inode: 24579, pc: 0x0001ce80, module: libc.so.0, symbol: strcat
  [023] inode: 41035, pc: 0x00012ab8, module: upnp
  [024] inode: 41035, pc: 0x00012a1c, module: upnp
  [025] inode: 24579, pc: 0x00019590, module: libc.so.0, symbol: sprintf
  [026] inode: 41035, pc: 0x00012a40, module: upnp
  [027] inode: 24579, pc: 0x0001ce80, module: libc.so.0, symbol: strcat
  [028] inode: 41035, pc: 0x00012a60, module: upnp
  [029] inode: 41035, pc: 0x00012998, module: upnp
  [030] inode: 41035, pc: 0x00012acc, module: upnp
  [031] inode: 24579, pc: 0x00019590, module: libc.so.0, symbol: sprintf
  [032] inode: 41035, pc: 0x00012adc, module: upnp
  [033] inode: 41035, pc: 0x000129d8, module: upnp
  [034] inode: 32827, pc: 0x00004050, module: libnvram_ioctl.so
  [035] inode: 41035, pc: 0x000129e8, module: upnp
  [036] inode: 41035, pc: 0x000129f8, module: upnp
  [037] inode: 41035, pc: 0x00012aa8, module: upnp
  [038] inode: 24579, pc: 0x0001ce80, module: libc.so.0, symbol: strcat
  [039] inode: 41035, pc: 0x00012ab8, module: upnp
  [040] inode: 41035, pc: 0x00012a1c, module: upnp
  [041] inode: 24579, pc: 0x00019590, module: libc.so.0, symbol: sprintf
  [042] inode: 41035, pc: 0x00012a40, module: upnp
  [043] inode: 24579, pc: 0x0001ce80, module: libc.so.0, symbol: strcat
  [044] inode: 41035, pc: 0x00012a60, module: upnp
  [045] inode: 41035, pc: 0x00012998, module: upnp
  [046] inode: 41035, pc: 0x00012acc, module: upnp
  [047] inode: 24579, pc: 0x00019590, module: libc.so.0, symbol: sprintf
  [048] inode: 41035, pc: 0x00012adc, module: upnp
  [049] inode: 41035, pc: 0x000129d8, module: upnp
  [050] inode: 32827, pc: 0x00004050, module: libnvram_ioctl.so
  [051] inode: 41035, pc: 0x000129e8, module: upnp
  [052] inode: 41035, pc: 0x00012a00, module: upnp
  [053] inode: 41035, pc: 0x00012aa8, module: upnp
  [054] inode: 24579, pc: 0x0001ce80, module: libc.so.0, symbol: strcat
  [055] inode: 41035, pc: 0x00012ab8, module: upnp
  [056] inode: 41035, pc: 0x00012a1c, module: upnp
  [057] inode: 24579, pc: 0x00019590, module: libc.so.0, symbol: sprintf
  [058] inode: 41035, pc: 0x00012a40, module: upnp
  [059] inode: 24579, pc: 0x0001ce80, module: libc.so.0, symbol: strcat
  [060] inode: 41035, pc: 0x00012a60, module: upnp
  [061] inode: 41035, pc: 0x00012998, module: upnp
  [062] inode: 41035, pc: 0x00012acc, module: upnp
  [063] inode: 24579, pc: 0x00019590, module: libc.so.0, symbol: sprintf
  [064] inode: 41035, pc: 0x00012adc, module: upnp
  [065] inode: 41035, pc: 0x000129d8, module: upnp
  [066] inode: 32827, pc: 0x00004050, module: libnvram_ioctl.so
  [067] inode: 41035, pc: 0x000129e8, module: upnp
  [068] inode: 41035, pc: 0x00012a00, module: upnp
  [069] inode: 41035, pc: 0x00012aa8, module: upnp
  [070] inode: 24579, pc: 0x0001ce80, module: libc.so.0, symbol: strcat
  [071] inode: 41035, pc: 0x00012ab8, module: upnp
  [072] inode: 41035, pc: 0x00012a1c, module: upnp
  [073] inode: 24579, pc: 0x000195c4, module: libc.so.0
  [074] inode: 41035, pc: 0x00012a40, module: upnp
  [075] inode: 24579, pc: 0x0001ce80, module: libc.so.0, symbol: strcat
  [076] inode: 41035, pc: 0x00012a60, module: upnp
  [077] inode: 41035, pc: 0x00012998, module: upnp
  [078] inode: 41035, pc: 0x00012acc, module: upnp
  [079] inode: 24579, pc: 0x00019590, module: libc.so.0, symbol: sprintf
  [080] inode: 41035, pc: 0x00012adc, module: upnp
  [081] inode: 41035, pc: 0x000129d8, module: upnp
  [082] inode: 32827, pc: 0x00004050, module: libnvram_ioctl.so
  [083] inode: 41035, pc: 0x000129e8, module: upnp
  [084] inode: 41035, pc: 0x00012a00, module: upnp
  [085] inode: 41035, pc: 0x00012aa8, module: upnp
  [086] inode: 24579, pc: 0x0001ce80, module: libc.so.0, symbol: strcat
  [087] inode: 41035, pc: 0x00012ab8, module: upnp
  [088] inode: 41035, pc: 0x00012a1c, module: upnp
  [089] inode: 24579, pc: 0x00019590, module: libc.so.0, symbol: sprintf
  [090] inode: 41035, pc: 0x00012a40, module: upnp
  [091] inode: 24579, pc: 0x0001ce80, module: libc.so.0, symbol: strcat
  [092] inode: 41035, pc: 0x00012a60, module: upnp
  [093] inode: 41035, pc: 0x00012998, module: upnp
  [094] inode: 41035, pc: 0x00012acc, module: upnp
  [095] inode: 24579, pc: 0x00019590, module: libc.so.0, symbol: sprintf
  [096] inode: 41035, pc: 0x00012adc, module: upnp
  [097] inode: 41035, pc: 0x000129d8, module: upnp
  [098] inode: 32827, pc: 0x00004050, module: libnvram_ioctl.so
  [099] inode: 41035, pc: 0x000129e8, module: upnp
  [100] inode: 41035, pc: 0x00012a00, module: upnp
  [101] inode: 41035, pc: 0x00012aa8, module: upnp
  [102] inode: 24579, pc: 0x0001ce80, module: libc.so.0, symbol: strcat
  [103] inode: 41035, pc: 0x00012ab8, module: upnp
  [104] inode: 41035, pc: 0x00012a1c, module: upnp
  [105] inode: 24579, pc: 0x00019590, module: libc.so.0, symbol: sprintf
  [106] inode: 41035, pc: 0x00012a40, module: upnp
  [107] inode: 24579, pc: 0x0001ce80, module: libc.so.0, symbol: strcat
  [108] inode: 41035, pc: 0x00012a60, module: upnp
  [109] inode: 41035, pc: 0x00012998, module: upnp
  [110] inode: 41035, pc: 0x00012acc, module: upnp
  [111] inode: 24579, pc: 0x00019590, module: libc.so.0, symbol: sprintf
  [112] inode: 41035, pc: 0x00012adc, module: upnp
  [113] inode: 41035, pc: 0x000129d8, module: upnp
  [114] inode: 32827, pc: 0x00004050, module: libnvram_ioctl.so
  [115] inode: 41035, pc: 0x000129e8, module: upnp
  [116] inode: 41035, pc: 0x00012a00, module: upnp
  [117] inode: 41035, pc: 0x00012aa8, module: upnp
  [118] inode: 24579, pc: 0x0001ce80, module: libc.so.0, symbol: strcat
  [119] inode: 41035, pc: 0x00012ab8, module: upnp
  [120] inode: 41035, pc: 0x00012a1c, module: upnp
  [121] inode: 24579, pc: 0x00019590, module: libc.so.0, symbol: sprintf
  [122] inode: 41035, pc: 0x00012a40, module: upnp
  [123] inode: 24579, pc: 0x0001ce80, module: libc.so.0, symbol: strcat
  [124] inode: 41035, pc: 0x00012a60, module: upnp
  [125] inode: 41035, pc: 0x00012998, module: upnp
  [126] inode: 41035, pc: 0x00012acc, module: upnp
  [127] inode: 24579, pc: 0x000195c4, module: libc.so.0
  [128] inode: 41035, pc: 0x00012adc, module: upnp
  [129] inode: 41035, pc: 0x000129d8, module: upnp
  [130] inode: 32827, pc: 0x00004050, module: libnvram_ioctl.so
  [131] inode: 41035, pc: 0x000129e8, module: upnp
  [132] inode: 41035, pc: 0x00012a00, module: upnp
  [133] inode: 41035, pc: 0x00012aa8, module: upnp
  [134] inode: 24579, pc: 0x0001ce80, module: libc.so.0, symbol: strcat
  [135] inode: 41035, pc: 0x00012ab8, module: upnp
  [136] inode: 41035, pc: 0x00012a1c, module: upnp
  [137] inode: 24579, pc: 0x00019590, module: libc.so.0, symbol: sprintf
  [138] inode: 41035, pc: 0x00012a40, module: upnp
  [139] inode: 24579, pc: 0x0001ce80, module: libc.so.0, symbol: strcat
  [140] inode: 41035, pc: 0x00012a60, module: upnp
  [141] inode: 41035, pc: 0x00012998, module: upnp
  [142] inode: 41035, pc: 0x00012acc, module: upnp
  [143] inode: 24579, pc: 0x00019590, module: libc.so.0, symbol: sprintf
  [144] inode: 41035, pc: 0x00012adc, module: upnp
  [145] inode: 41035, pc: 0x000129d8, module: upnp
  [146] inode: 32827, pc: 0x00004050, module: libnvram_ioctl.so
  [147] inode: 41035, pc: 0x000129e8, module: upnp
  [148] inode: 41035, pc: 0x000129f8, module: upnp
  [149] inode: 41035, pc: 0x00012aa8, module: upnp
  [150] inode: 24579, pc: 0x0001ce80, module: libc.so.0, symbol: strcat
  [151] inode: 41035, pc: 0x00012ab8, module: upnp
  [152] inode: 41035, pc: 0x00012a1c, module: upnp
  [153] inode: 24579, pc: 0x00019590, module: libc.so.0, symbol: sprintf
  [154] inode: 41035, pc: 0x00012a40, module: upnp
  [155] inode: 24579, pc: 0x0001ce80, module: libc.so.0, symbol: strcat
  [156] inode: 41035, pc: 0x00012a60, module: upnp
  [157] inode: 41035, pc: 0x00012998, module: upnp
  [158] inode: 41035, pc: 0x00012acc, module: upnp
  [159] inode: 24579, pc: 0x00019590, module: libc.so.0, symbol: sprintf
  [160] inode: 41035, pc: 0x00012adc, module: upnp
  [161] inode: 41035, pc: 0x000129d8, module: upnp
  [162] inode: 32827, pc: 0x00004050, module: libnvram_ioctl.so
  [163] inode: 41035, pc: 0x000129e8, module: upnp
  [164] inode: 41035, pc: 0x000129f8, module: upnp
  [165] inode: 41035, pc: 0x00012aa8, module: upnp
  [166] inode: 24579, pc: 0x0001ce80, module: libc.so.0, symbol: strcat
  [167] inode: 41035, pc: 0x00012ab8, module: upnp
  [168] inode: 41035, pc: 0x00012a1c, module: upnp
  [169] inode: 24579, pc: 0x00019590, module: libc.so.0, symbol: sprintf
  [170] inode: 41035, pc: 0x00012a40, module: upnp
  [171] inode: 24579, pc: 0x0001ce80, module: libc.so.0, symbol: strcat
  [172] inode: 41035, pc: 0x00012a60, module: upnp
  [173] inode: 41035, pc: 0x00012998, module: upnp
  [174] inode: 41035, pc: 0x00012acc, module: upnp
  [175] inode: 24579, pc: 0x00019590, module: libc.so.0, symbol: sprintf
  [176] inode: 41035, pc: 0x00012adc, module: upnp
  [177] inode: 41035, pc: 0x000129d8, module: upnp
  [178] inode: 32827, pc: 0x00004050, module: libnvram_ioctl.so
  [179] inode: 41035, pc: 0x000129e8, module: upnp
  [180] inode: 41035, pc: 0x000129f8, module: upnp
  [181] inode: 41035, pc: 0x00012aa8, module: upnp
  [182] inode: 24579, pc: 0x0001ce80, module: libc.so.0, symbol: strcat
  [183] inode: 41035, pc: 0x00012ab8, module: upnp
  [184] inode: 41035, pc: 0x00012a1c, module: upnp
  [185] inode: 24579, pc: 0x00019590, module: libc.so.0, symbol: sprintf
  [186] inode: 41035, pc: 0x00012a40, module: upnp
  [187] inode: 24579, pc: 0x0001ce80, module: libc.so.0, symbol: strcat
  [188] inode: 41035, pc: 0x00012a60, module: upnp
  [189] inode: 41035, pc: 0x00012998, module: upnp
  [190] inode: 41035, pc: 0x00012acc, module: upnp
  [191] inode: 24579, pc: 0x00019590, module: libc.so.0, symbol: sprintf
  [192] inode: 41035, pc: 0x00012adc, module: upnp
  [193] inode: 41035, pc: 0x000129d8, module: upnp
  [194] inode: 32827, pc: 0x00004050, module: libnvram_ioctl.so
  [195] inode: 41035, pc: 0x000129e8, module: upnp
  [196] inode: 41035, pc: 0x00012a00, module: upnp
  [197] inode: 41035, pc: 0x00012aa8, module: upnp
  [198] inode: 24579, pc: 0x0001ce80, module: libc.so.0, symbol: strcat
  [199] inode: 41035, pc: 0x00012ab8, module: upnp
  [200] inode: 41035, pc: 0x00012a1c, module: upnp
  [201] inode: 24579, pc: 0x00019590, module: libc.so.0, symbol: sprintf
  [202] inode: 41035, pc: 0x00012a40, module: upnp
  [203] inode: 24579, pc: 0x0001ce80, module: libc.so.0, symbol: strcat
  [204] inode: 41035, pc: 0x00012a60, module: upnp
  [205] inode: 41035, pc: 0x00012998, module: upnp
  [206] inode: 41035, pc: 0x00012acc, module: upnp
  [207] inode: 24579, pc: 0x00019590, module: libc.so.0, symbol: sprintf
  [208] inode: 41035, pc: 0x00012adc, module: upnp
  [209] inode: 41035, pc: 0x000129d8, module: upnp
  [210] inode: 32827, pc: 0x00004050, module: libnvram_ioctl.so
  [211] inode: 41035, pc: 0x000129e8, module: upnp
  [212] inode: 41035, pc: 0x000129f8, module: upnp
  [213] inode: 41035, pc: 0x00012aa8, module: upnp
  [214] inode: 24579, pc: 0x0001ce80, module: libc.so.0, symbol: strcat
  [215] inode: 41035, pc: 0x00012ab8, module: upnp
  [216] inode: 41035, pc: 0x00012a1c, module: upnp
  [217] inode: 24579, pc: 0x00019590, module: libc.so.0, symbol: sprintf
  [218] inode: 41035, pc: 0x00012a40, module: upnp
  [219] inode: 24579, pc: 0x0001ce80, module: libc.so.0, symbol: strcat
  [220] inode: 41035, pc: 0x00012a60, module: upnp
  [221] inode: 41035, pc: 0x00012998, module: upnp
  [222] inode: 41035, pc: 0x00012acc, module: upnp
  [223] inode: 24579, pc: 0x00019590, module: libc.so.0, symbol: sprintf
  [224] inode: 41035, pc: 0x00012adc, module: upnp
  [225] inode: 41035, pc: 0x000129d8, module: upnp
  [226] inode: 32827, pc: 0x00004050, module: libnvram_ioctl.so
  [227] inode: 41035, pc: 0x000129e8, module: upnp
  [228] inode: 41035, pc: 0x000129f8, module: upnp
  [229] inode: 41035, pc: 0x00012aa8, module: upnp
  [230] inode: 24579, pc: 0x0001ce80, module: libc.so.0, symbol: strcat
  [231] inode: 41035, pc: 0x00012ab8, module: upnp
  [232] inode: 41035, pc: 0x00012a1c, module: upnp
  [233] inode: 24579, pc: 0x00019590, module: libc.so.0, symbol: sprintf
  [234] inode: 41035, pc: 0x00012a40, module: upnp
  [235] inode: 24579, pc: 0x0001ce80, module: libc.so.0, symbol: strcat
  [236] inode: 41035, pc: 0x00012a60, module: upnp
  [237] inode: 41035, pc: 0x00012998, module: upnp
  [238] inode: 41035, pc: 0x00012acc, module: upnp
  [239] inode: 24579, pc: 0x00019590, module: libc.so.0, symbol: sprintf
  [240] inode: 41035, pc: 0x00012adc, module: upnp
  [241] inode: 41035, pc: 0x000129d8, module: upnp
  [242] inode: 32827, pc: 0x00004050, module: libnvram_ioctl.so
  [243] inode: 41035, pc: 0x000129e8, module: upnp
  [244] inode: 41035, pc: 0x00012a00, module: upnp
  [245] inode: 41035, pc: 0x00012aa8, module: upnp
  [246] inode: 24579, pc: 0x0001ce80, module: libc.so.0, symbol: strcat
  [247] inode: 41035, pc: 0x00012ab8, module: upnp
  [248] inode: 41035, pc: 0x00012a1c, module: upnp
  [249] inode: 24579, pc: 0x00019590, module: libc.so.0, symbol: sprintf
  [250] inode: 41035, pc: 0x00012a40, module: upnp
  [251] inode: 24579, pc: 0x0001ce80, module: libc.so.0, symbol: strcat
  [252] inode: 41035, pc: 0x00012a60, module: upnp
  [253] inode: 41035, pc: 0x00012998, module: upnp
  [254] inode: 41035, pc: 0x00012acc, module: upnp
  [255] inode: 24579, pc: 0x00019590, module: libc.so.0, symbol: sprintf
  [256] inode: 41035, pc: 0x00012adc, module: upnp
  [257] inode: 41035, pc: 0x000129d8, module: upnp
  [258] inode: 32827, pc: 0x00004050, module: libnvram_ioctl.so
  [259] inode: 41035, pc: 0x000129e8, module: upnp
  [260] inode: 41035, pc: 0x000129f8, module: upnp
  [261] inode: 41035, pc: 0x00012aa8, module: upnp
  [262] inode: 24579, pc: 0x0001ce80, module: libc.so.0, symbol: strcat
  [263] inode: 41035, pc: 0x00012ab8, module: upnp
  [264] inode: 41035, pc: 0x00012a1c, module: upnp
  [265] inode: 24579, pc: 0x00019590, module: libc.so.0, symbol: sprintf
  [266] inode: 41035, pc: 0x00012a40, module: upnp
  [267] inode: 24579, pc: 0x0001ce80, module: libc.so.0, symbol: strcat
  [268] inode: 41035, pc: 0x00012a60, module: upnp
  [269] inode: 41035, pc: 0x00012998, module: upnp
  [270] inode: 41035, pc: 0x00012acc, module: upnp
  [271] inode: 24579, pc: 0x00019590, module: libc.so.0, symbol: sprintf
  [272] inode: 41035, pc: 0x00012adc, module: upnp
  [273] inode: 41035, pc: 0x000129d8, module: upnp
  [274] inode: 32827, pc: 0x00004050, module: libnvram_ioctl.so
  [275] inode: 41035, pc: 0x000129e8, module: upnp
  [276] inode: 41035, pc: 0x00012a00, module: upnp
  [277] inode: 41035, pc: 0x00012aa8, module: upnp
  [278] inode: 24579, pc: 0x0001ce80, module: libc.so.0, symbol: strcat
  [279] inode: 41035, pc: 0x00012ab8, module: upnp
  [280] inode: 41035, pc: 0x00012a1c, module: upnp
  [281] inode: 24579, pc: 0x00019590, module: libc.so.0, symbol: sprintf
  [282] inode: 41035, pc: 0x00012a40, module: upnp
  [283] inode: 24579, pc: 0x0001ce80, module: libc.so.0, symbol: strcat
  [284] inode: 41035, pc: 0x00012a60, module: upnp
  [285] inode: 41035, pc: 0x00012998, module: upnp
  [286] inode: 41035, pc: 0x00012acc, module: upnp
  [287] inode: 24579, pc: 0x00019590, module: libc.so.0, symbol: sprintf
  [288] inode: 41035, pc: 0x00012adc, module: upnp
  [289] inode: 41035, pc: 0x000129d8, module: upnp
  [290] inode: 32827, pc: 0x00004050, module: libnvram_ioctl.so
  [291] inode: 41035, pc: 0x000129e8, module: upnp
  [292] inode: 41035, pc: 0x00012a00, module: upnp
  [293] inode: 41035, pc: 0x00012aa8, module: upnp
  [294] inode: 24579, pc: 0x0001ce80, module: libc.so.0, symbol: strcat
  [295] inode: 41035, pc: 0x00012ab8, module: upnp
  [296] inode: 41035, pc: 0x00012a1c, module: upnp
  [297] inode: 24579, pc: 0x00019590, module: libc.so.0, symbol: sprintf
  [298] inode: 41035, pc: 0x00012a40, module: upnp
  [299] inode: 24579, pc: 0x0001ce80, module: libc.so.0, symbol: strcat
Total Self trace elements: 300

--- Parent PID 181 Trace ---
  [000] inode: 24579, pc: 0x000285a8, module: libc.so.0
Total Parent trace elements: 1

--- Parent PID 180 Trace ---
  [000] inode: 24578, pc: 0x00000a30, module: ld-uClibc.so.0
  [001] inode: 41035, pc: 0x00003810, module: upnp
  [002] inode: 41035, pc: 0x0000383c, module: upnp
  [003] inode: 41035, pc: 0x00003790, module: upnp, symbol: __uClibc_start_main
  [004] inode: 24578, pc: 0x000009a0, module: ld-uClibc.so.0, symbol: _dl_linux_resolve
  [005] inode: 41035, pc: 0x00003188, module: upnp
  [006] inode: 41035, pc: 0x000031f0, module: upnp
  [007] inode: 41035, pc: 0x0001f250, module: upnp
  [008] inode: 41035, pc: 0x0001f2d8, module: upnp
  [009] inode: 24579, pc: 0x00006870, module: libc.so.0
  [010] inode: 41035, pc: 0x000120fc, module: upnp
  [011] inode: 41035, pc: 0x00003620, module: upnp, symbol: fopen
  [012] inode: 24578, pc: 0x000009a0, module: ld-uClibc.so.0, symbol: _dl_linux_resolve
  [013] inode: 41035, pc: 0x00012158, module: upnp
  [014] inode: 41035, pc: 0x00012208, module: upnp
  [015] inode: 24579, pc: 0x00015bc0, module: libc.so.0, symbol: fopen
  [016] inode: 41035, pc: 0x00012224, module: upnp
  [017] inode: 41035, pc: 0x00012244, module: upnp
  [018] inode: 41035, pc: 0x00003320, module: upnp, symbol: getpid
  [019] inode: 24578, pc: 0x000009d8, module: ld-uClibc.so.0, symbol: _dl_linux_resolve
  [020] inode: 41035, pc: 0x00012258, module: upnp
  [021] inode: 41035, pc: 0x000034b0, module: upnp, symbol: fprintf
  [022] inode: 24578, pc: 0x000009a0, module: ld-uClibc.so.0, symbol: _dl_linux_resolve
  [023] inode: 41035, pc: 0x00012290, module: upnp
  [024] inode: 41035, pc: 0x00003650, module: upnp, symbol: fclose
  [025] inode: 24578, pc: 0x000009d8, module: ld-uClibc.so.0, symbol: _dl_linux_resolve
  [026] inode: 41035, pc: 0x000122a0, module: upnp
  [027] inode: 41035, pc: 0x00003630, module: upnp, symbol: nvram_get
  [028] inode: 24578, pc: 0x000009a0, module: ld-uClibc.so.0, symbol: _dl_linux_resolve
  [029] inode: 41035, pc: 0x000122c8, module: upnp
  [030] inode: 41035, pc: 0x000122e8, module: upnp
  [031] inode: 41035, pc: 0x0001230c, module: upnp
  [032] inode: 41035, pc: 0x000035a0, module: upnp, symbol: strcasecmp
  [033] inode: 24578, pc: 0x000009d8, module: ld-uClibc.so.0, symbol: _dl_linux_resolve
  [034] inode: 41035, pc: 0x00012328, module: upnp
  [035] inode: 41035, pc: 0x000125e0, module: upnp
  [036] inode: 24579, pc: 0x0001cca0, module: libc.so.0, symbol: strcasecmp
  [037] inode: 41035, pc: 0x000125f4, module: upnp
  [038] inode: 41035, pc: 0x00012604, module: upnp
  [039] inode: 41035, pc: 0x00012354, module: upnp
  [040] inode: 41035, pc: 0x00012368, module: upnp
  [041] inode: 41035, pc: 0x00003240, module: upnp, symbol: init_event_queue
  [042] inode: 24578, pc: 0x000009a0, module: ld-uClibc.so.0, symbol: _dl_linux_resolve
  [043] inode: 41035, pc: 0x00012388, module: upnp
  [044] inode: 41035, pc: 0x00003250, module: upnp, symbol: strcpy
  [045] inode: 24578, pc: 0x000009d8, module: ld-uClibc.so.0, symbol: _dl_linux_resolve
  [046] inode: 41035, pc: 0x000123a4, module: upnp
  [047] inode: 41035, pc: 0x000123b0, module: upnp
  [048] inode: 41035, pc: 0x00012518, module: upnp
  [049] inode: 41035, pc: 0x00003770, module: upnp, symbol: daemon
  [050] inode: 24578, pc: 0x000009a0, module: ld-uClibc.so.0, symbol: _dl_linux_resolve
Total Parent trace elements: 51

--- Parent PID 56 Trace ---
  [000] inode: 32802, pc: 0x0000ed9c, module: rc
  [001] inode: 32802, pc: 0x0000edac, module: rc
  [002] inode: 24579, pc: 0x0001cc60, module: libc.so.0, symbol: memset
  [003] inode: 32802, pc: 0x0000edd0, module: rc
  [004] inode: 32802, pc: 0x0000ede0, module: rc
  [005] inode: 24579, pc: 0x0001df30, module: libc.so.0, symbol: inet_aton
  [006] inode: 32802, pc: 0x0000edf8, module: rc
  [007] inode: 32802, pc: 0x0000ee08, module: rc
  [008] inode: 24579, pc: 0x0001df30, module: libc.so.0, symbol: inet_aton
  [009] inode: 32802, pc: 0x0000ee20, module: rc
  [010] inode: 32802, pc: 0x0000ee30, module: rc
  [011] inode: 24579, pc: 0x0001df30, module: libc.so.0, symbol: inet_aton
  [012] inode: 32802, pc: 0x0000ee48, module: rc
  [013] inode: 32802, pc: 0x0000ee74, module: rc
  [014] inode: 32802, pc: 0x0000ee84, module: rc
  [015] inode: 24579, pc: 0x00029a24, module: libc.so.0, symbol: ioctl
  [016] inode: 32802, pc: 0x0000eeb8, module: rc
  [017] inode: 32802, pc: 0x0000ef1c, module: rc
  [018] inode: 24579, pc: 0x00028810, module: libc.so.0
  [019] inode: 32802, pc: 0x0000ef30, module: rc
  [020] inode: 24579, pc: 0x00015c20, module: libc.so.0, symbol: perror
  [021] inode: 32802, pc: 0x0000ef4c, module: rc
  [022] inode: 24579, pc: 0x00006960, module: libc.so.0, symbol: __errno_location
  [023] inode: 32802, pc: 0x0000ef68, module: rc
  [024] inode: 32802, pc: 0x0000eee8, module: rc
  [025] inode: 32802, pc: 0x0000eff8, module: rc
  [026] inode: 32802, pc: 0x0000f000, module: rc
  [027] inode: 32802, pc: 0x00014bdc, module: rc
  [028] inode: 32802, pc: 0x00014bf0, module: rc
  [029] inode: 32802, pc: 0x00014bfc, module: rc
  [030] inode: 32827, pc: 0x00004050, module: libnvram_ioctl.so
  [031] inode: 32802, pc: 0x00014c1c, module: rc
  [032] inode: 32802, pc: 0x00014c34, module: rc
  [033] inode: 24579, pc: 0x0001cf30, module: libc.so.0, symbol: strcoll
  [034] inode: 32802, pc: 0x00014c50, module: rc
  [035] inode: 32802, pc: 0x00014c68, module: rc
  [036] inode: 32802, pc: 0x00014bbc, module: rc
  [037] inode: 32802, pc: 0x0000ef9c, module: rc, symbol: route_add
  [038] inode: 32802, pc: 0x0000ec74, module: rc
  [039] inode: 24579, pc: 0x00015bc0, module: libc.so.0, symbol: fopen
  [040] inode: 32802, pc: 0x0000ecf0, module: rc
  [041] inode: 32802, pc: 0x0000ed00, module: rc
  [042] inode: 32802, pc: 0x0000ed2c, module: rc
  [043] inode: 24579, pc: 0x00019460, module: libc.so.0, symbol: fprintf
  [044] inode: 32802, pc: 0x0000ed5c, module: rc
  [045] inode: 24579, pc: 0x00015570, module: libc.so.0, symbol: fclose
  [046] inode: 32802, pc: 0x0000ed78, module: rc
  [047] inode: 24579, pc: 0x0001f774, module: libc.so.0
  [048] inode: 32802, pc: 0x0000ed9c, module: rc
  [049] inode: 32802, pc: 0x0000edac, module: rc
  [050] inode: 24579, pc: 0x0001cc60, module: libc.so.0, symbol: memset
  [051] inode: 32802, pc: 0x0000edd0, module: rc
  [052] inode: 32802, pc: 0x0000ede0, module: rc
  [053] inode: 24579, pc: 0x0001df30, module: libc.so.0, symbol: inet_aton
  [054] inode: 32802, pc: 0x0000edf8, module: rc
  [055] inode: 32802, pc: 0x0000ee08, module: rc
  [056] inode: 24579, pc: 0x0001df30, module: libc.so.0, symbol: inet_aton
  [057] inode: 32802, pc: 0x0000ee20, module: rc
  [058] inode: 32802, pc: 0x0000ee30, module: rc
  [059] inode: 24579, pc: 0x0001df30, module: libc.so.0, symbol: inet_aton
  [060] inode: 32802, pc: 0x0000ee48, module: rc
  [061] inode: 32802, pc: 0x0000ee74, module: rc
  [062] inode: 32802, pc: 0x0000ee84, module: rc
  [063] inode: 24579, pc: 0x00029a24, module: libc.so.0, symbol: ioctl
  [064] inode: 32802, pc: 0x0000eeb8, module: rc
  [065] inode: 32802, pc: 0x0000ef1c, module: rc
  [066] inode: 24579, pc: 0x00028810, module: libc.so.0
  [067] inode: 32802, pc: 0x0000ef30, module: rc
  [068] inode: 24579, pc: 0x00015c20, module: libc.so.0, symbol: perror
  [069] inode: 32802, pc: 0x0000ef4c, module: rc
  [070] inode: 24579, pc: 0x00006960, module: libc.so.0, symbol: __errno_location
  [071] inode: 32802, pc: 0x0000ef68, module: rc
  [072] inode: 32802, pc: 0x0000eee8, module: rc
  [073] inode: 32802, pc: 0x0000eff8, module: rc
  [074] inode: 32802, pc: 0x0000f000, module: rc
  [075] inode: 32802, pc: 0x00014bdc, module: rc
  [076] inode: 32802, pc: 0x00014bf0, module: rc
  [077] inode: 32802, pc: 0x00014bfc, module: rc
  [078] inode: 32827, pc: 0x00004050, module: libnvram_ioctl.so
  [079] inode: 32802, pc: 0x00014c1c, module: rc
  [080] inode: 32802, pc: 0x00014c34, module: rc
  [081] inode: 24579, pc: 0x0001cf30, module: libc.so.0, symbol: strcoll
  [082] inode: 32802, pc: 0x00014c50, module: rc
  [083] inode: 32802, pc: 0x00014c68, module: rc
  [084] inode: 32802, pc: 0x00014bbc, module: rc
  [085] inode: 32802, pc: 0x0000ef9c, module: rc, symbol: route_add
  [086] inode: 32802, pc: 0x0000ec74, module: rc
  [087] inode: 24579, pc: 0x00015bc0, module: libc.so.0, symbol: fopen
  [088] inode: 32802, pc: 0x0000ecf0, module: rc
  [089] inode: 32802, pc: 0x0000ed00, module: rc
  [090] inode: 32802, pc: 0x0000ed2c, module: rc
  [091] inode: 24579, pc: 0x00019460, module: libc.so.0, symbol: fprintf
  [092] inode: 32802, pc: 0x0000ed5c, module: rc
  [093] inode: 24579, pc: 0x00015570, module: libc.so.0, symbol: fclose
  [094] inode: 32802, pc: 0x0000ed78, module: rc
  [095] inode: 24579, pc: 0x0001f774, module: libc.so.0
  [096] inode: 32802, pc: 0x0000ed9c, module: rc
  [097] inode: 32802, pc: 0x0000edac, module: rc
  [098] inode: 24579, pc: 0x0001cc60, module: libc.so.0, symbol: memset
  [099] inode: 32802, pc: 0x0000edd0, module: rc
  [100] inode: 32802, pc: 0x0000ede0, module: rc
  [101] inode: 24579, pc: 0x0001df30, module: libc.so.0, symbol: inet_aton
  [102] inode: 32802, pc: 0x0000edf8, module: rc
  [103] inode: 32802, pc: 0x0000ee08, module: rc
  [104] inode: 24579, pc: 0x0001df30, module: libc.so.0, symbol: inet_aton
  [105] inode: 32802, pc: 0x0000ee20, module: rc
  [106] inode: 32802, pc: 0x0000ee30, module: rc
  [107] inode: 24579, pc: 0x0001df30, module: libc.so.0, symbol: inet_aton
  [108] inode: 32802, pc: 0x0000ee48, module: rc
  [109] inode: 32802, pc: 0x0000ee74, module: rc
  [110] inode: 32802, pc: 0x0000ee84, module: rc
  [111] inode: 24579, pc: 0x00029a24, module: libc.so.0, symbol: ioctl
  [112] inode: 32802, pc: 0x0000eeb8, module: rc
  [113] inode: 32802, pc: 0x0000ef1c, module: rc
  [114] inode: 24579, pc: 0x00028810, module: libc.so.0
  [115] inode: 32802, pc: 0x0000ef30, module: rc
  [116] inode: 24579, pc: 0x00015c20, module: libc.so.0, symbol: perror
  [117] inode: 32802, pc: 0x0000ef4c, module: rc
  [118] inode: 24579, pc: 0x00006960, module: libc.so.0, symbol: __errno_location
  [119] inode: 32802, pc: 0x0000ef68, module: rc
  [120] inode: 32802, pc: 0x0000eee8, module: rc
  [121] inode: 32802, pc: 0x0000eff8, module: rc
  [122] inode: 32802, pc: 0x0000f000, module: rc
  [123] inode: 32802, pc: 0x00014bdc, module: rc
  [124] inode: 32802, pc: 0x00014bf0, module: rc
  [125] inode: 32802, pc: 0x00014bfc, module: rc
  [126] inode: 32827, pc: 0x00004050, module: libnvram_ioctl.so
  [127] inode: 32802, pc: 0x00014c1c, module: rc
  [128] inode: 32802, pc: 0x00014c34, module: rc
  [129] inode: 24579, pc: 0x0001cf30, module: libc.so.0, symbol: strcoll
  [130] inode: 32802, pc: 0x00014c50, module: rc
  [131] inode: 32802, pc: 0x00014c68, module: rc
  [132] inode: 32802, pc: 0x00014bbc, module: rc
  [133] inode: 32802, pc: 0x0000ef9c, module: rc, symbol: route_add
  [134] inode: 32802, pc: 0x0000ec74, module: rc
  [135] inode: 24579, pc: 0x00015bc0, module: libc.so.0, symbol: fopen
  [136] inode: 32802, pc: 0x0000ecf0, module: rc
  [137] inode: 32802, pc: 0x0000ed00, module: rc
  [138] inode: 32802, pc: 0x0000ed2c, module: rc
  [139] inode: 24579, pc: 0x00019460, module: libc.so.0, symbol: fprintf
  [140] inode: 32802, pc: 0x0000ed5c, module: rc
  [141] inode: 24579, pc: 0x00015570, module: libc.so.0, symbol: fclose
  [142] inode: 32802, pc: 0x0000ed78, module: rc
  [143] inode: 24579, pc: 0x0001f774, module: libc.so.0
  [144] inode: 32802, pc: 0x0000ed9c, module: rc
  [145] inode: 32802, pc: 0x0000edac, module: rc
  [146] inode: 24579, pc: 0x0001cc60, module: libc.so.0, symbol: memset
  [147] inode: 32802, pc: 0x0000edd0, module: rc
  [148] inode: 32802, pc: 0x0000ede0, module: rc
  [149] inode: 24579, pc: 0x0001df30, module: libc.so.0, symbol: inet_aton
  [150] inode: 32802, pc: 0x0000edf8, module: rc
  [151] inode: 32802, pc: 0x0000ee08, module: rc
  [152] inode: 24579, pc: 0x0001df30, module: libc.so.0, symbol: inet_aton
  [153] inode: 32802, pc: 0x0000ee20, module: rc
  [154] inode: 32802, pc: 0x0000ee30, module: rc
  [155] inode: 24579, pc: 0x0001df30, module: libc.so.0, symbol: inet_aton
  [156] inode: 32802, pc: 0x0000ee48, module: rc
  [157] inode: 32802, pc: 0x0000ee74, module: rc
  [158] inode: 32802, pc: 0x0000ee84, module: rc
  [159] inode: 24579, pc: 0x00029a24, module: libc.so.0, symbol: ioctl
  [160] inode: 32802, pc: 0x0000eeb8, module: rc
  [161] inode: 32802, pc: 0x0000ef1c, module: rc
  [162] inode: 24579, pc: 0x00028810, module: libc.so.0
  [163] inode: 32802, pc: 0x0000ef30, module: rc
  [164] inode: 24579, pc: 0x00015c20, module: libc.so.0, symbol: perror
  [165] inode: 32802, pc: 0x0000ef4c, module: rc
  [166] inode: 24579, pc: 0x00006960, module: libc.so.0, symbol: __errno_location
  [167] inode: 32802, pc: 0x0000ef68, module: rc
  [168] inode: 32802, pc: 0x0000eee8, module: rc
  [169] inode: 32802, pc: 0x0000eff8, module: rc
  [170] inode: 32802, pc: 0x0000f000, module: rc
  [171] inode: 32802, pc: 0x00014bdc, module: rc
  [172] inode: 32802, pc: 0x00014bf0, module: rc
  [173] inode: 32802, pc: 0x00014bfc, module: rc
  [174] inode: 32827, pc: 0x00004050, module: libnvram_ioctl.so
  [175] inode: 32802, pc: 0x00014c1c, module: rc
  [176] inode: 32802, pc: 0x00014c34, module: rc
  [177] inode: 24579, pc: 0x0001cf30, module: libc.so.0, symbol: strcoll
  [178] inode: 32802, pc: 0x00014c50, module: rc
  [179] inode: 32802, pc: 0x00014c68, module: rc
  [180] inode: 32802, pc: 0x00014bbc, module: rc
  [181] inode: 32802, pc: 0x0000ef9c, module: rc, symbol: route_add
  [182] inode: 32802, pc: 0x0000ec74, module: rc
  [183] inode: 24579, pc: 0x00015bc0, module: libc.so.0, symbol: fopen
  [184] inode: 32802, pc: 0x0000ecf0, module: rc
  [185] inode: 32802, pc: 0x0000ed00, module: rc
  [186] inode: 32802, pc: 0x0000ed2c, module: rc
  [187] inode: 24579, pc: 0x00019460, module: libc.so.0, symbol: fprintf
  [188] inode: 32802, pc: 0x0000ed5c, module: rc
  [189] inode: 24579, pc: 0x00015570, module: libc.so.0, symbol: fclose
  [190] inode: 32802, pc: 0x0000ed78, module: rc
  [191] inode: 24579, pc: 0x0001f774, module: libc.so.0
  [192] inode: 32802, pc: 0x0000ed9c, module: rc
  [193] inode: 32802, pc: 0x0000edac, module: rc
  [194] inode: 24579, pc: 0x0001cc60, module: libc.so.0, symbol: memset
  [195] inode: 32802, pc: 0x0000edd0, module: rc
  [196] inode: 32802, pc: 0x0000ede0, module: rc
  [197] inode: 24579, pc: 0x0001df30, module: libc.so.0, symbol: inet_aton
  [198] inode: 32802, pc: 0x0000edf8, module: rc
  [199] inode: 32802, pc: 0x0000ee08, module: rc
  [200] inode: 24579, pc: 0x0001df30, module: libc.so.0, symbol: inet_aton
  [201] inode: 32802, pc: 0x0000ee20, module: rc
  [202] inode: 32802, pc: 0x0000ee30, module: rc
  [203] inode: 24579, pc: 0x0001df30, module: libc.so.0, symbol: inet_aton
  [204] inode: 32802, pc: 0x0000ee48, module: rc
  [205] inode: 32802, pc: 0x0000ee74, module: rc
  [206] inode: 32802, pc: 0x0000ee84, module: rc
  [207] inode: 24579, pc: 0x00029a24, module: libc.so.0, symbol: ioctl
  [208] inode: 32802, pc: 0x0000eeb8, module: rc
  [209] inode: 32802, pc: 0x0000ef1c, module: rc
  [210] inode: 24579, pc: 0x00028810, module: libc.so.0
  [211] inode: 32802, pc: 0x0000ef30, module: rc
  [212] inode: 24579, pc: 0x00015c20, module: libc.so.0, symbol: perror
  [213] inode: 32802, pc: 0x0000ef4c, module: rc
  [214] inode: 24579, pc: 0x00006960, module: libc.so.0, symbol: __errno_location
  [215] inode: 32802, pc: 0x0000ef68, module: rc
  [216] inode: 32802, pc: 0x0000eee8, module: rc
  [217] inode: 32802, pc: 0x0000eff8, module: rc
  [218] inode: 32802, pc: 0x0000f000, module: rc
  [219] inode: 32802, pc: 0x00014bdc, module: rc
  [220] inode: 32802, pc: 0x00014bf0, module: rc
  [221] inode: 32802, pc: 0x00014d34, module: rc
  [222] inode: 32802, pc: 0x00004310, module: rc, symbol: dns_to_resolv
  [223] inode: 41008, pc: 0x0000f3d0, module: libshared.so
  [224] inode: 32802, pc: 0x0000e848, module: rc
  [225] inode: 24579, pc: 0x00027624, module: libc.so.0
  [226] inode: 32802, pc: 0x0000e858, module: rc
  [227] inode: 32802, pc: 0x0000e86c, module: rc
  [228] inode: 24579, pc: 0x0002b040, module: libc.so.0
  [229] inode: 32802, pc: 0x00014d44, module: rc
  [230] inode: 32802, pc: 0x0001af40, module: rc
  [231] inode: 41008, pc: 0x00007698, module: libshared.so
  [232] inode: 32802, pc: 0x0000e848, module: rc
  [233] inode: 24579, pc: 0x00027624, module: libc.so.0
  [234] inode: 32802, pc: 0x0000e858, module: rc
  [235] inode: 32802, pc: 0x0000e86c, module: rc
  [236] inode: 24579, pc: 0x0002b040, module: libc.so.0
  [237] inode: 32802, pc: 0x0001af84, module: rc
  [238] inode: 32802, pc: 0x00014d60, module: rc
  [239] inode: 32802, pc: 0x0001ac70, module: rc
  [240] inode: 41008, pc: 0x00013744, module: libshared.so
  [241] inode: 32802, pc: 0x0001aca4, module: rc
  [242] inode: 32802, pc: 0x0001ad6c, module: rc
  [243] inode: 32827, pc: 0x00004050, module: libnvram_ioctl.so
  [244] inode: 32802, pc: 0x0001adc8, module: rc
  [245] inode: 32802, pc: 0x0001ae08, module: rc
  [246] inode: 32802, pc: 0x0001ae3c, module: rc
  [247] inode: 32802, pc: 0x0001ae6c, module: rc
  [248] inode: 41008, pc: 0x00007698, module: libshared.so
  [249] inode: 32802, pc: 0x0000e848, module: rc
  [250] inode: 24579, pc: 0x00027624, module: libc.so.0
  [251] inode: 32802, pc: 0x0000e858, module: rc
  [252] inode: 32802, pc: 0x0000e86c, module: rc
  [253] inode: 24579, pc: 0x0002b040, module: libc.so.0
  [254] inode: 32802, pc: 0x0001aeb0, module: rc
  [255] inode: 32802, pc: 0x00014d7c, module: rc
  [256] inode: 32802, pc: 0x000275c0, module: rc
  [257] inode: 41008, pc: 0x00007698, module: libshared.so
  [258] inode: 32802, pc: 0x0000e848, module: rc
  [259] inode: 24579, pc: 0x00027624, module: libc.so.0
  [260] inode: 32802, pc: 0x0000e858, module: rc
  [261] inode: 32802, pc: 0x0000e86c, module: rc
  [262] inode: 24579, pc: 0x0002b040, module: libc.so.0
  [263] inode: 32802, pc: 0x00027604, module: rc
  [264] inode: 32802, pc: 0x00014d98, module: rc
  [265] inode: 32802, pc: 0x000272d0, module: rc
  [266] inode: 32827, pc: 0x00004050, module: libnvram_ioctl.so
  [267] inode: 32802, pc: 0x000272f4, module: rc
  [268] inode: 32802, pc: 0x00027308, module: rc
  [269] inode: 24579, pc: 0x0001cf40, module: libc.so.0
  [270] inode: 32802, pc: 0x0002731c, module: rc
  [271] inode: 32802, pc: 0x00027330, module: rc
  [272] inode: 32802, pc: 0x00027370, module: rc
  [273] inode: 24579, pc: 0x0001cc60, module: libc.so.0, symbol: memset
  [274] inode: 32802, pc: 0x00027380, module: rc
  [275] inode: 32827, pc: 0x00004050, module: libnvram_ioctl.so
  [276] inode: 32802, pc: 0x000273bc, module: rc
  [277] inode: 24579, pc: 0x0001d340, module: libc.so.0, symbol: strncpy
  [278] inode: 32802, pc: 0x000273cc, module: rc
  [279] inode: 24579, pc: 0x00019590, module: libc.so.0, symbol: sprintf
  [280] inode: 32802, pc: 0x000273fc, module: rc
  [281] inode: 24579, pc: 0x000253b0, module: libc.so.0, symbol: system
  [282] inode: 32802, pc: 0x0002742c, module: rc
  [283] inode: 24579, pc: 0x0001cc60, module: libc.so.0, symbol: memset
  [284] inode: 32802, pc: 0x0002743c, module: rc
  [285] inode: 32827, pc: 0x00004050, module: libnvram_ioctl.so
  [286] inode: 32802, pc: 0x00027470, module: rc
  [287] inode: 24579, pc: 0x00019590, module: libc.so.0, symbol: sprintf
  [288] inode: 32802, pc: 0x00027490, module: rc
  [289] inode: 24579, pc: 0x000253b0, module: libc.so.0, symbol: system
  [290] inode: 32802, pc: 0x000274c0, module: rc
  [291] inode: 24579, pc: 0x0001cc60, module: libc.so.0, symbol: memset
  [292] inode: 32802, pc: 0x000274d0, module: rc
  [293] inode: 24579, pc: 0x0001cc60, module: libc.so.0, symbol: memset
  [294] inode: 32802, pc: 0x000274f4, module: rc
  [295] inode: 32827, pc: 0x00004050, module: libnvram_ioctl.so
  [296] inode: 32802, pc: 0x00027528, module: rc
  [297] inode: 24579, pc: 0x00019590, module: libc.so.0, symbol: sprintf
  [298] inode: 32802, pc: 0x00027548, module: rc
  [299] inode: 24579, pc: 0x0002c4c0, module: libc.so.0, symbol: sleep
Total Parent trace elements: 300

--- Parent PID 1 Trace ---
  [000] inode: 32803, pc: 0x000acf5c, module: busybox
  [001] inode: 32803, pc: 0x000ace70, module: busybox
  [002] inode: 32803, pc: 0x000ace78, module: busybox
  [003] inode: 32803, pc: 0x000ace88, module: busybox
  [004] inode: 32803, pc: 0x000acebc, module: busybox
  [005] inode: 32803, pc: 0x000acf00, module: busybox
  [006] inode: 32803, pc: 0x000acf14, module: busybox
  [007] inode: 32803, pc: 0x000acf5c, module: busybox
  [008] inode: 32803, pc: 0x000ace70, module: busybox
  [009] inode: 32803, pc: 0x000acf68, module: busybox
  [010] inode: 32803, pc: 0x000acf90, module: busybox
  [011] inode: 32803, pc: 0x000a98c8, module: busybox
  [012] inode: 32803, pc: 0x000a9920, module: busybox
  [013] inode: 32803, pc: 0x000acfac, module: busybox
  [014] inode: 32803, pc: 0x000acfe8, module: busybox
  [015] inode: 32803, pc: 0x000ad000, module: busybox
  [016] inode: 32803, pc: 0x000ad258, module: busybox
  [017] inode: 32803, pc: 0x000ad240, module: busybox
  [018] inode: 32803, pc: 0x000ad250, module: busybox
  [019] inode: 32803, pc: 0x000accf8, module: busybox
  [020] inode: 32803, pc: 0x000ace2c, module: busybox
  [021] inode: 32803, pc: 0x000ace40, module: busybox
  [022] inode: 32803, pc: 0x00010310, module: busybox
  [023] inode: 32803, pc: 0x00024b5c, module: busybox
  [024] inode: 32803, pc: 0x00024b40, module: busybox
  [025] inode: 32803, pc: 0x000a97cc, module: busybox
  [026] inode: 32803, pc: 0x000a9814, module: busybox
  [027] inode: 32803, pc: 0x000a9828, module: busybox
  [028] inode: 32803, pc: 0x000a9860, module: busybox
  [029] inode: 32803, pc: 0x0000356c, module: busybox
  [030] inode: 32803, pc: 0x00003578, module: busybox
  [031] inode: 32803, pc: 0x0001034c, module: busybox
  [032] inode: 32803, pc: 0x00003580, module: busybox
  [033] inode: 32803, pc: 0x000035a8, module: busybox
  [034] inode: 32803, pc: 0x000ace50, module: busybox
  [035] inode: 32803, pc: 0x000ace5c, module: busybox
  [036] inode: 32803, pc: 0x000ace78, module: busybox
  [037] inode: 32803, pc: 0x000ace88, module: busybox
  [038] inode: 32803, pc: 0x000acebc, module: busybox
  [039] inode: 32803, pc: 0x000acf00, module: busybox
  [040] inode: 32803, pc: 0x000acf14, module: busybox
  [041] inode: 32803, pc: 0x000acf5c, module: busybox
  [042] inode: 32803, pc: 0x000ace70, module: busybox
  [043] inode: 32803, pc: 0x000ace78, module: busybox
  [044] inode: 32803, pc: 0x000ace88, module: busybox
  [045] inode: 32803, pc: 0x000acebc, module: busybox
  [046] inode: 32803, pc: 0x000acf00, module: busybox
  [047] inode: 32803, pc: 0x000acf14, module: busybox
  [048] inode: 32803, pc: 0x000acf5c, module: busybox
  [049] inode: 32803, pc: 0x000ace70, module: busybox
  [050] inode: 32803, pc: 0x000ace78, module: busybox
  [051] inode: 32803, pc: 0x000ace88, module: busybox
  [052] inode: 32803, pc: 0x000acebc, module: busybox
  [053] inode: 32803, pc: 0x000acf00, module: busybox
  [054] inode: 32803, pc: 0x000acf14, module: busybox
  [055] inode: 32803, pc: 0x000acf5c, module: busybox
  [056] inode: 32803, pc: 0x000ace70, module: busybox
  [057] inode: 32803, pc: 0x000ace78, module: busybox
  [058] inode: 32803, pc: 0x000ace88, module: busybox
  [059] inode: 32803, pc: 0x000acebc, module: busybox
  [060] inode: 32803, pc: 0x000acf00, module: busybox
  [061] inode: 32803, pc: 0x000acf14, module: busybox
  [062] inode: 32803, pc: 0x000acf5c, module: busybox
  [063] inode: 32803, pc: 0x000ace70, module: busybox
  [064] inode: 32803, pc: 0x000acf68, module: busybox
  [065] inode: 32803, pc: 0x000acf90, module: busybox
  [066] inode: 32803, pc: 0x000a98c8, module: busybox
  [067] inode: 32803, pc: 0x000a9920, module: busybox
  [068] inode: 32803, pc: 0x000acfac, module: busybox
  [069] inode: 32803, pc: 0x000acfe8, module: busybox
  [070] inode: 32803, pc: 0x000ad000, module: busybox
  [071] inode: 32803, pc: 0x000ad258, module: busybox
  [072] inode: 32803, pc: 0x000ad240, module: busybox
  [073] inode: 32803, pc: 0x000ad250, module: busybox
  [074] inode: 32803, pc: 0x000accf8, module: busybox
  [075] inode: 32803, pc: 0x000ace2c, module: busybox
  [076] inode: 32803, pc: 0x000ace40, module: busybox
  [077] inode: 32803, pc: 0x00010310, module: busybox
  [078] inode: 32803, pc: 0x00024b5c, module: busybox
  [079] inode: 32803, pc: 0x00024b40, module: busybox
  [080] inode: 32803, pc: 0x000a97cc, module: busybox
  [081] inode: 32803, pc: 0x000a9814, module: busybox
  [082] inode: 32803, pc: 0x000a9828, module: busybox
  [083] inode: 32803, pc: 0x000a9860, module: busybox
  [084] inode: 32803, pc: 0x0000356c, module: busybox
  [085] inode: 32803, pc: 0x00003578, module: busybox
  [086] inode: 32803, pc: 0x0001034c, module: busybox
  [087] inode: 32803, pc: 0x00003580, module: busybox
  [088] inode: 32803, pc: 0x000035a8, module: busybox
  [089] inode: 32803, pc: 0x000ace50, module: busybox
  [090] inode: 32803, pc: 0x000ace5c, module: busybox
  [091] inode: 32803, pc: 0x000ace78, module: busybox
  [092] inode: 32803, pc: 0x000ace88, module: busybox
  [093] inode: 32803, pc: 0x000acebc, module: busybox
  [094] inode: 32803, pc: 0x000acf00, module: busybox
  [095] inode: 32803, pc: 0x000acf14, module: busybox
  [096] inode: 32803, pc: 0x000acf5c, module: busybox
  [097] inode: 32803, pc: 0x000ace70, module: busybox
  [098] inode: 32803, pc: 0x000ace78, module: busybox
  [099] inode: 32803, pc: 0x000ace88, module: busybox
  [100] inode: 32803, pc: 0x000acebc, module: busybox
  [101] inode: 32803, pc: 0x000acf00, module: busybox
  [102] inode: 32803, pc: 0x000acf14, module: busybox
  [103] inode: 32803, pc: 0x000acf5c, module: busybox
  [104] inode: 32803, pc: 0x000ace70, module: busybox
  [105] inode: 32803, pc: 0x000ace78, module: busybox
  [106] inode: 32803, pc: 0x000ace88, module: busybox
  [107] inode: 32803, pc: 0x000acebc, module: busybox
  [108] inode: 32803, pc: 0x000acf00, module: busybox
  [109] inode: 32803, pc: 0x000acf14, module: busybox
  [110] inode: 32803, pc: 0x000acf5c, module: busybox
  [111] inode: 32803, pc: 0x000ace70, module: busybox
  [112] inode: 32803, pc: 0x000ace78, module: busybox
  [113] inode: 32803, pc: 0x000ace88, module: busybox
  [114] inode: 32803, pc: 0x000acebc, module: busybox
  [115] inode: 32803, pc: 0x000acf00, module: busybox
  [116] inode: 32803, pc: 0x000acf14, module: busybox
  [117] inode: 32803, pc: 0x000acf5c, module: busybox
  [118] inode: 32803, pc: 0x000ace70, module: busybox
  [119] inode: 32803, pc: 0x000acf68, module: busybox
  [120] inode: 32803, pc: 0x000acf90, module: busybox
  [121] inode: 32803, pc: 0x000a98c8, module: busybox
  [122] inode: 32803, pc: 0x000a9920, module: busybox
  [123] inode: 32803, pc: 0x000acfac, module: busybox
  [124] inode: 32803, pc: 0x000acfe8, module: busybox
  [125] inode: 32803, pc: 0x000ad000, module: busybox
  [126] inode: 32803, pc: 0x000ad258, module: busybox
  [127] inode: 32803, pc: 0x000ad240, module: busybox
  [128] inode: 32803, pc: 0x000ad250, module: busybox
  [129] inode: 32803, pc: 0x000accf8, module: busybox
  [130] inode: 32803, pc: 0x000ace2c, module: busybox
  [131] inode: 32803, pc: 0x000ace40, module: busybox
  [132] inode: 32803, pc: 0x00010310, module: busybox
  [133] inode: 32803, pc: 0x00024b5c, module: busybox
  [134] inode: 32803, pc: 0x00024b40, module: busybox
  [135] inode: 32803, pc: 0x000a97cc, module: busybox
  [136] inode: 32803, pc: 0x000a9814, module: busybox
  [137] inode: 32803, pc: 0x000a9828, module: busybox
  [138] inode: 32803, pc: 0x000a9860, module: busybox
  [139] inode: 32803, pc: 0x0000356c, module: busybox
  [140] inode: 32803, pc: 0x00003578, module: busybox
  [141] inode: 32803, pc: 0x0001034c, module: busybox
  [142] inode: 32803, pc: 0x00003580, module: busybox
  [143] inode: 32803, pc: 0x000035a8, module: busybox
  [144] inode: 32803, pc: 0x000ace50, module: busybox
  [145] inode: 32803, pc: 0x000ace5c, module: busybox
  [146] inode: 32803, pc: 0x000ace78, module: busybox
  [147] inode: 32803, pc: 0x000ace88, module: busybox
  [148] inode: 32803, pc: 0x000acebc, module: busybox
  [149] inode: 32803, pc: 0x000acf00, module: busybox
  [150] inode: 32803, pc: 0x000acf14, module: busybox
  [151] inode: 32803, pc: 0x000acf5c, module: busybox
  [152] inode: 32803, pc: 0x000ace70, module: busybox
  [153] inode: 32803, pc: 0x000ace78, module: busybox
  [154] inode: 32803, pc: 0x000ace88, module: busybox
  [155] inode: 32803, pc: 0x000acebc, module: busybox
  [156] inode: 32803, pc: 0x000acf00, module: busybox
  [157] inode: 32803, pc: 0x000acf14, module: busybox
  [158] inode: 32803, pc: 0x000acf5c, module: busybox
  [159] inode: 32803, pc: 0x000ace70, module: busybox
  [160] inode: 32803, pc: 0x000ace78, module: busybox
  [161] inode: 32803, pc: 0x000ace88, module: busybox
  [162] inode: 32803, pc: 0x000acebc, module: busybox
  [163] inode: 32803, pc: 0x000acf00, module: busybox
  [164] inode: 32803, pc: 0x000acf14, module: busybox
  [165] inode: 32803, pc: 0x000acf5c, module: busybox
  [166] inode: 32803, pc: 0x000ace70, module: busybox
  [167] inode: 32803, pc: 0x000ace78, module: busybox
  [168] inode: 32803, pc: 0x000ace88, module: busybox
  [169] inode: 32803, pc: 0x000acebc, module: busybox
  [170] inode: 32803, pc: 0x000acf00, module: busybox
  [171] inode: 32803, pc: 0x000acf14, module: busybox
  [172] inode: 32803, pc: 0x000acf5c, module: busybox
  [173] inode: 32803, pc: 0x000ace70, module: busybox
  [174] inode: 32803, pc: 0x000acf68, module: busybox
  [175] inode: 32803, pc: 0x000acf90, module: busybox
  [176] inode: 32803, pc: 0x000a98c8, module: busybox
  [177] inode: 32803, pc: 0x000a9920, module: busybox
  [178] inode: 32803, pc: 0x000acfac, module: busybox
  [179] inode: 32803, pc: 0x000acfe8, module: busybox
  [180] inode: 32803, pc: 0x000ad000, module: busybox
  [181] inode: 32803, pc: 0x000ad258, module: busybox
  [182] inode: 32803, pc: 0x000ad240, module: busybox
  [183] inode: 32803, pc: 0x000ad250, module: busybox
  [184] inode: 32803, pc: 0x000accf8, module: busybox
  [185] inode: 32803, pc: 0x000ace2c, module: busybox
  [186] inode: 32803, pc: 0x000ace40, module: busybox
  [187] inode: 32803, pc: 0x00010310, module: busybox
  [188] inode: 32803, pc: 0x00024b5c, module: busybox
  [189] inode: 32803, pc: 0x00024b40, module: busybox
  [190] inode: 32803, pc: 0x000a97cc, module: busybox
  [191] inode: 32803, pc: 0x000a9814, module: busybox
  [192] inode: 32803, pc: 0x000a9828, module: busybox
  [193] inode: 32803, pc: 0x000a9860, module: busybox
  [194] inode: 32803, pc: 0x0000356c, module: busybox
  [195] inode: 32803, pc: 0x00003578, module: busybox
  [196] inode: 32803, pc: 0x0001034c, module: busybox
  [197] inode: 32803, pc: 0x00003580, module: busybox
  [198] inode: 32803, pc: 0x000035a8, module: busybox
  [199] inode: 32803, pc: 0x000ace50, module: busybox
  [200] inode: 32803, pc: 0x000ace5c, module: busybox
  [201] inode: 32803, pc: 0x000ace78, module: busybox
  [202] inode: 32803, pc: 0x000ace88, module: busybox
  [203] inode: 32803, pc: 0x000acebc, module: busybox
  [204] inode: 32803, pc: 0x000acf00, module: busybox
  [205] inode: 32803, pc: 0x000acf14, module: busybox
  [206] inode: 32803, pc: 0x000acf5c, module: busybox
  [207] inode: 32803, pc: 0x000ace70, module: busybox
  [208] inode: 32803, pc: 0x000ace78, module: busybox
  [209] inode: 32803, pc: 0x000ace88, module: busybox
  [210] inode: 32803, pc: 0x000acebc, module: busybox
  [211] inode: 32803, pc: 0x000acf00, module: busybox
  [212] inode: 32803, pc: 0x000acf14, module: busybox
  [213] inode: 32803, pc: 0x000acf5c, module: busybox
  [214] inode: 32803, pc: 0x000ace70, module: busybox
  [215] inode: 32803, pc: 0x000ace78, module: busybox
  [216] inode: 32803, pc: 0x000ace88, module: busybox
  [217] inode: 32803, pc: 0x000acebc, module: busybox
  [218] inode: 32803, pc: 0x000acf00, module: busybox
  [219] inode: 32803, pc: 0x000acf14, module: busybox
  [220] inode: 32803, pc: 0x000acf5c, module: busybox
  [221] inode: 32803, pc: 0x000ace70, module: busybox
  [222] inode: 32803, pc: 0x000ace78, module: busybox
  [223] inode: 32803, pc: 0x000ace88, module: busybox
  [224] inode: 32803, pc: 0x000acebc, module: busybox
  [225] inode: 32803, pc: 0x000acf00, module: busybox
  [226] inode: 32803, pc: 0x000acf14, module: busybox
  [227] inode: 32803, pc: 0x000acf5c, module: busybox
  [228] inode: 32803, pc: 0x000ace70, module: busybox
  [229] inode: 32803, pc: 0x000acf68, module: busybox
  [230] inode: 32803, pc: 0x000acf90, module: busybox
  [231] inode: 32803, pc: 0x000a98c8, module: busybox
  [232] inode: 32803, pc: 0x000a9920, module: busybox
  [233] inode: 32803, pc: 0x000acfac, module: busybox
  [234] inode: 32803, pc: 0x000acfe8, module: busybox
  [235] inode: 32803, pc: 0x000ad000, module: busybox
  [236] inode: 32803, pc: 0x000ad258, module: busybox
  [237] inode: 32803, pc: 0x000ad240, module: busybox
  [238] inode: 32803, pc: 0x000ad250, module: busybox
  [239] inode: 32803, pc: 0x000accf8, module: busybox
  [240] inode: 32803, pc: 0x000ace2c, module: busybox
  [241] inode: 32803, pc: 0x000ace40, module: busybox
  [242] inode: 32803, pc: 0x00010310, module: busybox
  [243] inode: 32803, pc: 0x00024b5c, module: busybox
  [244] inode: 32803, pc: 0x00024b40, module: busybox
  [245] inode: 32803, pc: 0x000a97cc, module: busybox
  [246] inode: 32803, pc: 0x000a9814, module: busybox
  [247] inode: 32803, pc: 0x000a9828, module: busybox
  [248] inode: 32803, pc: 0x000a9860, module: busybox
  [249] inode: 32803, pc: 0x0000356c, module: busybox
  [250] inode: 32803, pc: 0x00003578, module: busybox
  [251] inode: 32803, pc: 0x0001034c, module: busybox
  [252] inode: 32803, pc: 0x00003580, module: busybox
  [253] inode: 32803, pc: 0x000035a8, module: busybox
  [254] inode: 32803, pc: 0x000ace50, module: busybox
  [255] inode: 32803, pc: 0x000ace5c, module: busybox
  [256] inode: 32803, pc: 0x000ace78, module: busybox
  [257] inode: 32803, pc: 0x000ace88, module: busybox
  [258] inode: 32803, pc: 0x000acebc, module: busybox
  [259] inode: 32803, pc: 0x000acf00, module: busybox
  [260] inode: 32803, pc: 0x000acf14, module: busybox
  [261] inode: 32803, pc: 0x000acf5c, module: busybox
  [262] inode: 32803, pc: 0x000ace70, module: busybox
  [263] inode: 32803, pc: 0x000ace78, module: busybox
  [264] inode: 32803, pc: 0x000ace88, module: busybox
  [265] inode: 32803, pc: 0x000acebc, module: busybox
  [266] inode: 32803, pc: 0x000acf00, module: busybox
  [267] inode: 32803, pc: 0x000acf14, module: busybox
  [268] inode: 32803, pc: 0x000acf5c, module: busybox
  [269] inode: 32803, pc: 0x000ace70, module: busybox
  [270] inode: 32803, pc: 0x000ace78, module: busybox
  [271] inode: 32803, pc: 0x000ace88, module: busybox
  [272] inode: 32803, pc: 0x000acebc, module: busybox
  [273] inode: 32803, pc: 0x000acf00, module: busybox
  [274] inode: 32803, pc: 0x000acf14, module: busybox
  [275] inode: 32803, pc: 0x000acf5c, module: busybox
  [276] inode: 32803, pc: 0x000ace70, module: busybox
  [277] inode: 32803, pc: 0x000ace78, module: busybox
  [278] inode: 32803, pc: 0x000ace88, module: busybox
  [279] inode: 32803, pc: 0x000acebc, module: busybox
  [280] inode: 32803, pc: 0x000acf00, module: busybox
  [281] inode: 32803, pc: 0x000acf14, module: busybox
  [282] inode: 32803, pc: 0x000acf5c, module: busybox
  [283] inode: 32803, pc: 0x000ace70, module: busybox
  [284] inode: 32803, pc: 0x000acf68, module: busybox
  [285] inode: 32803, pc: 0x000acf90, module: busybox
  [286] inode: 32803, pc: 0x000a98c8, module: busybox
  [287] inode: 32803, pc: 0x000a9920, module: busybox
  [288] inode: 32803, pc: 0x000acfac, module: busybox
  [289] inode: 32803, pc: 0x000acfe8, module: busybox
  [290] inode: 32803, pc: 0x000ad000, module: busybox
  [291] inode: 32803, pc: 0x000ad258, module: busybox
  [292] inode: 32803, pc: 0x000ad240, module: busybox
  [293] inode: 32803, pc: 0x000ad250, module: busybox
  [294] inode: 32803, pc: 0x000accf8, module: busybox
  [295] inode: 32803, pc: 0x000ace2c, module: busybox
  [296] inode: 32803, pc: 0x000ace40, module: busybox
  [297] inode: 32803, pc: 0x00010310, module: busybox
  [298] inode: 32803, pc: 0x00024b5c, module: busybox
  [299] inode: 32803, pc: 0x00024b40, module: busybox
Total Parent trace elements: 300

--- Parent PID 0 Trace ---
Total Parent trace elements: 0

