=== Trace for PID 600 ===
Process: setup.cgi

--- Self PID 600 Trace ---
  [000] inode: 32770, pc: 0x0000097c, module: ld-uClibc.so.0, symbol: _dl_runtime_resolve
  [001] inode: 8362, pc: 0x0001f59c, module: setup.cgi, symbol: set_SRouteMetric
  [002] inode: 8362, pc: 0x0001f588, module: setup.cgi, symbol: set_SRouteMetric
  [003] inode: 32791, pc: 0x00001660, module: libscnvram.so, symbol: nvram_get
  [004] inode: 8362, pc: 0x0001f56c, module: setup.cgi, symbol: set_SRouteMetric
  [005] inode: 32770, pc: 0x0000097c, module: ld-uClibc.so.0, symbol: _dl_runtime_resolve
  [006] inode: 8362, pc: 0x0001f55c, module: setup.cgi, symbol: set_SRouteMetric
  [007] inode: 8362, pc: 0x0001f54c, module: setup.cgi, symbol: set_SRouteMetric
  [008] inode: 32791, pc: 0x00001684, module: libscnvram.so, symbol: nvram_get
  [009] inode: 8362, pc: 0x0001f530, module: setup.cgi, symbol: set_SRouteMetric
  [010] inode: 8362, pc: 0x000106d8, module: setup.cgi, symbol: find_val
  [011] inode: 8362, pc: 0x000106cc, module: setup.cgi, symbol: find_val
  [012] inode: 8362, pc: 0x00011d10, module: setup.cgi, symbol: FindEntryData
  [013] inode: 8362, pc: 0x00011d00, module: setup.cgi, symbol: FindEntryData
  [014] inode: 8362, pc: 0x000105a4, module: setup.cgi
  [015] inode: 8362, pc: 0x00010574, module: setup.cgi
  [016] inode: 8362, pc: 0x0001056c, module: setup.cgi
  [017] inode: 32774, pc: 0x0002f980, module: libc.so.0, symbol: strcoll
  [018] inode: 8362, pc: 0x0001055c, module: setup.cgi
  [019] inode: 8362, pc: 0x00010500, module: setup.cgi
  [020] inode: 8362, pc: 0x00011cf4, module: setup.cgi, symbol: FindEntryData
  [021] inode: 8362, pc: 0x00011ce0, module: setup.cgi, symbol: FindEntryData
  [022] inode: 8362, pc: 0x00011cd8, module: setup.cgi, symbol: FindEntryData
  [023] inode: 8362, pc: 0x000105a4, module: setup.cgi
  [024] inode: 8362, pc: 0x00010574, module: setup.cgi
  [025] inode: 8362, pc: 0x0001056c, module: setup.cgi
  [026] inode: 32774, pc: 0x0002f980, module: libc.so.0, symbol: strcoll
  [027] inode: 8362, pc: 0x0001055c, module: setup.cgi
  [028] inode: 8362, pc: 0x00010500, module: setup.cgi
  [029] inode: 8362, pc: 0x00011ccc, module: setup.cgi, symbol: FindEntryData
  [030] inode: 8362, pc: 0x00011ce0, module: setup.cgi, symbol: FindEntryData
  [031] inode: 8362, pc: 0x00011cd8, module: setup.cgi, symbol: FindEntryData
  [032] inode: 8362, pc: 0x000105a4, module: setup.cgi
  [033] inode: 8362, pc: 0x00010574, module: setup.cgi
  [034] inode: 8362, pc: 0x0001056c, module: setup.cgi
  [035] inode: 32774, pc: 0x0002f980, module: libc.so.0, symbol: strcoll
  [036] inode: 8362, pc: 0x0001055c, module: setup.cgi
  [037] inode: 8362, pc: 0x00010500, module: setup.cgi
  [038] inode: 8362, pc: 0x00011ccc, module: setup.cgi, symbol: FindEntryData
  [039] inode: 8362, pc: 0x00011ce0, module: setup.cgi, symbol: FindEntryData
  [040] inode: 8362, pc: 0x00011cd8, module: setup.cgi, symbol: FindEntryData
  [041] inode: 8362, pc: 0x000105a4, module: setup.cgi
  [042] inode: 8362, pc: 0x00010574, module: setup.cgi
  [043] inode: 8362, pc: 0x0001056c, module: setup.cgi
  [044] inode: 32774, pc: 0x0002f980, module: libc.so.0, symbol: strcoll
  [045] inode: 8362, pc: 0x0001055c, module: setup.cgi
  [046] inode: 8362, pc: 0x00010500, module: setup.cgi
  [047] inode: 8362, pc: 0x00011ccc, module: setup.cgi, symbol: FindEntryData
  [048] inode: 8362, pc: 0x00011ce0, module: setup.cgi, symbol: FindEntryData
  [049] inode: 8362, pc: 0x00011cd8, module: setup.cgi, symbol: FindEntryData
  [050] inode: 8362, pc: 0x000105a4, module: setup.cgi
  [051] inode: 8362, pc: 0x00010574, module: setup.cgi
  [052] inode: 8362, pc: 0x0001056c, module: setup.cgi
  [053] inode: 32774, pc: 0x0002f980, module: libc.so.0, symbol: strcoll
  [054] inode: 8362, pc: 0x0001055c, module: setup.cgi
  [055] inode: 8362, pc: 0x00010500, module: setup.cgi
  [056] inode: 8362, pc: 0x00011ccc, module: setup.cgi, symbol: FindEntryData
  [057] inode: 8362, pc: 0x00011ce0, module: setup.cgi, symbol: FindEntryData
  [058] inode: 8362, pc: 0x00011cd8, module: setup.cgi, symbol: FindEntryData
  [059] inode: 8362, pc: 0x000105a4, module: setup.cgi
  [060] inode: 8362, pc: 0x00010574, module: setup.cgi
  [061] inode: 8362, pc: 0x0001056c, module: setup.cgi
  [062] inode: 32774, pc: 0x0002f980, module: libc.so.0, symbol: strcoll
  [063] inode: 8362, pc: 0x0001055c, module: setup.cgi
  [064] inode: 8362, pc: 0x00010500, module: setup.cgi
  [065] inode: 8362, pc: 0x00011ccc, module: setup.cgi, symbol: FindEntryData
  [066] inode: 8362, pc: 0x00011ce0, module: setup.cgi, symbol: FindEntryData
  [067] inode: 8362, pc: 0x00011cd8, module: setup.cgi, symbol: FindEntryData
  [068] inode: 8362, pc: 0x000105a4, module: setup.cgi
  [069] inode: 8362, pc: 0x00010574, module: setup.cgi
  [070] inode: 8362, pc: 0x0001056c, module: setup.cgi
  [071] inode: 32774, pc: 0x0002f980, module: libc.so.0, symbol: strcoll
  [072] inode: 8362, pc: 0x0001055c, module: setup.cgi
  [073] inode: 8362, pc: 0x00010500, module: setup.cgi
  [074] inode: 8362, pc: 0x00011ccc, module: setup.cgi, symbol: FindEntryData
  [075] inode: 8362, pc: 0x00011ce0, module: setup.cgi, symbol: FindEntryData
  [076] inode: 8362, pc: 0x00011cd8, module: setup.cgi, symbol: FindEntryData
  [077] inode: 8362, pc: 0x000105a4, module: setup.cgi
  [078] inode: 8362, pc: 0x00010574, module: setup.cgi
  [079] inode: 8362, pc: 0x0001056c, module: setup.cgi
  [080] inode: 32774, pc: 0x0002f980, module: libc.so.0, symbol: strcoll
  [081] inode: 8362, pc: 0x0001055c, module: setup.cgi
  [082] inode: 8362, pc: 0x00010500, module: setup.cgi
  [083] inode: 8362, pc: 0x00011ccc, module: setup.cgi, symbol: FindEntryData
  [084] inode: 8362, pc: 0x00011ce0, module: setup.cgi, symbol: FindEntryData
  [085] inode: 8362, pc: 0x00011cd8, module: setup.cgi, symbol: FindEntryData
  [086] inode: 8362, pc: 0x000105a4, module: setup.cgi
  [087] inode: 8362, pc: 0x00010574, module: setup.cgi
  [088] inode: 8362, pc: 0x0001056c, module: setup.cgi
  [089] inode: 32774, pc: 0x0002f980, module: libc.so.0, symbol: strcoll
  [090] inode: 8362, pc: 0x0001055c, module: setup.cgi
  [091] inode: 8362, pc: 0x00010500, module: setup.cgi
  [092] inode: 8362, pc: 0x00011ccc, module: setup.cgi, symbol: FindEntryData
  [093] inode: 8362, pc: 0x00011ce0, module: setup.cgi, symbol: FindEntryData
  [094] inode: 8362, pc: 0x00011cd8, module: setup.cgi, symbol: FindEntryData
  [095] inode: 8362, pc: 0x000105a4, module: setup.cgi
  [096] inode: 8362, pc: 0x00010574, module: setup.cgi
  [097] inode: 8362, pc: 0x0001056c, module: setup.cgi
  [098] inode: 32774, pc: 0x0002f980, module: libc.so.0, symbol: strcoll
  [099] inode: 8362, pc: 0x0001055c, module: setup.cgi
  [100] inode: 8362, pc: 0x00010500, module: setup.cgi
  [101] inode: 8362, pc: 0x00011ccc, module: setup.cgi, symbol: FindEntryData
  [102] inode: 8362, pc: 0x00011ce0, module: setup.cgi, symbol: FindEntryData
  [103] inode: 8362, pc: 0x00011cd8, module: setup.cgi, symbol: FindEntryData
  [104] inode: 8362, pc: 0x000105a4, module: setup.cgi
  [105] inode: 8362, pc: 0x00010574, module: setup.cgi
  [106] inode: 8362, pc: 0x0001056c, module: setup.cgi
  [107] inode: 32774, pc: 0x0002f980, module: libc.so.0, symbol: strcoll
  [108] inode: 8362, pc: 0x0001055c, module: setup.cgi
  [109] inode: 8362, pc: 0x00010500, module: setup.cgi
  [110] inode: 8362, pc: 0x00011ccc, module: setup.cgi, symbol: FindEntryData
  [111] inode: 8362, pc: 0x00011ce0, module: setup.cgi, symbol: FindEntryData
  [112] inode: 8362, pc: 0x00011cd8, module: setup.cgi, symbol: FindEntryData
  [113] inode: 8362, pc: 0x000105a4, module: setup.cgi
  [114] inode: 8362, pc: 0x00010574, module: setup.cgi
  [115] inode: 8362, pc: 0x0001056c, module: setup.cgi
  [116] inode: 32774, pc: 0x0002f980, module: libc.so.0, symbol: strcoll
  [117] inode: 8362, pc: 0x0001055c, module: setup.cgi
  [118] inode: 8362, pc: 0x00010500, module: setup.cgi
  [119] inode: 8362, pc: 0x00011ccc, module: setup.cgi, symbol: FindEntryData
  [120] inode: 8362, pc: 0x00011ce0, module: setup.cgi, symbol: FindEntryData
  [121] inode: 8362, pc: 0x00011cd8, module: setup.cgi, symbol: FindEntryData
  [122] inode: 8362, pc: 0x000105a4, module: setup.cgi
  [123] inode: 8362, pc: 0x00010574, module: setup.cgi
  [124] inode: 8362, pc: 0x0001056c, module: setup.cgi
  [125] inode: 32774, pc: 0x0002f980, module: libc.so.0, symbol: strcoll
  [126] inode: 8362, pc: 0x0001055c, module: setup.cgi
  [127] inode: 8362, pc: 0x00010500, module: setup.cgi
  [128] inode: 8362, pc: 0x00011ccc, module: setup.cgi, symbol: FindEntryData
  [129] inode: 8362, pc: 0x00011ce0, module: setup.cgi, symbol: FindEntryData
  [130] inode: 8362, pc: 0x00011cd8, module: setup.cgi, symbol: FindEntryData
  [131] inode: 8362, pc: 0x000105a4, module: setup.cgi
  [132] inode: 8362, pc: 0x00010574, module: setup.cgi
  [133] inode: 8362, pc: 0x0001056c, module: setup.cgi
  [134] inode: 32774, pc: 0x0002f980, module: libc.so.0, symbol: strcoll
  [135] inode: 8362, pc: 0x0001055c, module: setup.cgi
  [136] inode: 8362, pc: 0x00010500, module: setup.cgi
  [137] inode: 8362, pc: 0x00011ccc, module: setup.cgi, symbol: FindEntryData
  [138] inode: 8362, pc: 0x00011ce0, module: setup.cgi, symbol: FindEntryData
  [139] inode: 8362, pc: 0x00011cd8, module: setup.cgi, symbol: FindEntryData
  [140] inode: 8362, pc: 0x000105a4, module: setup.cgi
  [141] inode: 8362, pc: 0x00010574, module: setup.cgi
  [142] inode: 8362, pc: 0x0001056c, module: setup.cgi
  [143] inode: 32774, pc: 0x0002f980, module: libc.so.0, symbol: strcoll
  [144] inode: 8362, pc: 0x0001055c, module: setup.cgi
  [145] inode: 8362, pc: 0x00010500, module: setup.cgi
  [146] inode: 8362, pc: 0x00011ccc, module: setup.cgi, symbol: FindEntryData
  [147] inode: 8362, pc: 0x00011ce0, module: setup.cgi, symbol: FindEntryData
  [148] inode: 8362, pc: 0x00011cd8, module: setup.cgi, symbol: FindEntryData
  [149] inode: 8362, pc: 0x000105a4, module: setup.cgi
  [150] inode: 8362, pc: 0x00010574, module: setup.cgi
  [151] inode: 8362, pc: 0x0001056c, module: setup.cgi
  [152] inode: 32774, pc: 0x0002f980, module: libc.so.0, symbol: strcoll
  [153] inode: 8362, pc: 0x0001055c, module: setup.cgi
  [154] inode: 8362, pc: 0x00010500, module: setup.cgi
  [155] inode: 8362, pc: 0x00011ccc, module: setup.cgi, symbol: FindEntryData
  [156] inode: 8362, pc: 0x00011ce0, module: setup.cgi, symbol: FindEntryData
  [157] inode: 8362, pc: 0x00011cd8, module: setup.cgi, symbol: FindEntryData
  [158] inode: 8362, pc: 0x000105a4, module: setup.cgi
  [159] inode: 8362, pc: 0x00010574, module: setup.cgi
  [160] inode: 8362, pc: 0x0001056c, module: setup.cgi
  [161] inode: 32774, pc: 0x0002f980, module: libc.so.0, symbol: strcoll
  [162] inode: 8362, pc: 0x0001055c, module: setup.cgi
  [163] inode: 8362, pc: 0x00010500, module: setup.cgi
  [164] inode: 8362, pc: 0x00011ccc, module: setup.cgi, symbol: FindEntryData
  [165] inode: 8362, pc: 0x00011ce0, module: setup.cgi, symbol: FindEntryData
  [166] inode: 8362, pc: 0x00011cd8, module: setup.cgi, symbol: FindEntryData
  [167] inode: 8362, pc: 0x000105a4, module: setup.cgi
  [168] inode: 8362, pc: 0x00010574, module: setup.cgi
  [169] inode: 8362, pc: 0x0001056c, module: setup.cgi
  [170] inode: 32774, pc: 0x0002f980, module: libc.so.0, symbol: strcoll
  [171] inode: 8362, pc: 0x0001055c, module: setup.cgi
  [172] inode: 8362, pc: 0x00010500, module: setup.cgi
  [173] inode: 8362, pc: 0x00011ccc, module: setup.cgi, symbol: FindEntryData
  [174] inode: 8362, pc: 0x00011ce0, module: setup.cgi, symbol: FindEntryData
  [175] inode: 8362, pc: 0x00011cd8, module: setup.cgi, symbol: FindEntryData
  [176] inode: 8362, pc: 0x000105a4, module: setup.cgi
  [177] inode: 8362, pc: 0x00010574, module: setup.cgi
  [178] inode: 8362, pc: 0x0001056c, module: setup.cgi
  [179] inode: 32774, pc: 0x0002f980, module: libc.so.0, symbol: strcoll
  [180] inode: 8362, pc: 0x0001055c, module: setup.cgi
  [181] inode: 8362, pc: 0x00010500, module: setup.cgi
  [182] inode: 8362, pc: 0x00011ccc, module: setup.cgi, symbol: FindEntryData
  [183] inode: 8362, pc: 0x00011ce0, module: setup.cgi, symbol: FindEntryData
  [184] inode: 8362, pc: 0x00011cd8, module: setup.cgi, symbol: FindEntryData
  [185] inode: 8362, pc: 0x000105a4, module: setup.cgi
  [186] inode: 8362, pc: 0x00010574, module: setup.cgi
  [187] inode: 8362, pc: 0x0001056c, module: setup.cgi
  [188] inode: 32774, pc: 0x0002f980, module: libc.so.0, symbol: strcoll
  [189] inode: 8362, pc: 0x0001055c, module: setup.cgi
  [190] inode: 8362, pc: 0x00010500, module: setup.cgi
  [191] inode: 8362, pc: 0x00011ccc, module: setup.cgi, symbol: FindEntryData
  [192] inode: 8362, pc: 0x00011ce0, module: setup.cgi, symbol: FindEntryData
  [193] inode: 8362, pc: 0x00011cd8, module: setup.cgi, symbol: FindEntryData
  [194] inode: 8362, pc: 0x000105a4, module: setup.cgi
  [195] inode: 8362, pc: 0x00010574, module: setup.cgi
  [196] inode: 8362, pc: 0x0001056c, module: setup.cgi
  [197] inode: 32774, pc: 0x0002f980, module: libc.so.0, symbol: strcoll
  [198] inode: 8362, pc: 0x0001055c, module: setup.cgi
  [199] inode: 8362, pc: 0x00010500, module: setup.cgi
  [200] inode: 8362, pc: 0x00011ccc, module: setup.cgi, symbol: FindEntryData
  [201] inode: 8362, pc: 0x00011ce0, module: setup.cgi, symbol: FindEntryData
  [202] inode: 8362, pc: 0x00011cd8, module: setup.cgi, symbol: FindEntryData
  [203] inode: 8362, pc: 0x000105a4, module: setup.cgi
  [204] inode: 8362, pc: 0x00010574, module: setup.cgi
  [205] inode: 8362, pc: 0x0001056c, module: setup.cgi
  [206] inode: 32774, pc: 0x0002f980, module: libc.so.0, symbol: strcoll
  [207] inode: 8362, pc: 0x0001055c, module: setup.cgi
  [208] inode: 8362, pc: 0x00010500, module: setup.cgi
  [209] inode: 8362, pc: 0x00011ccc, module: setup.cgi, symbol: FindEntryData
  [210] inode: 8362, pc: 0x00011ce0, module: setup.cgi, symbol: FindEntryData
  [211] inode: 8362, pc: 0x00011cd8, module: setup.cgi, symbol: FindEntryData
  [212] inode: 8362, pc: 0x000105a4, module: setup.cgi
  [213] inode: 8362, pc: 0x00010574, module: setup.cgi
  [214] inode: 8362, pc: 0x0001056c, module: setup.cgi
  [215] inode: 32774, pc: 0x0002f980, module: libc.so.0, symbol: strcoll
  [216] inode: 8362, pc: 0x0001055c, module: setup.cgi
  [217] inode: 8362, pc: 0x00010500, module: setup.cgi
  [218] inode: 8362, pc: 0x00011ccc, module: setup.cgi, symbol: FindEntryData
  [219] inode: 8362, pc: 0x00011ce0, module: setup.cgi, symbol: FindEntryData
  [220] inode: 8362, pc: 0x00011cd8, module: setup.cgi, symbol: FindEntryData
  [221] inode: 8362, pc: 0x000105a4, module: setup.cgi
  [222] inode: 8362, pc: 0x00010574, module: setup.cgi
  [223] inode: 8362, pc: 0x0001056c, module: setup.cgi
  [224] inode: 32774, pc: 0x0002f980, module: libc.so.0, symbol: strcoll
  [225] inode: 8362, pc: 0x0001055c, module: setup.cgi
  [226] inode: 8362, pc: 0x00010500, module: setup.cgi
  [227] inode: 8362, pc: 0x00011ccc, module: setup.cgi, symbol: FindEntryData
  [228] inode: 8362, pc: 0x00011ce0, module: setup.cgi, symbol: FindEntryData
  [229] inode: 8362, pc: 0x00011cd8, module: setup.cgi, symbol: FindEntryData
  [230] inode: 8362, pc: 0x000105a4, module: setup.cgi
  [231] inode: 8362, pc: 0x00010574, module: setup.cgi
  [232] inode: 8362, pc: 0x0001056c, module: setup.cgi
  [233] inode: 32774, pc: 0x0002f980, module: libc.so.0, symbol: strcoll
  [234] inode: 8362, pc: 0x0001055c, module: setup.cgi
  [235] inode: 8362, pc: 0x00010500, module: setup.cgi
  [236] inode: 8362, pc: 0x00011ccc, module: setup.cgi, symbol: FindEntryData
  [237] inode: 8362, pc: 0x00011ce0, module: setup.cgi, symbol: FindEntryData
  [238] inode: 8362, pc: 0x00011cd8, module: setup.cgi, symbol: FindEntryData
  [239] inode: 8362, pc: 0x000105a4, module: setup.cgi
  [240] inode: 8362, pc: 0x00010574, module: setup.cgi
  [241] inode: 8362, pc: 0x0001056c, module: setup.cgi
  [242] inode: 32774, pc: 0x0002f980, module: libc.so.0, symbol: strcoll
  [243] inode: 8362, pc: 0x0001055c, module: setup.cgi
  [244] inode: 8362, pc: 0x00010500, module: setup.cgi
  [245] inode: 8362, pc: 0x00011ccc, module: setup.cgi, symbol: FindEntryData
  [246] inode: 8362, pc: 0x00011ce4, module: setup.cgi, symbol: FindEntryData
  [247] inode: 8362, pc: 0x00011cb8, module: setup.cgi, symbol: FindEntryData
  [248] inode: 8362, pc: 0x00011c90, module: setup.cgi, symbol: FindEntryData
  [249] inode: 8362, pc: 0x00010698, module: setup.cgi, symbol: find_val
  [250] inode: 8362, pc: 0x0001f51c, module: setup.cgi, symbol: set_SRouteMetric
  [251] inode: 8362, pc: 0x0001f4c4, module: setup.cgi, symbol: set_SRouteMetric
  [252] inode: 32770, pc: 0x00000940, module: ld-uClibc.so.0, symbol: _dl_runtime_resolve
  [253] inode: 8362, pc: 0x0001f484, module: setup.cgi, symbol: set_SRouteMetric
  [254] inode: 8362, pc: 0x0001f468, module: setup.cgi, symbol: set_SRouteMetric
  [255] inode: 8362, pc: 0x000106d4, module: setup.cgi, symbol: find_val
  [256] inode: 8362, pc: 0x000106cc, module: setup.cgi, symbol: find_val
  [257] inode: 8362, pc: 0x00011d14, module: setup.cgi, symbol: FindEntryData
  [258] inode: 8362, pc: 0x00011d08, module: setup.cgi, symbol: FindEntryData
  [259] inode: 8362, pc: 0x00011cd8, module: setup.cgi, symbol: FindEntryData
  [260] inode: 8362, pc: 0x000105a4, module: setup.cgi
  [261] inode: 8362, pc: 0x00010588, module: setup.cgi
  [262] inode: 8362, pc: 0x0001057c, module: setup.cgi
  [263] inode: 8362, pc: 0x0001056c, module: setup.cgi
  [264] inode: 32774, pc: 0x0002f980, module: libc.so.0, symbol: strcoll
  [265] inode: 8362, pc: 0x0001055c, module: setup.cgi
  [266] inode: 8362, pc: 0x00010500, module: setup.cgi
  [267] inode: 8362, pc: 0x00011ccc, module: setup.cgi, symbol: FindEntryData
  [268] inode: 8362, pc: 0x00011ce0, module: setup.cgi, symbol: FindEntryData
  [269] inode: 8362, pc: 0x00011cd8, module: setup.cgi, symbol: FindEntryData
  [270] inode: 8362, pc: 0x000105a4, module: setup.cgi
  [271] inode: 8362, pc: 0x00010574, module: setup.cgi
  [272] inode: 8362, pc: 0x0001056c, module: setup.cgi
  [273] inode: 32774, pc: 0x0002f980, module: libc.so.0, symbol: strcoll
  [274] inode: 8362, pc: 0x0001055c, module: setup.cgi
  [275] inode: 8362, pc: 0x00010500, module: setup.cgi
  [276] inode: 8362, pc: 0x00011ccc, module: setup.cgi, symbol: FindEntryData
  [277] inode: 8362, pc: 0x00011ce0, module: setup.cgi, symbol: FindEntryData
  [278] inode: 8362, pc: 0x00011cd8, module: setup.cgi, symbol: FindEntryData
  [279] inode: 8362, pc: 0x000105a4, module: setup.cgi
  [280] inode: 8362, pc: 0x00010574, module: setup.cgi
  [281] inode: 8362, pc: 0x0001056c, module: setup.cgi
  [282] inode: 32774, pc: 0x0002f980, module: libc.so.0, symbol: strcoll
  [283] inode: 8362, pc: 0x0001055c, module: setup.cgi
  [284] inode: 8362, pc: 0x00010500, module: setup.cgi
  [285] inode: 8362, pc: 0x00011ccc, module: setup.cgi, symbol: FindEntryData
  [286] inode: 8362, pc: 0x00011ce0, module: setup.cgi, symbol: FindEntryData
  [287] inode: 8362, pc: 0x00011cd8, module: setup.cgi, symbol: FindEntryData
  [288] inode: 8362, pc: 0x000105a4, module: setup.cgi
  [289] inode: 8362, pc: 0x00010574, module: setup.cgi
  [290] inode: 8362, pc: 0x0001056c, module: setup.cgi
  [291] inode: 32774, pc: 0x0002f980, module: libc.so.0, symbol: strcoll
  [292] inode: 8362, pc: 0x0001055c, module: setup.cgi
  [293] inode: 8362, pc: 0x00010500, module: setup.cgi
  [294] inode: 8362, pc: 0x00011ccc, module: setup.cgi, symbol: FindEntryData
  [295] inode: 8362, pc: 0x00011ce0, module: setup.cgi, symbol: FindEntryData
  [296] inode: 8362, pc: 0x00011cd8, module: setup.cgi, symbol: FindEntryData
  [297] inode: 8362, pc: 0x000105a4, module: setup.cgi
  [298] inode: 8362, pc: 0x00010574, module: setup.cgi
  [299] inode: 8362, pc: 0x0001056c, module: setup.cgi
Total Self trace elements: 300

--- Parent PID 324 Trace ---
  [000] inode: 8328, pc: 0x000017a8, module: mini_httpd
  [001] inode: 32774, pc: 0x000366d8, module: libc.so.0, symbol: usleep
  [002] inode: 8328, pc: 0x00001784, module: mini_httpd
  [003] inode: 32774, pc: 0x000349d4, module: libc.so.0, symbol: sysinfo
  [004] inode: 8328, pc: 0x00001778, module: mini_httpd
  [005] inode: 8328, pc: 0x00001554, module: mini_httpd
  [006] inode: 8328, pc: 0x00001528, module: mini_httpd
  [007] inode: 32774, pc: 0x000350e0, module: libc.so.0, symbol: waitpid
  [008] inode: 8328, pc: 0x00001518, module: mini_httpd
  [009] inode: 8328, pc: 0x00001530, module: mini_httpd
  [010] inode: 8328, pc: 0x00001528, module: mini_httpd
  [011] inode: 32774, pc: 0x000350e0, module: libc.so.0, symbol: waitpid
  [012] inode: 8328, pc: 0x0000150c, module: mini_httpd
  [013] inode: 32774, pc: 0x000231e0, module: libc.so.0, symbol: signal
  [014] inode: 8328, pc: 0x000014f8, module: mini_httpd
  [015] inode: 8328, pc: 0x000066e0, module: mini_httpd, symbol: main
  [016] inode: 8328, pc: 0x00006694, module: mini_httpd, symbol: main
  [017] inode: 8328, pc: 0x00006678, module: mini_httpd, symbol: main
  [018] inode: 8328, pc: 0x00006634, module: mini_httpd, symbol: main
  [019] inode: 8328, pc: 0x0000662c, module: mini_httpd, symbol: main
  [020] inode: 8328, pc: 0x000065f0, module: mini_httpd, symbol: main
  [021] inode: 8328, pc: 0x000065c8, module: mini_httpd, symbol: main
  [022] inode: 8328, pc: 0x000065b8, module: mini_httpd, symbol: main
  [023] inode: 8328, pc: 0x000065a0, module: mini_httpd, symbol: main
  [024] inode: 8328, pc: 0x000065a0, module: mini_httpd, symbol: main
  [025] inode: 8328, pc: 0x000065a0, module: mini_httpd, symbol: main
  [026] inode: 8328, pc: 0x000065a0, module: mini_httpd, symbol: main
  [027] inode: 8328, pc: 0x000065a0, module: mini_httpd, symbol: main
  [028] inode: 8328, pc: 0x000065a0, module: mini_httpd, symbol: main
  [029] inode: 8328, pc: 0x000065a0, module: mini_httpd, symbol: main
  [030] inode: 8328, pc: 0x000065a0, module: mini_httpd, symbol: main
  [031] inode: 8328, pc: 0x000065a0, module: mini_httpd, symbol: main
  [032] inode: 8328, pc: 0x000065a0, module: mini_httpd, symbol: main
  [033] inode: 8328, pc: 0x000065a0, module: mini_httpd, symbol: main
  [034] inode: 8328, pc: 0x000065a0, module: mini_httpd, symbol: main
  [035] inode: 8328, pc: 0x000065a0, module: mini_httpd, symbol: main
  [036] inode: 8328, pc: 0x000065a0, module: mini_httpd, symbol: main
  [037] inode: 8328, pc: 0x000065a0, module: mini_httpd, symbol: main
  [038] inode: 8328, pc: 0x000065a0, module: mini_httpd, symbol: main
  [039] inode: 8328, pc: 0x000065a0, module: mini_httpd, symbol: main
  [040] inode: 8328, pc: 0x000065a0, module: mini_httpd, symbol: main
  [041] inode: 8328, pc: 0x000065a0, module: mini_httpd, symbol: main
  [042] inode: 8328, pc: 0x000065a0, module: mini_httpd, symbol: main
  [043] inode: 8328, pc: 0x000065a0, module: mini_httpd, symbol: main
  [044] inode: 8328, pc: 0x000065a0, module: mini_httpd, symbol: main
  [045] inode: 8328, pc: 0x000065a0, module: mini_httpd, symbol: main
  [046] inode: 8328, pc: 0x000065a0, module: mini_httpd, symbol: main
  [047] inode: 8328, pc: 0x000065a0, module: mini_httpd, symbol: main
  [048] inode: 8328, pc: 0x000065a0, module: mini_httpd, symbol: main
  [049] inode: 8328, pc: 0x000065a0, module: mini_httpd, symbol: main
  [050] inode: 8328, pc: 0x000065a0, module: mini_httpd, symbol: main
  [051] inode: 8328, pc: 0x000065a0, module: mini_httpd, symbol: main
  [052] inode: 8328, pc: 0x000065a0, module: mini_httpd, symbol: main
  [053] inode: 8328, pc: 0x000065a0, module: mini_httpd, symbol: main
  [054] inode: 8328, pc: 0x000065a0, module: mini_httpd, symbol: main
  [055] inode: 8328, pc: 0x000068b8, module: mini_httpd, symbol: main
  [056] inode: 32774, pc: 0x00030b84, module: libc.so.0, symbol: close
  [057] inode: 8328, pc: 0x000068b0, module: mini_httpd, symbol: main
  [058] inode: 8328, pc: 0x0000688c, module: mini_httpd, symbol: main
  [059] inode: 32774, pc: 0x00030644, module: libc.so.0, symbol: access
  [060] inode: 8328, pc: 0x0000687c, module: mini_httpd, symbol: main
  [061] inode: 8328, pc: 0x000067ec, module: mini_httpd, symbol: main
  [062] inode: 8328, pc: 0x000067e0, module: mini_httpd, symbol: main
  [063] inode: 32774, pc: 0x00031114, module: libc.so.0, symbol: fork
  [064] inode: 8328, pc: 0x000067d0, module: mini_httpd, symbol: main
  [065] inode: 32774, pc: 0x0002f9b0, module: libc.so.0, symbol: strcpy
  [066] inode: 8328, pc: 0x000067b8, module: mini_httpd, symbol: main
  [067] inode: 32774, pc: 0x00008fb4, module: libc.so.0, symbol: inet_ntoa
  [068] inode: 8328, pc: 0x00001800, module: mini_httpd
  [069] inode: 8328, pc: 0x000067ac, module: mini_httpd, symbol: main
  [070] inode: 32774, pc: 0x0002f9bc, module: libc.so.0, symbol: strcpy
  [071] inode: 8328, pc: 0x00006794, module: mini_httpd, symbol: main
  [072] inode: 8328, pc: 0x00006758, module: mini_httpd, symbol: main
  [073] inode: 32774, pc: 0x0002f984, module: libc.so.0, symbol: strcoll
  [074] inode: 8328, pc: 0x00006744, module: mini_httpd, symbol: main
  [075] inode: 32774, pc: 0x00008fc0, module: libc.so.0, symbol: inet_ntoa
  [076] inode: 8328, pc: 0x000017f4, module: mini_httpd
  [077] inode: 8328, pc: 0x00006738, module: mini_httpd, symbol: main
  [078] inode: 8328, pc: 0x00006730, module: mini_httpd, symbol: main
  [079] inode: 8328, pc: 0x000066f8, module: mini_httpd, symbol: main
  [080] inode: 32774, pc: 0x0000d624, module: libc.so.0, symbol: accept
  [081] inode: 8328, pc: 0x000017a8, module: mini_httpd
  [082] inode: 32774, pc: 0x000366d8, module: libc.so.0, symbol: usleep
  [083] inode: 8328, pc: 0x00001784, module: mini_httpd
  [084] inode: 32774, pc: 0x000349d4, module: libc.so.0, symbol: sysinfo
  [085] inode: 8328, pc: 0x00001778, module: mini_httpd
  [086] inode: 8328, pc: 0x00001554, module: mini_httpd
  [087] inode: 8328, pc: 0x00001528, module: mini_httpd
  [088] inode: 32774, pc: 0x000350e0, module: libc.so.0, symbol: waitpid
  [089] inode: 8328, pc: 0x00001518, module: mini_httpd
  [090] inode: 8328, pc: 0x00001530, module: mini_httpd
  [091] inode: 8328, pc: 0x00001528, module: mini_httpd
  [092] inode: 32774, pc: 0x000350e0, module: libc.so.0, symbol: waitpid
  [093] inode: 8328, pc: 0x0000150c, module: mini_httpd
  [094] inode: 32774, pc: 0x000231e0, module: libc.so.0, symbol: signal
  [095] inode: 8328, pc: 0x000014f8, module: mini_httpd
  [096] inode: 8328, pc: 0x000066e0, module: mini_httpd, symbol: main
  [097] inode: 8328, pc: 0x00006694, module: mini_httpd, symbol: main
  [098] inode: 8328, pc: 0x00006678, module: mini_httpd, symbol: main
  [099] inode: 8328, pc: 0x00006634, module: mini_httpd, symbol: main
  [100] inode: 8328, pc: 0x0000662c, module: mini_httpd, symbol: main
  [101] inode: 8328, pc: 0x000065f0, module: mini_httpd, symbol: main
  [102] inode: 8328, pc: 0x000065c8, module: mini_httpd, symbol: main
  [103] inode: 8328, pc: 0x000065b8, module: mini_httpd, symbol: main
  [104] inode: 8328, pc: 0x000065a0, module: mini_httpd, symbol: main
  [105] inode: 8328, pc: 0x000065a0, module: mini_httpd, symbol: main
  [106] inode: 8328, pc: 0x000065a0, module: mini_httpd, symbol: main
  [107] inode: 8328, pc: 0x000065a0, module: mini_httpd, symbol: main
  [108] inode: 8328, pc: 0x000065a0, module: mini_httpd, symbol: main
  [109] inode: 8328, pc: 0x000065a0, module: mini_httpd, symbol: main
  [110] inode: 8328, pc: 0x000065a0, module: mini_httpd, symbol: main
  [111] inode: 8328, pc: 0x000065a0, module: mini_httpd, symbol: main
  [112] inode: 8328, pc: 0x000065a0, module: mini_httpd, symbol: main
  [113] inode: 8328, pc: 0x000065a0, module: mini_httpd, symbol: main
  [114] inode: 8328, pc: 0x000065a0, module: mini_httpd, symbol: main
  [115] inode: 8328, pc: 0x000065a0, module: mini_httpd, symbol: main
  [116] inode: 8328, pc: 0x000065a0, module: mini_httpd, symbol: main
  [117] inode: 8328, pc: 0x000065a0, module: mini_httpd, symbol: main
  [118] inode: 8328, pc: 0x000065a0, module: mini_httpd, symbol: main
  [119] inode: 8328, pc: 0x000065a0, module: mini_httpd, symbol: main
  [120] inode: 8328, pc: 0x000065a0, module: mini_httpd, symbol: main
  [121] inode: 8328, pc: 0x000065a0, module: mini_httpd, symbol: main
  [122] inode: 8328, pc: 0x000065a0, module: mini_httpd, symbol: main
  [123] inode: 8328, pc: 0x000065a0, module: mini_httpd, symbol: main
  [124] inode: 8328, pc: 0x000065a0, module: mini_httpd, symbol: main
  [125] inode: 8328, pc: 0x000065a0, module: mini_httpd, symbol: main
  [126] inode: 8328, pc: 0x000065a0, module: mini_httpd, symbol: main
  [127] inode: 8328, pc: 0x000065a0, module: mini_httpd, symbol: main
  [128] inode: 8328, pc: 0x000065a0, module: mini_httpd, symbol: main
  [129] inode: 8328, pc: 0x000065a0, module: mini_httpd, symbol: main
  [130] inode: 8328, pc: 0x000065a0, module: mini_httpd, symbol: main
  [131] inode: 8328, pc: 0x000065a0, module: mini_httpd, symbol: main
  [132] inode: 8328, pc: 0x000065a0, module: mini_httpd, symbol: main
  [133] inode: 8328, pc: 0x000065a0, module: mini_httpd, symbol: main
  [134] inode: 8328, pc: 0x000065a0, module: mini_httpd, symbol: main
  [135] inode: 8328, pc: 0x000065a0, module: mini_httpd, symbol: main
  [136] inode: 8328, pc: 0x000068b8, module: mini_httpd, symbol: main
  [137] inode: 32774, pc: 0x00030b84, module: libc.so.0, symbol: close
  [138] inode: 8328, pc: 0x000068b0, module: mini_httpd, symbol: main
  [139] inode: 8328, pc: 0x0000688c, module: mini_httpd, symbol: main
  [140] inode: 32774, pc: 0x00030644, module: libc.so.0, symbol: access
  [141] inode: 8328, pc: 0x0000687c, module: mini_httpd, symbol: main
  [142] inode: 8328, pc: 0x000067ec, module: mini_httpd, symbol: main
  [143] inode: 8328, pc: 0x000067e0, module: mini_httpd, symbol: main
  [144] inode: 32774, pc: 0x00031114, module: libc.so.0, symbol: fork
  [145] inode: 8328, pc: 0x000067d0, module: mini_httpd, symbol: main
  [146] inode: 32774, pc: 0x0002f9b0, module: libc.so.0, symbol: strcpy
  [147] inode: 8328, pc: 0x000067b8, module: mini_httpd, symbol: main
  [148] inode: 32774, pc: 0x00008fb4, module: libc.so.0, symbol: inet_ntoa
  [149] inode: 8328, pc: 0x00001800, module: mini_httpd
  [150] inode: 8328, pc: 0x000067ac, module: mini_httpd, symbol: main
  [151] inode: 32774, pc: 0x0002f9bc, module: libc.so.0, symbol: strcpy
  [152] inode: 8328, pc: 0x00006794, module: mini_httpd, symbol: main
  [153] inode: 8328, pc: 0x00006758, module: mini_httpd, symbol: main
  [154] inode: 32774, pc: 0x0002f984, module: libc.so.0, symbol: strcoll
  [155] inode: 8328, pc: 0x00006744, module: mini_httpd, symbol: main
  [156] inode: 32774, pc: 0x00008fc0, module: libc.so.0, symbol: inet_ntoa
  [157] inode: 8328, pc: 0x000017f4, module: mini_httpd
  [158] inode: 8328, pc: 0x00006738, module: mini_httpd, symbol: main
  [159] inode: 8328, pc: 0x00006730, module: mini_httpd, symbol: main
  [160] inode: 8328, pc: 0x000066f8, module: mini_httpd, symbol: main
  [161] inode: 32774, pc: 0x0000d624, module: libc.so.0, symbol: accept
  [162] inode: 8328, pc: 0x000017a8, module: mini_httpd
  [163] inode: 32774, pc: 0x000366d8, module: libc.so.0, symbol: usleep
  [164] inode: 8328, pc: 0x00001784, module: mini_httpd
  [165] inode: 32774, pc: 0x000349d4, module: libc.so.0, symbol: sysinfo
  [166] inode: 8328, pc: 0x00001778, module: mini_httpd
  [167] inode: 8328, pc: 0x00001554, module: mini_httpd
  [168] inode: 8328, pc: 0x00001528, module: mini_httpd
  [169] inode: 32774, pc: 0x000350e0, module: libc.so.0, symbol: waitpid
  [170] inode: 8328, pc: 0x00001518, module: mini_httpd
  [171] inode: 8328, pc: 0x00001530, module: mini_httpd
  [172] inode: 8328, pc: 0x00001528, module: mini_httpd
  [173] inode: 32774, pc: 0x000350e0, module: libc.so.0, symbol: waitpid
  [174] inode: 8328, pc: 0x0000150c, module: mini_httpd
  [175] inode: 32774, pc: 0x000231e0, module: libc.so.0, symbol: signal
  [176] inode: 8328, pc: 0x000014f8, module: mini_httpd
  [177] inode: 8328, pc: 0x000066e0, module: mini_httpd, symbol: main
  [178] inode: 8328, pc: 0x00006694, module: mini_httpd, symbol: main
  [179] inode: 8328, pc: 0x00006678, module: mini_httpd, symbol: main
  [180] inode: 8328, pc: 0x00006634, module: mini_httpd, symbol: main
  [181] inode: 8328, pc: 0x0000662c, module: mini_httpd, symbol: main
  [182] inode: 8328, pc: 0x000065f0, module: mini_httpd, symbol: main
  [183] inode: 8328, pc: 0x000065c8, module: mini_httpd, symbol: main
  [184] inode: 8328, pc: 0x000065b8, module: mini_httpd, symbol: main
  [185] inode: 8328, pc: 0x000065a0, module: mini_httpd, symbol: main
  [186] inode: 8328, pc: 0x000065a0, module: mini_httpd, symbol: main
  [187] inode: 8328, pc: 0x000065a0, module: mini_httpd, symbol: main
  [188] inode: 8328, pc: 0x000065a0, module: mini_httpd, symbol: main
  [189] inode: 8328, pc: 0x000065a0, module: mini_httpd, symbol: main
  [190] inode: 8328, pc: 0x000065a0, module: mini_httpd, symbol: main
  [191] inode: 8328, pc: 0x000065a0, module: mini_httpd, symbol: main
  [192] inode: 8328, pc: 0x000065a0, module: mini_httpd, symbol: main
  [193] inode: 8328, pc: 0x000065a0, module: mini_httpd, symbol: main
  [194] inode: 8328, pc: 0x000065a0, module: mini_httpd, symbol: main
  [195] inode: 8328, pc: 0x000065a0, module: mini_httpd, symbol: main
  [196] inode: 8328, pc: 0x000065a0, module: mini_httpd, symbol: main
  [197] inode: 8328, pc: 0x000065a0, module: mini_httpd, symbol: main
  [198] inode: 8328, pc: 0x000065a0, module: mini_httpd, symbol: main
  [199] inode: 8328, pc: 0x000065a0, module: mini_httpd, symbol: main
  [200] inode: 8328, pc: 0x000065a0, module: mini_httpd, symbol: main
  [201] inode: 8328, pc: 0x000065a0, module: mini_httpd, symbol: main
  [202] inode: 8328, pc: 0x000065a0, module: mini_httpd, symbol: main
  [203] inode: 8328, pc: 0x000065a0, module: mini_httpd, symbol: main
  [204] inode: 8328, pc: 0x000065a0, module: mini_httpd, symbol: main
  [205] inode: 8328, pc: 0x000065a0, module: mini_httpd, symbol: main
  [206] inode: 8328, pc: 0x000065a0, module: mini_httpd, symbol: main
  [207] inode: 8328, pc: 0x000065a0, module: mini_httpd, symbol: main
  [208] inode: 8328, pc: 0x000065a0, module: mini_httpd, symbol: main
  [209] inode: 8328, pc: 0x000065a0, module: mini_httpd, symbol: main
  [210] inode: 8328, pc: 0x000065a0, module: mini_httpd, symbol: main
  [211] inode: 8328, pc: 0x000065a0, module: mini_httpd, symbol: main
  [212] inode: 8328, pc: 0x000065a0, module: mini_httpd, symbol: main
  [213] inode: 8328, pc: 0x000065a0, module: mini_httpd, symbol: main
  [214] inode: 8328, pc: 0x000065a0, module: mini_httpd, symbol: main
  [215] inode: 8328, pc: 0x000065a0, module: mini_httpd, symbol: main
  [216] inode: 8328, pc: 0x000065a0, module: mini_httpd, symbol: main
  [217] inode: 8328, pc: 0x000068b8, module: mini_httpd, symbol: main
  [218] inode: 32774, pc: 0x00030b84, module: libc.so.0, symbol: close
  [219] inode: 8328, pc: 0x000068b0, module: mini_httpd, symbol: main
  [220] inode: 8328, pc: 0x0000688c, module: mini_httpd, symbol: main
  [221] inode: 32774, pc: 0x00030644, module: libc.so.0, symbol: access
  [222] inode: 8328, pc: 0x0000687c, module: mini_httpd, symbol: main
  [223] inode: 8328, pc: 0x000067ec, module: mini_httpd, symbol: main
  [224] inode: 8328, pc: 0x000067e0, module: mini_httpd, symbol: main
  [225] inode: 32774, pc: 0x00031114, module: libc.so.0, symbol: fork
  [226] inode: 8328, pc: 0x000067d0, module: mini_httpd, symbol: main
  [227] inode: 32774, pc: 0x0002f9b0, module: libc.so.0, symbol: strcpy
  [228] inode: 8328, pc: 0x000067b8, module: mini_httpd, symbol: main
  [229] inode: 32774, pc: 0x00008fc0, module: libc.so.0, symbol: inet_ntoa
  [230] inode: 8328, pc: 0x000017f4, module: mini_httpd
  [231] inode: 8328, pc: 0x000067ac, module: mini_httpd, symbol: main
  [232] inode: 32774, pc: 0x0002f9bc, module: libc.so.0, symbol: strcpy
  [233] inode: 8328, pc: 0x00006794, module: mini_httpd, symbol: main
  [234] inode: 8328, pc: 0x00006758, module: mini_httpd, symbol: main
  [235] inode: 32774, pc: 0x0002f980, module: libc.so.0, symbol: strcoll
  [236] inode: 8328, pc: 0x0000674c, module: mini_httpd, symbol: main
  [237] inode: 32774, pc: 0x00008fc0, module: libc.so.0, symbol: inet_ntoa
  [238] inode: 8328, pc: 0x000017f4, module: mini_httpd
  [239] inode: 8328, pc: 0x00006738, module: mini_httpd, symbol: main
  [240] inode: 8328, pc: 0x00006730, module: mini_httpd, symbol: main
  [241] inode: 8328, pc: 0x000066f8, module: mini_httpd, symbol: main
  [242] inode: 32774, pc: 0x0000d624, module: libc.so.0, symbol: accept
  [243] inode: 8328, pc: 0x0000179c, module: mini_httpd
  [244] inode: 32774, pc: 0x000366d8, module: libc.so.0, symbol: usleep
  [245] inode: 8328, pc: 0x00001784, module: mini_httpd
  [246] inode: 32770, pc: 0x0000097c, module: ld-uClibc.so.0, symbol: _dl_runtime_resolve
  [247] inode: 8328, pc: 0x00001778, module: mini_httpd
  [248] inode: 8328, pc: 0x00001554, module: mini_httpd
  [249] inode: 8328, pc: 0x00001528, module: mini_httpd
  [250] inode: 32774, pc: 0x000350e0, module: libc.so.0, symbol: waitpid
  [251] inode: 8328, pc: 0x00001518, module: mini_httpd
  [252] inode: 8328, pc: 0x00001530, module: mini_httpd
  [253] inode: 8328, pc: 0x00001528, module: mini_httpd
  [254] inode: 32770, pc: 0x0000097c, module: ld-uClibc.so.0, symbol: _dl_runtime_resolve
  [255] inode: 8328, pc: 0x0000150c, module: mini_httpd
  [256] inode: 32774, pc: 0x000231e0, module: libc.so.0, symbol: signal
  [257] inode: 8328, pc: 0x000014f8, module: mini_httpd
  [258] inode: 8328, pc: 0x000066e0, module: mini_httpd, symbol: main
  [259] inode: 8328, pc: 0x00006694, module: mini_httpd, symbol: main
  [260] inode: 8328, pc: 0x00006678, module: mini_httpd, symbol: main
  [261] inode: 8328, pc: 0x00006634, module: mini_httpd, symbol: main
  [262] inode: 8328, pc: 0x0000662c, module: mini_httpd, symbol: main
  [263] inode: 8328, pc: 0x000065f0, module: mini_httpd, symbol: main
  [264] inode: 8328, pc: 0x000065c8, module: mini_httpd, symbol: main
  [265] inode: 8328, pc: 0x000065b8, module: mini_httpd, symbol: main
  [266] inode: 8328, pc: 0x000065a0, module: mini_httpd, symbol: main
  [267] inode: 8328, pc: 0x000065a0, module: mini_httpd, symbol: main
  [268] inode: 8328, pc: 0x000065a0, module: mini_httpd, symbol: main
  [269] inode: 8328, pc: 0x000065a0, module: mini_httpd, symbol: main
  [270] inode: 8328, pc: 0x000065a0, module: mini_httpd, symbol: main
  [271] inode: 8328, pc: 0x000065a0, module: mini_httpd, symbol: main
  [272] inode: 8328, pc: 0x000065a0, module: mini_httpd, symbol: main
  [273] inode: 8328, pc: 0x000065a0, module: mini_httpd, symbol: main
  [274] inode: 8328, pc: 0x000065a0, module: mini_httpd, symbol: main
  [275] inode: 8328, pc: 0x000065a0, module: mini_httpd, symbol: main
  [276] inode: 8328, pc: 0x000065a0, module: mini_httpd, symbol: main
  [277] inode: 8328, pc: 0x000065a0, module: mini_httpd, symbol: main
  [278] inode: 8328, pc: 0x000065a0, module: mini_httpd, symbol: main
  [279] inode: 8328, pc: 0x000065a0, module: mini_httpd, symbol: main
  [280] inode: 8328, pc: 0x000065a0, module: mini_httpd, symbol: main
  [281] inode: 8328, pc: 0x000065a0, module: mini_httpd, symbol: main
  [282] inode: 8328, pc: 0x000065a0, module: mini_httpd, symbol: main
  [283] inode: 8328, pc: 0x000065a0, module: mini_httpd, symbol: main
  [284] inode: 8328, pc: 0x000065a0, module: mini_httpd, symbol: main
  [285] inode: 8328, pc: 0x000065a0, module: mini_httpd, symbol: main
  [286] inode: 8328, pc: 0x000065a0, module: mini_httpd, symbol: main
  [287] inode: 8328, pc: 0x000065a0, module: mini_httpd, symbol: main
  [288] inode: 8328, pc: 0x000065a0, module: mini_httpd, symbol: main
  [289] inode: 8328, pc: 0x000065a0, module: mini_httpd, symbol: main
  [290] inode: 8328, pc: 0x000065a0, module: mini_httpd, symbol: main
  [291] inode: 8328, pc: 0x000065a0, module: mini_httpd, symbol: main
  [292] inode: 8328, pc: 0x000065a0, module: mini_httpd, symbol: main
  [293] inode: 8328, pc: 0x000065a0, module: mini_httpd, symbol: main
  [294] inode: 8328, pc: 0x000065a0, module: mini_httpd, symbol: main
  [295] inode: 8328, pc: 0x000065a0, module: mini_httpd, symbol: main
  [296] inode: 8328, pc: 0x000065a0, module: mini_httpd, symbol: main
  [297] inode: 8328, pc: 0x000065a0, module: mini_httpd, symbol: main
  [298] inode: 8328, pc: 0x000068b8, module: mini_httpd, symbol: main
  [299] inode: 32774, pc: 0x00030b84, module: libc.so.0, symbol: close
Total Parent trace elements: 300

--- Parent PID 1 Trace ---
  [000] inode: 32774, pc: 0x000350e0, module: libc.so.0, symbol: waitpid
  [001] inode: 8290, pc: 0x00009144, module: busybox
  [002] inode: 8290, pc: 0x00009098, module: busybox
  [003] inode: 32770, pc: 0x0000097c, module: ld-uClibc.so.0, symbol: _dl_runtime_resolve
  [004] inode: 8290, pc: 0x00009080, module: busybox
  [005] inode: 8290, pc: 0x00008a6c, module: busybox
  [006] inode: 32774, pc: 0x00031114, module: libc.so.0, symbol: fork
  [007] inode: 8290, pc: 0x00008a5c, module: busybox
  [008] inode: 32770, pc: 0x00000940, module: ld-uClibc.so.0, symbol: _dl_runtime_resolve
  [009] inode: 8290, pc: 0x00008a3c, module: busybox
  [010] inode: 32770, pc: 0x00000940, module: ld-uClibc.so.0, symbol: _dl_runtime_resolve
  [011] inode: 8290, pc: 0x00008a28, module: busybox
  [012] inode: 32770, pc: 0x00000940, module: ld-uClibc.so.0, symbol: _dl_runtime_resolve
  [013] inode: 8290, pc: 0x000089e0, module: busybox
  [014] inode: 8290, pc: 0x00009138, module: busybox
  [015] inode: 8290, pc: 0x0000912c, module: busybox
  [016] inode: 8290, pc: 0x00009120, module: busybox
  [017] inode: 8290, pc: 0x000091e8, module: busybox
  [018] inode: 8290, pc: 0x00009120, module: busybox
  [019] inode: 8290, pc: 0x000091e8, module: busybox
  [020] inode: 8290, pc: 0x00009120, module: busybox
  [021] inode: 8290, pc: 0x000091e8, module: busybox
  [022] inode: 8290, pc: 0x00009120, module: busybox
  [023] inode: 8290, pc: 0x000091e8, module: busybox
  [024] inode: 8290, pc: 0x00009120, module: busybox
  [025] inode: 8290, pc: 0x000091e8, module: busybox
  [026] inode: 8290, pc: 0x00009120, module: busybox
  [027] inode: 8290, pc: 0x000091ec, module: busybox
  [028] inode: 8290, pc: 0x000090c8, module: busybox
  [029] inode: 8290, pc: 0x000099a8, module: busybox, symbol: init_main
  [030] inode: 8290, pc: 0x00009994, module: busybox, symbol: init_main
  [031] inode: 32774, pc: 0x0002f740, module: libc.so.0, symbol: memset
  [032] inode: 8290, pc: 0x0000997c, module: busybox, symbol: init_main
  [033] inode: 32774, pc: 0x0002fa90, module: libc.so.0, symbol: strlen
  [034] inode: 8290, pc: 0x00031580, module: busybox, symbol: bb_strlen
  [035] inode: 8290, pc: 0x0000996c, module: busybox, symbol: init_main
  [036] inode: 8290, pc: 0x0000999c, module: busybox, symbol: init_main
  [037] inode: 8290, pc: 0x00009960, module: busybox, symbol: init_main
  [038] inode: 32770, pc: 0x00000940, module: ld-uClibc.so.0, symbol: _dl_runtime_resolve
  [039] inode: 8290, pc: 0x0002fd20, module: busybox, symbol: safe_strncpy
  [040] inode: 8290, pc: 0x00009944, module: busybox, symbol: init_main
  [041] inode: 32770, pc: 0x00000940, module: ld-uClibc.so.0, symbol: _dl_runtime_resolve
  [042] inode: 8290, pc: 0x00009928, module: busybox, symbol: init_main
  [043] inode: 32770, pc: 0x0000097c, module: ld-uClibc.so.0, symbol: _dl_runtime_resolve
  [044] inode: 8290, pc: 0x0003158c, module: busybox, symbol: bb_strlen
  [045] inode: 8290, pc: 0x00009918, module: busybox, symbol: init_main
  [046] inode: 32774, pc: 0x0002f9b0, module: libc.so.0, symbol: strcpy
  [047] inode: 8290, pc: 0x00008980, module: busybox
  [048] inode: 32774, pc: 0x0002f9b0, module: libc.so.0, symbol: strcpy
  [049] inode: 8290, pc: 0x0000896c, module: busybox
  [050] inode: 8290, pc: 0x0000895c, module: busybox
  [051] inode: 8290, pc: 0x00008954, module: busybox
  [052] inode: 8290, pc: 0x00008938, module: busybox
  [053] inode: 8290, pc: 0x000088e4, module: busybox
  [054] inode: 32774, pc: 0x0002f980, module: libc.so.0, symbol: strcoll
  [055] inode: 8290, pc: 0x000088d8, module: busybox
  [056] inode: 8290, pc: 0x00008938, module: busybox
  [057] inode: 8290, pc: 0x000088e4, module: busybox
  [058] inode: 32774, pc: 0x0002f980, module: libc.so.0, symbol: strcoll
  [059] inode: 8290, pc: 0x000088d8, module: busybox
  [060] inode: 8290, pc: 0x00008938, module: busybox
  [061] inode: 8290, pc: 0x000088e4, module: busybox
  [062] inode: 32774, pc: 0x0002f980, module: libc.so.0, symbol: strcoll
  [063] inode: 8290, pc: 0x000088d8, module: busybox
  [064] inode: 8290, pc: 0x00008938, module: busybox
  [065] inode: 8290, pc: 0x000088e4, module: busybox
  [066] inode: 32774, pc: 0x0002f980, module: libc.so.0, symbol: strcoll
  [067] inode: 8290, pc: 0x000088d8, module: busybox
  [068] inode: 8290, pc: 0x00008938, module: busybox
  [069] inode: 8290, pc: 0x000088e4, module: busybox
  [070] inode: 32774, pc: 0x0002f980, module: libc.so.0, symbol: strcoll
  [071] inode: 8290, pc: 0x000088d8, module: busybox
  [072] inode: 8290, pc: 0x00008940, module: busybox
  [073] inode: 8290, pc: 0x000088c8, module: busybox
  [074] inode: 8290, pc: 0x0000888c, module: busybox
  [075] inode: 32774, pc: 0x0002e1f0, module: libc.so.0, symbol: calloc
  [076] inode: 8290, pc: 0x0000887c, module: busybox
  [077] inode: 8290, pc: 0x00008868, module: busybox
  [078] inode: 32774, pc: 0x0002f980, module: libc.so.0, symbol: strcoll
  [079] inode: 8290, pc: 0x00008854, module: busybox
  [080] inode: 8290, pc: 0x0000884c, module: busybox
  [081] inode: 32774, pc: 0x00030644, module: libc.so.0, symbol: access
  [082] inode: 8290, pc: 0x00008834, module: busybox
  [083] inode: 8290, pc: 0x000087f0, module: busybox
  [084] inode: 8290, pc: 0x000098f8, module: busybox, symbol: init_main
  [085] inode: 8290, pc: 0x000089bc, module: busybox
  [086] inode: 8290, pc: 0x0000884c, module: busybox
  [087] inode: 32774, pc: 0x00030644, module: libc.so.0, symbol: access
  [088] inode: 8290, pc: 0x0000883c, module: busybox
  [089] inode: 8290, pc: 0x000087f0, module: busybox
  [090] inode: 8290, pc: 0x000098dc, module: busybox, symbol: init_main
  [091] inode: 8290, pc: 0x000089bc, module: busybox
  [092] inode: 8290, pc: 0x0000884c, module: busybox
  [093] inode: 32774, pc: 0x00030644, module: libc.so.0, symbol: access
  [094] inode: 8290, pc: 0x0000883c, module: busybox
  [095] inode: 8290, pc: 0x000087f0, module: busybox
  [096] inode: 8290, pc: 0x000098c0, module: busybox, symbol: init_main
  [097] inode: 8290, pc: 0x000089bc, module: busybox
  [098] inode: 8290, pc: 0x0000884c, module: busybox
  [099] inode: 32774, pc: 0x00030644, module: libc.so.0, symbol: access
  [100] inode: 8290, pc: 0x0000883c, module: busybox
  [101] inode: 8290, pc: 0x000087f0, module: busybox
  [102] inode: 8290, pc: 0x000098a4, module: busybox, symbol: init_main
  [103] inode: 32774, pc: 0x0002f9b0, module: libc.so.0, symbol: strcpy
  [104] inode: 8290, pc: 0x00008980, module: busybox
  [105] inode: 32774, pc: 0x0002f9b0, module: libc.so.0, symbol: strcpy
  [106] inode: 8290, pc: 0x0000896c, module: busybox
  [107] inode: 8290, pc: 0x0000895c, module: busybox
  [108] inode: 8290, pc: 0x00008954, module: busybox
  [109] inode: 8290, pc: 0x00008938, module: busybox
  [110] inode: 8290, pc: 0x000088e4, module: busybox
  [111] inode: 32774, pc: 0x0002f980, module: libc.so.0, symbol: strcoll
  [112] inode: 8290, pc: 0x000088d8, module: busybox
  [113] inode: 8290, pc: 0x00008938, module: busybox
  [114] inode: 8290, pc: 0x000088e4, module: busybox
  [115] inode: 32774, pc: 0x0002f980, module: libc.so.0, symbol: strcoll
  [116] inode: 8290, pc: 0x000088d8, module: busybox
  [117] inode: 8290, pc: 0x00008938, module: busybox
  [118] inode: 8290, pc: 0x000088e4, module: busybox
  [119] inode: 32774, pc: 0x0002f980, module: libc.so.0, symbol: strcoll
  [120] inode: 8290, pc: 0x000088d8, module: busybox
  [121] inode: 8290, pc: 0x00008938, module: busybox
  [122] inode: 8290, pc: 0x000088e4, module: busybox
  [123] inode: 32774, pc: 0x0002f980, module: libc.so.0, symbol: strcoll
  [124] inode: 8290, pc: 0x000088d8, module: busybox
  [125] inode: 8290, pc: 0x00008940, module: busybox
  [126] inode: 8290, pc: 0x000088c8, module: busybox
  [127] inode: 8290, pc: 0x0000888c, module: busybox
  [128] inode: 32774, pc: 0x0002e1f0, module: libc.so.0, symbol: calloc
  [129] inode: 8290, pc: 0x0000887c, module: busybox
  [130] inode: 8290, pc: 0x00008868, module: busybox
  [131] inode: 32774, pc: 0x0002f980, module: libc.so.0, symbol: strcoll
  [132] inode: 8290, pc: 0x00008854, module: busybox
  [133] inode: 8290, pc: 0x0000884c, module: busybox
  [134] inode: 32774, pc: 0x00030644, module: libc.so.0, symbol: access
  [135] inode: 8290, pc: 0x00008834, module: busybox
  [136] inode: 8290, pc: 0x000087f0, module: busybox
  [137] inode: 8290, pc: 0x00009884, module: busybox, symbol: init_main
  [138] inode: 32774, pc: 0x0002f9b0, module: libc.so.0, symbol: strcpy
  [139] inode: 8290, pc: 0x00008980, module: busybox
  [140] inode: 32774, pc: 0x0002f9b0, module: libc.so.0, symbol: strcpy
  [141] inode: 8290, pc: 0x0000896c, module: busybox
  [142] inode: 8290, pc: 0x0000895c, module: busybox
  [143] inode: 8290, pc: 0x00008954, module: busybox
  [144] inode: 8290, pc: 0x00008938, module: busybox
  [145] inode: 8290, pc: 0x000088e4, module: busybox
  [146] inode: 32774, pc: 0x0002f980, module: libc.so.0, symbol: strcoll
  [147] inode: 8290, pc: 0x000088d8, module: busybox
  [148] inode: 8290, pc: 0x00008938, module: busybox
  [149] inode: 8290, pc: 0x000088e4, module: busybox
  [150] inode: 32774, pc: 0x0002f980, module: libc.so.0, symbol: strcoll
  [151] inode: 8290, pc: 0x000088d8, module: busybox
  [152] inode: 8290, pc: 0x00008938, module: busybox
  [153] inode: 8290, pc: 0x000088e4, module: busybox
  [154] inode: 32774, pc: 0x0002f980, module: libc.so.0, symbol: strcoll
  [155] inode: 8290, pc: 0x000088d8, module: busybox
  [156] inode: 8290, pc: 0x00008940, module: busybox
  [157] inode: 8290, pc: 0x000088c8, module: busybox
  [158] inode: 8290, pc: 0x0000888c, module: busybox
  [159] inode: 32774, pc: 0x0002e1f0, module: libc.so.0, symbol: calloc
  [160] inode: 8290, pc: 0x0000887c, module: busybox
  [161] inode: 8290, pc: 0x00008868, module: busybox
  [162] inode: 32774, pc: 0x0002f980, module: libc.so.0, symbol: strcoll
  [163] inode: 8290, pc: 0x00008854, module: busybox
  [164] inode: 8290, pc: 0x0000884c, module: busybox
  [165] inode: 32774, pc: 0x00030644, module: libc.so.0, symbol: access
  [166] inode: 8290, pc: 0x00008834, module: busybox
  [167] inode: 8290, pc: 0x000087f0, module: busybox
  [168] inode: 8290, pc: 0x00009868, module: busybox, symbol: init_main
  [169] inode: 32774, pc: 0x0002f9b0, module: libc.so.0, symbol: strcpy
  [170] inode: 8290, pc: 0x00008980, module: busybox
  [171] inode: 32774, pc: 0x0002f9b0, module: libc.so.0, symbol: strcpy
  [172] inode: 8290, pc: 0x0000896c, module: busybox
  [173] inode: 8290, pc: 0x0000895c, module: busybox
  [174] inode: 8290, pc: 0x00008954, module: busybox
  [175] inode: 8290, pc: 0x00008938, module: busybox
  [176] inode: 8290, pc: 0x000088e4, module: busybox
  [177] inode: 32774, pc: 0x0002f980, module: libc.so.0, symbol: strcoll
  [178] inode: 8290, pc: 0x000088d8, module: busybox
  [179] inode: 8290, pc: 0x00008938, module: busybox
  [180] inode: 8290, pc: 0x000088e4, module: busybox
  [181] inode: 32774, pc: 0x0002f980, module: libc.so.0, symbol: strcoll
  [182] inode: 8290, pc: 0x000088d8, module: busybox
  [183] inode: 8290, pc: 0x00008940, module: busybox
  [184] inode: 8290, pc: 0x000088c8, module: busybox
  [185] inode: 8290, pc: 0x0000888c, module: busybox
  [186] inode: 32774, pc: 0x0002e1f0, module: libc.so.0, symbol: calloc
  [187] inode: 8290, pc: 0x0000887c, module: busybox
  [188] inode: 8290, pc: 0x00008868, module: busybox
  [189] inode: 32774, pc: 0x0002f980, module: libc.so.0, symbol: strcoll
  [190] inode: 8290, pc: 0x00008854, module: busybox
  [191] inode: 8290, pc: 0x0000884c, module: busybox
  [192] inode: 32774, pc: 0x00030644, module: libc.so.0, symbol: access
  [193] inode: 8290, pc: 0x00008834, module: busybox
  [194] inode: 8290, pc: 0x000087f0, module: busybox
  [195] inode: 8290, pc: 0x0000984c, module: busybox, symbol: init_main
  [196] inode: 32774, pc: 0x0002f9b0, module: libc.so.0, symbol: strcpy
  [197] inode: 8290, pc: 0x00008980, module: busybox
  [198] inode: 32774, pc: 0x0002f9b0, module: libc.so.0, symbol: strcpy
  [199] inode: 8290, pc: 0x0000896c, module: busybox
  [200] inode: 8290, pc: 0x0000895c, module: busybox
  [201] inode: 8290, pc: 0x00008954, module: busybox
  [202] inode: 8290, pc: 0x00008938, module: busybox
  [203] inode: 8290, pc: 0x000088e4, module: busybox
  [204] inode: 32774, pc: 0x0002f980, module: libc.so.0, symbol: strcoll
  [205] inode: 8290, pc: 0x000088d8, module: busybox
  [206] inode: 8290, pc: 0x00008940, module: busybox
  [207] inode: 8290, pc: 0x000088c8, module: busybox
  [208] inode: 8290, pc: 0x0000888c, module: busybox
  [209] inode: 32774, pc: 0x0002e1f0, module: libc.so.0, symbol: calloc
  [210] inode: 8290, pc: 0x0000887c, module: busybox
  [211] inode: 8290, pc: 0x00008868, module: busybox
  [212] inode: 32774, pc: 0x0002f980, module: libc.so.0, symbol: strcoll
  [213] inode: 8290, pc: 0x00008854, module: busybox
  [214] inode: 8290, pc: 0x0000884c, module: busybox
  [215] inode: 32774, pc: 0x00030644, module: libc.so.0, symbol: access
  [216] inode: 8290, pc: 0x00008834, module: busybox
  [217] inode: 8290, pc: 0x000087f0, module: busybox
  [218] inode: 8290, pc: 0x00009830, module: busybox, symbol: init_main
  [219] inode: 32770, pc: 0x00000940, module: ld-uClibc.so.0, symbol: _dl_runtime_resolve
  [220] inode: 8290, pc: 0x00008980, module: busybox
  [221] inode: 32770, pc: 0x00000940, module: ld-uClibc.so.0, symbol: _dl_runtime_resolve
  [222] inode: 8290, pc: 0x00008964, module: busybox
  [223] inode: 8290, pc: 0x00008954, module: busybox
  [224] inode: 8290, pc: 0x00008940, module: busybox
  [225] inode: 8290, pc: 0x000088c8, module: busybox
  [226] inode: 8290, pc: 0x0000888c, module: busybox
  [227] inode: 32770, pc: 0x00000940, module: ld-uClibc.so.0, symbol: _dl_runtime_resolve
  [228] inode: 8290, pc: 0x0000887c, module: busybox
  [229] inode: 8290, pc: 0x00008868, module: busybox
  [230] inode: 32774, pc: 0x0002f980, module: libc.so.0, symbol: strcoll
  [231] inode: 8290, pc: 0x00008854, module: busybox
  [232] inode: 8290, pc: 0x0000884c, module: busybox
  [233] inode: 32770, pc: 0x00000940, module: ld-uClibc.so.0, symbol: _dl_runtime_resolve
  [234] inode: 8290, pc: 0x00008834, module: busybox
  [235] inode: 8290, pc: 0x000087f0, module: busybox
  [236] inode: 8290, pc: 0x0000980c, module: busybox, symbol: init_main
  [237] inode: 8290, pc: 0x000097e4, module: busybox, symbol: init_main
  [238] inode: 32774, pc: 0x0002f980, module: libc.so.0, symbol: strcoll
  [239] inode: 8290, pc: 0x000097cc, module: busybox, symbol: init_main
  [240] inode: 8290, pc: 0x000097c4, module: busybox, symbol: init_main
  [241] inode: 32774, pc: 0x0002f980, module: libc.so.0, symbol: strcoll
  [242] inode: 8290, pc: 0x000097ac, module: busybox, symbol: init_main
  [243] inode: 8290, pc: 0x000097a4, module: busybox, symbol: init_main
  [244] inode: 32774, pc: 0x0002f980, module: libc.so.0, symbol: strcoll
  [245] inode: 8290, pc: 0x0000978c, module: busybox, symbol: init_main
  [246] inode: 8290, pc: 0x00009780, module: busybox, symbol: init_main
  [247] inode: 8290, pc: 0x000096c0, module: busybox, symbol: init_main
  [248] inode: 8290, pc: 0x00008600, module: busybox
  [249] inode: 8290, pc: 0x000085d8, module: busybox
  [250] inode: 8290, pc: 0x000085c4, module: busybox
  [251] inode: 8290, pc: 0x000085a8, module: busybox
  [252] inode: 8290, pc: 0x00008588, module: busybox
  [253] inode: 32770, pc: 0x00000940, module: ld-uClibc.so.0, symbol: _dl_runtime_resolve
  [254] inode: 8290, pc: 0x00008564, module: busybox
  [255] inode: 8290, pc: 0x000096a8, module: busybox, symbol: init_main
  [256] inode: 8290, pc: 0x000087d0, module: busybox
  [257] inode: 32774, pc: 0x00030b84, module: libc.so.0, symbol: close
  [258] inode: 8290, pc: 0x000087c0, module: busybox
  [259] inode: 8290, pc: 0x0002adec, module: busybox, symbol: bb_full_write
  [260] inode: 8290, pc: 0x0002add0, module: busybox, symbol: bb_full_write
  [261] inode: 8290, pc: 0x0002adc4, module: busybox, symbol: bb_full_write
  [262] inode: 8290, pc: 0x0002fd00, module: busybox, symbol: safe_write
  [263] inode: 8290, pc: 0x0002fcd8, module: busybox, symbol: safe_write
  [264] inode: 32774, pc: 0x00035124, module: libc.so.0, symbol: write
  [265] inode: 8290, pc: 0x0002fc90, module: busybox, symbol: safe_write
  [266] inode: 8290, pc: 0x0002adbc, module: busybox, symbol: bb_full_write
  [267] inode: 8290, pc: 0x0002add8, module: busybox, symbol: bb_full_write
  [268] inode: 8290, pc: 0x0002ad80, module: busybox, symbol: bb_full_write
  [269] inode: 8290, pc: 0x000087ac, module: busybox
  [270] inode: 8290, pc: 0x000087a0, module: busybox
  [271] inode: 8290, pc: 0x0002a96c, module: busybox, symbol: device_open
  [272] inode: 8290, pc: 0x0002a938, module: busybox, symbol: device_open
  [273] inode: 8290, pc: 0x0002a930, module: busybox, symbol: device_open
  [274] inode: 8290, pc: 0x0002a920, module: busybox, symbol: device_open
  [275] inode: 32774, pc: 0x00032e20, module: libc.so.0, symbol: __libc_open
  [276] inode: 8290, pc: 0x0002a8d0, module: busybox, symbol: device_open
  [277] inode: 8290, pc: 0x0000878c, module: busybox
  [278] inode: 8290, pc: 0x0000877c, module: busybox
  [279] inode: 8290, pc: 0x0002adec, module: busybox, symbol: bb_full_write
  [280] inode: 8290, pc: 0x0002add0, module: busybox, symbol: bb_full_write
  [281] inode: 8290, pc: 0x0002adc4, module: busybox, symbol: bb_full_write
  [282] inode: 8290, pc: 0x0002fd00, module: busybox, symbol: safe_write
  [283] inode: 8290, pc: 0x0002fcd8, module: busybox, symbol: safe_write
  [284] inode: 32770, pc: 0x0000097c, module: ld-uClibc.so.0, symbol: _dl_runtime_resolve
  [285] inode: 8290, pc: 0x0002fcc4, module: busybox, symbol: safe_write
  [286] inode: 8290, pc: 0x0002adbc, module: busybox, symbol: bb_full_write
  [287] inode: 8290, pc: 0x0002add8, module: busybox, symbol: bb_full_write
  [288] inode: 8290, pc: 0x0002ad80, module: busybox, symbol: bb_full_write
  [289] inode: 8290, pc: 0x00008770, module: busybox
  [290] inode: 8290, pc: 0x00008760, module: busybox
  [291] inode: 8290, pc: 0x00008750, module: busybox
  [292] inode: 32774, pc: 0x00030460, module: libc.so.0, symbol: __libc_fcntl
  [293] inode: 8290, pc: 0x0000873c, module: busybox
  [294] inode: 8290, pc: 0x0000870c, module: busybox
  [295] inode: 8290, pc: 0x0002a96c, module: busybox, symbol: device_open
  [296] inode: 8290, pc: 0x0002a938, module: busybox, symbol: device_open
  [297] inode: 8290, pc: 0x0002a930, module: busybox, symbol: device_open
  [298] inode: 8290, pc: 0x0002a920, module: busybox, symbol: device_open
  [299] inode: 32774, pc: 0x00032e20, module: libc.so.0, symbol: __libc_open
Total Parent trace elements: 300

--- Parent PID 0 Trace ---
Total Parent trace elements: 0

